2024-07-15 10:58:53,625 [INFO] Activator:176 - 


2024-07-15 10:58:53,631 [INFO] Activator:177 - !SESSION log4j initialized
2024-07-15 10:58:57,365 [INFO] LogOutputStream:77 - [STDOUT_REDIRECT] 
2024-07-15 10:58:58,945 [INFO] ApplicationProperties:184 - Using Application install path: C:\my_workspace\my_software\stm32cubeide\STM32CubeIDE_1.14.1\STM32CubeIDE\plugins\com.st.stm32cube.common.mx_6.10.0.202311202037
2024-07-15 10:58:58,954 [INFO] DbMcusXml:78 - Set database path to: C:\my_workspace\my_software\stm32cubeide\STM32CubeIDE_1.14.1\STM32CubeIDE\plugins\com.st.stm32cube.common.mx_6.10.0.202311202037\\db\/mcu/
2024-07-15 10:58:58,954 [INFO] ApiDb:274 - Set plugin database path to: C:\my_workspace\my_software\stm32cubeide\STM32CubeIDE_1.14.1\STM32CubeIDE\plugins\com.st.stm32cube.common.mx_6.10.0.202311202037\\db\/plugins/boardmanager/
2024-07-15 10:58:58,955 [WARN] ApiDb:259 - Overriding images path with different value:  => C:\my_workspace\my_software\stm32cubeide\STM32CubeIDE_1.14.1\STM32CubeIDE\plugins\com.st.stm32cube.common.mx_6.10.0.202311202037\\db\/plugins/mcufinder/images/
2024-07-15 10:58:58,970 [INFO] ApiDb:250 - Set database path to: C:\Users\ECA1WX\.stmcufinder\plugins\mcufinder//mcu/
2024-07-15 10:58:58,971 [INFO] DbMcusAds:125 - Set database path to: C:\Users\ECA1WX\.stmcufinder\plugins\mcufinder//mcu/
2024-07-15 10:58:58,972 [INFO] CrossReferenceDbSqlite:203 - Set database path to: C:\Users\ECA1WX\.stmcufinder\plugins\mcufinder//mcu/cs/
2024-07-15 10:58:59,035 [INFO] RulesReader:64 - Compatibility file has been processed (297 Rules)
2024-07-15 10:58:59,093 [INFO] DbMcusXml:78 - Set database path to: C:\my_workspace\my_software\stm32cubeide\STM32CubeIDE_1.14.1\STM32CubeIDE\plugins\com.st.stm32cube.common.mx_6.10.0.202311202037\\db\/mcu/
2024-07-15 10:58:59,093 [INFO] ApiDb:274 - Set plugin database path to: C:\my_workspace\my_software\stm32cubeide\STM32CubeIDE_1.14.1\STM32CubeIDE\plugins\com.st.stm32cube.common.mx_6.10.0.202311202037\\db\/plugins/boardmanager/
2024-07-15 10:58:59,093 [INFO] ApiDb:261 - Set plugin images path to: C:\my_workspace\my_software\stm32cubeide\STM32CubeIDE_1.14.1\STM32CubeIDE\plugins\com.st.stm32cube.common.mx_6.10.0.202311202037\\db\/plugins/mcufinder/images/
2024-07-15 10:58:59,093 [WARN] DbFile:41 - Overriding database path with different value: C:\Users\ECA1WX\.stmcufinder\plugins\mcufinder/ => C:\Users\ECA1WX\.stmcufinder\plugins\mcufinder
2024-07-15 10:58:59,093 [INFO] ApiDb:250 - Set database path to: C:\Users\ECA1WX\.stmcufinder\plugins\mcufinder//mcu/
2024-07-15 10:58:59,093 [WARN] DbFile:41 - Overriding database path with different value: C:\Users\ECA1WX\.stmcufinder\plugins\mcufinder/ => C:\Users\ECA1WX\.stmcufinder\plugins\mcufinder
2024-07-15 10:58:59,093 [INFO] DbMcusAds:125 - Set database path to: C:\Users\ECA1WX\.stmcufinder\plugins\mcufinder//mcu/
2024-07-15 10:58:59,093 [WARN] DbFile:41 - Overriding database path with different value: C:\Users\ECA1WX\.stmcufinder\plugins\mcufinder/ => C:\Users\ECA1WX\.stmcufinder\plugins\mcufinder
2024-07-15 10:58:59,094 [WARN] DbFile:41 - Overriding database path with different value: C:\Users\ECA1WX\.stmcufinder\plugins\mcufinder/ => C:\Users\ECA1WX\.stmcufinder\plugins\mcufinder
2024-07-15 10:58:59,094 [INFO] CrossReferenceDbSqlite:203 - Set database path to: C:\Users\ECA1WX\.stmcufinder\plugins\mcufinder//mcu/cs/
2024-07-15 10:58:59,140 [INFO] MainPanel:264 - HeapMemory: 268435456
2024-07-15 10:58:59,178 [INFO] DbMcusXml:78 - Set database path to: C:\my_workspace\my_software\stm32cubeide\STM32CubeIDE_1.14.1\STM32CubeIDE\plugins\com.st.stm32cube.common.mx_6.10.0.202311202037\\db\/mcu/
2024-07-15 10:58:59,178 [INFO] ApiDb:274 - Set plugin database path to: C:\my_workspace\my_software\stm32cubeide\STM32CubeIDE_1.14.1\STM32CubeIDE\plugins\com.st.stm32cube.common.mx_6.10.0.202311202037\\db\/plugins/boardmanager/
2024-07-15 10:58:59,178 [INFO] ApiDb:261 - Set plugin images path to: C:\my_workspace\my_software\stm32cubeide\STM32CubeIDE_1.14.1\STM32CubeIDE\plugins\com.st.stm32cube.common.mx_6.10.0.202311202037\\db\/plugins/mcufinder/images/
2024-07-15 10:58:59,179 [WARN] DbFile:41 - Overriding database path with different value: C:\Users\ECA1WX\.stmcufinder\plugins\mcufinder/ => C:\Users\ECA1WX\.stmcufinder\plugins\mcufinder
2024-07-15 10:58:59,179 [INFO] ApiDb:250 - Set database path to: C:\Users\ECA1WX\.stmcufinder\plugins\mcufinder//mcu/
2024-07-15 10:58:59,179 [WARN] DbFile:41 - Overriding database path with different value: C:\Users\ECA1WX\.stmcufinder\plugins\mcufinder/ => C:\Users\ECA1WX\.stmcufinder\plugins\mcufinder
2024-07-15 10:58:59,179 [INFO] DbMcusAds:125 - Set database path to: C:\Users\ECA1WX\.stmcufinder\plugins\mcufinder//mcu/
2024-07-15 10:58:59,179 [WARN] DbFile:41 - Overriding database path with different value: C:\Users\ECA1WX\.stmcufinder\plugins\mcufinder/ => C:\Users\ECA1WX\.stmcufinder\plugins\mcufinder
2024-07-15 10:58:59,179 [WARN] DbFile:41 - Overriding database path with different value: C:\Users\ECA1WX\.stmcufinder\plugins\mcufinder/ => C:\Users\ECA1WX\.stmcufinder\plugins\mcufinder
2024-07-15 10:58:59,179 [INFO] CrossReferenceDbSqlite:203 - Set database path to: C:\Users\ECA1WX\.stmcufinder\plugins\mcufinder//mcu/cs/
2024-07-15 10:58:59,192 [INFO] ApplicationProperties:184 - Using Application install path: C:\my_workspace\my_software\stm32cubeide\STM32CubeIDE_1.14.1\STM32CubeIDE\plugins\com.st.stm32cube.common.mx_6.10.0.202311202037
2024-07-15 10:58:59,193 [INFO] PluginManage:196 - Search for loadable plugins [exclusion list=, ]
2024-07-15 10:58:59,194 [INFO] PluginManage:310 - Check plugin analytics
2024-07-15 10:58:59,322 [INFO] AnalyticsPlugin:253 - Accepted Software Licenses: 
2024-07-15 10:58:59,322 [INFO] AnalyticsPlugin:255 - Accepted CMSIS Pack Licenses: 
2024-07-15 10:58:59,322 [INFO] AnalyticsPlugin:257 - Accepted Firmware Licenses: FW.F7.1.17.0
2024-07-15 10:58:59,324 [INFO] PluginManage:359 - Loaded plugin analytics (category:tool,tabindex:-1)
2024-07-15 10:58:59,325 [INFO] PluginManage:310 - Check plugin cadmodel
2024-07-15 10:58:59,330 [INFO] CADModel:105 - Init CAD model plugin
2024-07-15 10:58:59,330 [INFO] PluginManage:359 - Loaded plugin cadmodel (category:power,tabindex:5)
2024-07-15 10:58:59,330 [INFO] PluginManage:310 - Check plugin clock
2024-07-15 10:58:59,339 [INFO] PluginManage:359 - Loaded plugin clock (category:base,tabindex:2)
2024-07-15 10:58:59,339 [INFO] PluginManage:310 - Check plugin ddr
2024-07-15 10:58:59,341 [INFO] PluginManage:359 - Loaded plugin ddr (category:tool,tabindex:6)
2024-07-15 10:58:59,341 [INFO] PluginManage:310 - Check plugin filemanager
2024-07-15 10:58:59,473 [INFO] PluginManage:359 - Loaded plugin filemanager (category:base,tabindex:10)
2024-07-15 10:58:59,473 [INFO] PluginManage:310 - Check plugin ipmanager
2024-07-15 10:58:59,485 [INFO] PluginManage:359 - Loaded plugin ipmanager (category:base,tabindex:5)
2024-07-15 10:58:59,485 [INFO] PluginManage:310 - Check plugin lpbam
2024-07-15 10:58:59,492 [INFO] PluginManage:359 - Loaded plugin lpbam (category:base,tabindex:0)
2024-07-15 10:58:59,493 [INFO] PluginManage:310 - Check plugin memorymap
2024-07-15 10:58:59,502 [INFO] PluginManage:359 - Loaded plugin memorymap (category:base,tabindex:4)
2024-07-15 10:58:59,502 [INFO] PluginManage:310 - Check plugin pinoutandconfiguration
2024-07-15 10:58:59,508 [INFO] PluginManage:359 - Loaded plugin pinoutandconfiguration (category:base,tabindex:1)
2024-07-15 10:58:59,508 [INFO] PluginManage:310 - Check plugin pinoutconfig
2024-07-15 10:58:59,568 [WARN] SupportedApi:132 - Cannot load RTOS API schema: s4s-elt-must-match.1: The content of 'definitions' must match (annotation?, (simpleType | complexType)?, (unique | key | keyref)*)). A problem was found starting at: attribute.
2024-07-15 10:58:59,642 [INFO] PluginManage:359 - Loaded plugin pinoutconfig (category:base,tabindex:0)
2024-07-15 10:58:59,642 [INFO] PluginManage:310 - Check plugin power
2024-07-15 10:58:59,648 [INFO] PluginManage:359 - Loaded plugin power (category:power,tabindex:4)
2024-07-15 10:58:59,648 [INFO] PluginManage:310 - Check plugin projectmanager
2024-07-15 10:58:59,662 [INFO] PluginManage:359 - Loaded plugin projectmanager (category:projectmanager,tabindex:3)
2024-07-15 10:58:59,662 [INFO] PluginManage:310 - Check plugin thirdparty
2024-07-15 10:58:59,749 [INFO] PluginManage:359 - Loaded plugin thirdparty (category:base,tabindex:-1)
2024-07-15 10:58:59,749 [WARN] IntegrityCheckThread:84 - waiting for thirdparty lock release [integrity check]
2024-07-15 10:58:59,749 [INFO] PluginManage:310 - Check plugin tools
2024-07-15 10:58:59,749 [INFO] IntegrityCheckThread:86 - entering critical section [integrity check]
2024-07-15 10:58:59,750 [INFO] ThirdPartyUpdaterWithRetryManager:70 - Updater plugin not ready yet. [1/15]
2024-07-15 10:58:59,752 [INFO] PluginManage:359 - Loaded plugin tools (category:base,tabindex:7)
2024-07-15 10:58:59,752 [INFO] PluginManage:310 - Check plugin tutovideos
2024-07-15 10:58:59,853 [INFO] PluginManage:359 - Loaded plugin tutovideos (category:base,tabindex:-1)
2024-07-15 10:58:59,853 [INFO] PluginManage:310 - Check plugin updater
2024-07-15 10:58:59,854 [ERROR] ConfigurationRetriever:142 - IOException on connection: Read timed out
2024-07-15 10:58:59,859 [INFO] PluginManage:359 - Loaded plugin updater (category:base,tabindex:12)
2024-07-15 10:58:59,859 [INFO] PluginManage:310 - Check plugin userauth
2024-07-15 10:58:59,862 [INFO] UserAuth:114 - Init User Auth plugin
2024-07-15 10:58:59,862 [INFO] PluginManage:359 - Loaded plugin userauth (category:base,tabindex:14)
2024-07-15 10:58:59,862 [INFO] PluginManage:283 - PluginManage : Loaded plugins [17]
2024-07-15 10:58:59,998 [INFO] PinOutPanel:1499 - setPackage(No Configuration,No Configuration)
2024-07-15 10:59:00,058 [INFO] CADModel:165 - CPN selected for project level
2024-07-15 10:59:00,059 [INFO] CADModel:114 - Register for checkConnection events
2024-07-15 10:59:00,071 [INFO] IPUIPlugin:80 - create IPUIPlugin
2024-07-15 10:59:00,072 [INFO] PluginManager:220 - loadIPPluginJar : add adc
2024-07-15 10:59:00,074 [INFO] IPUIPlugin:80 - create IPUIPlugin
2024-07-15 10:59:00,074 [INFO] PluginManager:220 - loadIPPluginJar : add aes
2024-07-15 10:59:00,076 [INFO] IPUIPlugin:80 - create IPUIPlugin
2024-07-15 10:59:00,076 [INFO] PluginManager:220 - loadIPPluginJar : add can
2024-07-15 10:59:00,077 [INFO] IPUIPlugin:80 - create IPUIPlugin
2024-07-15 10:59:00,077 [INFO] PluginManager:220 - loadIPPluginJar : add comp
2024-07-15 10:59:00,079 [INFO] IPUIPlugin:80 - create IPUIPlugin
2024-07-15 10:59:00,079 [INFO] PluginManager:220 - loadIPPluginJar : add cryp
2024-07-15 10:59:00,081 [INFO] IPUIPlugin:80 - create IPUIPlugin
2024-07-15 10:59:00,081 [INFO] PluginManager:220 - loadIPPluginJar : add dfsdm
2024-07-15 10:59:00,085 [INFO] IPUIPlugin:80 - create IPUIPlugin
2024-07-15 10:59:00,085 [INFO] PluginManager:220 - loadIPPluginJar : add dma
2024-07-15 10:59:00,087 [INFO] IPUIPlugin:80 - create IPUIPlugin
2024-07-15 10:59:00,087 [INFO] PluginManager:220 - loadIPPluginJar : add dma3
2024-07-15 10:59:00,089 [INFO] IPUIPlugin:80 - create IPUIPlugin
2024-07-15 10:59:00,089 [INFO] PluginManager:220 - loadIPPluginJar : add fatfs
2024-07-15 10:59:00,092 [INFO] IPUIPlugin:80 - create IPUIPlugin
2024-07-15 10:59:00,092 [INFO] PluginManager:220 - loadIPPluginJar : add fmc
2024-07-15 10:59:00,095 [INFO] IPUIPlugin:80 - create IPUIPlugin
2024-07-15 10:59:00,095 [INFO] PluginManager:220 - loadIPPluginJar : add freertos
2024-07-15 10:59:00,097 [INFO] IPUIPlugin:80 - create IPUIPlugin
2024-07-15 10:59:00,097 [INFO] PluginManager:220 - loadIPPluginJar : add genericplugin
2024-07-15 10:59:00,099 [INFO] IPUIPlugin:80 - create IPUIPlugin
2024-07-15 10:59:00,099 [INFO] PluginManager:220 - loadIPPluginJar : add gfxmmu
2024-07-15 10:59:00,102 [INFO] IPUIPlugin:80 - create IPUIPlugin
2024-07-15 10:59:00,103 [INFO] PluginManager:220 - loadIPPluginJar : add gic
2024-07-15 10:59:00,106 [INFO] IPUIPlugin:80 - create IPUIPlugin
2024-07-15 10:59:00,106 [INFO] PluginManager:220 - loadIPPluginJar : add gpio
2024-07-15 10:59:00,108 [INFO] IPUIPlugin:80 - create IPUIPlugin
2024-07-15 10:59:00,108 [INFO] PluginManager:220 - loadIPPluginJar : add gtzc
2024-07-15 10:59:00,110 [INFO] IPUIPlugin:80 - create IPUIPlugin
2024-07-15 10:59:00,110 [INFO] PluginManager:220 - loadIPPluginJar : add hash
2024-07-15 10:59:00,112 [INFO] IPUIPlugin:80 - create IPUIPlugin
2024-07-15 10:59:00,112 [INFO] PluginManager:220 - loadIPPluginJar : add i2c
2024-07-15 10:59:00,113 [INFO] IPUIPlugin:80 - create IPUIPlugin
2024-07-15 10:59:00,113 [INFO] PluginManager:220 - loadIPPluginJar : add i2s
2024-07-15 10:59:00,115 [INFO] IPUIPlugin:80 - create IPUIPlugin
2024-07-15 10:59:00,116 [INFO] PluginManager:220 - loadIPPluginJar : add i3c
2024-07-15 10:59:00,118 [INFO] IPUIPlugin:80 - create IPUIPlugin
2024-07-15 10:59:00,118 [INFO] PluginManager:220 - loadIPPluginJar : add ipddr
2024-07-15 10:59:00,123 [INFO] IPUIPlugin:80 - create IPUIPlugin
2024-07-15 10:59:00,123 [INFO] PluginManager:220 - loadIPPluginJar : add linkedlist
2024-07-15 10:59:00,125 [INFO] IPUIPlugin:80 - create IPUIPlugin
2024-07-15 10:59:00,126 [INFO] PluginManager:220 - loadIPPluginJar : add lorawan
2024-07-15 10:59:00,127 [INFO] IPUIPlugin:80 - create IPUIPlugin
2024-07-15 10:59:00,127 [INFO] PluginManager:220 - loadIPPluginJar : add ltdc
2024-07-15 10:59:00,131 [INFO] IPUIPlugin:80 - create IPUIPlugin
2024-07-15 10:59:00,131 [INFO] PluginManager:220 - loadIPPluginJar : add mdma
2024-07-15 10:59:00,134 [INFO] IPUIPlugin:80 - create IPUIPlugin
2024-07-15 10:59:00,134 [INFO] PluginManager:220 - loadIPPluginJar : add nvic
2024-07-15 10:59:00,136 [INFO] IPUIPlugin:80 - create IPUIPlugin
2024-07-15 10:59:00,136 [INFO] PluginManager:220 - loadIPPluginJar : add opamp
2024-07-15 10:59:00,139 [INFO] IPUIPlugin:80 - create IPUIPlugin
2024-07-15 10:59:00,139 [INFO] PluginManager:220 - loadIPPluginJar : add openamp
2024-07-15 10:59:00,141 [INFO] IPUIPlugin:80 - create IPUIPlugin
2024-07-15 10:59:00,142 [INFO] PluginManager:220 - loadIPPluginJar : add pdm2pcm
2024-07-15 10:59:00,146 [INFO] IPUIPlugin:80 - create IPUIPlugin
2024-07-15 10:59:00,148 [INFO] PluginManager:220 - loadIPPluginJar : add plateformsettings
2024-07-15 10:59:00,149 [INFO] IPUIPlugin:80 - create IPUIPlugin
2024-07-15 10:59:00,149 [INFO] PluginManager:220 - loadIPPluginJar : add quadspi
2024-07-15 10:59:00,151 [INFO] IPUIPlugin:80 - create IPUIPlugin
2024-07-15 10:59:00,151 [INFO] PluginManager:220 - loadIPPluginJar : add resmgrutility
2024-07-15 10:59:00,153 [INFO] IPUIPlugin:80 - create IPUIPlugin
2024-07-15 10:59:00,153 [INFO] PluginManager:220 - loadIPPluginJar : add sai
2024-07-15 10:59:00,155 [INFO] IPUIPlugin:80 - create IPUIPlugin
2024-07-15 10:59:00,155 [INFO] PluginManager:220 - loadIPPluginJar : add spi
2024-07-15 10:59:00,159 [INFO] IPUIPlugin:80 - create IPUIPlugin
2024-07-15 10:59:00,159 [INFO] PluginManager:220 - loadIPPluginJar : add stm32_wpan
2024-07-15 10:59:00,160 [INFO] IPUIPlugin:80 - create IPUIPlugin
2024-07-15 10:59:00,160 [INFO] PluginManager:220 - loadIPPluginJar : add tim
2024-07-15 10:59:00,163 [INFO] IPUIPlugin:80 - create IPUIPlugin
2024-07-15 10:59:00,163 [INFO] PluginManager:220 - loadIPPluginJar : add touchsensing
2024-07-15 10:59:00,164 [INFO] IPUIPlugin:80 - create IPUIPlugin
2024-07-15 10:59:00,164 [INFO] PluginManager:220 - loadIPPluginJar : add tracer_emb
2024-07-15 10:59:00,166 [INFO] IPUIPlugin:80 - create IPUIPlugin
2024-07-15 10:59:00,166 [INFO] PluginManager:220 - loadIPPluginJar : add ts
2024-07-15 10:59:00,167 [INFO] IPUIPlugin:80 - create IPUIPlugin
2024-07-15 10:59:00,168 [INFO] PluginManager:220 - loadIPPluginJar : add tsc
2024-07-15 10:59:00,169 [INFO] IPUIPlugin:80 - create IPUIPlugin
2024-07-15 10:59:00,169 [INFO] PluginManager:220 - loadIPPluginJar : add ucpd
2024-07-15 10:59:00,171 [INFO] IPUIPlugin:80 - create IPUIPlugin
2024-07-15 10:59:00,171 [INFO] PluginManager:220 - loadIPPluginJar : add usart
2024-07-15 10:59:00,174 [INFO] IPUIPlugin:80 - create IPUIPlugin
2024-07-15 10:59:00,174 [INFO] PluginManager:220 - loadIPPluginJar : add usbx
2024-07-15 10:59:00,289 [INFO] CADModel:165 - CPN selected for project level
2024-07-15 10:59:00,289 [INFO] CADModel:114 - Register for checkConnection events
2024-07-15 10:59:00,289 [FATAL] Updater:308 - Updater called before beeing initialized
2024-07-15 10:59:00,289 [ERROR] CADModel:125 - Updater not yet initialized, retry later 
2024-07-15 10:59:00,380 [INFO] CADModel:165 - CPN selected for project level
2024-07-15 10:59:00,381 [INFO] CADModel:114 - Register for checkConnection events
2024-07-15 10:59:00,381 [FATAL] Updater:308 - Updater called before beeing initialized
2024-07-15 10:59:00,381 [ERROR] CADModel:125 - Updater not yet initialized, retry later 
2024-07-15 10:59:00,383 [FATAL] Updater:308 - Updater called before beeing initialized
2024-07-15 10:59:00,485 [FATAL] Updater:308 - Updater called before beeing initialized
2024-07-15 10:59:00,487 [INFO] DbMcusAds:53 - JSON generation date=Thu Sep 30 14:55:09 CST 2021 (1632984909247)
2024-07-15 10:59:00,488 [FATAL] Updater:308 - Updater called before beeing initialized
2024-07-15 10:59:00,515 [WARN] DetailPanel:346 - Failed to get advertising image, set to default
2024-07-15 10:59:00,583 [FATAL] Updater:308 - Updater called before beeing initialized
2024-07-15 10:59:00,584 [FATAL] Updater:308 - Updater called before beeing initialized
2024-07-15 10:59:00,584 [FATAL] Updater:308 - Updater called before beeing initialized
2024-07-15 10:59:00,584 [WARN] DetailPanel:346 - Failed to get advertising image, set to default
2024-07-15 10:59:00,584 [FATAL] Updater:308 - Updater called before beeing initialized
2024-07-15 10:59:00,617 [ERROR] Updater:1120 - MainUpdater not yet initialized. External WinMGr cannot be set.
2024-07-15 10:59:00,621 [INFO] Updater:1056 - Updater Version found : 6.10.0
2024-07-15 10:59:00,631 [INFO] ApplicationProperties:184 - Using Application install path: C:\my_workspace\my_software\stm32cubeide\STM32CubeIDE_1.14.1\STM32CubeIDE\plugins\com.st.stm32cube.common.mx_6.10.0.202311202037
2024-07-15 10:59:02,201 [ERROR] LogOutputStream:75 - [STDERR_REDIRECT] Jul 15, 2024 10:59:02 AM java.util.prefs.WindowsPreferences <init>
2024-07-15 10:59:02,202 [ERROR] LogOutputStream:75 - [STDERR_REDIRECT] WARNING: Could not open/create prefs root node Software\JavaSoft\Prefs at root 0xffffffff80000002. Windows RegCreateKeyEx(...) returned error code 5.
2024-07-15 10:59:02,202 [ERROR] LogOutputStream:75 - [STDERR_REDIRECT] 
2024-07-15 10:59:02,752 [INFO] ThirdPartyUpdaterWithRetryManager:70 - Updater plugin not ready yet. [2/15]
2024-07-15 10:59:02,795 [INFO] MainUpdater:2873 - connection check result : 10
2024-07-15 10:59:02,796 [INFO] MainUpdater:290 - Updater Check For Update Now.
2024-07-15 10:59:02,796 [INFO] MicroXplorer:498 - Change Database Version : DB.6.0.100
2024-07-15 10:59:02,799 [INFO] McuFinderGlobals:63 - Set McuFinder mode to 2 (CubeIDE integrated)
2024-07-15 10:59:02,799 [INFO] UserAuth:180 - activating auth plugin
2024-07-15 10:59:02,800 [INFO] UserAuth:404 - Internet connection configuration mode: 1
2024-07-15 10:59:02,814 [INFO] JxBrowserEngine:152 - Initiate JxBrowser Engine with user profile folder
2024-07-15 10:59:02,950 [INFO] CheckServerUpdateThread:120 - End of CheckServer Thread
2024-07-15 10:59:03,360 [INFO] WebApp:161 - Instantiating new browser for Auth
2024-07-15 10:59:03,718 [INFO] WebApp:780 - Register for checkConnection events
2024-07-15 10:59:03,718 [INFO] WebApp:414 - Apply proxy settings
2024-07-15 10:59:03,718 [INFO] WebApp:499 - Chromium requires no authentication
2024-07-15 10:59:03,722 [INFO] WebApp:442 - Direct internet connection detected
2024-07-15 10:59:03,824 [INFO] WebApp:192 - Starting web application
2024-07-15 10:59:03,824 [INFO] WebApp:544 - Web application path used C:\my_workspace\my_software\stm32cubeide\STM32CubeIDE_1.14.1\STM32CubeIDE\plugins\com.st.stm32cube.common.mx_6.10.0.202311202037\db\plugins\mcufinder\reactClient1\index.html
2024-07-15 10:59:06,024 [WARN] PackLoader:240 - Cannot read IP mode file for STMicroelectronics.FP-SNS-MOTENVWB1.1.4.0
2024-07-15 10:59:06,032 [WARN] PackLoader:240 - Cannot read IP mode file for STMicroelectronics.X-CUBE-SMBUS.2.1.0
2024-07-15 10:59:06,036 [WARN] PackLoader:240 - Cannot read IP mode file for STMicroelectronics.X-CUBE-TOUCHGFX.4.23.1
2024-07-15 10:59:06,038 [WARN] PackLoader:240 - Cannot read IP mode file for STMicroelectronics.X-CUBE-TOUCHGFX.4.23.0
2024-07-15 10:59:06,040 [WARN] PackLoader:240 - Cannot read IP mode file for STMicroelectronics.X-CUBE-TOUCHGFX.4.23.2
2024-07-15 10:59:06,056 [WARN] PackLoader:240 - Cannot read IP mode file for STMicroelectronics.X-CUBE-AZRTOS-F7.1.1.0
2024-07-15 10:59:06,067 [WARN] PackLoader:240 - Cannot read IP mode file for STMicroelectronics.FP-SNS-MOTENV1.4.3.2
2024-07-15 10:59:06,074 [WARN] PackLoader:240 - Cannot read IP mode file for STMicroelectronics.FP-SNS-FLIGHT1.5.0.2
2024-07-15 10:59:06,081 [WARN] PackLoader:240 - Cannot read IP mode file for STMicroelectronics.X-CUBE-DISPLAY.3.0.0
2024-07-15 10:59:06,092 [WARN] PackLoader:240 - Cannot read IP mode file for STMicroelectronics.X-CUBE-BLE1.7.0.0
2024-07-15 10:59:06,099 [WARN] PackLoader:240 - Cannot read IP mode file for emotas.I-CUBE-CANOPEN.1.3.0
2024-07-15 10:59:06,104 [WARN] PackLoader:240 - Cannot read IP mode file for STMicroelectronics.FP-SNS-SMARTAG2.1.2.0
2024-07-15 10:59:06,113 [INFO] LogOutputStream:77 - [STDOUT_REDIRECT] 1 : Invalid condition id : UX_CORESTACK_Condition cause : null
2024-07-15 10:59:06,113 [INFO] LogOutputStream:77 - [STDOUT_REDIRECT] 1 : Invalid condition id : UX_CORESTACK_Condition cause : null
2024-07-15 10:59:06,114 [INFO] LogOutputStream:77 - [STDOUT_REDIRECT] 1 : Invalid condition id : UX_CORESTACK_Condition cause : null
2024-07-15 10:59:06,114 [INFO] LogOutputStream:77 - [STDOUT_REDIRECT] 1 : Invalid condition id : UX_CORESTACK_Condition cause : null
2024-07-15 10:59:06,115 [INFO] LogOutputStream:77 - [STDOUT_REDIRECT] 1 : Invalid condition id : UX_CORESTACK_Condition cause : null
2024-07-15 10:59:06,117 [WARN] PackLoader:240 - Cannot read IP mode file for STMicroelectronics.X-CUBE-AZRTOS-WL.2.0.0
2024-07-15 10:59:06,120 [WARN] PackLoader:240 - Cannot read IP mode file for STMicroelectronics.FP-SNS-MOTENV1.5.0.0
2024-07-15 10:59:06,125 [WARN] PackLoader:240 - Cannot read IP mode file for wolfSSL.I-CUBE-wolfMQTT.1.19.0
2024-07-15 10:59:06,130 [WARN] PackLoader:240 - Cannot read IP mode file for STMicroelectronics.X-CUBE-BLE2.3.3.0
2024-07-15 10:59:06,134 [WARN] PackLoader:240 - Cannot read IP mode file for STMicroelectronics.X-CUBE-TCPP.4.1.0
2024-07-15 10:59:06,140 [WARN] PackLoader:240 - Cannot read IP mode file for STMicroelectronics.X-CUBE-ALGOBUILD.1.3.0
2024-07-15 10:59:06,151 [WARN] PackLoader:240 - Cannot read IP mode file for STMicroelectronics.X-CUBE-AZRTOS-G0.1.1.0
2024-07-15 10:59:06,157 [WARN] PackLoader:240 - Cannot read IP mode file for STMicroelectronics.X-CUBE-SAFEA1.1.2.2
2024-07-15 10:59:06,167 [WARN] PackLoader:240 - Cannot read IP mode file for STMicroelectronics.X-CUBE-NFC4.3.0.0
2024-07-15 10:59:06,175 [WARN] PackLoader:240 - Cannot read IP mode file for EmbeddedOffice.I-CUBE-FS-RTOS.1.0.1
2024-07-15 10:59:06,176 [ERROR] ConditionMgr:805 - Attr not supported : Dmpu
2024-07-15 10:59:06,176 [ERROR] ConditionMgr:805 - Attr not supported : Dmpu
2024-07-15 10:59:06,176 [ERROR] ConditionMgr:805 - Attr not supported : Dmpu
2024-07-15 10:59:06,176 [ERROR] ConditionMgr:805 - Attr not supported : Dmpu
2024-07-15 10:59:06,176 [ERROR] ConditionMgr:805 - Attr not supported : Dmpu
2024-07-15 10:59:06,176 [ERROR] ConditionMgr:805 - Attr not supported : Dmpu
2024-07-15 10:59:06,176 [ERROR] ConditionMgr:805 - Attr not supported : Dmpu
2024-07-15 10:59:06,176 [ERROR] ConditionMgr:805 - Attr not supported : Dmpu
2024-07-15 10:59:06,176 [ERROR] ConditionMgr:805 - Attr not supported : Dmpu
2024-07-15 10:59:06,176 [ERROR] ConditionMgr:805 - Attr not supported : Dmpu
2024-07-15 10:59:06,176 [ERROR] ConditionMgr:805 - Attr not supported : Dmpu
2024-07-15 10:59:06,176 [ERROR] ConditionMgr:805 - Attr not supported : Dmpu
2024-07-15 10:59:06,176 [ERROR] ConditionMgr:805 - Attr not supported : Dmpu
2024-07-15 10:59:06,176 [ERROR] ConditionMgr:805 - Attr not supported : Dmpu
2024-07-15 10:59:06,177 [ERROR] ConditionMgr:805 - Attr not supported : Dmpu
2024-07-15 10:59:06,177 [ERROR] ConditionMgr:805 - Attr not supported : Dmpu
2024-07-15 10:59:06,177 [ERROR] ConditionMgr:805 - Attr not supported : Dmpu
2024-07-15 10:59:06,177 [ERROR] ConditionMgr:805 - Attr not supported : Dmpu
2024-07-15 10:59:06,177 [ERROR] ConditionMgr:805 - Attr not supported : Dmpu
2024-07-15 10:59:06,177 [ERROR] ConditionMgr:805 - Attr not supported : Dmpu
2024-07-15 10:59:06,177 [ERROR] ConditionMgr:805 - Attr not supported : Dmpu
2024-07-15 10:59:06,177 [ERROR] ConditionMgr:805 - Attr not supported : Dmpu
2024-07-15 10:59:06,177 [ERROR] ConditionMgr:805 - Attr not supported : Dmpu
2024-07-15 10:59:06,177 [ERROR] ConditionMgr:805 - Attr not supported : Dmpu
2024-07-15 10:59:06,177 [ERROR] ConditionMgr:805 - Attr not supported : Dmpu
2024-07-15 10:59:06,177 [ERROR] ConditionMgr:805 - Attr not supported : Dmpu
2024-07-15 10:59:06,177 [ERROR] ConditionMgr:805 - Attr not supported : Dmpu
2024-07-15 10:59:06,177 [ERROR] ConditionMgr:805 - Attr not supported : Dmpu
2024-07-15 10:59:06,177 [ERROR] ConditionMgr:805 - Attr not supported : Dmpu
2024-07-15 10:59:06,177 [ERROR] ConditionMgr:805 - Attr not supported : Dmpu
2024-07-15 10:59:06,177 [ERROR] ConditionMgr:805 - Attr not supported : Dmpu
2024-07-15 10:59:06,177 [ERROR] ConditionMgr:805 - Attr not supported : Dmpu
2024-07-15 10:59:06,177 [ERROR] ConditionMgr:805 - Attr not supported : Dmpu
2024-07-15 10:59:06,178 [ERROR] ConditionMgr:805 - Attr not supported : Dmpu
2024-07-15 10:59:06,178 [ERROR] ConditionMgr:805 - Attr not supported : Dmpu
2024-07-15 10:59:06,178 [ERROR] ConditionMgr:805 - Attr not supported : Dmpu
2024-07-15 10:59:06,178 [ERROR] ConditionMgr:805 - Attr not supported : Dmpu
2024-07-15 10:59:06,178 [ERROR] ConditionMgr:805 - Attr not supported : Dmpu
2024-07-15 10:59:06,178 [ERROR] ConditionMgr:805 - Attr not supported : Dmpu
2024-07-15 10:59:06,178 [ERROR] ConditionMgr:805 - Attr not supported : Dmpu
2024-07-15 10:59:06,178 [ERROR] ConditionMgr:805 - Attr not supported : Dmpu
2024-07-15 10:59:06,178 [ERROR] ConditionMgr:805 - Attr not supported : Dmpu
2024-07-15 10:59:06,178 [ERROR] ConditionMgr:805 - Attr not supported : Dmpu
2024-07-15 10:59:06,178 [ERROR] ConditionMgr:805 - Attr not supported : Dmpu
2024-07-15 10:59:06,178 [ERROR] ConditionMgr:805 - Attr not supported : Dmpu
2024-07-15 10:59:06,178 [ERROR] ConditionMgr:805 - Attr not supported : Dmpu
2024-07-15 10:59:06,179 [ERROR] ConditionMgr:805 - Attr not supported : Dmpu
2024-07-15 10:59:06,179 [ERROR] ConditionMgr:805 - Attr not supported : Dmpu
2024-07-15 10:59:06,179 [ERROR] ConditionMgr:805 - Attr not supported : Dmpu
2024-07-15 10:59:06,179 [ERROR] ConditionMgr:805 - Attr not supported : Dmpu
2024-07-15 10:59:06,179 [ERROR] ConditionMgr:805 - Attr not supported : Dmpu
2024-07-15 10:59:06,179 [ERROR] ConditionMgr:805 - Attr not supported : Dmpu
2024-07-15 10:59:06,179 [ERROR] ConditionMgr:805 - Attr not supported : Dmpu
2024-07-15 10:59:06,179 [ERROR] ConditionMgr:805 - Attr not supported : Dmpu
2024-07-15 10:59:06,179 [ERROR] ConditionMgr:805 - Attr not supported : Dmpu
2024-07-15 10:59:06,179 [ERROR] ConditionMgr:805 - Attr not supported : Dmpu
2024-07-15 10:59:06,179 [ERROR] ConditionMgr:805 - Attr not supported : Dmpu
2024-07-15 10:59:06,179 [ERROR] ConditionMgr:805 - Attr not supported : Dmpu
2024-07-15 10:59:06,179 [ERROR] ConditionMgr:805 - Attr not supported : Dmpu
2024-07-15 10:59:06,179 [ERROR] ConditionMgr:805 - Attr not supported : Dmpu
2024-07-15 10:59:06,179 [ERROR] ConditionMgr:805 - Attr not supported : Dmpu
2024-07-15 10:59:06,180 [ERROR] ConditionMgr:805 - Attr not supported : Dmpu
2024-07-15 10:59:06,180 [ERROR] ConditionMgr:805 - Attr not supported : Dmpu
2024-07-15 10:59:06,180 [ERROR] ConditionMgr:805 - Attr not supported : Dmpu
2024-07-15 10:59:06,186 [WARN] PackLoader:240 - Cannot read IP mode file for RealThread.X-CUBE-RT-Thread_Nano.4.1.1
2024-07-15 10:59:06,191 [WARN] PackLoader:240 - Cannot read IP mode file for STMicroelectronics.FP-ATR-SIGFOX1.3.2.0
2024-07-15 10:59:06,212 [WARN] PackLoader:240 - Cannot read IP mode file for SEGGER.I-CUBE-embOS.1.3.1
2024-07-15 10:59:06,241 [WARN] PackLoader:240 - Cannot read IP mode file for STMicroelectronics.X-CUBE-ALGOBUILD.1.4.0
2024-07-15 10:59:06,248 [WARN] PackLoader:240 - Cannot read IP mode file for STMicroelectronics.X-CUBE-GNSS1.6.0.0
2024-07-15 10:59:06,260 [WARN] PackLoader:240 - Cannot read IP mode file for STMicroelectronics.X-CUBE-AZRTOS-F4.1.1.0
2024-07-15 10:59:06,265 [WARN] PackLoader:240 - Cannot read IP mode file for STMicroelectronics.X-CUBE-FREERTOS.1.2.0
2024-07-15 10:59:06,276 [WARN] PackLoader:240 - Cannot read IP mode file for STMicroelectronics.X-CUBE-AZRTOS-L5.2.0.0
2024-07-15 10:59:06,284 [WARN] PackLoader:240 - Cannot read IP mode file for STMicroelectronics.X-CUBE-NFC6.3.1.0
2024-07-15 10:59:06,292 [WARN] PackLoader:240 - Cannot read IP mode file for ITTIA_DB.I-CUBE-ITTIADB.8.8.0
2024-07-15 10:59:06,297 [WARN] PackLoader:240 - Cannot read IP mode file for STMicroelectronics.X-CUBE-DPower.1.2.0
2024-07-15 10:59:06,301 [WARN] PackLoader:240 - Cannot read IP mode file for STMicroelectronics.X-CUBE-AI.9.0.0
2024-07-15 10:59:06,307 [WARN] PackLoader:240 - Cannot read IP mode file for STMicroelectronics.X-CUBE-NFC7.1.0.1
2024-07-15 10:59:06,313 [WARN] PackLoader:240 - Cannot read IP mode file for wolfSSL.I-CUBE-wolfTPM.3.2.0
2024-07-15 10:59:06,318 [WARN] PackLoader:240 - Cannot read IP mode file for STMicroelectronics.X-CUBE-NFC6.3.0.0
2024-07-15 10:59:06,323 [WARN] PackLoader:240 - Cannot read IP mode file for STMicroelectronics.X-CUBE-AI.8.1.0
2024-07-15 10:59:06,337 [WARN] ConditionMgr:438 - getConditionDescription Invalid condition id : LAN8742 Phy interface Condition cause : null
2024-07-15 10:59:06,338 [WARN] PackLoader:240 - Cannot read IP mode file for STMicroelectronics.X-CUBE-AZRTOS-L4.2.0.0
2024-07-15 10:59:06,339 [WARN] ConditionMgr:1039 - genDependencies : Invalid condition id : LAN8742 Phy interface Condition cause : null
2024-07-15 10:59:06,339 [WARN] ConditionMgr:1039 - genDependencies : Invalid condition id : LAN8742 Phy interface Condition cause : null
2024-07-15 10:59:06,340 [WARN] ConditionMgr:1039 - genDependencies : Invalid condition id : LAN8742 Phy interface Condition cause : null
2024-07-15 10:59:06,347 [WARN] PackLoader:240 - Cannot read IP mode file for STMicroelectronics.X-CUBE-SFXS2LP1.4.0.0
2024-07-15 10:59:06,359 [WARN] ConditionMgr:438 - getConditionDescription Invalid condition id : UX DEVICE CLASS RTOS Condition cause : null
2024-07-15 10:59:06,359 [WARN] ConditionMgr:438 - getConditionDescription Invalid condition id : UX DEVICE CLASS RTOS Condition cause : null
2024-07-15 10:59:06,361 [WARN] PackLoader:240 - Cannot read IP mode file for STMicroelectronics.X-CUBE-AZRTOS-WB.2.0.0
2024-07-15 10:59:06,362 [WARN] ConditionMgr:1039 - genDependencies : Invalid condition id : UX DEVICE CLASS RTOS Condition cause : null
2024-07-15 10:59:06,362 [WARN] ConditionMgr:1039 - genDependencies : Invalid condition id : UX DEVICE CLASS RTOS Condition cause : null
2024-07-15 10:59:06,362 [WARN] ConditionMgr:1039 - genDependencies : Invalid condition id : UX DEVICE CLASS RTOS Condition cause : null
2024-07-15 10:59:06,362 [WARN] ConditionMgr:1039 - genDependencies : Invalid condition id : UX DEVICE CLASS RTOS Condition cause : null
2024-07-15 10:59:06,363 [WARN] ConditionMgr:1039 - genDependencies : Invalid condition id : UX DEVICE CLASS RTOS Condition cause : null
2024-07-15 10:59:06,380 [WARN] PackLoader:240 - Cannot read IP mode file for STMicroelectronics.X-CUBE-SUBG2.5.0.0
2024-07-15 10:59:06,394 [WARN] PackLoader:240 - Cannot read IP mode file for Cesanta.I-CUBE-Mongoose.7.13.0
2024-07-15 10:59:06,409 [WARN] PackLoader:240 - Cannot read IP mode file for STMicroelectronics.X-CUBE-AZRTOS-G4.2.0.0
2024-07-15 10:59:06,422 [WARN] PackLoader:240 - Cannot read IP mode file for Infineon.AIROC-Wi-Fi-Bluetooth-STM32.1.5.1
2024-07-15 10:59:06,429 [WARN] PackLoader:240 - Cannot read IP mode file for STMicroelectronics.FP-SNS-MOTENVWB1.1.3.1
2024-07-15 10:59:06,434 [WARN] PackLoader:240 - Cannot read IP mode file for STMicroelectronics.X-CUBE-ALS.1.0.2
2024-07-15 10:59:06,456 [WARN] PackLoader:240 - Cannot read IP mode file for STMicroelectronics.X-CUBE-MEMS1.10.0.0
2024-07-15 10:59:06,529 [WARN] PackLoader:240 - Cannot read IP mode file for STMicroelectronics.X-CUBE-FREERTOS.1.1.0
2024-07-15 10:59:06,532 [WARN] PackLoader:240 - Cannot read IP mode file for STMicroelectronics.X-CUBE-TOUCHGFX.4.24.0
2024-07-15 10:59:06,540 [WARN] PackLoader:240 - Cannot read IP mode file for portGmbH.I-Cube-SoM-uGOAL.1.1.0
2024-07-15 10:59:06,544 [WARN] PackLoader:240 - Cannot read IP mode file for STMicroelectronics.X-CUBE-ALS.1.0.1
2024-07-15 10:59:06,557 [WARN] PackLoader:240 - Cannot read IP mode file for STMicroelectronics.X-CUBE-AZRTOS-H7RS.1.0.0
2024-07-15 10:59:06,564 [WARN] PackLoader:240 - Cannot read IP mode file for STMicroelectronics.FP-ATR-ASTRA1.2.0.0
2024-07-15 10:59:06,570 [WARN] PackLoader:240 - Cannot read IP mode file for wolfSSL.I-CUBE-wolfSSH.1.4.17
2024-07-15 10:59:06,571 [INFO] ThirdParty:978 - Integrity check success = true
2024-07-15 10:59:06,571 [INFO] IntegrityCheckThread:100 - exiting critical section [integrity check]
2024-07-15 10:59:06,571 [INFO] IntegrityCheckThread:103 - End integrity checks thread
2024-07-15 10:59:24,257 [ERROR] LogOutputStream:75 - [STDERR_REDIRECT] SLF4J: Failed to load class "org.slf4j.impl.StaticLoggerBinder".
2024-07-15 10:59:24,258 [ERROR] LogOutputStream:75 - [STDERR_REDIRECT] SLF4J: Defaulting to no-operation (NOP) logger implementation
2024-07-15 10:59:24,259 [ERROR] LogOutputStream:75 - [STDERR_REDIRECT] SLF4J: See http://www.slf4j.org/codes.html#StaticLoggerBinder for further details.
2024-07-15 14:07:20,887 [ERROR] LogOutputStream:75 - [STDERR_REDIRECT] 
