2024-07-14 16:56:43,180 [INFO] Activator:176 - 


2024-07-14 16:56:43,186 [INFO] Activator:177 - !SESSION log4j initialized
2024-07-14 16:56:46,851 [INFO] LogOutputStream:77 - [STDOUT_REDIRECT] 
2024-07-14 16:56:52,938 [INFO] ApplicationProperties:184 - Using Application install path: C:\my_workspace\my_software\stm32cubeide\STM32CubeIDE_1.14.1\STM32CubeIDE\plugins\com.st.stm32cube.common.mx_6.10.0.202311202037
2024-07-14 16:56:52,948 [INFO] DbMcusXml:78 - Set database path to: C:\my_workspace\my_software\stm32cubeide\STM32CubeIDE_1.14.1\STM32CubeIDE\plugins\com.st.stm32cube.common.mx_6.10.0.202311202037\\db\/mcu/
2024-07-14 16:56:52,949 [INFO] ApiDb:274 - Set plugin database path to: C:\my_workspace\my_software\stm32cubeide\STM32CubeIDE_1.14.1\STM32CubeIDE\plugins\com.st.stm32cube.common.mx_6.10.0.202311202037\\db\/plugins/boardmanager/
2024-07-14 16:56:52,949 [WARN] ApiDb:259 - Overriding images path with different value:  => C:\my_workspace\my_software\stm32cubeide\STM32CubeIDE_1.14.1\STM32CubeIDE\plugins\com.st.stm32cube.common.mx_6.10.0.202311202037\\db\/plugins/mcufinder/images/
2024-07-14 16:56:52,964 [INFO] ApiDb:250 - Set database path to: C:\Users\ECA1WX\.stmcufinder\plugins\mcufinder//mcu/
2024-07-14 16:56:52,965 [INFO] DbMcusAds:125 - Set database path to: C:\Users\ECA1WX\.stmcufinder\plugins\mcufinder//mcu/
2024-07-14 16:56:52,966 [INFO] CrossReferenceDbSqlite:203 - Set database path to: C:\Users\ECA1WX\.stmcufinder\plugins\mcufinder//mcu/cs/
2024-07-14 16:56:53,030 [INFO] RulesReader:64 - Compatibility file has been processed (297 Rules)
2024-07-14 16:56:53,094 [INFO] DbMcusXml:78 - Set database path to: C:\my_workspace\my_software\stm32cubeide\STM32CubeIDE_1.14.1\STM32CubeIDE\plugins\com.st.stm32cube.common.mx_6.10.0.202311202037\\db\/mcu/
2024-07-14 16:56:53,094 [INFO] ApiDb:274 - Set plugin database path to: C:\my_workspace\my_software\stm32cubeide\STM32CubeIDE_1.14.1\STM32CubeIDE\plugins\com.st.stm32cube.common.mx_6.10.0.202311202037\\db\/plugins/boardmanager/
2024-07-14 16:56:53,095 [INFO] ApiDb:261 - Set plugin images path to: C:\my_workspace\my_software\stm32cubeide\STM32CubeIDE_1.14.1\STM32CubeIDE\plugins\com.st.stm32cube.common.mx_6.10.0.202311202037\\db\/plugins/mcufinder/images/
2024-07-14 16:56:53,095 [WARN] DbFile:41 - Overriding database path with different value: C:\Users\ECA1WX\.stmcufinder\plugins\mcufinder/ => C:\Users\ECA1WX\.stmcufinder\plugins\mcufinder
2024-07-14 16:56:53,095 [INFO] ApiDb:250 - Set database path to: C:\Users\ECA1WX\.stmcufinder\plugins\mcufinder//mcu/
2024-07-14 16:56:53,095 [WARN] DbFile:41 - Overriding database path with different value: C:\Users\ECA1WX\.stmcufinder\plugins\mcufinder/ => C:\Users\ECA1WX\.stmcufinder\plugins\mcufinder
2024-07-14 16:56:53,095 [INFO] DbMcusAds:125 - Set database path to: C:\Users\ECA1WX\.stmcufinder\plugins\mcufinder//mcu/
2024-07-14 16:56:53,095 [WARN] DbFile:41 - Overriding database path with different value: C:\Users\ECA1WX\.stmcufinder\plugins\mcufinder/ => C:\Users\ECA1WX\.stmcufinder\plugins\mcufinder
2024-07-14 16:56:53,095 [WARN] DbFile:41 - Overriding database path with different value: C:\Users\ECA1WX\.stmcufinder\plugins\mcufinder/ => C:\Users\ECA1WX\.stmcufinder\plugins\mcufinder
2024-07-14 16:56:53,095 [INFO] CrossReferenceDbSqlite:203 - Set database path to: C:\Users\ECA1WX\.stmcufinder\plugins\mcufinder//mcu/cs/
2024-07-14 16:56:53,144 [INFO] MainPanel:264 - HeapMemory: 268435456
2024-07-14 16:56:53,179 [INFO] DbMcusXml:78 - Set database path to: C:\my_workspace\my_software\stm32cubeide\STM32CubeIDE_1.14.1\STM32CubeIDE\plugins\com.st.stm32cube.common.mx_6.10.0.202311202037\\db\/mcu/
2024-07-14 16:56:53,179 [INFO] ApiDb:274 - Set plugin database path to: C:\my_workspace\my_software\stm32cubeide\STM32CubeIDE_1.14.1\STM32CubeIDE\plugins\com.st.stm32cube.common.mx_6.10.0.202311202037\\db\/plugins/boardmanager/
2024-07-14 16:56:53,179 [INFO] ApiDb:261 - Set plugin images path to: C:\my_workspace\my_software\stm32cubeide\STM32CubeIDE_1.14.1\STM32CubeIDE\plugins\com.st.stm32cube.common.mx_6.10.0.202311202037\\db\/plugins/mcufinder/images/
2024-07-14 16:56:53,180 [WARN] DbFile:41 - Overriding database path with different value: C:\Users\ECA1WX\.stmcufinder\plugins\mcufinder/ => C:\Users\ECA1WX\.stmcufinder\plugins\mcufinder
2024-07-14 16:56:53,180 [INFO] ApiDb:250 - Set database path to: C:\Users\ECA1WX\.stmcufinder\plugins\mcufinder//mcu/
2024-07-14 16:56:53,180 [WARN] DbFile:41 - Overriding database path with different value: C:\Users\ECA1WX\.stmcufinder\plugins\mcufinder/ => C:\Users\ECA1WX\.stmcufinder\plugins\mcufinder
2024-07-14 16:56:53,180 [INFO] DbMcusAds:125 - Set database path to: C:\Users\ECA1WX\.stmcufinder\plugins\mcufinder//mcu/
2024-07-14 16:56:53,180 [WARN] DbFile:41 - Overriding database path with different value: C:\Users\ECA1WX\.stmcufinder\plugins\mcufinder/ => C:\Users\ECA1WX\.stmcufinder\plugins\mcufinder
2024-07-14 16:56:53,180 [WARN] DbFile:41 - Overriding database path with different value: C:\Users\ECA1WX\.stmcufinder\plugins\mcufinder/ => C:\Users\ECA1WX\.stmcufinder\plugins\mcufinder
2024-07-14 16:56:53,180 [INFO] CrossReferenceDbSqlite:203 - Set database path to: C:\Users\ECA1WX\.stmcufinder\plugins\mcufinder//mcu/cs/
2024-07-14 16:56:53,192 [INFO] ApplicationProperties:184 - Using Application install path: C:\my_workspace\my_software\stm32cubeide\STM32CubeIDE_1.14.1\STM32CubeIDE\plugins\com.st.stm32cube.common.mx_6.10.0.202311202037
2024-07-14 16:56:53,193 [INFO] PluginManage:196 - Search for loadable plugins [exclusion list=, ]
2024-07-14 16:56:53,194 [INFO] PluginManage:310 - Check plugin analytics
2024-07-14 16:56:58,095 [INFO] AnalyticsPlugin:253 - Accepted Software Licenses: 
2024-07-14 16:56:58,095 [INFO] AnalyticsPlugin:255 - Accepted CMSIS Pack Licenses: 
2024-07-14 16:56:58,095 [INFO] AnalyticsPlugin:257 - Accepted Firmware Licenses: FW.F7.1.17.0
2024-07-14 16:56:58,097 [INFO] PluginManage:359 - Loaded plugin analytics (category:tool,tabindex:-1)
2024-07-14 16:56:58,097 [INFO] PluginManage:310 - Check plugin cadmodel
2024-07-14 16:56:58,100 [INFO] CADModel:105 - Init CAD model plugin
2024-07-14 16:56:58,100 [INFO] PluginManage:359 - Loaded plugin cadmodel (category:power,tabindex:5)
2024-07-14 16:56:58,100 [INFO] PluginManage:310 - Check plugin clock
2024-07-14 16:56:58,106 [INFO] PluginManage:359 - Loaded plugin clock (category:base,tabindex:2)
2024-07-14 16:56:58,106 [INFO] PluginManage:310 - Check plugin ddr
2024-07-14 16:56:58,107 [INFO] PluginManage:359 - Loaded plugin ddr (category:tool,tabindex:6)
2024-07-14 16:56:58,107 [INFO] PluginManage:310 - Check plugin filemanager
2024-07-14 16:56:58,214 [INFO] PluginManage:359 - Loaded plugin filemanager (category:base,tabindex:10)
2024-07-14 16:56:58,214 [INFO] PluginManage:310 - Check plugin ipmanager
2024-07-14 16:56:58,221 [INFO] PluginManage:359 - Loaded plugin ipmanager (category:base,tabindex:5)
2024-07-14 16:56:58,221 [INFO] PluginManage:310 - Check plugin lpbam
2024-07-14 16:56:58,227 [INFO] PluginManage:359 - Loaded plugin lpbam (category:base,tabindex:0)
2024-07-14 16:56:58,228 [INFO] PluginManage:310 - Check plugin memorymap
2024-07-14 16:56:58,235 [INFO] PluginManage:359 - Loaded plugin memorymap (category:base,tabindex:4)
2024-07-14 16:56:58,235 [INFO] PluginManage:310 - Check plugin pinoutandconfiguration
2024-07-14 16:56:58,240 [INFO] PluginManage:359 - Loaded plugin pinoutandconfiguration (category:base,tabindex:1)
2024-07-14 16:56:58,241 [INFO] PluginManage:310 - Check plugin pinoutconfig
2024-07-14 16:56:58,297 [WARN] SupportedApi:132 - Cannot load RTOS API schema: s4s-elt-must-match.1: The content of 'definitions' must match (annotation?, (simpleType | complexType)?, (unique | key | keyref)*)). A problem was found starting at: attribute.
2024-07-14 16:56:58,372 [INFO] PluginManage:359 - Loaded plugin pinoutconfig (category:base,tabindex:0)
2024-07-14 16:56:58,372 [INFO] PluginManage:310 - Check plugin power
2024-07-14 16:56:58,378 [INFO] PluginManage:359 - Loaded plugin power (category:power,tabindex:4)
2024-07-14 16:56:58,378 [INFO] PluginManage:310 - Check plugin projectmanager
2024-07-14 16:56:58,391 [INFO] PluginManage:359 - Loaded plugin projectmanager (category:projectmanager,tabindex:3)
2024-07-14 16:56:58,391 [INFO] PluginManage:310 - Check plugin thirdparty
2024-07-14 16:56:58,474 [INFO] PluginManage:359 - Loaded plugin thirdparty (category:base,tabindex:-1)
2024-07-14 16:56:58,474 [INFO] PluginManage:310 - Check plugin tools
2024-07-14 16:56:58,474 [WARN] IntegrityCheckThread:84 - waiting for thirdparty lock release [integrity check]
2024-07-14 16:56:58,474 [INFO] IntegrityCheckThread:86 - entering critical section [integrity check]
2024-07-14 16:56:58,474 [INFO] ThirdPartyUpdaterWithRetryManager:70 - Updater plugin not ready yet. [1/15]
2024-07-14 16:56:58,476 [INFO] PluginManage:359 - Loaded plugin tools (category:base,tabindex:7)
2024-07-14 16:56:58,476 [INFO] PluginManage:310 - Check plugin tutovideos
2024-07-14 16:56:58,575 [INFO] PluginManage:359 - Loaded plugin tutovideos (category:base,tabindex:-1)
2024-07-14 16:56:58,575 [INFO] PluginManage:310 - Check plugin updater
2024-07-14 16:56:58,581 [INFO] PluginManage:359 - Loaded plugin updater (category:base,tabindex:12)
2024-07-14 16:56:58,582 [INFO] PluginManage:310 - Check plugin userauth
2024-07-14 16:56:58,585 [INFO] UserAuth:114 - Init User Auth plugin
2024-07-14 16:56:58,585 [INFO] PluginManage:359 - Loaded plugin userauth (category:base,tabindex:14)
2024-07-14 16:56:58,585 [INFO] PluginManage:283 - PluginManage : Loaded plugins [17]
2024-07-14 16:56:58,731 [INFO] PinOutPanel:1499 - setPackage(No Configuration,No Configuration)
2024-07-14 16:56:58,787 [INFO] CADModel:165 - CPN selected for project level
2024-07-14 16:56:58,787 [INFO] CADModel:114 - Register for checkConnection events
2024-07-14 16:56:58,799 [INFO] IPUIPlugin:80 - create IPUIPlugin
2024-07-14 16:56:58,799 [INFO] PluginManager:220 - loadIPPluginJar : add adc
2024-07-14 16:56:58,801 [INFO] IPUIPlugin:80 - create IPUIPlugin
2024-07-14 16:56:58,801 [INFO] PluginManager:220 - loadIPPluginJar : add aes
2024-07-14 16:56:58,803 [INFO] IPUIPlugin:80 - create IPUIPlugin
2024-07-14 16:56:58,804 [INFO] PluginManager:220 - loadIPPluginJar : add can
2024-07-14 16:56:58,805 [INFO] IPUIPlugin:80 - create IPUIPlugin
2024-07-14 16:56:58,805 [INFO] PluginManager:220 - loadIPPluginJar : add comp
2024-07-14 16:56:58,807 [INFO] IPUIPlugin:80 - create IPUIPlugin
2024-07-14 16:56:58,807 [INFO] PluginManager:220 - loadIPPluginJar : add cryp
2024-07-14 16:56:58,808 [INFO] IPUIPlugin:80 - create IPUIPlugin
2024-07-14 16:56:58,808 [INFO] PluginManager:220 - loadIPPluginJar : add dfsdm
2024-07-14 16:56:58,812 [INFO] IPUIPlugin:80 - create IPUIPlugin
2024-07-14 16:56:58,812 [INFO] PluginManager:220 - loadIPPluginJar : add dma
2024-07-14 16:56:58,814 [INFO] IPUIPlugin:80 - create IPUIPlugin
2024-07-14 16:56:58,814 [INFO] PluginManager:220 - loadIPPluginJar : add dma3
2024-07-14 16:56:58,815 [INFO] IPUIPlugin:80 - create IPUIPlugin
2024-07-14 16:56:58,816 [INFO] PluginManager:220 - loadIPPluginJar : add fatfs
2024-07-14 16:56:58,819 [INFO] IPUIPlugin:80 - create IPUIPlugin
2024-07-14 16:56:58,819 [INFO] PluginManager:220 - loadIPPluginJar : add fmc
2024-07-14 16:56:58,822 [INFO] IPUIPlugin:80 - create IPUIPlugin
2024-07-14 16:56:58,822 [INFO] PluginManager:220 - loadIPPluginJar : add freertos
2024-07-14 16:56:58,823 [INFO] IPUIPlugin:80 - create IPUIPlugin
2024-07-14 16:56:58,823 [INFO] PluginManager:220 - loadIPPluginJar : add genericplugin
2024-07-14 16:56:58,825 [INFO] IPUIPlugin:80 - create IPUIPlugin
2024-07-14 16:56:58,825 [INFO] PluginManager:220 - loadIPPluginJar : add gfxmmu
2024-07-14 16:56:58,828 [INFO] IPUIPlugin:80 - create IPUIPlugin
2024-07-14 16:56:58,828 [INFO] PluginManager:220 - loadIPPluginJar : add gic
2024-07-14 16:56:58,831 [INFO] IPUIPlugin:80 - create IPUIPlugin
2024-07-14 16:56:58,831 [INFO] PluginManager:220 - loadIPPluginJar : add gpio
2024-07-14 16:56:58,833 [INFO] IPUIPlugin:80 - create IPUIPlugin
2024-07-14 16:56:58,833 [INFO] PluginManager:220 - loadIPPluginJar : add gtzc
2024-07-14 16:56:58,835 [INFO] IPUIPlugin:80 - create IPUIPlugin
2024-07-14 16:56:58,835 [INFO] PluginManager:220 - loadIPPluginJar : add hash
2024-07-14 16:56:58,837 [INFO] IPUIPlugin:80 - create IPUIPlugin
2024-07-14 16:56:58,837 [INFO] PluginManager:220 - loadIPPluginJar : add i2c
2024-07-14 16:56:58,839 [INFO] IPUIPlugin:80 - create IPUIPlugin
2024-07-14 16:56:58,839 [INFO] PluginManager:220 - loadIPPluginJar : add i2s
2024-07-14 16:56:58,841 [INFO] IPUIPlugin:80 - create IPUIPlugin
2024-07-14 16:56:58,841 [INFO] PluginManager:220 - loadIPPluginJar : add i3c
2024-07-14 16:56:58,843 [INFO] IPUIPlugin:80 - create IPUIPlugin
2024-07-14 16:56:58,843 [INFO] PluginManager:220 - loadIPPluginJar : add ipddr
2024-07-14 16:56:58,847 [INFO] IPUIPlugin:80 - create IPUIPlugin
2024-07-14 16:56:58,847 [INFO] PluginManager:220 - loadIPPluginJar : add linkedlist
2024-07-14 16:56:58,849 [INFO] IPUIPlugin:80 - create IPUIPlugin
2024-07-14 16:56:58,849 [INFO] PluginManager:220 - loadIPPluginJar : add lorawan
2024-07-14 16:56:58,850 [INFO] IPUIPlugin:80 - create IPUIPlugin
2024-07-14 16:56:58,850 [INFO] PluginManager:220 - loadIPPluginJar : add ltdc
2024-07-14 16:56:58,854 [INFO] IPUIPlugin:80 - create IPUIPlugin
2024-07-14 16:56:58,854 [INFO] PluginManager:220 - loadIPPluginJar : add mdma
2024-07-14 16:56:58,856 [INFO] IPUIPlugin:80 - create IPUIPlugin
2024-07-14 16:56:58,856 [INFO] PluginManager:220 - loadIPPluginJar : add nvic
2024-07-14 16:56:58,858 [INFO] IPUIPlugin:80 - create IPUIPlugin
2024-07-14 16:56:58,859 [INFO] PluginManager:220 - loadIPPluginJar : add opamp
2024-07-14 16:56:58,861 [INFO] IPUIPlugin:80 - create IPUIPlugin
2024-07-14 16:56:58,861 [INFO] PluginManager:220 - loadIPPluginJar : add openamp
2024-07-14 16:56:58,863 [INFO] IPUIPlugin:80 - create IPUIPlugin
2024-07-14 16:56:58,863 [INFO] PluginManager:220 - loadIPPluginJar : add pdm2pcm
2024-07-14 16:56:58,867 [INFO] IPUIPlugin:80 - create IPUIPlugin
2024-07-14 16:56:58,869 [INFO] PluginManager:220 - loadIPPluginJar : add plateformsettings
2024-07-14 16:56:58,870 [INFO] IPUIPlugin:80 - create IPUIPlugin
2024-07-14 16:56:58,870 [INFO] PluginManager:220 - loadIPPluginJar : add quadspi
2024-07-14 16:56:58,872 [INFO] IPUIPlugin:80 - create IPUIPlugin
2024-07-14 16:56:58,872 [INFO] PluginManager:220 - loadIPPluginJar : add resmgrutility
2024-07-14 16:56:58,874 [INFO] IPUIPlugin:80 - create IPUIPlugin
2024-07-14 16:56:58,874 [INFO] PluginManager:220 - loadIPPluginJar : add sai
2024-07-14 16:56:58,876 [INFO] IPUIPlugin:80 - create IPUIPlugin
2024-07-14 16:56:58,876 [INFO] PluginManager:220 - loadIPPluginJar : add spi
2024-07-14 16:56:58,879 [INFO] IPUIPlugin:80 - create IPUIPlugin
2024-07-14 16:56:58,880 [INFO] PluginManager:220 - loadIPPluginJar : add stm32_wpan
2024-07-14 16:56:58,880 [INFO] IPUIPlugin:80 - create IPUIPlugin
2024-07-14 16:56:58,880 [INFO] PluginManager:220 - loadIPPluginJar : add tim
2024-07-14 16:56:58,882 [INFO] IPUIPlugin:80 - create IPUIPlugin
2024-07-14 16:56:58,882 [INFO] PluginManager:220 - loadIPPluginJar : add touchsensing
2024-07-14 16:56:58,884 [INFO] IPUIPlugin:80 - create IPUIPlugin
2024-07-14 16:56:58,884 [INFO] PluginManager:220 - loadIPPluginJar : add tracer_emb
2024-07-14 16:56:58,885 [INFO] IPUIPlugin:80 - create IPUIPlugin
2024-07-14 16:56:58,886 [INFO] PluginManager:220 - loadIPPluginJar : add ts
2024-07-14 16:56:58,887 [INFO] IPUIPlugin:80 - create IPUIPlugin
2024-07-14 16:56:58,887 [INFO] PluginManager:220 - loadIPPluginJar : add tsc
2024-07-14 16:56:58,888 [INFO] IPUIPlugin:80 - create IPUIPlugin
2024-07-14 16:56:58,889 [INFO] PluginManager:220 - loadIPPluginJar : add ucpd
2024-07-14 16:56:58,890 [INFO] IPUIPlugin:80 - create IPUIPlugin
2024-07-14 16:56:58,890 [INFO] PluginManager:220 - loadIPPluginJar : add usart
2024-07-14 16:56:58,893 [INFO] IPUIPlugin:80 - create IPUIPlugin
2024-07-14 16:56:58,893 [INFO] PluginManager:220 - loadIPPluginJar : add usbx
2024-07-14 16:56:59,005 [INFO] CADModel:165 - CPN selected for project level
2024-07-14 16:56:59,005 [INFO] CADModel:114 - Register for checkConnection events
2024-07-14 16:56:59,005 [FATAL] Updater:308 - Updater called before beeing initialized
2024-07-14 16:56:59,005 [ERROR] CADModel:125 - Updater not yet initialized, retry later 
2024-07-14 16:56:59,087 [INFO] CADModel:165 - CPN selected for project level
2024-07-14 16:56:59,087 [INFO] CADModel:114 - Register for checkConnection events
2024-07-14 16:56:59,087 [FATAL] Updater:308 - Updater called before beeing initialized
2024-07-14 16:56:59,087 [ERROR] CADModel:125 - Updater not yet initialized, retry later 
2024-07-14 16:56:59,089 [FATAL] Updater:308 - Updater called before beeing initialized
2024-07-14 16:56:59,186 [FATAL] Updater:308 - Updater called before beeing initialized
2024-07-14 16:56:59,188 [INFO] DbMcusAds:53 - JSON generation date=Thu Sep 30 14:55:09 CST 2021 (1632984909247)
2024-07-14 16:56:59,188 [FATAL] Updater:308 - Updater called before beeing initialized
2024-07-14 16:56:59,216 [WARN] DetailPanel:346 - Failed to get advertising image, set to default
2024-07-14 16:56:59,280 [FATAL] Updater:308 - Updater called before beeing initialized
2024-07-14 16:56:59,281 [FATAL] Updater:308 - Updater called before beeing initialized
2024-07-14 16:56:59,281 [FATAL] Updater:308 - Updater called before beeing initialized
2024-07-14 16:56:59,281 [WARN] DetailPanel:346 - Failed to get advertising image, set to default
2024-07-14 16:56:59,282 [FATAL] Updater:308 - Updater called before beeing initialized
2024-07-14 16:56:59,310 [ERROR] Updater:1120 - MainUpdater not yet initialized. External WinMGr cannot be set.
2024-07-14 16:56:59,314 [INFO] Updater:1056 - Updater Version found : 6.10.0
2024-07-14 16:56:59,326 [INFO] ApplicationProperties:184 - Using Application install path: C:\my_workspace\my_software\stm32cubeide\STM32CubeIDE_1.14.1\STM32CubeIDE\plugins\com.st.stm32cube.common.mx_6.10.0.202311202037
2024-07-14 16:57:00,899 [ERROR] LogOutputStream:75 - [STDERR_REDIRECT] Jul 14, 2024 4:57:00 PM java.util.prefs.WindowsPreferences <init>
2024-07-14 16:57:00,900 [ERROR] LogOutputStream:75 - [STDERR_REDIRECT] WARNING: Could not open/create prefs root node Software\JavaSoft\Prefs at root 0xffffffff80000002. Windows RegCreateKeyEx(...) returned error code 5.
2024-07-14 16:57:00,900 [ERROR] LogOutputStream:75 - [STDERR_REDIRECT] 
2024-07-14 16:57:01,168 [INFO] MainUpdater:2873 - connection check result : 10
2024-07-14 16:57:01,168 [INFO] MainUpdater:290 - Updater Check For Update Now.
2024-07-14 16:57:01,169 [INFO] MicroXplorer:498 - Change Database Version : DB.6.0.100
2024-07-14 16:57:01,173 [INFO] McuFinderGlobals:63 - Set McuFinder mode to 2 (CubeIDE integrated)
2024-07-14 16:57:01,173 [INFO] UserAuth:180 - activating auth plugin
2024-07-14 16:57:01,175 [INFO] UserAuth:404 - Internet connection configuration mode: 1
2024-07-14 16:57:01,187 [INFO] JxBrowserEngine:152 - Initiate JxBrowser Engine with user profile folder
2024-07-14 16:57:01,324 [INFO] CheckServerUpdateThread:120 - End of CheckServer Thread
2024-07-14 16:57:01,744 [INFO] WebApp:161 - Instantiating new browser for Auth
2024-07-14 16:57:01,830 [WARN] PackLoader:240 - Cannot read IP mode file for STMicroelectronics.FP-SNS-MOTENVWB1.1.4.0
2024-07-14 16:57:01,838 [WARN] PackLoader:240 - Cannot read IP mode file for STMicroelectronics.X-CUBE-SMBUS.2.1.0
2024-07-14 16:57:01,843 [WARN] PackLoader:240 - Cannot read IP mode file for STMicroelectronics.X-CUBE-TOUCHGFX.4.23.1
2024-07-14 16:57:01,845 [WARN] PackLoader:240 - Cannot read IP mode file for STMicroelectronics.X-CUBE-TOUCHGFX.4.23.0
2024-07-14 16:57:01,848 [WARN] PackLoader:240 - Cannot read IP mode file for STMicroelectronics.X-CUBE-TOUCHGFX.4.23.2
2024-07-14 16:57:01,881 [WARN] PackLoader:240 - Cannot read IP mode file for STMicroelectronics.X-CUBE-AZRTOS-F7.1.1.0
2024-07-14 16:57:01,890 [WARN] PackLoader:240 - Cannot read IP mode file for STMicroelectronics.FP-SNS-MOTENV1.4.3.2
2024-07-14 16:57:01,896 [WARN] PackLoader:240 - Cannot read IP mode file for STMicroelectronics.FP-SNS-FLIGHT1.5.0.2
2024-07-14 16:57:01,902 [WARN] PackLoader:240 - Cannot read IP mode file for STMicroelectronics.X-CUBE-DISPLAY.3.0.0
2024-07-14 16:57:01,912 [WARN] PackLoader:240 - Cannot read IP mode file for STMicroelectronics.X-CUBE-BLE1.7.0.0
2024-07-14 16:57:01,919 [WARN] PackLoader:240 - Cannot read IP mode file for emotas.I-CUBE-CANOPEN.1.3.0
2024-07-14 16:57:01,925 [WARN] PackLoader:240 - Cannot read IP mode file for STMicroelectronics.FP-SNS-SMARTAG2.1.2.0
2024-07-14 16:57:01,933 [INFO] LogOutputStream:77 - [STDOUT_REDIRECT] 1 : Invalid condition id : UX_CORESTACK_Condition cause : null
2024-07-14 16:57:01,934 [INFO] LogOutputStream:77 - [STDOUT_REDIRECT] 1 : Invalid condition id : UX_CORESTACK_Condition cause : null
2024-07-14 16:57:01,934 [INFO] LogOutputStream:77 - [STDOUT_REDIRECT] 1 : Invalid condition id : UX_CORESTACK_Condition cause : null
2024-07-14 16:57:01,935 [INFO] LogOutputStream:77 - [STDOUT_REDIRECT] 1 : Invalid condition id : UX_CORESTACK_Condition cause : null
2024-07-14 16:57:01,935 [INFO] LogOutputStream:77 - [STDOUT_REDIRECT] 1 : Invalid condition id : UX_CORESTACK_Condition cause : null
2024-07-14 16:57:01,937 [WARN] PackLoader:240 - Cannot read IP mode file for STMicroelectronics.X-CUBE-AZRTOS-WL.2.0.0
2024-07-14 16:57:01,941 [WARN] PackLoader:240 - Cannot read IP mode file for STMicroelectronics.FP-SNS-MOTENV1.5.0.0
2024-07-14 16:57:01,989 [WARN] PackLoader:240 - Cannot read IP mode file for wolfSSL.I-CUBE-wolfMQTT.1.19.0
2024-07-14 16:57:01,995 [WARN] PackLoader:240 - Cannot read IP mode file for STMicroelectronics.X-CUBE-BLE2.3.3.0
2024-07-14 16:57:02,000 [WARN] PackLoader:240 - Cannot read IP mode file for STMicroelectronics.X-CUBE-TCPP.4.1.0
2024-07-14 16:57:02,009 [WARN] PackLoader:240 - Cannot read IP mode file for STMicroelectronics.X-CUBE-ALGOBUILD.1.3.0
2024-07-14 16:57:02,021 [WARN] PackLoader:240 - Cannot read IP mode file for STMicroelectronics.X-CUBE-AZRTOS-G0.1.1.0
2024-07-14 16:57:02,029 [WARN] PackLoader:240 - Cannot read IP mode file for STMicroelectronics.X-CUBE-SAFEA1.1.2.2
2024-07-14 16:57:02,035 [WARN] PackLoader:240 - Cannot read IP mode file for STMicroelectronics.X-CUBE-NFC4.3.0.0
2024-07-14 16:57:02,045 [WARN] PackLoader:240 - Cannot read IP mode file for EmbeddedOffice.I-CUBE-FS-RTOS.1.0.1
2024-07-14 16:57:02,045 [ERROR] ConditionMgr:805 - Attr not supported : Dmpu
2024-07-14 16:57:02,045 [ERROR] ConditionMgr:805 - Attr not supported : Dmpu
2024-07-14 16:57:02,045 [ERROR] ConditionMgr:805 - Attr not supported : Dmpu
2024-07-14 16:57:02,045 [ERROR] ConditionMgr:805 - Attr not supported : Dmpu
2024-07-14 16:57:02,045 [ERROR] ConditionMgr:805 - Attr not supported : Dmpu
2024-07-14 16:57:02,045 [ERROR] ConditionMgr:805 - Attr not supported : Dmpu
2024-07-14 16:57:02,045 [ERROR] ConditionMgr:805 - Attr not supported : Dmpu
2024-07-14 16:57:02,046 [ERROR] ConditionMgr:805 - Attr not supported : Dmpu
2024-07-14 16:57:02,046 [ERROR] ConditionMgr:805 - Attr not supported : Dmpu
2024-07-14 16:57:02,046 [ERROR] ConditionMgr:805 - Attr not supported : Dmpu
2024-07-14 16:57:02,046 [ERROR] ConditionMgr:805 - Attr not supported : Dmpu
2024-07-14 16:57:02,046 [ERROR] ConditionMgr:805 - Attr not supported : Dmpu
2024-07-14 16:57:02,046 [ERROR] ConditionMgr:805 - Attr not supported : Dmpu
2024-07-14 16:57:02,046 [ERROR] ConditionMgr:805 - Attr not supported : Dmpu
2024-07-14 16:57:02,046 [ERROR] ConditionMgr:805 - Attr not supported : Dmpu
2024-07-14 16:57:02,046 [ERROR] ConditionMgr:805 - Attr not supported : Dmpu
2024-07-14 16:57:02,046 [ERROR] ConditionMgr:805 - Attr not supported : Dmpu
2024-07-14 16:57:02,046 [ERROR] ConditionMgr:805 - Attr not supported : Dmpu
2024-07-14 16:57:02,046 [ERROR] ConditionMgr:805 - Attr not supported : Dmpu
2024-07-14 16:57:02,046 [ERROR] ConditionMgr:805 - Attr not supported : Dmpu
2024-07-14 16:57:02,046 [ERROR] ConditionMgr:805 - Attr not supported : Dmpu
2024-07-14 16:57:02,046 [ERROR] ConditionMgr:805 - Attr not supported : Dmpu
2024-07-14 16:57:02,046 [ERROR] ConditionMgr:805 - Attr not supported : Dmpu
2024-07-14 16:57:02,046 [ERROR] ConditionMgr:805 - Attr not supported : Dmpu
2024-07-14 16:57:02,046 [ERROR] ConditionMgr:805 - Attr not supported : Dmpu
2024-07-14 16:57:02,047 [ERROR] ConditionMgr:805 - Attr not supported : Dmpu
2024-07-14 16:57:02,047 [ERROR] ConditionMgr:805 - Attr not supported : Dmpu
2024-07-14 16:57:02,047 [ERROR] ConditionMgr:805 - Attr not supported : Dmpu
2024-07-14 16:57:02,047 [ERROR] ConditionMgr:805 - Attr not supported : Dmpu
2024-07-14 16:57:02,047 [ERROR] ConditionMgr:805 - Attr not supported : Dmpu
2024-07-14 16:57:02,047 [ERROR] ConditionMgr:805 - Attr not supported : Dmpu
2024-07-14 16:57:02,047 [ERROR] ConditionMgr:805 - Attr not supported : Dmpu
2024-07-14 16:57:02,047 [ERROR] ConditionMgr:805 - Attr not supported : Dmpu
2024-07-14 16:57:02,047 [ERROR] ConditionMgr:805 - Attr not supported : Dmpu
2024-07-14 16:57:02,047 [ERROR] ConditionMgr:805 - Attr not supported : Dmpu
2024-07-14 16:57:02,047 [ERROR] ConditionMgr:805 - Attr not supported : Dmpu
2024-07-14 16:57:02,047 [ERROR] ConditionMgr:805 - Attr not supported : Dmpu
2024-07-14 16:57:02,047 [ERROR] ConditionMgr:805 - Attr not supported : Dmpu
2024-07-14 16:57:02,047 [ERROR] ConditionMgr:805 - Attr not supported : Dmpu
2024-07-14 16:57:02,047 [ERROR] ConditionMgr:805 - Attr not supported : Dmpu
2024-07-14 16:57:02,047 [ERROR] ConditionMgr:805 - Attr not supported : Dmpu
2024-07-14 16:57:02,047 [ERROR] ConditionMgr:805 - Attr not supported : Dmpu
2024-07-14 16:57:02,047 [ERROR] ConditionMgr:805 - Attr not supported : Dmpu
2024-07-14 16:57:02,047 [ERROR] ConditionMgr:805 - Attr not supported : Dmpu
2024-07-14 16:57:02,047 [ERROR] ConditionMgr:805 - Attr not supported : Dmpu
2024-07-14 16:57:02,047 [ERROR] ConditionMgr:805 - Attr not supported : Dmpu
2024-07-14 16:57:02,047 [ERROR] ConditionMgr:805 - Attr not supported : Dmpu
2024-07-14 16:57:02,047 [ERROR] ConditionMgr:805 - Attr not supported : Dmpu
2024-07-14 16:57:02,047 [ERROR] ConditionMgr:805 - Attr not supported : Dmpu
2024-07-14 16:57:02,047 [ERROR] ConditionMgr:805 - Attr not supported : Dmpu
2024-07-14 16:57:02,047 [ERROR] ConditionMgr:805 - Attr not supported : Dmpu
2024-07-14 16:57:02,047 [ERROR] ConditionMgr:805 - Attr not supported : Dmpu
2024-07-14 16:57:02,047 [ERROR] ConditionMgr:805 - Attr not supported : Dmpu
2024-07-14 16:57:02,047 [ERROR] ConditionMgr:805 - Attr not supported : Dmpu
2024-07-14 16:57:02,047 [ERROR] ConditionMgr:805 - Attr not supported : Dmpu
2024-07-14 16:57:02,047 [ERROR] ConditionMgr:805 - Attr not supported : Dmpu
2024-07-14 16:57:02,047 [ERROR] ConditionMgr:805 - Attr not supported : Dmpu
2024-07-14 16:57:02,047 [ERROR] ConditionMgr:805 - Attr not supported : Dmpu
2024-07-14 16:57:02,047 [ERROR] ConditionMgr:805 - Attr not supported : Dmpu
2024-07-14 16:57:02,047 [ERROR] ConditionMgr:805 - Attr not supported : Dmpu
2024-07-14 16:57:02,047 [ERROR] ConditionMgr:805 - Attr not supported : Dmpu
2024-07-14 16:57:02,047 [ERROR] ConditionMgr:805 - Attr not supported : Dmpu
2024-07-14 16:57:02,047 [ERROR] ConditionMgr:805 - Attr not supported : Dmpu
2024-07-14 16:57:02,047 [ERROR] ConditionMgr:805 - Attr not supported : Dmpu
2024-07-14 16:57:02,054 [WARN] PackLoader:240 - Cannot read IP mode file for RealThread.X-CUBE-RT-Thread_Nano.4.1.1
2024-07-14 16:57:02,059 [WARN] PackLoader:240 - Cannot read IP mode file for STMicroelectronics.FP-ATR-SIGFOX1.3.2.0
2024-07-14 16:57:02,084 [WARN] PackLoader:240 - Cannot read IP mode file for SEGGER.I-CUBE-embOS.1.3.1
2024-07-14 16:57:02,128 [WARN] PackLoader:240 - Cannot read IP mode file for STMicroelectronics.X-CUBE-ALGOBUILD.1.4.0
2024-07-14 16:57:02,137 [WARN] PackLoader:240 - Cannot read IP mode file for STMicroelectronics.X-CUBE-GNSS1.6.0.0
2024-07-14 16:57:02,187 [WARN] PackLoader:240 - Cannot read IP mode file for STMicroelectronics.X-CUBE-AZRTOS-F4.1.1.0
2024-07-14 16:57:02,199 [WARN] PackLoader:240 - Cannot read IP mode file for STMicroelectronics.X-CUBE-FREERTOS.1.2.0
2024-07-14 16:57:02,222 [WARN] PackLoader:240 - Cannot read IP mode file for STMicroelectronics.X-CUBE-AZRTOS-L5.2.0.0
2024-07-14 16:57:02,234 [WARN] PackLoader:240 - Cannot read IP mode file for STMicroelectronics.X-CUBE-NFC6.3.1.0
2024-07-14 16:57:02,245 [WARN] PackLoader:240 - Cannot read IP mode file for ITTIA_DB.I-CUBE-ITTIADB.8.8.0
2024-07-14 16:57:02,252 [WARN] PackLoader:240 - Cannot read IP mode file for STMicroelectronics.X-CUBE-DPower.1.2.0
2024-07-14 16:57:02,259 [WARN] PackLoader:240 - Cannot read IP mode file for STMicroelectronics.X-CUBE-AI.9.0.0
2024-07-14 16:57:02,265 [WARN] PackLoader:240 - Cannot read IP mode file for STMicroelectronics.X-CUBE-NFC7.1.0.1
2024-07-14 16:57:02,272 [WARN] PackLoader:240 - Cannot read IP mode file for wolfSSL.I-CUBE-wolfTPM.3.2.0
2024-07-14 16:57:02,278 [WARN] PackLoader:240 - Cannot read IP mode file for STMicroelectronics.X-CUBE-NFC6.3.0.0
2024-07-14 16:57:02,283 [WARN] PackLoader:240 - Cannot read IP mode file for STMicroelectronics.X-CUBE-AI.8.1.0
2024-07-14 16:57:02,321 [WARN] ConditionMgr:438 - getConditionDescription Invalid condition id : LAN8742 Phy interface Condition cause : null
2024-07-14 16:57:02,322 [WARN] PackLoader:240 - Cannot read IP mode file for STMicroelectronics.X-CUBE-AZRTOS-L4.2.0.0
2024-07-14 16:57:02,323 [WARN] ConditionMgr:1039 - genDependencies : Invalid condition id : LAN8742 Phy interface Condition cause : null
2024-07-14 16:57:02,324 [WARN] ConditionMgr:1039 - genDependencies : Invalid condition id : LAN8742 Phy interface Condition cause : null
2024-07-14 16:57:02,324 [WARN] ConditionMgr:1039 - genDependencies : Invalid condition id : LAN8742 Phy interface Condition cause : null
2024-07-14 16:57:02,333 [WARN] PackLoader:240 - Cannot read IP mode file for STMicroelectronics.X-CUBE-SFXS2LP1.4.0.0
2024-07-14 16:57:02,348 [WARN] ConditionMgr:438 - getConditionDescription Invalid condition id : UX DEVICE CLASS RTOS Condition cause : null
2024-07-14 16:57:02,349 [WARN] ConditionMgr:438 - getConditionDescription Invalid condition id : UX DEVICE CLASS RTOS Condition cause : null
2024-07-14 16:57:02,350 [WARN] PackLoader:240 - Cannot read IP mode file for STMicroelectronics.X-CUBE-AZRTOS-WB.2.0.0
2024-07-14 16:57:02,351 [WARN] ConditionMgr:1039 - genDependencies : Invalid condition id : UX DEVICE CLASS RTOS Condition cause : null
2024-07-14 16:57:02,351 [WARN] ConditionMgr:1039 - genDependencies : Invalid condition id : UX DEVICE CLASS RTOS Condition cause : null
2024-07-14 16:57:02,351 [WARN] ConditionMgr:1039 - genDependencies : Invalid condition id : UX DEVICE CLASS RTOS Condition cause : null
2024-07-14 16:57:02,351 [WARN] ConditionMgr:1039 - genDependencies : Invalid condition id : UX DEVICE CLASS RTOS Condition cause : null
2024-07-14 16:57:02,351 [WARN] ConditionMgr:1039 - genDependencies : Invalid condition id : UX DEVICE CLASS RTOS Condition cause : null
2024-07-14 16:57:02,363 [WARN] PackLoader:240 - Cannot read IP mode file for STMicroelectronics.X-CUBE-SUBG2.5.0.0
2024-07-14 16:57:02,379 [WARN] PackLoader:240 - Cannot read IP mode file for Cesanta.I-CUBE-Mongoose.7.13.0
2024-07-14 16:57:02,393 [WARN] PackLoader:240 - Cannot read IP mode file for STMicroelectronics.X-CUBE-AZRTOS-G4.2.0.0
2024-07-14 16:57:02,402 [INFO] WebApp:780 - Register for checkConnection events
2024-07-14 16:57:02,402 [INFO] WebApp:414 - Apply proxy settings
2024-07-14 16:57:02,402 [INFO] WebApp:499 - Chromium requires no authentication
2024-07-14 16:57:02,408 [WARN] PackLoader:240 - Cannot read IP mode file for Infineon.AIROC-Wi-Fi-Bluetooth-STM32.1.5.1
2024-07-14 16:57:02,412 [INFO] WebApp:442 - Direct internet connection detected
2024-07-14 16:57:02,416 [WARN] PackLoader:240 - Cannot read IP mode file for STMicroelectronics.FP-SNS-MOTENVWB1.1.3.1
2024-07-14 16:57:02,423 [WARN] PackLoader:240 - Cannot read IP mode file for STMicroelectronics.X-CUBE-ALS.1.0.2
2024-07-14 16:57:02,455 [WARN] PackLoader:240 - Cannot read IP mode file for STMicroelectronics.X-CUBE-MEMS1.10.0.0
2024-07-14 16:57:02,557 [WARN] PackLoader:240 - Cannot read IP mode file for STMicroelectronics.X-CUBE-FREERTOS.1.1.0
2024-07-14 16:57:02,561 [WARN] PackLoader:240 - Cannot read IP mode file for STMicroelectronics.X-CUBE-TOUCHGFX.4.24.0
2024-07-14 16:57:02,569 [WARN] PackLoader:240 - Cannot read IP mode file for portGmbH.I-Cube-SoM-uGOAL.1.1.0
2024-07-14 16:57:02,573 [WARN] PackLoader:240 - Cannot read IP mode file for STMicroelectronics.X-CUBE-ALS.1.0.1
2024-07-14 16:57:02,589 [WARN] PackLoader:240 - Cannot read IP mode file for STMicroelectronics.X-CUBE-AZRTOS-H7RS.1.0.0
2024-07-14 16:57:02,597 [WARN] PackLoader:240 - Cannot read IP mode file for STMicroelectronics.FP-ATR-ASTRA1.2.0.0
2024-07-14 16:57:02,602 [WARN] PackLoader:240 - Cannot read IP mode file for wolfSSL.I-CUBE-wolfSSH.1.4.17
2024-07-14 16:57:02,603 [INFO] ThirdParty:978 - Integrity check success = true
2024-07-14 16:57:02,603 [INFO] IntegrityCheckThread:100 - exiting critical section [integrity check]
2024-07-14 16:57:02,603 [INFO] IntegrityCheckThread:103 - End integrity checks thread
2024-07-14 16:57:02,660 [INFO] WebApp:192 - Starting web application
2024-07-14 16:57:02,661 [INFO] WebApp:544 - Web application path used C:\my_workspace\my_software\stm32cubeide\STM32CubeIDE_1.14.1\STM32CubeIDE\plugins\com.st.stm32cube.common.mx_6.10.0.202311202037\db\plugins\mcufinder\reactClient1\index.html
2024-07-14 16:57:23,191 [ERROR] LogOutputStream:75 - [STDERR_REDIRECT] SLF4J: Failed to load class "org.slf4j.impl.StaticLoggerBinder".
2024-07-14 16:57:23,192 [ERROR] LogOutputStream:75 - [STDERR_REDIRECT] SLF4J: Defaulting to no-operation (NOP) logger implementation
2024-07-14 16:57:23,193 [ERROR] LogOutputStream:75 - [STDERR_REDIRECT] SLF4J: See http://www.slf4j.org/codes.html#StaticLoggerBinder for further details.
2024-07-14 23:41:29,965 [ERROR] ConfigurationRetriever:142 - IOException on connection: sw-center.st.com
2024-07-14 23:41:29,966 [ERROR] ConfigurationRetriever:142 - IOException on connection: sw-center.st.com
2024-07-14 23:41:29,966 [ERROR] ConfigurationRetriever:142 - IOException on connection: sw-center.st.com
2024-07-14 23:41:30,476 [ERROR] LogOutputStream:75 - [STDERR_REDIRECT] 
