2024-04-21 15:59:11,742 [INFO] Activator:176 - 


2024-04-21 15:59:11,743 [INFO] Activator:177 - !SESSION log4j initialized
2024-04-21 15:59:13,088 [INFO] LogOutputStream:77 - [STDOUT_REDIRECT] 
2024-04-21 15:59:17,934 [ERROR] ConfigurationRetriever:142 - IOException on connection: sw-center.st.com
2024-04-21 15:59:17,935 [ERROR] ConfigurationRetriever:142 - IOException on connection: sw-center.st.com
2024-04-21 15:59:17,936 [ERROR] ConfigurationRetriever:142 - IOException on connection: sw-center.st.com
2024-04-21 15:59:18,961 [INFO] ApplicationProperties:184 - Using Application install path: C:\my_workspace\my_software\stm32cubeide\STM32CubeIDE_1.14.1\STM32CubeIDE\plugins\com.st.stm32cube.common.mx_6.10.0.202311202037
2024-04-21 15:59:18,977 [INFO] DbMcusXml:78 - Set database path to: C:\my_workspace\my_software\stm32cubeide\STM32CubeIDE_1.14.1\STM32CubeIDE\plugins\com.st.stm32cube.common.mx_6.10.0.202311202037\\db\/mcu/
2024-04-21 15:59:18,977 [INFO] ApiDb:274 - Set plugin database path to: C:\my_workspace\my_software\stm32cubeide\STM32CubeIDE_1.14.1\STM32CubeIDE\plugins\com.st.stm32cube.common.mx_6.10.0.202311202037\\db\/plugins/boardmanager/
2024-04-21 15:59:18,978 [WARN] ApiDb:259 - Overriding images path with different value:  => C:\my_workspace\my_software\stm32cubeide\STM32CubeIDE_1.14.1\STM32CubeIDE\plugins\com.st.stm32cube.common.mx_6.10.0.202311202037\\db\/plugins/mcufinder/images/
2024-04-21 15:59:18,991 [INFO] ApiDb:250 - Set database path to: C:\Users\ECA1WX\.stmcufinder\plugins\mcufinder//mcu/
2024-04-21 15:59:18,992 [INFO] DbMcusAds:125 - Set database path to: C:\Users\ECA1WX\.stmcufinder\plugins\mcufinder//mcu/
2024-04-21 15:59:18,998 [INFO] CrossReferenceDbSqlite:203 - Set database path to: C:\Users\ECA1WX\.stmcufinder\plugins\mcufinder//mcu/cs/
2024-04-21 15:59:19,085 [INFO] RulesReader:64 - Compatibility file has been processed (297 Rules)
2024-04-21 15:59:19,149 [INFO] DbMcusXml:78 - Set database path to: C:\my_workspace\my_software\stm32cubeide\STM32CubeIDE_1.14.1\STM32CubeIDE\plugins\com.st.stm32cube.common.mx_6.10.0.202311202037\\db\/mcu/
2024-04-21 15:59:19,149 [INFO] ApiDb:274 - Set plugin database path to: C:\my_workspace\my_software\stm32cubeide\STM32CubeIDE_1.14.1\STM32CubeIDE\plugins\com.st.stm32cube.common.mx_6.10.0.202311202037\\db\/plugins/boardmanager/
2024-04-21 15:59:19,149 [INFO] ApiDb:261 - Set plugin images path to: C:\my_workspace\my_software\stm32cubeide\STM32CubeIDE_1.14.1\STM32CubeIDE\plugins\com.st.stm32cube.common.mx_6.10.0.202311202037\\db\/plugins/mcufinder/images/
2024-04-21 15:59:19,149 [WARN] DbFile:41 - Overriding database path with different value: C:\Users\ECA1WX\.stmcufinder\plugins\mcufinder/ => C:\Users\ECA1WX\.stmcufinder\plugins\mcufinder
2024-04-21 15:59:19,149 [INFO] ApiDb:250 - Set database path to: C:\Users\ECA1WX\.stmcufinder\plugins\mcufinder//mcu/
2024-04-21 15:59:19,149 [WARN] DbFile:41 - Overriding database path with different value: C:\Users\ECA1WX\.stmcufinder\plugins\mcufinder/ => C:\Users\ECA1WX\.stmcufinder\plugins\mcufinder
2024-04-21 15:59:19,149 [INFO] DbMcusAds:125 - Set database path to: C:\Users\ECA1WX\.stmcufinder\plugins\mcufinder//mcu/
2024-04-21 15:59:19,149 [WARN] DbFile:41 - Overriding database path with different value: C:\Users\ECA1WX\.stmcufinder\plugins\mcufinder/ => C:\Users\ECA1WX\.stmcufinder\plugins\mcufinder
2024-04-21 15:59:19,150 [WARN] DbFile:41 - Overriding database path with different value: C:\Users\ECA1WX\.stmcufinder\plugins\mcufinder/ => C:\Users\ECA1WX\.stmcufinder\plugins\mcufinder
2024-04-21 15:59:19,150 [INFO] CrossReferenceDbSqlite:203 - Set database path to: C:\Users\ECA1WX\.stmcufinder\plugins\mcufinder//mcu/cs/
2024-04-21 15:59:19,204 [INFO] MainPanel:264 - HeapMemory: 268435456
2024-04-21 15:59:19,253 [INFO] DbMcusXml:78 - Set database path to: C:\my_workspace\my_software\stm32cubeide\STM32CubeIDE_1.14.1\STM32CubeIDE\plugins\com.st.stm32cube.common.mx_6.10.0.202311202037\\db\/mcu/
2024-04-21 15:59:19,253 [INFO] ApiDb:274 - Set plugin database path to: C:\my_workspace\my_software\stm32cubeide\STM32CubeIDE_1.14.1\STM32CubeIDE\plugins\com.st.stm32cube.common.mx_6.10.0.202311202037\\db\/plugins/boardmanager/
2024-04-21 15:59:19,254 [INFO] ApiDb:261 - Set plugin images path to: C:\my_workspace\my_software\stm32cubeide\STM32CubeIDE_1.14.1\STM32CubeIDE\plugins\com.st.stm32cube.common.mx_6.10.0.202311202037\\db\/plugins/mcufinder/images/
2024-04-21 15:59:19,254 [WARN] DbFile:41 - Overriding database path with different value: C:\Users\ECA1WX\.stmcufinder\plugins\mcufinder/ => C:\Users\ECA1WX\.stmcufinder\plugins\mcufinder
2024-04-21 15:59:19,254 [INFO] ApiDb:250 - Set database path to: C:\Users\ECA1WX\.stmcufinder\plugins\mcufinder//mcu/
2024-04-21 15:59:19,254 [WARN] DbFile:41 - Overriding database path with different value: C:\Users\ECA1WX\.stmcufinder\plugins\mcufinder/ => C:\Users\ECA1WX\.stmcufinder\plugins\mcufinder
2024-04-21 15:59:19,254 [INFO] DbMcusAds:125 - Set database path to: C:\Users\ECA1WX\.stmcufinder\plugins\mcufinder//mcu/
2024-04-21 15:59:19,254 [WARN] DbFile:41 - Overriding database path with different value: C:\Users\ECA1WX\.stmcufinder\plugins\mcufinder/ => C:\Users\ECA1WX\.stmcufinder\plugins\mcufinder
2024-04-21 15:59:19,254 [WARN] DbFile:41 - Overriding database path with different value: C:\Users\ECA1WX\.stmcufinder\plugins\mcufinder/ => C:\Users\ECA1WX\.stmcufinder\plugins\mcufinder
2024-04-21 15:59:19,255 [INFO] CrossReferenceDbSqlite:203 - Set database path to: C:\Users\ECA1WX\.stmcufinder\plugins\mcufinder//mcu/cs/
2024-04-21 15:59:19,269 [INFO] ApplicationProperties:184 - Using Application install path: C:\my_workspace\my_software\stm32cubeide\STM32CubeIDE_1.14.1\STM32CubeIDE\plugins\com.st.stm32cube.common.mx_6.10.0.202311202037
2024-04-21 15:59:19,270 [INFO] PluginManage:196 - Search for loadable plugins [exclusion list=, ]
2024-04-21 15:59:19,271 [INFO] PluginManage:310 - Check plugin analytics
2024-04-21 15:59:23,940 [INFO] AnalyticsPlugin:253 - Accepted Software Licenses: 
2024-04-21 15:59:23,941 [INFO] AnalyticsPlugin:255 - Accepted CMSIS Pack Licenses: 
2024-04-21 15:59:23,941 [INFO] AnalyticsPlugin:257 - Accepted Firmware Licenses: FW.F7.1.17.0
2024-04-21 15:59:23,943 [INFO] PluginManage:359 - Loaded plugin analytics (category:tool,tabindex:-1)
2024-04-21 15:59:23,943 [INFO] PluginManage:310 - Check plugin cadmodel
2024-04-21 15:59:23,943 [ERROR] ConfigurationRetriever:142 - IOException on connection: sw-center.st.com
2024-04-21 15:59:23,944 [ERROR] ConfigurationRetriever:142 - IOException on connection: sw-center.st.com
2024-04-21 15:59:23,944 [ERROR] ConfigurationRetriever:142 - IOException on connection: sw-center.st.com
2024-04-21 15:59:23,948 [INFO] CADModel:105 - Init CAD model plugin
2024-04-21 15:59:23,948 [INFO] PluginManage:359 - Loaded plugin cadmodel (category:power,tabindex:5)
2024-04-21 15:59:23,949 [INFO] PluginManage:310 - Check plugin clock
2024-04-21 15:59:23,955 [INFO] PluginManage:359 - Loaded plugin clock (category:base,tabindex:2)
2024-04-21 15:59:23,956 [INFO] PluginManage:310 - Check plugin ddr
2024-04-21 15:59:23,958 [INFO] PluginManage:359 - Loaded plugin ddr (category:tool,tabindex:6)
2024-04-21 15:59:23,958 [INFO] PluginManage:310 - Check plugin filemanager
2024-04-21 15:59:24,090 [INFO] PluginManage:359 - Loaded plugin filemanager (category:base,tabindex:10)
2024-04-21 15:59:24,090 [INFO] PluginManage:310 - Check plugin ipmanager
2024-04-21 15:59:24,099 [INFO] PluginManage:359 - Loaded plugin ipmanager (category:base,tabindex:5)
2024-04-21 15:59:24,099 [INFO] PluginManage:310 - Check plugin lpbam
2024-04-21 15:59:24,107 [INFO] PluginManage:359 - Loaded plugin lpbam (category:base,tabindex:0)
2024-04-21 15:59:24,107 [INFO] PluginManage:310 - Check plugin memorymap
2024-04-21 15:59:24,117 [INFO] PluginManage:359 - Loaded plugin memorymap (category:base,tabindex:4)
2024-04-21 15:59:24,117 [INFO] PluginManage:310 - Check plugin pinoutandconfiguration
2024-04-21 15:59:24,123 [INFO] PluginManage:359 - Loaded plugin pinoutandconfiguration (category:base,tabindex:1)
2024-04-21 15:59:24,123 [INFO] PluginManage:310 - Check plugin pinoutconfig
2024-04-21 15:59:24,197 [WARN] SupportedApi:132 - Cannot load RTOS API schema: s4s-elt-must-match.1: The content of 'definitions' must match (annotation?, (simpleType | complexType)?, (unique | key | keyref)*)). A problem was found starting at: attribute.
2024-04-21 15:59:24,342 [INFO] PluginManage:359 - Loaded plugin pinoutconfig (category:base,tabindex:0)
2024-04-21 15:59:24,342 [INFO] PluginManage:310 - Check plugin power
2024-04-21 15:59:24,351 [INFO] PluginManage:359 - Loaded plugin power (category:power,tabindex:4)
2024-04-21 15:59:24,351 [INFO] PluginManage:310 - Check plugin projectmanager
2024-04-21 15:59:24,368 [INFO] PluginManage:359 - Loaded plugin projectmanager (category:projectmanager,tabindex:3)
2024-04-21 15:59:24,368 [INFO] PluginManage:310 - Check plugin thirdparty
2024-04-21 15:59:24,463 [INFO] PluginManage:359 - Loaded plugin thirdparty (category:base,tabindex:-1)
2024-04-21 15:59:24,463 [WARN] IntegrityCheckThread:84 - waiting for thirdparty lock release [integrity check]
2024-04-21 15:59:24,463 [INFO] IntegrityCheckThread:86 - entering critical section [integrity check]
2024-04-21 15:59:24,463 [INFO] PluginManage:310 - Check plugin tools
2024-04-21 15:59:24,464 [INFO] ThirdPartyUpdaterWithRetryManager:70 - Updater plugin not ready yet. [1/15]
2024-04-21 15:59:24,466 [INFO] PluginManage:359 - Loaded plugin tools (category:base,tabindex:7)
2024-04-21 15:59:24,466 [INFO] PluginManage:310 - Check plugin tutovideos
2024-04-21 15:59:24,578 [INFO] PluginManage:359 - Loaded plugin tutovideos (category:base,tabindex:-1)
2024-04-21 15:59:24,578 [INFO] PluginManage:310 - Check plugin updater
2024-04-21 15:59:24,584 [INFO] PluginManage:359 - Loaded plugin updater (category:base,tabindex:12)
2024-04-21 15:59:24,584 [INFO] PluginManage:310 - Check plugin userauth
2024-04-21 15:59:24,588 [INFO] UserAuth:114 - Init User Auth plugin
2024-04-21 15:59:24,588 [INFO] PluginManage:359 - Loaded plugin userauth (category:base,tabindex:14)
2024-04-21 15:59:24,588 [INFO] PluginManage:283 - PluginManage : Loaded plugins [17]
2024-04-21 15:59:24,738 [INFO] PinOutPanel:1499 - setPackage(No Configuration,No Configuration)
2024-04-21 15:59:24,797 [INFO] CADModel:165 - CPN selected for project level
2024-04-21 15:59:24,797 [INFO] CADModel:114 - Register for checkConnection events
2024-04-21 15:59:24,811 [INFO] IPUIPlugin:80 - create IPUIPlugin
2024-04-21 15:59:24,811 [INFO] PluginManager:220 - loadIPPluginJar : add adc
2024-04-21 15:59:24,814 [INFO] IPUIPlugin:80 - create IPUIPlugin
2024-04-21 15:59:24,814 [INFO] PluginManager:220 - loadIPPluginJar : add aes
2024-04-21 15:59:24,817 [INFO] IPUIPlugin:80 - create IPUIPlugin
2024-04-21 15:59:24,817 [INFO] PluginManager:220 - loadIPPluginJar : add can
2024-04-21 15:59:24,819 [INFO] IPUIPlugin:80 - create IPUIPlugin
2024-04-21 15:59:24,819 [INFO] PluginManager:220 - loadIPPluginJar : add comp
2024-04-21 15:59:24,821 [INFO] IPUIPlugin:80 - create IPUIPlugin
2024-04-21 15:59:24,821 [INFO] PluginManager:220 - loadIPPluginJar : add cryp
2024-04-21 15:59:24,823 [INFO] IPUIPlugin:80 - create IPUIPlugin
2024-04-21 15:59:24,823 [INFO] PluginManager:220 - loadIPPluginJar : add dfsdm
2024-04-21 15:59:24,827 [INFO] IPUIPlugin:80 - create IPUIPlugin
2024-04-21 15:59:24,827 [INFO] PluginManager:220 - loadIPPluginJar : add dma
2024-04-21 15:59:24,829 [INFO] IPUIPlugin:80 - create IPUIPlugin
2024-04-21 15:59:24,829 [INFO] PluginManager:220 - loadIPPluginJar : add dma3
2024-04-21 15:59:24,830 [INFO] IPUIPlugin:80 - create IPUIPlugin
2024-04-21 15:59:24,830 [INFO] PluginManager:220 - loadIPPluginJar : add fatfs
2024-04-21 15:59:24,833 [INFO] IPUIPlugin:80 - create IPUIPlugin
2024-04-21 15:59:24,833 [INFO] PluginManager:220 - loadIPPluginJar : add fmc
2024-04-21 15:59:24,837 [INFO] IPUIPlugin:80 - create IPUIPlugin
2024-04-21 15:59:24,837 [INFO] PluginManager:220 - loadIPPluginJar : add freertos
2024-04-21 15:59:24,838 [INFO] IPUIPlugin:80 - create IPUIPlugin
2024-04-21 15:59:24,838 [INFO] PluginManager:220 - loadIPPluginJar : add genericplugin
2024-04-21 15:59:24,839 [INFO] IPUIPlugin:80 - create IPUIPlugin
2024-04-21 15:59:24,840 [INFO] PluginManager:220 - loadIPPluginJar : add gfxmmu
2024-04-21 15:59:24,843 [INFO] IPUIPlugin:80 - create IPUIPlugin
2024-04-21 15:59:24,843 [INFO] PluginManager:220 - loadIPPluginJar : add gic
2024-04-21 15:59:24,846 [INFO] IPUIPlugin:80 - create IPUIPlugin
2024-04-21 15:59:24,846 [INFO] PluginManager:220 - loadIPPluginJar : add gpio
2024-04-21 15:59:24,849 [INFO] IPUIPlugin:80 - create IPUIPlugin
2024-04-21 15:59:24,849 [INFO] PluginManager:220 - loadIPPluginJar : add gtzc
2024-04-21 15:59:24,851 [INFO] IPUIPlugin:80 - create IPUIPlugin
2024-04-21 15:59:24,851 [INFO] PluginManager:220 - loadIPPluginJar : add hash
2024-04-21 15:59:24,853 [INFO] IPUIPlugin:80 - create IPUIPlugin
2024-04-21 15:59:24,853 [INFO] PluginManager:220 - loadIPPluginJar : add i2c
2024-04-21 15:59:24,855 [INFO] IPUIPlugin:80 - create IPUIPlugin
2024-04-21 15:59:24,855 [INFO] PluginManager:220 - loadIPPluginJar : add i2s
2024-04-21 15:59:24,857 [INFO] IPUIPlugin:80 - create IPUIPlugin
2024-04-21 15:59:24,857 [INFO] PluginManager:220 - loadIPPluginJar : add i3c
2024-04-21 15:59:24,860 [INFO] IPUIPlugin:80 - create IPUIPlugin
2024-04-21 15:59:24,860 [INFO] PluginManager:220 - loadIPPluginJar : add ipddr
2024-04-21 15:59:24,864 [INFO] IPUIPlugin:80 - create IPUIPlugin
2024-04-21 15:59:24,865 [INFO] PluginManager:220 - loadIPPluginJar : add linkedlist
2024-04-21 15:59:24,866 [INFO] IPUIPlugin:80 - create IPUIPlugin
2024-04-21 15:59:24,866 [INFO] PluginManager:220 - loadIPPluginJar : add lorawan
2024-04-21 15:59:24,867 [INFO] IPUIPlugin:80 - create IPUIPlugin
2024-04-21 15:59:24,867 [INFO] PluginManager:220 - loadIPPluginJar : add ltdc
2024-04-21 15:59:24,871 [INFO] IPUIPlugin:80 - create IPUIPlugin
2024-04-21 15:59:24,871 [INFO] PluginManager:220 - loadIPPluginJar : add mdma
2024-04-21 15:59:24,874 [INFO] IPUIPlugin:80 - create IPUIPlugin
2024-04-21 15:59:24,874 [INFO] PluginManager:220 - loadIPPluginJar : add nvic
2024-04-21 15:59:24,876 [INFO] IPUIPlugin:80 - create IPUIPlugin
2024-04-21 15:59:24,876 [INFO] PluginManager:220 - loadIPPluginJar : add opamp
2024-04-21 15:59:24,878 [INFO] IPUIPlugin:80 - create IPUIPlugin
2024-04-21 15:59:24,878 [INFO] PluginManager:220 - loadIPPluginJar : add openamp
2024-04-21 15:59:24,881 [INFO] IPUIPlugin:80 - create IPUIPlugin
2024-04-21 15:59:24,881 [INFO] PluginManager:220 - loadIPPluginJar : add pdm2pcm
2024-04-21 15:59:24,886 [INFO] IPUIPlugin:80 - create IPUIPlugin
2024-04-21 15:59:24,888 [INFO] PluginManager:220 - loadIPPluginJar : add plateformsettings
2024-04-21 15:59:24,889 [INFO] IPUIPlugin:80 - create IPUIPlugin
2024-04-21 15:59:24,889 [INFO] PluginManager:220 - loadIPPluginJar : add quadspi
2024-04-21 15:59:24,892 [INFO] IPUIPlugin:80 - create IPUIPlugin
2024-04-21 15:59:24,892 [INFO] PluginManager:220 - loadIPPluginJar : add resmgrutility
2024-04-21 15:59:24,894 [INFO] IPUIPlugin:80 - create IPUIPlugin
2024-04-21 15:59:24,894 [INFO] PluginManager:220 - loadIPPluginJar : add sai
2024-04-21 15:59:24,896 [INFO] IPUIPlugin:80 - create IPUIPlugin
2024-04-21 15:59:24,896 [INFO] PluginManager:220 - loadIPPluginJar : add spi
2024-04-21 15:59:24,900 [INFO] IPUIPlugin:80 - create IPUIPlugin
2024-04-21 15:59:24,900 [INFO] PluginManager:220 - loadIPPluginJar : add stm32_wpan
2024-04-21 15:59:24,901 [INFO] IPUIPlugin:80 - create IPUIPlugin
2024-04-21 15:59:24,902 [INFO] PluginManager:220 - loadIPPluginJar : add tim
2024-04-21 15:59:24,903 [INFO] IPUIPlugin:80 - create IPUIPlugin
2024-04-21 15:59:24,903 [INFO] PluginManager:220 - loadIPPluginJar : add touchsensing
2024-04-21 15:59:24,904 [INFO] IPUIPlugin:80 - create IPUIPlugin
2024-04-21 15:59:24,904 [INFO] PluginManager:220 - loadIPPluginJar : add tracer_emb
2024-04-21 15:59:24,905 [INFO] IPUIPlugin:80 - create IPUIPlugin
2024-04-21 15:59:24,905 [INFO] PluginManager:220 - loadIPPluginJar : add ts
2024-04-21 15:59:24,907 [INFO] IPUIPlugin:80 - create IPUIPlugin
2024-04-21 15:59:24,907 [INFO] PluginManager:220 - loadIPPluginJar : add tsc
2024-04-21 15:59:24,908 [INFO] IPUIPlugin:80 - create IPUIPlugin
2024-04-21 15:59:24,908 [INFO] PluginManager:220 - loadIPPluginJar : add ucpd
2024-04-21 15:59:24,910 [INFO] IPUIPlugin:80 - create IPUIPlugin
2024-04-21 15:59:24,910 [INFO] PluginManager:220 - loadIPPluginJar : add usart
2024-04-21 15:59:24,912 [INFO] IPUIPlugin:80 - create IPUIPlugin
2024-04-21 15:59:24,913 [INFO] PluginManager:220 - loadIPPluginJar : add usbx
2024-04-21 15:59:25,032 [INFO] CADModel:165 - CPN selected for project level
2024-04-21 15:59:25,032 [INFO] CADModel:114 - Register for checkConnection events
2024-04-21 15:59:25,032 [FATAL] Updater:308 - Updater called before beeing initialized
2024-04-21 15:59:25,032 [ERROR] CADModel:125 - Updater not yet initialized, retry later 
2024-04-21 15:59:25,120 [INFO] CADModel:165 - CPN selected for project level
2024-04-21 15:59:25,120 [INFO] CADModel:114 - Register for checkConnection events
2024-04-21 15:59:25,120 [FATAL] Updater:308 - Updater called before beeing initialized
2024-04-21 15:59:25,120 [ERROR] CADModel:125 - Updater not yet initialized, retry later 
2024-04-21 15:59:25,122 [FATAL] Updater:308 - Updater called before beeing initialized
2024-04-21 15:59:25,201 [FATAL] Updater:308 - Updater called before beeing initialized
2024-04-21 15:59:25,204 [INFO] DbMcusAds:53 - JSON generation date=Thu Sep 30 14:55:09 CST 2021 (1632984909247)
2024-04-21 15:59:25,205 [FATAL] Updater:308 - Updater called before beeing initialized
2024-04-21 15:59:25,234 [WARN] DetailPanel:346 - Failed to get advertising image, set to default
2024-04-21 15:59:25,305 [FATAL] Updater:308 - Updater called before beeing initialized
2024-04-21 15:59:25,306 [FATAL] Updater:308 - Updater called before beeing initialized
2024-04-21 15:59:25,306 [FATAL] Updater:308 - Updater called before beeing initialized
2024-04-21 15:59:25,306 [WARN] DetailPanel:346 - Failed to get advertising image, set to default
2024-04-21 15:59:25,306 [FATAL] Updater:308 - Updater called before beeing initialized
2024-04-21 15:59:25,340 [ERROR] Updater:1120 - MainUpdater not yet initialized. External WinMGr cannot be set.
2024-04-21 15:59:25,344 [INFO] Updater:1056 - Updater Version found : 6.10.0
2024-04-21 15:59:25,358 [INFO] ApplicationProperties:184 - Using Application install path: C:\my_workspace\my_software\stm32cubeide\STM32CubeIDE_1.14.1\STM32CubeIDE\plugins\com.st.stm32cube.common.mx_6.10.0.202311202037
2024-04-21 15:59:26,931 [ERROR] LogOutputStream:75 - [STDERR_REDIRECT] Apr 21, 2024 3:59:26 PM java.util.prefs.WindowsPreferences <init>
2024-04-21 15:59:26,932 [ERROR] LogOutputStream:75 - [STDERR_REDIRECT] WARNING: Could not open/create prefs root node Software\JavaSoft\Prefs at root 0xffffffff80000002. Windows RegCreateKeyEx(...) returned error code 5.
2024-04-21 15:59:26,932 [ERROR] LogOutputStream:75 - [STDERR_REDIRECT] 
2024-04-21 15:59:27,069 [INFO] MainUpdater:2873 - connection check result : 22
2024-04-21 15:59:27,070 [INFO] MainUpdater:290 - Updater Check For Update Now.
2024-04-21 15:59:27,070 [INFO] MicroXplorer:498 - Change Database Version : DB.6.0.100
2024-04-21 15:59:27,074 [INFO] McuFinderGlobals:63 - Set McuFinder mode to 2 (CubeIDE integrated)
2024-04-21 15:59:27,074 [INFO] UserAuth:180 - activating auth plugin
2024-04-21 15:59:27,076 [INFO] UserAuth:404 - Internet connection configuration mode: 2
2024-04-21 15:59:27,090 [INFO] UserAuth:404 - Internet connection configuration mode: 2
2024-04-21 15:59:27,227 [INFO] CheckServerUpdateThread:120 - End of CheckServer Thread
2024-04-21 15:59:27,664 [WARN] PackLoader:240 - Cannot read IP mode file for STMicroelectronics.FP-SNS-MOTENVWB1.1.4.0
2024-04-21 15:59:27,672 [WARN] PackLoader:240 - Cannot read IP mode file for STMicroelectronics.X-CUBE-SMBUS.2.1.0
2024-04-21 15:59:27,677 [WARN] PackLoader:240 - Cannot read IP mode file for STMicroelectronics.X-CUBE-TOUCHGFX.4.23.1
2024-04-21 15:59:27,680 [WARN] PackLoader:240 - Cannot read IP mode file for STMicroelectronics.X-CUBE-TOUCHGFX.4.23.0
2024-04-21 15:59:27,682 [WARN] PackLoader:240 - Cannot read IP mode file for STMicroelectronics.X-CUBE-TOUCHGFX.4.23.2
2024-04-21 15:59:27,703 [WARN] PackLoader:240 - Cannot read IP mode file for STMicroelectronics.X-CUBE-AZRTOS-F7.1.1.0
2024-04-21 15:59:27,713 [WARN] PackLoader:240 - Cannot read IP mode file for STMicroelectronics.FP-SNS-MOTENV1.4.3.2
2024-04-21 15:59:27,735 [WARN] PackLoader:240 - Cannot read IP mode file for STMicroelectronics.FP-SNS-FLIGHT1.5.0.2
2024-04-21 15:59:27,746 [WARN] PackLoader:240 - Cannot read IP mode file for STMicroelectronics.X-CUBE-DISPLAY.3.0.0
2024-04-21 15:59:27,759 [WARN] PackLoader:240 - Cannot read IP mode file for STMicroelectronics.X-CUBE-BLE1.7.0.0
2024-04-21 15:59:27,768 [WARN] PackLoader:240 - Cannot read IP mode file for emotas.I-CUBE-CANOPEN.1.3.0
2024-04-21 15:59:27,776 [WARN] PackLoader:240 - Cannot read IP mode file for STMicroelectronics.FP-SNS-SMARTAG2.1.2.0
2024-04-21 15:59:27,789 [INFO] LogOutputStream:77 - [STDOUT_REDIRECT] 1 : Invalid condition id : UX_CORESTACK_Condition cause : null
2024-04-21 15:59:27,790 [INFO] LogOutputStream:77 - [STDOUT_REDIRECT] 1 : Invalid condition id : UX_CORESTACK_Condition cause : null
2024-04-21 15:59:27,791 [INFO] LogOutputStream:77 - [STDOUT_REDIRECT] 1 : Invalid condition id : UX_CORESTACK_Condition cause : null
2024-04-21 15:59:27,792 [INFO] LogOutputStream:77 - [STDOUT_REDIRECT] 1 : Invalid condition id : UX_CORESTACK_Condition cause : null
2024-04-21 15:59:27,792 [INFO] LogOutputStream:77 - [STDOUT_REDIRECT] 1 : Invalid condition id : UX_CORESTACK_Condition cause : null
2024-04-21 15:59:27,796 [WARN] PackLoader:240 - Cannot read IP mode file for STMicroelectronics.X-CUBE-AZRTOS-WL.2.0.0
2024-04-21 15:59:27,802 [WARN] PackLoader:240 - Cannot read IP mode file for STMicroelectronics.FP-SNS-MOTENV1.5.0.0
2024-04-21 15:59:27,811 [WARN] PackLoader:240 - Cannot read IP mode file for STMicroelectronics.X-CUBE-BLE2.3.3.0
2024-04-21 15:59:27,818 [WARN] PackLoader:240 - Cannot read IP mode file for STMicroelectronics.X-CUBE-TCPP.4.1.0
2024-04-21 15:59:27,824 [WARN] PackLoader:240 - Cannot read IP mode file for STMicroelectronics.X-CUBE-ALGOBUILD.1.3.0
2024-04-21 15:59:27,838 [WARN] PackLoader:240 - Cannot read IP mode file for STMicroelectronics.X-CUBE-AZRTOS-G0.1.1.0
2024-04-21 15:59:27,849 [WARN] PackLoader:240 - Cannot read IP mode file for STMicroelectronics.X-CUBE-SAFEA1.1.2.2
2024-04-21 15:59:27,856 [WARN] PackLoader:240 - Cannot read IP mode file for STMicroelectronics.X-CUBE-NFC4.3.0.0
2024-04-21 15:59:27,860 [WARN] PackLoader:240 - Cannot read IP mode file for STMicroelectronics.FP-ATR-SIGFOX1.3.2.0
2024-04-21 15:59:27,886 [WARN] PackLoader:240 - Cannot read IP mode file for SEGGER.I-CUBE-embOS.1.3.1
2024-04-21 15:59:27,926 [WARN] PackLoader:240 - Cannot read IP mode file for STMicroelectronics.X-CUBE-GNSS1.6.0.0
2024-04-21 15:59:27,945 [WARN] PackLoader:240 - Cannot read IP mode file for STMicroelectronics.X-CUBE-AZRTOS-F4.1.1.0
2024-04-21 15:59:27,968 [WARN] PackLoader:240 - Cannot read IP mode file for STMicroelectronics.X-CUBE-AZRTOS-L5.2.0.0
2024-04-21 15:59:27,981 [WARN] PackLoader:240 - Cannot read IP mode file for STMicroelectronics.X-CUBE-NFC6.3.1.0
2024-04-21 15:59:27,991 [WARN] PackLoader:240 - Cannot read IP mode file for ITTIA_DB.I-CUBE-ITTIADB.8.8.0
2024-04-21 15:59:27,998 [WARN] PackLoader:240 - Cannot read IP mode file for STMicroelectronics.X-CUBE-AI.9.0.0
2024-04-21 15:59:28,006 [WARN] PackLoader:240 - Cannot read IP mode file for STMicroelectronics.X-CUBE-NFC7.1.0.1
2024-04-21 15:59:28,013 [WARN] PackLoader:240 - Cannot read IP mode file for STMicroelectronics.X-CUBE-NFC6.3.0.0
2024-04-21 15:59:28,019 [WARN] PackLoader:240 - Cannot read IP mode file for STMicroelectronics.X-CUBE-AI.8.1.0
2024-04-21 15:59:28,044 [WARN] ConditionMgr:438 - getConditionDescription Invalid condition id : LAN8742 Phy interface Condition cause : null
2024-04-21 15:59:28,045 [WARN] PackLoader:240 - Cannot read IP mode file for STMicroelectronics.X-CUBE-AZRTOS-L4.2.0.0
2024-04-21 15:59:28,046 [WARN] ConditionMgr:1039 - genDependencies : Invalid condition id : LAN8742 Phy interface Condition cause : null
2024-04-21 15:59:28,046 [WARN] ConditionMgr:1039 - genDependencies : Invalid condition id : LAN8742 Phy interface Condition cause : null
2024-04-21 15:59:28,047 [WARN] ConditionMgr:1039 - genDependencies : Invalid condition id : LAN8742 Phy interface Condition cause : null
2024-04-21 15:59:28,063 [WARN] PackLoader:240 - Cannot read IP mode file for STMicroelectronics.X-CUBE-SFXS2LP1.4.0.0
2024-04-21 15:59:28,090 [WARN] ConditionMgr:438 - getConditionDescription Invalid condition id : UX DEVICE CLASS RTOS Condition cause : null
2024-04-21 15:59:28,090 [WARN] ConditionMgr:438 - getConditionDescription Invalid condition id : UX DEVICE CLASS RTOS Condition cause : null
2024-04-21 15:59:28,092 [WARN] PackLoader:240 - Cannot read IP mode file for STMicroelectronics.X-CUBE-AZRTOS-WB.2.0.0
2024-04-21 15:59:28,093 [WARN] ConditionMgr:1039 - genDependencies : Invalid condition id : UX DEVICE CLASS RTOS Condition cause : null
2024-04-21 15:59:28,093 [WARN] ConditionMgr:1039 - genDependencies : Invalid condition id : UX DEVICE CLASS RTOS Condition cause : null
2024-04-21 15:59:28,094 [WARN] ConditionMgr:1039 - genDependencies : Invalid condition id : UX DEVICE CLASS RTOS Condition cause : null
2024-04-21 15:59:28,094 [WARN] ConditionMgr:1039 - genDependencies : Invalid condition id : UX DEVICE CLASS RTOS Condition cause : null
2024-04-21 15:59:28,094 [WARN] ConditionMgr:1039 - genDependencies : Invalid condition id : UX DEVICE CLASS RTOS Condition cause : null
2024-04-21 15:59:28,122 [WARN] PackLoader:240 - Cannot read IP mode file for STMicroelectronics.X-CUBE-SUBG2.5.0.0
2024-04-21 15:59:28,139 [WARN] PackLoader:240 - Cannot read IP mode file for STMicroelectronics.X-CUBE-AZRTOS-G4.2.0.0
2024-04-21 15:59:28,176 [WARN] PackLoader:240 - Cannot read IP mode file for Infineon.AIROC-Wi-Fi-Bluetooth-STM32.1.5.1
2024-04-21 15:59:28,183 [WARN] PackLoader:240 - Cannot read IP mode file for STMicroelectronics.FP-SNS-MOTENVWB1.1.3.1
2024-04-21 15:59:28,209 [WARN] PackLoader:240 - Cannot read IP mode file for STMicroelectronics.X-CUBE-MEMS1.10.0.0
2024-04-21 15:59:28,300 [WARN] PackLoader:240 - Cannot read IP mode file for STMicroelectronics.X-CUBE-FREERTOS.1.1.0
2024-04-21 15:59:28,308 [WARN] PackLoader:240 - Cannot read IP mode file for portGmbH.I-Cube-SoM-uGOAL.1.1.0
2024-04-21 15:59:28,313 [WARN] PackLoader:240 - Cannot read IP mode file for STMicroelectronics.X-CUBE-ALS.1.0.1
2024-04-21 15:59:28,325 [WARN] PackLoader:240 - Cannot read IP mode file for STMicroelectronics.X-CUBE-AZRTOS-H7RS.1.0.0
2024-04-21 15:59:28,333 [WARN] PackLoader:240 - Cannot read IP mode file for STMicroelectronics.FP-ATR-ASTRA1.2.0.0
2024-04-21 15:59:28,335 [INFO] ThirdParty:978 - Integrity check success = true
2024-04-21 15:59:28,335 [INFO] IntegrityCheckThread:100 - exiting critical section [integrity check]
2024-04-21 15:59:28,335 [INFO] IntegrityCheckThread:103 - End integrity checks thread
2024-04-21 15:59:37,568 [ERROR] ConfigurationRetriever:142 - IOException on connection: sw-center.st.com
2024-04-21 15:59:37,569 [ERROR] ConfigurationRetriever:142 - IOException on connection: sw-center.st.com
2024-04-21 15:59:37,569 [ERROR] ConfigurationRetriever:142 - IOException on connection: sw-center.st.com
2024-04-21 15:59:47,620 [ERROR] LogOutputStream:75 - [STDERR_REDIRECT] SLF4J: Failed to load class "org.slf4j.impl.StaticLoggerBinder".
2024-04-21 15:59:47,622 [ERROR] LogOutputStream:75 - [STDERR_REDIRECT] SLF4J: Defaulting to no-operation (NOP) logger implementation
2024-04-21 15:59:47,623 [ERROR] LogOutputStream:75 - [STDERR_REDIRECT] SLF4J: See http://www.slf4j.org/codes.html#StaticLoggerBinder for further details.
2024-04-21 16:00:14,550 [ERROR] ConfigurationRetriever:142 - IOException on connection: sw-center.st.com
2024-04-21 16:00:14,551 [ERROR] ConfigurationRetriever:142 - IOException on connection: sw-center.st.com
2024-04-21 16:00:14,551 [ERROR] ConfigurationRetriever:142 - IOException on connection: sw-center.st.com
2024-04-21 16:09:03,057 [ERROR] ConfigurationRetriever:142 - IOException on connection: sw-center.st.com
2024-04-21 16:09:03,057 [ERROR] ConfigurationRetriever:142 - IOException on connection: sw-center.st.com
2024-04-21 16:09:03,058 [ERROR] ConfigurationRetriever:142 - IOException on connection: sw-center.st.com
2024-04-21 16:10:14,500 [ERROR] LogOutputStream:75 - [STDERR_REDIRECT] Warning: NLS missing message: GotoMatchingBracket_error_noMatchingBracket in: org.eclipse.ui.internal.genericeditor.messages
2024-04-21 16:10:14,501 [ERROR] LogOutputStream:75 - [STDERR_REDIRECT] Warning: NLS missing message: GotoMatchingBracket_error_bracketOutsideSelectedElement in: org.eclipse.ui.internal.genericeditor.messages
2024-04-21 16:10:27,060 [ERROR] ConfigurationRetriever:142 - IOException on connection: sw-center.st.com
2024-04-21 16:10:27,060 [ERROR] ConfigurationRetriever:142 - IOException on connection: sw-center.st.com
2024-04-21 16:10:27,061 [ERROR] ConfigurationRetriever:142 - IOException on connection: sw-center.st.com
2024-04-21 16:10:27,263 [ERROR] ConfigurationRetriever:142 - IOException on connection: sw-center.st.com
2024-04-21 16:10:27,264 [ERROR] ConfigurationRetriever:142 - IOException on connection: sw-center.st.com
2024-04-21 16:10:27,264 [ERROR] ConfigurationRetriever:142 - IOException on connection: sw-center.st.com
2024-04-21 16:14:04,884 [ERROR] ConfigurationRetriever:142 - IOException on connection: sw-center.st.com
2024-04-21 16:14:04,884 [ERROR] ConfigurationRetriever:142 - IOException on connection: sw-center.st.com
2024-04-21 16:14:04,884 [ERROR] ConfigurationRetriever:142 - IOException on connection: sw-center.st.com
2024-04-21 16:14:05,235 [ERROR] ConfigurationRetriever:142 - IOException on connection: sw-center.st.com
2024-04-21 16:14:05,236 [ERROR] ConfigurationRetriever:142 - IOException on connection: sw-center.st.com
2024-04-21 16:14:05,236 [ERROR] ConfigurationRetriever:142 - IOException on connection: sw-center.st.com
2024-04-21 16:19:26,585 [ERROR] ConfigurationRetriever:142 - IOException on connection: sw-center.st.com
2024-04-21 16:19:26,585 [ERROR] ConfigurationRetriever:142 - IOException on connection: sw-center.st.com
2024-04-21 16:19:26,585 [ERROR] ConfigurationRetriever:142 - IOException on connection: sw-center.st.com
2024-04-21 16:20:04,517 [ERROR] ConfigurationRetriever:142 - IOException on connection: sw-center.st.com
2024-04-21 16:20:04,518 [ERROR] ConfigurationRetriever:142 - IOException on connection: sw-center.st.com
2024-04-21 16:20:04,518 [ERROR] ConfigurationRetriever:142 - IOException on connection: sw-center.st.com
2024-04-21 16:20:51,364 [ERROR] ConfigurationRetriever:142 - IOException on connection: sw-center.st.com
2024-04-21 16:20:51,365 [ERROR] ConfigurationRetriever:142 - IOException on connection: sw-center.st.com
2024-04-21 16:20:51,365 [ERROR] ConfigurationRetriever:142 - IOException on connection: sw-center.st.com
2024-04-21 16:21:26,795 [ERROR] ConfigurationRetriever:142 - IOException on connection: sw-center.st.com
2024-04-21 16:21:26,795 [ERROR] ConfigurationRetriever:142 - IOException on connection: sw-center.st.com
2024-04-21 16:21:26,795 [ERROR] ConfigurationRetriever:142 - IOException on connection: sw-center.st.com
2024-04-21 16:23:29,134 [ERROR] ConfigurationRetriever:142 - IOException on connection: sw-center.st.com
2024-04-21 16:23:29,134 [ERROR] ConfigurationRetriever:142 - IOException on connection: sw-center.st.com
2024-04-21 16:23:29,134 [ERROR] ConfigurationRetriever:142 - IOException on connection: sw-center.st.com
2024-04-21 16:25:00,771 [ERROR] ConfigurationRetriever:142 - IOException on connection: sw-center.st.com
2024-04-21 16:25:00,771 [ERROR] ConfigurationRetriever:142 - IOException on connection: sw-center.st.com
2024-04-21 16:25:00,772 [ERROR] ConfigurationRetriever:142 - IOException on connection: sw-center.st.com
2024-04-21 16:25:01,197 [ERROR] ConfigurationRetriever:142 - IOException on connection: sw-center.st.com
2024-04-21 16:25:01,198 [ERROR] ConfigurationRetriever:142 - IOException on connection: sw-center.st.com
2024-04-21 16:25:01,198 [ERROR] ConfigurationRetriever:142 - IOException on connection: sw-center.st.com
2024-04-21 16:25:40,585 [ERROR] ConfigurationRetriever:142 - IOException on connection: sw-center.st.com
2024-04-21 16:25:40,586 [ERROR] ConfigurationRetriever:142 - IOException on connection: sw-center.st.com
2024-04-21 16:25:40,586 [ERROR] ConfigurationRetriever:142 - IOException on connection: sw-center.st.com
2024-04-21 16:26:06,059 [ERROR] ConfigurationRetriever:142 - IOException on connection: sw-center.st.com
2024-04-21 16:26:06,060 [ERROR] ConfigurationRetriever:142 - IOException on connection: sw-center.st.com
2024-04-21 16:26:06,060 [ERROR] ConfigurationRetriever:142 - IOException on connection: sw-center.st.com
2024-04-21 16:27:37,747 [ERROR] ConfigurationRetriever:142 - IOException on connection: sw-center.st.com
2024-04-21 16:27:37,748 [ERROR] ConfigurationRetriever:142 - IOException on connection: sw-center.st.com
2024-04-21 16:27:37,748 [ERROR] ConfigurationRetriever:142 - IOException on connection: sw-center.st.com
2024-04-21 16:27:38,083 [ERROR] ConfigurationRetriever:142 - IOException on connection: sw-center.st.com
2024-04-21 16:27:38,083 [ERROR] ConfigurationRetriever:142 - IOException on connection: sw-center.st.com
2024-04-21 16:27:38,084 [ERROR] ConfigurationRetriever:142 - IOException on connection: sw-center.st.com
2024-04-21 16:28:51,810 [ERROR] ConfigurationRetriever:142 - IOException on connection: sw-center.st.com
2024-04-21 16:28:51,811 [ERROR] ConfigurationRetriever:142 - IOException on connection: sw-center.st.com
2024-04-21 16:28:51,811 [ERROR] ConfigurationRetriever:142 - IOException on connection: sw-center.st.com
2024-04-21 16:28:52,210 [ERROR] ConfigurationRetriever:142 - IOException on connection: sw-center.st.com
2024-04-21 16:28:52,210 [ERROR] ConfigurationRetriever:142 - IOException on connection: sw-center.st.com
2024-04-21 16:28:52,210 [ERROR] ConfigurationRetriever:142 - IOException on connection: sw-center.st.com
2024-04-21 16:30:52,538 [ERROR] ConfigurationRetriever:142 - IOException on connection: sw-center.st.com
2024-04-21 16:30:52,538 [ERROR] ConfigurationRetriever:142 - IOException on connection: sw-center.st.com
2024-04-21 16:30:52,539 [ERROR] ConfigurationRetriever:142 - IOException on connection: sw-center.st.com
2024-04-21 16:30:52,866 [ERROR] ConfigurationRetriever:142 - IOException on connection: sw-center.st.com
2024-04-21 16:30:52,866 [ERROR] ConfigurationRetriever:142 - IOException on connection: sw-center.st.com
2024-04-21 16:30:52,867 [ERROR] ConfigurationRetriever:142 - IOException on connection: sw-center.st.com
2024-04-21 16:32:36,124 [ERROR] ConfigurationRetriever:142 - IOException on connection: sw-center.st.com
2024-04-21 16:32:36,125 [ERROR] ConfigurationRetriever:142 - IOException on connection: sw-center.st.com
2024-04-21 16:32:36,125 [ERROR] ConfigurationRetriever:142 - IOException on connection: sw-center.st.com
2024-04-21 16:32:36,460 [ERROR] ConfigurationRetriever:142 - IOException on connection: sw-center.st.com
2024-04-21 16:32:36,460 [ERROR] ConfigurationRetriever:142 - IOException on connection: sw-center.st.com
2024-04-21 16:32:36,460 [ERROR] ConfigurationRetriever:142 - IOException on connection: sw-center.st.com
2024-04-21 16:33:42,385 [ERROR] ConfigurationRetriever:142 - IOException on connection: sw-center.st.com
2024-04-21 16:33:42,386 [ERROR] ConfigurationRetriever:142 - IOException on connection: sw-center.st.com
2024-04-21 16:33:42,386 [ERROR] ConfigurationRetriever:142 - IOException on connection: sw-center.st.com
2024-04-21 16:33:42,719 [ERROR] ConfigurationRetriever:142 - IOException on connection: sw-center.st.com
2024-04-21 16:33:42,719 [ERROR] ConfigurationRetriever:142 - IOException on connection: sw-center.st.com
2024-04-21 16:33:42,719 [ERROR] ConfigurationRetriever:142 - IOException on connection: sw-center.st.com
2024-04-21 16:35:41,191 [ERROR] ConfigurationRetriever:142 - IOException on connection: sw-center.st.com
2024-04-21 16:35:41,192 [ERROR] ConfigurationRetriever:142 - IOException on connection: sw-center.st.com
2024-04-21 16:35:41,192 [ERROR] ConfigurationRetriever:142 - IOException on connection: sw-center.st.com
2024-04-21 16:36:24,090 [ERROR] ConfigurationRetriever:142 - IOException on connection: sw-center.st.com
2024-04-21 16:36:24,091 [ERROR] ConfigurationRetriever:142 - IOException on connection: sw-center.st.com
2024-04-21 16:36:24,091 [ERROR] ConfigurationRetriever:142 - IOException on connection: sw-center.st.com
2024-04-21 17:01:28,877 [ERROR] ConfigurationRetriever:142 - IOException on connection: sw-center.st.com
2024-04-21 17:01:28,877 [ERROR] ConfigurationRetriever:142 - IOException on connection: sw-center.st.com
2024-04-21 17:01:28,877 [ERROR] ConfigurationRetriever:142 - IOException on connection: sw-center.st.com
2024-04-21 17:03:56,143 [ERROR] ConfigurationRetriever:142 - IOException on connection: sw-center.st.com
2024-04-21 17:03:56,144 [ERROR] ConfigurationRetriever:142 - IOException on connection: sw-center.st.com
2024-04-21 17:03:56,144 [ERROR] ConfigurationRetriever:142 - IOException on connection: sw-center.st.com
2024-04-21 17:05:33,296 [ERROR] ConfigurationRetriever:142 - IOException on connection: sw-center.st.com
2024-04-21 17:05:33,296 [ERROR] ConfigurationRetriever:142 - IOException on connection: sw-center.st.com
2024-04-21 17:05:33,297 [ERROR] ConfigurationRetriever:142 - IOException on connection: sw-center.st.com
2024-04-21 17:06:25,674 [ERROR] ConfigurationRetriever:142 - IOException on connection: sw-center.st.com
2024-04-21 17:06:25,674 [ERROR] ConfigurationRetriever:142 - IOException on connection: sw-center.st.com
2024-04-21 17:06:25,674 [ERROR] ConfigurationRetriever:142 - IOException on connection: sw-center.st.com
2024-04-21 17:21:43,930 [ERROR] ConfigurationRetriever:142 - IOException on connection: sw-center.st.com
2024-04-21 17:21:43,931 [ERROR] ConfigurationRetriever:142 - IOException on connection: sw-center.st.com
2024-04-21 17:21:43,931 [ERROR] ConfigurationRetriever:142 - IOException on connection: sw-center.st.com
2024-04-21 17:22:41,645 [ERROR] ConfigurationRetriever:142 - IOException on connection: sw-center.st.com
2024-04-21 17:22:41,645 [ERROR] ConfigurationRetriever:142 - IOException on connection: sw-center.st.com
2024-04-21 17:22:41,645 [ERROR] ConfigurationRetriever:142 - IOException on connection: sw-center.st.com
2024-04-21 17:22:41,968 [ERROR] ConfigurationRetriever:142 - IOException on connection: sw-center.st.com
2024-04-21 17:22:41,969 [ERROR] ConfigurationRetriever:142 - IOException on connection: sw-center.st.com
2024-04-21 17:22:41,969 [ERROR] ConfigurationRetriever:142 - IOException on connection: sw-center.st.com
2024-04-21 17:24:06,455 [ERROR] ConfigurationRetriever:142 - IOException on connection: sw-center.st.com
2024-04-21 17:24:06,455 [ERROR] ConfigurationRetriever:142 - IOException on connection: sw-center.st.com
2024-04-21 17:24:06,455 [ERROR] ConfigurationRetriever:142 - IOException on connection: sw-center.st.com
2024-04-21 17:24:06,777 [ERROR] ConfigurationRetriever:142 - IOException on connection: sw-center.st.com
2024-04-21 17:24:06,778 [ERROR] ConfigurationRetriever:142 - IOException on connection: sw-center.st.com
2024-04-21 17:24:06,778 [ERROR] ConfigurationRetriever:142 - IOException on connection: sw-center.st.com
2024-04-21 17:55:13,237 [ERROR] ConfigurationRetriever:142 - IOException on connection: sw-center.st.com
2024-04-21 17:55:13,238 [ERROR] ConfigurationRetriever:142 - IOException on connection: sw-center.st.com
2024-04-21 17:55:13,238 [ERROR] ConfigurationRetriever:142 - IOException on connection: sw-center.st.com
2024-04-21 17:55:13,467 [ERROR] ConfigurationRetriever:142 - IOException on connection: sw-center.st.com
2024-04-21 17:55:13,468 [ERROR] ConfigurationRetriever:142 - IOException on connection: sw-center.st.com
2024-04-21 17:55:13,468 [ERROR] ConfigurationRetriever:142 - IOException on connection: sw-center.st.com
2024-04-21 23:13:46,517 [ERROR] ConfigurationRetriever:142 - IOException on connection: sw-center.st.com
2024-04-21 23:13:46,518 [ERROR] ConfigurationRetriever:142 - IOException on connection: sw-center.st.com
2024-04-21 23:13:46,518 [ERROR] ConfigurationRetriever:142 - IOException on connection: sw-center.st.com
2024-04-21 23:13:47,309 [ERROR] LogOutputStream:75 - [STDERR_REDIRECT] 
