2024-07-15 14:07:59,379 [INFO] Activator:176 - 


2024-07-15 14:07:59,384 [INFO] Activator:177 - !SESSION log4j initialized
2024-07-15 14:08:03,601 [INFO] LogOutputStream:77 - [STDOUT_REDIRECT] 
2024-07-15 14:08:09,498 [INFO] ApplicationProperties:184 - Using Application install path: C:\my_workspace\my_software\stm32cubeide\STM32CubeIDE_1.14.1\STM32CubeIDE\plugins\com.st.stm32cube.common.mx_6.10.0.202311202037
2024-07-15 14:08:09,509 [INFO] DbMcusXml:78 - Set database path to: C:\my_workspace\my_software\stm32cubeide\STM32CubeIDE_1.14.1\STM32CubeIDE\plugins\com.st.stm32cube.common.mx_6.10.0.202311202037\\db\/mcu/
2024-07-15 14:08:09,511 [INFO] ApiDb:274 - Set plugin database path to: C:\my_workspace\my_software\stm32cubeide\STM32CubeIDE_1.14.1\STM32CubeIDE\plugins\com.st.stm32cube.common.mx_6.10.0.202311202037\\db\/plugins/boardmanager/
2024-07-15 14:08:09,511 [WARN] ApiDb:259 - Overriding images path with different value:  => C:\my_workspace\my_software\stm32cubeide\STM32CubeIDE_1.14.1\STM32CubeIDE\plugins\com.st.stm32cube.common.mx_6.10.0.202311202037\\db\/plugins/mcufinder/images/
2024-07-15 14:08:09,525 [INFO] ApiDb:250 - Set database path to: C:\Users\ECA1WX\.stmcufinder\plugins\mcufinder//mcu/
2024-07-15 14:08:09,526 [INFO] DbMcusAds:125 - Set database path to: C:\Users\ECA1WX\.stmcufinder\plugins\mcufinder//mcu/
2024-07-15 14:08:09,527 [INFO] CrossReferenceDbSqlite:203 - Set database path to: C:\Users\ECA1WX\.stmcufinder\plugins\mcufinder//mcu/cs/
2024-07-15 14:08:09,592 [INFO] RulesReader:64 - Compatibility file has been processed (297 Rules)
2024-07-15 14:08:09,659 [INFO] DbMcusXml:78 - Set database path to: C:\my_workspace\my_software\stm32cubeide\STM32CubeIDE_1.14.1\STM32CubeIDE\plugins\com.st.stm32cube.common.mx_6.10.0.202311202037\\db\/mcu/
2024-07-15 14:08:09,659 [INFO] ApiDb:274 - Set plugin database path to: C:\my_workspace\my_software\stm32cubeide\STM32CubeIDE_1.14.1\STM32CubeIDE\plugins\com.st.stm32cube.common.mx_6.10.0.202311202037\\db\/plugins/boardmanager/
2024-07-15 14:08:09,659 [INFO] ApiDb:261 - Set plugin images path to: C:\my_workspace\my_software\stm32cubeide\STM32CubeIDE_1.14.1\STM32CubeIDE\plugins\com.st.stm32cube.common.mx_6.10.0.202311202037\\db\/plugins/mcufinder/images/
2024-07-15 14:08:09,659 [WARN] DbFile:41 - Overriding database path with different value: C:\Users\ECA1WX\.stmcufinder\plugins\mcufinder/ => C:\Users\ECA1WX\.stmcufinder\plugins\mcufinder
2024-07-15 14:08:09,659 [INFO] ApiDb:250 - Set database path to: C:\Users\ECA1WX\.stmcufinder\plugins\mcufinder//mcu/
2024-07-15 14:08:09,659 [WARN] DbFile:41 - Overriding database path with different value: C:\Users\ECA1WX\.stmcufinder\plugins\mcufinder/ => C:\Users\ECA1WX\.stmcufinder\plugins\mcufinder
2024-07-15 14:08:09,659 [INFO] DbMcusAds:125 - Set database path to: C:\Users\ECA1WX\.stmcufinder\plugins\mcufinder//mcu/
2024-07-15 14:08:09,659 [WARN] DbFile:41 - Overriding database path with different value: C:\Users\ECA1WX\.stmcufinder\plugins\mcufinder/ => C:\Users\ECA1WX\.stmcufinder\plugins\mcufinder
2024-07-15 14:08:09,659 [WARN] DbFile:41 - Overriding database path with different value: C:\Users\ECA1WX\.stmcufinder\plugins\mcufinder/ => C:\Users\ECA1WX\.stmcufinder\plugins\mcufinder
2024-07-15 14:08:09,660 [INFO] CrossReferenceDbSqlite:203 - Set database path to: C:\Users\ECA1WX\.stmcufinder\plugins\mcufinder//mcu/cs/
2024-07-15 14:08:09,709 [INFO] MainPanel:264 - HeapMemory: 268435456
2024-07-15 14:08:09,753 [INFO] DbMcusXml:78 - Set database path to: C:\my_workspace\my_software\stm32cubeide\STM32CubeIDE_1.14.1\STM32CubeIDE\plugins\com.st.stm32cube.common.mx_6.10.0.202311202037\\db\/mcu/
2024-07-15 14:08:09,753 [INFO] ApiDb:274 - Set plugin database path to: C:\my_workspace\my_software\stm32cubeide\STM32CubeIDE_1.14.1\STM32CubeIDE\plugins\com.st.stm32cube.common.mx_6.10.0.202311202037\\db\/plugins/boardmanager/
2024-07-15 14:08:09,753 [INFO] ApiDb:261 - Set plugin images path to: C:\my_workspace\my_software\stm32cubeide\STM32CubeIDE_1.14.1\STM32CubeIDE\plugins\com.st.stm32cube.common.mx_6.10.0.202311202037\\db\/plugins/mcufinder/images/
2024-07-15 14:08:09,753 [WARN] DbFile:41 - Overriding database path with different value: C:\Users\ECA1WX\.stmcufinder\plugins\mcufinder/ => C:\Users\ECA1WX\.stmcufinder\plugins\mcufinder
2024-07-15 14:08:09,753 [INFO] ApiDb:250 - Set database path to: C:\Users\ECA1WX\.stmcufinder\plugins\mcufinder//mcu/
2024-07-15 14:08:09,753 [WARN] DbFile:41 - Overriding database path with different value: C:\Users\ECA1WX\.stmcufinder\plugins\mcufinder/ => C:\Users\ECA1WX\.stmcufinder\plugins\mcufinder
2024-07-15 14:08:09,753 [INFO] DbMcusAds:125 - Set database path to: C:\Users\ECA1WX\.stmcufinder\plugins\mcufinder//mcu/
2024-07-15 14:08:09,754 [WARN] DbFile:41 - Overriding database path with different value: C:\Users\ECA1WX\.stmcufinder\plugins\mcufinder/ => C:\Users\ECA1WX\.stmcufinder\plugins\mcufinder
2024-07-15 14:08:09,754 [WARN] DbFile:41 - Overriding database path with different value: C:\Users\ECA1WX\.stmcufinder\plugins\mcufinder/ => C:\Users\ECA1WX\.stmcufinder\plugins\mcufinder
2024-07-15 14:08:09,754 [INFO] CrossReferenceDbSqlite:203 - Set database path to: C:\Users\ECA1WX\.stmcufinder\plugins\mcufinder//mcu/cs/
2024-07-15 14:08:09,766 [INFO] ApplicationProperties:184 - Using Application install path: C:\my_workspace\my_software\stm32cubeide\STM32CubeIDE_1.14.1\STM32CubeIDE\plugins\com.st.stm32cube.common.mx_6.10.0.202311202037
2024-07-15 14:08:09,767 [INFO] PluginManage:196 - Search for loadable plugins [exclusion list=, ]
2024-07-15 14:08:09,768 [INFO] PluginManage:310 - Check plugin analytics
2024-07-15 14:08:14,396 [INFO] AnalyticsPlugin:253 - Accepted Software Licenses: 
2024-07-15 14:08:14,396 [INFO] AnalyticsPlugin:255 - Accepted CMSIS Pack Licenses: 
2024-07-15 14:08:14,396 [INFO] AnalyticsPlugin:257 - Accepted Firmware Licenses: FW.F7.1.17.0
2024-07-15 14:08:14,398 [INFO] PluginManage:359 - Loaded plugin analytics (category:tool,tabindex:-1)
2024-07-15 14:08:14,399 [INFO] PluginManage:310 - Check plugin cadmodel
2024-07-15 14:08:14,402 [INFO] CADModel:105 - Init CAD model plugin
2024-07-15 14:08:14,402 [INFO] PluginManage:359 - Loaded plugin cadmodel (category:power,tabindex:5)
2024-07-15 14:08:14,403 [INFO] PluginManage:310 - Check plugin clock
2024-07-15 14:08:14,409 [INFO] PluginManage:359 - Loaded plugin clock (category:base,tabindex:2)
2024-07-15 14:08:14,409 [INFO] PluginManage:310 - Check plugin ddr
2024-07-15 14:08:14,410 [INFO] PluginManage:359 - Loaded plugin ddr (category:tool,tabindex:6)
2024-07-15 14:08:14,410 [INFO] PluginManage:310 - Check plugin filemanager
2024-07-15 14:08:14,509 [INFO] PluginManage:359 - Loaded plugin filemanager (category:base,tabindex:10)
2024-07-15 14:08:14,510 [INFO] PluginManage:310 - Check plugin ipmanager
2024-07-15 14:08:14,517 [INFO] PluginManage:359 - Loaded plugin ipmanager (category:base,tabindex:5)
2024-07-15 14:08:14,518 [INFO] PluginManage:310 - Check plugin lpbam
2024-07-15 14:08:14,524 [INFO] PluginManage:359 - Loaded plugin lpbam (category:base,tabindex:0)
2024-07-15 14:08:14,524 [INFO] PluginManage:310 - Check plugin memorymap
2024-07-15 14:08:14,532 [INFO] PluginManage:359 - Loaded plugin memorymap (category:base,tabindex:4)
2024-07-15 14:08:14,532 [INFO] PluginManage:310 - Check plugin pinoutandconfiguration
2024-07-15 14:08:14,538 [INFO] PluginManage:359 - Loaded plugin pinoutandconfiguration (category:base,tabindex:1)
2024-07-15 14:08:14,539 [INFO] PluginManage:310 - Check plugin pinoutconfig
2024-07-15 14:08:14,597 [WARN] SupportedApi:132 - Cannot load RTOS API schema: s4s-elt-must-match.1: The content of 'definitions' must match (annotation?, (simpleType | complexType)?, (unique | key | keyref)*)). A problem was found starting at: attribute.
2024-07-15 14:08:14,676 [INFO] PluginManage:359 - Loaded plugin pinoutconfig (category:base,tabindex:0)
2024-07-15 14:08:14,676 [INFO] PluginManage:310 - Check plugin power
2024-07-15 14:08:14,681 [INFO] PluginManage:359 - Loaded plugin power (category:power,tabindex:4)
2024-07-15 14:08:14,682 [INFO] PluginManage:310 - Check plugin projectmanager
2024-07-15 14:08:14,693 [INFO] PluginManage:359 - Loaded plugin projectmanager (category:projectmanager,tabindex:3)
2024-07-15 14:08:14,693 [INFO] PluginManage:310 - Check plugin thirdparty
2024-07-15 14:08:14,789 [INFO] PluginManage:359 - Loaded plugin thirdparty (category:base,tabindex:-1)
2024-07-15 14:08:14,789 [WARN] IntegrityCheckThread:84 - waiting for thirdparty lock release [integrity check]
2024-07-15 14:08:14,789 [INFO] PluginManage:310 - Check plugin tools
2024-07-15 14:08:14,790 [INFO] IntegrityCheckThread:86 - entering critical section [integrity check]
2024-07-15 14:08:14,790 [INFO] ThirdPartyUpdaterWithRetryManager:70 - Updater plugin not ready yet. [1/15]
2024-07-15 14:08:14,792 [INFO] PluginManage:359 - Loaded plugin tools (category:base,tabindex:7)
2024-07-15 14:08:14,792 [INFO] PluginManage:310 - Check plugin tutovideos
2024-07-15 14:08:14,899 [INFO] PluginManage:359 - Loaded plugin tutovideos (category:base,tabindex:-1)
2024-07-15 14:08:14,899 [INFO] PluginManage:310 - Check plugin updater
2024-07-15 14:08:14,906 [INFO] PluginManage:359 - Loaded plugin updater (category:base,tabindex:12)
2024-07-15 14:08:14,906 [INFO] PluginManage:310 - Check plugin userauth
2024-07-15 14:08:14,910 [INFO] UserAuth:114 - Init User Auth plugin
2024-07-15 14:08:14,910 [INFO] PluginManage:359 - Loaded plugin userauth (category:base,tabindex:14)
2024-07-15 14:08:14,910 [INFO] PluginManage:283 - PluginManage : Loaded plugins [17]
2024-07-15 14:08:15,072 [INFO] PinOutPanel:1499 - setPackage(No Configuration,No Configuration)
2024-07-15 14:08:15,143 [INFO] CADModel:165 - CPN selected for project level
2024-07-15 14:08:15,143 [INFO] CADModel:114 - Register for checkConnection events
2024-07-15 14:08:15,158 [INFO] IPUIPlugin:80 - create IPUIPlugin
2024-07-15 14:08:15,158 [INFO] PluginManager:220 - loadIPPluginJar : add adc
2024-07-15 14:08:15,160 [INFO] IPUIPlugin:80 - create IPUIPlugin
2024-07-15 14:08:15,160 [INFO] PluginManager:220 - loadIPPluginJar : add aes
2024-07-15 14:08:15,162 [INFO] IPUIPlugin:80 - create IPUIPlugin
2024-07-15 14:08:15,163 [INFO] PluginManager:220 - loadIPPluginJar : add can
2024-07-15 14:08:15,164 [INFO] IPUIPlugin:80 - create IPUIPlugin
2024-07-15 14:08:15,164 [INFO] PluginManager:220 - loadIPPluginJar : add comp
2024-07-15 14:08:15,167 [INFO] IPUIPlugin:80 - create IPUIPlugin
2024-07-15 14:08:15,167 [INFO] PluginManager:220 - loadIPPluginJar : add cryp
2024-07-15 14:08:15,169 [INFO] IPUIPlugin:80 - create IPUIPlugin
2024-07-15 14:08:15,169 [INFO] PluginManager:220 - loadIPPluginJar : add dfsdm
2024-07-15 14:08:15,172 [INFO] IPUIPlugin:80 - create IPUIPlugin
2024-07-15 14:08:15,173 [INFO] PluginManager:220 - loadIPPluginJar : add dma
2024-07-15 14:08:15,175 [INFO] IPUIPlugin:80 - create IPUIPlugin
2024-07-15 14:08:15,175 [INFO] PluginManager:220 - loadIPPluginJar : add dma3
2024-07-15 14:08:15,176 [INFO] IPUIPlugin:80 - create IPUIPlugin
2024-07-15 14:08:15,176 [INFO] PluginManager:220 - loadIPPluginJar : add fatfs
2024-07-15 14:08:15,180 [INFO] IPUIPlugin:80 - create IPUIPlugin
2024-07-15 14:08:15,180 [INFO] PluginManager:220 - loadIPPluginJar : add fmc
2024-07-15 14:08:15,184 [INFO] IPUIPlugin:80 - create IPUIPlugin
2024-07-15 14:08:15,184 [INFO] PluginManager:220 - loadIPPluginJar : add freertos
2024-07-15 14:08:15,186 [INFO] IPUIPlugin:80 - create IPUIPlugin
2024-07-15 14:08:15,186 [INFO] PluginManager:220 - loadIPPluginJar : add genericplugin
2024-07-15 14:08:15,188 [INFO] IPUIPlugin:80 - create IPUIPlugin
2024-07-15 14:08:15,188 [INFO] PluginManager:220 - loadIPPluginJar : add gfxmmu
2024-07-15 14:08:15,192 [INFO] IPUIPlugin:80 - create IPUIPlugin
2024-07-15 14:08:15,192 [INFO] PluginManager:220 - loadIPPluginJar : add gic
2024-07-15 14:08:15,195 [INFO] IPUIPlugin:80 - create IPUIPlugin
2024-07-15 14:08:15,195 [INFO] PluginManager:220 - loadIPPluginJar : add gpio
2024-07-15 14:08:15,197 [INFO] IPUIPlugin:80 - create IPUIPlugin
2024-07-15 14:08:15,197 [INFO] PluginManager:220 - loadIPPluginJar : add gtzc
2024-07-15 14:08:15,199 [INFO] IPUIPlugin:80 - create IPUIPlugin
2024-07-15 14:08:15,199 [INFO] PluginManager:220 - loadIPPluginJar : add hash
2024-07-15 14:08:15,202 [INFO] IPUIPlugin:80 - create IPUIPlugin
2024-07-15 14:08:15,202 [INFO] PluginManager:220 - loadIPPluginJar : add i2c
2024-07-15 14:08:15,204 [INFO] IPUIPlugin:80 - create IPUIPlugin
2024-07-15 14:08:15,204 [INFO] PluginManager:220 - loadIPPluginJar : add i2s
2024-07-15 14:08:15,206 [INFO] IPUIPlugin:80 - create IPUIPlugin
2024-07-15 14:08:15,206 [INFO] PluginManager:220 - loadIPPluginJar : add i3c
2024-07-15 14:08:15,210 [INFO] IPUIPlugin:80 - create IPUIPlugin
2024-07-15 14:08:15,210 [INFO] PluginManager:220 - loadIPPluginJar : add ipddr
2024-07-15 14:08:15,217 [INFO] IPUIPlugin:80 - create IPUIPlugin
2024-07-15 14:08:15,217 [INFO] PluginManager:220 - loadIPPluginJar : add linkedlist
2024-07-15 14:08:15,220 [INFO] IPUIPlugin:80 - create IPUIPlugin
2024-07-15 14:08:15,220 [INFO] PluginManager:220 - loadIPPluginJar : add lorawan
2024-07-15 14:08:15,222 [INFO] IPUIPlugin:80 - create IPUIPlugin
2024-07-15 14:08:15,222 [INFO] PluginManager:220 - loadIPPluginJar : add ltdc
2024-07-15 14:08:15,226 [INFO] IPUIPlugin:80 - create IPUIPlugin
2024-07-15 14:08:15,226 [INFO] PluginManager:220 - loadIPPluginJar : add mdma
2024-07-15 14:08:15,230 [INFO] IPUIPlugin:80 - create IPUIPlugin
2024-07-15 14:08:15,230 [INFO] PluginManager:220 - loadIPPluginJar : add nvic
2024-07-15 14:08:15,233 [INFO] IPUIPlugin:80 - create IPUIPlugin
2024-07-15 14:08:15,233 [INFO] PluginManager:220 - loadIPPluginJar : add opamp
2024-07-15 14:08:15,236 [INFO] IPUIPlugin:80 - create IPUIPlugin
2024-07-15 14:08:15,236 [INFO] PluginManager:220 - loadIPPluginJar : add openamp
2024-07-15 14:08:15,239 [INFO] IPUIPlugin:80 - create IPUIPlugin
2024-07-15 14:08:15,239 [INFO] PluginManager:220 - loadIPPluginJar : add pdm2pcm
2024-07-15 14:08:15,243 [INFO] IPUIPlugin:80 - create IPUIPlugin
2024-07-15 14:08:15,245 [INFO] PluginManager:220 - loadIPPluginJar : add plateformsettings
2024-07-15 14:08:15,246 [INFO] IPUIPlugin:80 - create IPUIPlugin
2024-07-15 14:08:15,246 [INFO] PluginManager:220 - loadIPPluginJar : add quadspi
2024-07-15 14:08:15,249 [INFO] IPUIPlugin:80 - create IPUIPlugin
2024-07-15 14:08:15,249 [INFO] PluginManager:220 - loadIPPluginJar : add resmgrutility
2024-07-15 14:08:15,253 [INFO] IPUIPlugin:80 - create IPUIPlugin
2024-07-15 14:08:15,253 [INFO] PluginManager:220 - loadIPPluginJar : add sai
2024-07-15 14:08:15,256 [INFO] IPUIPlugin:80 - create IPUIPlugin
2024-07-15 14:08:15,256 [INFO] PluginManager:220 - loadIPPluginJar : add spi
2024-07-15 14:08:15,261 [INFO] IPUIPlugin:80 - create IPUIPlugin
2024-07-15 14:08:15,261 [INFO] PluginManager:220 - loadIPPluginJar : add stm32_wpan
2024-07-15 14:08:15,263 [INFO] IPUIPlugin:80 - create IPUIPlugin
2024-07-15 14:08:15,263 [INFO] PluginManager:220 - loadIPPluginJar : add tim
2024-07-15 14:08:15,266 [INFO] IPUIPlugin:80 - create IPUIPlugin
2024-07-15 14:08:15,266 [INFO] PluginManager:220 - loadIPPluginJar : add touchsensing
2024-07-15 14:08:15,267 [INFO] IPUIPlugin:80 - create IPUIPlugin
2024-07-15 14:08:15,268 [INFO] PluginManager:220 - loadIPPluginJar : add tracer_emb
2024-07-15 14:08:15,270 [INFO] IPUIPlugin:80 - create IPUIPlugin
2024-07-15 14:08:15,270 [INFO] PluginManager:220 - loadIPPluginJar : add ts
2024-07-15 14:08:15,272 [INFO] IPUIPlugin:80 - create IPUIPlugin
2024-07-15 14:08:15,272 [INFO] PluginManager:220 - loadIPPluginJar : add tsc
2024-07-15 14:08:15,274 [INFO] IPUIPlugin:80 - create IPUIPlugin
2024-07-15 14:08:15,274 [INFO] PluginManager:220 - loadIPPluginJar : add ucpd
2024-07-15 14:08:15,276 [INFO] IPUIPlugin:80 - create IPUIPlugin
2024-07-15 14:08:15,276 [INFO] PluginManager:220 - loadIPPluginJar : add usart
2024-07-15 14:08:15,279 [INFO] IPUIPlugin:80 - create IPUIPlugin
2024-07-15 14:08:15,279 [INFO] PluginManager:220 - loadIPPluginJar : add usbx
2024-07-15 14:08:15,400 [INFO] CADModel:165 - CPN selected for project level
2024-07-15 14:08:15,400 [INFO] CADModel:114 - Register for checkConnection events
2024-07-15 14:08:15,400 [FATAL] Updater:308 - Updater called before beeing initialized
2024-07-15 14:08:15,401 [ERROR] CADModel:125 - Updater not yet initialized, retry later 
2024-07-15 14:08:15,500 [INFO] CADModel:165 - CPN selected for project level
2024-07-15 14:08:15,500 [INFO] CADModel:114 - Register for checkConnection events
2024-07-15 14:08:15,500 [FATAL] Updater:308 - Updater called before beeing initialized
2024-07-15 14:08:15,500 [ERROR] CADModel:125 - Updater not yet initialized, retry later 
2024-07-15 14:08:15,503 [FATAL] Updater:308 - Updater called before beeing initialized
2024-07-15 14:08:15,606 [FATAL] Updater:308 - Updater called before beeing initialized
2024-07-15 14:08:15,610 [INFO] DbMcusAds:53 - JSON generation date=Thu Sep 30 14:55:09 CST 2021 (1632984909247)
2024-07-15 14:08:15,610 [FATAL] Updater:308 - Updater called before beeing initialized
2024-07-15 14:08:15,639 [WARN] DetailPanel:346 - Failed to get advertising image, set to default
2024-07-15 14:08:15,738 [FATAL] Updater:308 - Updater called before beeing initialized
2024-07-15 14:08:15,740 [FATAL] Updater:308 - Updater called before beeing initialized
2024-07-15 14:08:15,740 [FATAL] Updater:308 - Updater called before beeing initialized
2024-07-15 14:08:15,740 [WARN] DetailPanel:346 - Failed to get advertising image, set to default
2024-07-15 14:08:15,741 [FATAL] Updater:308 - Updater called before beeing initialized
2024-07-15 14:08:15,788 [ERROR] Updater:1120 - MainUpdater not yet initialized. External WinMGr cannot be set.
2024-07-15 14:08:15,794 [INFO] Updater:1056 - Updater Version found : 6.10.0
2024-07-15 14:08:15,811 [INFO] ApplicationProperties:184 - Using Application install path: C:\my_workspace\my_software\stm32cubeide\STM32CubeIDE_1.14.1\STM32CubeIDE\plugins\com.st.stm32cube.common.mx_6.10.0.202311202037
2024-07-15 14:08:17,386 [ERROR] LogOutputStream:75 - [STDERR_REDIRECT] Jul 15, 2024 2:08:17 PM java.util.prefs.WindowsPreferences <init>
2024-07-15 14:08:17,388 [ERROR] LogOutputStream:75 - [STDERR_REDIRECT] WARNING: Could not open/create prefs root node Software\JavaSoft\Prefs at root 0xffffffff80000002. Windows RegCreateKeyEx(...) returned error code 5.
2024-07-15 14:08:17,388 [ERROR] LogOutputStream:75 - [STDERR_REDIRECT] 
2024-07-15 14:08:17,791 [INFO] ThirdPartyUpdaterWithRetryManager:70 - Updater plugin not ready yet. [2/15]
2024-07-15 14:08:17,795 [INFO] MainUpdater:2873 - connection check result : 10
2024-07-15 14:08:17,795 [INFO] MainUpdater:290 - Updater Check For Update Now.
2024-07-15 14:08:17,796 [INFO] MicroXplorer:498 - Change Database Version : DB.6.0.100
2024-07-15 14:08:17,800 [INFO] McuFinderGlobals:63 - Set McuFinder mode to 2 (CubeIDE integrated)
2024-07-15 14:08:17,801 [INFO] UserAuth:180 - activating auth plugin
2024-07-15 14:08:17,803 [INFO] UserAuth:404 - Internet connection configuration mode: 1
2024-07-15 14:08:17,814 [INFO] JxBrowserEngine:152 - Initiate JxBrowser Engine with user profile folder
2024-07-15 14:08:17,968 [INFO] CheckServerUpdateThread:120 - End of CheckServer Thread
2024-07-15 14:08:18,383 [INFO] WebApp:161 - Instantiating new browser for Auth
2024-07-15 14:08:18,788 [INFO] WebApp:780 - Register for checkConnection events
2024-07-15 14:08:18,788 [INFO] WebApp:414 - Apply proxy settings
2024-07-15 14:08:18,788 [INFO] WebApp:499 - Chromium requires no authentication
2024-07-15 14:08:18,792 [INFO] WebApp:442 - Direct internet connection detected
2024-07-15 14:08:18,894 [INFO] WebApp:192 - Starting web application
2024-07-15 14:08:18,894 [INFO] WebApp:544 - Web application path used C:\my_workspace\my_software\stm32cubeide\STM32CubeIDE_1.14.1\STM32CubeIDE\plugins\com.st.stm32cube.common.mx_6.10.0.202311202037\db\plugins\mcufinder\reactClient1\index.html
2024-07-15 14:08:21,226 [WARN] PackLoader:240 - Cannot read IP mode file for STMicroelectronics.FP-SNS-MOTENVWB1.1.4.0
2024-07-15 14:08:21,238 [WARN] PackLoader:240 - Cannot read IP mode file for STMicroelectronics.X-CUBE-SMBUS.2.1.0
2024-07-15 14:08:21,246 [WARN] PackLoader:240 - Cannot read IP mode file for STMicroelectronics.X-CUBE-TOUCHGFX.4.23.1
2024-07-15 14:08:21,250 [WARN] PackLoader:240 - Cannot read IP mode file for STMicroelectronics.X-CUBE-TOUCHGFX.4.23.0
2024-07-15 14:08:21,254 [WARN] PackLoader:240 - Cannot read IP mode file for STMicroelectronics.X-CUBE-TOUCHGFX.4.23.2
2024-07-15 14:08:21,284 [WARN] PackLoader:240 - Cannot read IP mode file for STMicroelectronics.X-CUBE-AZRTOS-F7.1.1.0
2024-07-15 14:08:21,296 [WARN] PackLoader:240 - Cannot read IP mode file for STMicroelectronics.FP-SNS-MOTENV1.4.3.2
2024-07-15 14:08:21,307 [WARN] PackLoader:240 - Cannot read IP mode file for STMicroelectronics.FP-SNS-FLIGHT1.5.0.2
2024-07-15 14:08:21,338 [WARN] PackLoader:240 - Cannot read IP mode file for STMicroelectronics.X-CUBE-DISPLAY.3.0.0
2024-07-15 14:08:21,350 [WARN] PackLoader:240 - Cannot read IP mode file for STMicroelectronics.X-CUBE-BLE1.7.0.0
2024-07-15 14:08:21,359 [WARN] PackLoader:240 - Cannot read IP mode file for emotas.I-CUBE-CANOPEN.1.3.0
2024-07-15 14:08:21,364 [WARN] PackLoader:240 - Cannot read IP mode file for STMicroelectronics.FP-SNS-SMARTAG2.1.2.0
2024-07-15 14:08:21,375 [INFO] LogOutputStream:77 - [STDOUT_REDIRECT] 1 : Invalid condition id : UX_CORESTACK_Condition cause : null
2024-07-15 14:08:21,375 [INFO] LogOutputStream:77 - [STDOUT_REDIRECT] 1 : Invalid condition id : UX_CORESTACK_Condition cause : null
2024-07-15 14:08:21,376 [INFO] LogOutputStream:77 - [STDOUT_REDIRECT] 1 : Invalid condition id : UX_CORESTACK_Condition cause : null
2024-07-15 14:08:21,377 [INFO] LogOutputStream:77 - [STDOUT_REDIRECT] 1 : Invalid condition id : UX_CORESTACK_Condition cause : null
2024-07-15 14:08:21,377 [INFO] LogOutputStream:77 - [STDOUT_REDIRECT] 1 : Invalid condition id : UX_CORESTACK_Condition cause : null
2024-07-15 14:08:21,380 [WARN] PackLoader:240 - Cannot read IP mode file for STMicroelectronics.X-CUBE-AZRTOS-WL.2.0.0
2024-07-15 14:08:21,386 [WARN] PackLoader:240 - Cannot read IP mode file for STMicroelectronics.FP-SNS-MOTENV1.5.0.0
2024-07-15 14:08:21,394 [WARN] PackLoader:240 - Cannot read IP mode file for wolfSSL.I-CUBE-wolfMQTT.1.19.0
2024-07-15 14:08:21,401 [WARN] PackLoader:240 - Cannot read IP mode file for STMicroelectronics.X-CUBE-BLE2.3.3.0
2024-07-15 14:08:21,407 [WARN] PackLoader:240 - Cannot read IP mode file for STMicroelectronics.X-CUBE-TCPP.4.1.0
2024-07-15 14:08:21,416 [WARN] PackLoader:240 - Cannot read IP mode file for STMicroelectronics.X-CUBE-ALGOBUILD.1.3.0
2024-07-15 14:08:21,433 [WARN] PackLoader:240 - Cannot read IP mode file for STMicroelectronics.X-CUBE-AZRTOS-G0.1.1.0
2024-07-15 14:08:21,444 [WARN] PackLoader:240 - Cannot read IP mode file for STMicroelectronics.X-CUBE-SAFEA1.1.2.2
2024-07-15 14:08:21,451 [WARN] PackLoader:240 - Cannot read IP mode file for STMicroelectronics.X-CUBE-NFC4.3.0.0
2024-07-15 14:08:21,465 [WARN] PackLoader:240 - Cannot read IP mode file for EmbeddedOffice.I-CUBE-FS-RTOS.1.0.1
2024-07-15 14:08:21,466 [ERROR] ConditionMgr:805 - Attr not supported : Dmpu
2024-07-15 14:08:21,466 [ERROR] ConditionMgr:805 - Attr not supported : Dmpu
2024-07-15 14:08:21,466 [ERROR] ConditionMgr:805 - Attr not supported : Dmpu
2024-07-15 14:08:21,466 [ERROR] ConditionMgr:805 - Attr not supported : Dmpu
2024-07-15 14:08:21,466 [ERROR] ConditionMgr:805 - Attr not supported : Dmpu
2024-07-15 14:08:21,466 [ERROR] ConditionMgr:805 - Attr not supported : Dmpu
2024-07-15 14:08:21,467 [ERROR] ConditionMgr:805 - Attr not supported : Dmpu
2024-07-15 14:08:21,467 [ERROR] ConditionMgr:805 - Attr not supported : Dmpu
2024-07-15 14:08:21,467 [ERROR] ConditionMgr:805 - Attr not supported : Dmpu
2024-07-15 14:08:21,467 [ERROR] ConditionMgr:805 - Attr not supported : Dmpu
2024-07-15 14:08:21,467 [ERROR] ConditionMgr:805 - Attr not supported : Dmpu
2024-07-15 14:08:21,467 [ERROR] ConditionMgr:805 - Attr not supported : Dmpu
2024-07-15 14:08:21,467 [ERROR] ConditionMgr:805 - Attr not supported : Dmpu
2024-07-15 14:08:21,467 [ERROR] ConditionMgr:805 - Attr not supported : Dmpu
2024-07-15 14:08:21,467 [ERROR] ConditionMgr:805 - Attr not supported : Dmpu
2024-07-15 14:08:21,467 [ERROR] ConditionMgr:805 - Attr not supported : Dmpu
2024-07-15 14:08:21,467 [ERROR] ConditionMgr:805 - Attr not supported : Dmpu
2024-07-15 14:08:21,467 [ERROR] ConditionMgr:805 - Attr not supported : Dmpu
2024-07-15 14:08:21,467 [ERROR] ConditionMgr:805 - Attr not supported : Dmpu
2024-07-15 14:08:21,468 [ERROR] ConditionMgr:805 - Attr not supported : Dmpu
2024-07-15 14:08:21,468 [ERROR] ConditionMgr:805 - Attr not supported : Dmpu
2024-07-15 14:08:21,468 [ERROR] ConditionMgr:805 - Attr not supported : Dmpu
2024-07-15 14:08:21,468 [ERROR] ConditionMgr:805 - Attr not supported : Dmpu
2024-07-15 14:08:21,468 [ERROR] ConditionMgr:805 - Attr not supported : Dmpu
2024-07-15 14:08:21,468 [ERROR] ConditionMgr:805 - Attr not supported : Dmpu
2024-07-15 14:08:21,468 [ERROR] ConditionMgr:805 - Attr not supported : Dmpu
2024-07-15 14:08:21,468 [ERROR] ConditionMgr:805 - Attr not supported : Dmpu
2024-07-15 14:08:21,468 [ERROR] ConditionMgr:805 - Attr not supported : Dmpu
2024-07-15 14:08:21,468 [ERROR] ConditionMgr:805 - Attr not supported : Dmpu
2024-07-15 14:08:21,468 [ERROR] ConditionMgr:805 - Attr not supported : Dmpu
2024-07-15 14:08:21,468 [ERROR] ConditionMgr:805 - Attr not supported : Dmpu
2024-07-15 14:08:21,468 [ERROR] ConditionMgr:805 - Attr not supported : Dmpu
2024-07-15 14:08:21,468 [ERROR] ConditionMgr:805 - Attr not supported : Dmpu
2024-07-15 14:08:21,469 [ERROR] ConditionMgr:805 - Attr not supported : Dmpu
2024-07-15 14:08:21,469 [ERROR] ConditionMgr:805 - Attr not supported : Dmpu
2024-07-15 14:08:21,469 [ERROR] ConditionMgr:805 - Attr not supported : Dmpu
2024-07-15 14:08:21,469 [ERROR] ConditionMgr:805 - Attr not supported : Dmpu
2024-07-15 14:08:21,469 [ERROR] ConditionMgr:805 - Attr not supported : Dmpu
2024-07-15 14:08:21,469 [ERROR] ConditionMgr:805 - Attr not supported : Dmpu
2024-07-15 14:08:21,469 [ERROR] ConditionMgr:805 - Attr not supported : Dmpu
2024-07-15 14:08:21,469 [ERROR] ConditionMgr:805 - Attr not supported : Dmpu
2024-07-15 14:08:21,469 [ERROR] ConditionMgr:805 - Attr not supported : Dmpu
2024-07-15 14:08:21,469 [ERROR] ConditionMgr:805 - Attr not supported : Dmpu
2024-07-15 14:08:21,469 [ERROR] ConditionMgr:805 - Attr not supported : Dmpu
2024-07-15 14:08:21,469 [ERROR] ConditionMgr:805 - Attr not supported : Dmpu
2024-07-15 14:08:21,470 [ERROR] ConditionMgr:805 - Attr not supported : Dmpu
2024-07-15 14:08:21,470 [ERROR] ConditionMgr:805 - Attr not supported : Dmpu
2024-07-15 14:08:21,470 [ERROR] ConditionMgr:805 - Attr not supported : Dmpu
2024-07-15 14:08:21,470 [ERROR] ConditionMgr:805 - Attr not supported : Dmpu
2024-07-15 14:08:21,470 [ERROR] ConditionMgr:805 - Attr not supported : Dmpu
2024-07-15 14:08:21,470 [ERROR] ConditionMgr:805 - Attr not supported : Dmpu
2024-07-15 14:08:21,470 [ERROR] ConditionMgr:805 - Attr not supported : Dmpu
2024-07-15 14:08:21,470 [ERROR] ConditionMgr:805 - Attr not supported : Dmpu
2024-07-15 14:08:21,470 [ERROR] ConditionMgr:805 - Attr not supported : Dmpu
2024-07-15 14:08:21,470 [ERROR] ConditionMgr:805 - Attr not supported : Dmpu
2024-07-15 14:08:21,470 [ERROR] ConditionMgr:805 - Attr not supported : Dmpu
2024-07-15 14:08:21,470 [ERROR] ConditionMgr:805 - Attr not supported : Dmpu
2024-07-15 14:08:21,470 [ERROR] ConditionMgr:805 - Attr not supported : Dmpu
2024-07-15 14:08:21,470 [ERROR] ConditionMgr:805 - Attr not supported : Dmpu
2024-07-15 14:08:21,471 [ERROR] ConditionMgr:805 - Attr not supported : Dmpu
2024-07-15 14:08:21,471 [ERROR] ConditionMgr:805 - Attr not supported : Dmpu
2024-07-15 14:08:21,471 [ERROR] ConditionMgr:805 - Attr not supported : Dmpu
2024-07-15 14:08:21,471 [ERROR] ConditionMgr:805 - Attr not supported : Dmpu
2024-07-15 14:08:21,471 [ERROR] ConditionMgr:805 - Attr not supported : Dmpu
2024-07-15 14:08:21,481 [WARN] PackLoader:240 - Cannot read IP mode file for RealThread.X-CUBE-RT-Thread_Nano.4.1.1
2024-07-15 14:08:21,486 [WARN] PackLoader:240 - Cannot read IP mode file for STMicroelectronics.FP-ATR-SIGFOX1.3.2.0
2024-07-15 14:08:21,518 [WARN] PackLoader:240 - Cannot read IP mode file for SEGGER.I-CUBE-embOS.1.3.1
2024-07-15 14:08:21,562 [WARN] PackLoader:240 - Cannot read IP mode file for STMicroelectronics.X-CUBE-ALGOBUILD.1.4.0
2024-07-15 14:08:21,578 [WARN] PackLoader:240 - Cannot read IP mode file for STMicroelectronics.X-CUBE-GNSS1.6.0.0
2024-07-15 14:08:21,617 [WARN] PackLoader:240 - Cannot read IP mode file for STMicroelectronics.X-CUBE-AZRTOS-F4.1.1.0
2024-07-15 14:08:21,635 [WARN] PackLoader:240 - Cannot read IP mode file for STMicroelectronics.X-CUBE-FREERTOS.1.2.0
2024-07-15 14:08:21,654 [WARN] PackLoader:240 - Cannot read IP mode file for STMicroelectronics.X-CUBE-AZRTOS-L5.2.0.0
2024-07-15 14:08:21,667 [WARN] PackLoader:240 - Cannot read IP mode file for STMicroelectronics.X-CUBE-NFC6.3.1.0
2024-07-15 14:08:21,677 [WARN] PackLoader:240 - Cannot read IP mode file for ITTIA_DB.I-CUBE-ITTIADB.8.8.0
2024-07-15 14:08:21,686 [WARN] PackLoader:240 - Cannot read IP mode file for STMicroelectronics.X-CUBE-DPower.1.2.0
2024-07-15 14:08:21,693 [WARN] PackLoader:240 - Cannot read IP mode file for STMicroelectronics.X-CUBE-AI.9.0.0
2024-07-15 14:08:21,700 [WARN] PackLoader:240 - Cannot read IP mode file for STMicroelectronics.X-CUBE-NFC7.1.0.1
2024-07-15 14:08:21,707 [WARN] PackLoader:240 - Cannot read IP mode file for wolfSSL.I-CUBE-wolfTPM.3.2.0
2024-07-15 14:08:21,714 [WARN] PackLoader:240 - Cannot read IP mode file for STMicroelectronics.X-CUBE-NFC6.3.0.0
2024-07-15 14:08:21,719 [WARN] PackLoader:240 - Cannot read IP mode file for STMicroelectronics.X-CUBE-AI.8.1.0
2024-07-15 14:08:21,737 [WARN] ConditionMgr:438 - getConditionDescription Invalid condition id : LAN8742 Phy interface Condition cause : null
2024-07-15 14:08:21,738 [WARN] PackLoader:240 - Cannot read IP mode file for STMicroelectronics.X-CUBE-AZRTOS-L4.2.0.0
2024-07-15 14:08:21,739 [WARN] ConditionMgr:1039 - genDependencies : Invalid condition id : LAN8742 Phy interface Condition cause : null
2024-07-15 14:08:21,740 [WARN] ConditionMgr:1039 - genDependencies : Invalid condition id : LAN8742 Phy interface Condition cause : null
2024-07-15 14:08:21,740 [WARN] ConditionMgr:1039 - genDependencies : Invalid condition id : LAN8742 Phy interface Condition cause : null
2024-07-15 14:08:21,747 [WARN] PackLoader:240 - Cannot read IP mode file for STMicroelectronics.X-CUBE-SFXS2LP1.4.0.0
2024-07-15 14:08:21,761 [WARN] ConditionMgr:438 - getConditionDescription Invalid condition id : UX DEVICE CLASS RTOS Condition cause : null
2024-07-15 14:08:21,762 [WARN] ConditionMgr:438 - getConditionDescription Invalid condition id : UX DEVICE CLASS RTOS Condition cause : null
2024-07-15 14:08:21,764 [WARN] PackLoader:240 - Cannot read IP mode file for STMicroelectronics.X-CUBE-AZRTOS-WB.2.0.0
2024-07-15 14:08:21,764 [WARN] ConditionMgr:1039 - genDependencies : Invalid condition id : UX DEVICE CLASS RTOS Condition cause : null
2024-07-15 14:08:21,765 [WARN] ConditionMgr:1039 - genDependencies : Invalid condition id : UX DEVICE CLASS RTOS Condition cause : null
2024-07-15 14:08:21,765 [WARN] ConditionMgr:1039 - genDependencies : Invalid condition id : UX DEVICE CLASS RTOS Condition cause : null
2024-07-15 14:08:21,765 [WARN] ConditionMgr:1039 - genDependencies : Invalid condition id : UX DEVICE CLASS RTOS Condition cause : null
2024-07-15 14:08:21,765 [WARN] ConditionMgr:1039 - genDependencies : Invalid condition id : UX DEVICE CLASS RTOS Condition cause : null
2024-07-15 14:08:21,776 [WARN] PackLoader:240 - Cannot read IP mode file for STMicroelectronics.X-CUBE-SUBG2.5.0.0
2024-07-15 14:08:21,790 [WARN] PackLoader:240 - Cannot read IP mode file for Cesanta.I-CUBE-Mongoose.7.13.0
2024-07-15 14:08:21,804 [WARN] PackLoader:240 - Cannot read IP mode file for STMicroelectronics.X-CUBE-AZRTOS-G4.2.0.0
2024-07-15 14:08:21,824 [WARN] PackLoader:240 - Cannot read IP mode file for Infineon.AIROC-Wi-Fi-Bluetooth-STM32.1.5.1
2024-07-15 14:08:21,833 [WARN] PackLoader:240 - Cannot read IP mode file for STMicroelectronics.FP-SNS-MOTENVWB1.1.3.1
2024-07-15 14:08:21,840 [WARN] PackLoader:240 - Cannot read IP mode file for STMicroelectronics.X-CUBE-ALS.1.0.2
2024-07-15 14:08:21,877 [WARN] PackLoader:240 - Cannot read IP mode file for STMicroelectronics.X-CUBE-MEMS1.10.0.0
2024-07-15 14:08:21,958 [WARN] PackLoader:240 - Cannot read IP mode file for STMicroelectronics.X-CUBE-FREERTOS.1.1.0
2024-07-15 14:08:21,963 [WARN] PackLoader:240 - Cannot read IP mode file for STMicroelectronics.X-CUBE-TOUCHGFX.4.24.0
2024-07-15 14:08:21,971 [WARN] PackLoader:240 - Cannot read IP mode file for portGmbH.I-Cube-SoM-uGOAL.1.1.0
2024-07-15 14:08:21,976 [WARN] PackLoader:240 - Cannot read IP mode file for STMicroelectronics.X-CUBE-ALS.1.0.1
2024-07-15 14:08:21,992 [WARN] PackLoader:240 - Cannot read IP mode file for STMicroelectronics.X-CUBE-AZRTOS-H7RS.1.0.0
2024-07-15 14:08:22,001 [WARN] PackLoader:240 - Cannot read IP mode file for STMicroelectronics.FP-ATR-ASTRA1.2.0.0
2024-07-15 14:08:22,008 [WARN] PackLoader:240 - Cannot read IP mode file for wolfSSL.I-CUBE-wolfSSH.1.4.17
2024-07-15 14:08:22,009 [INFO] ThirdParty:978 - Integrity check success = true
2024-07-15 14:08:22,009 [INFO] IntegrityCheckThread:100 - exiting critical section [integrity check]
2024-07-15 14:08:22,009 [INFO] IntegrityCheckThread:103 - End integrity checks thread
2024-07-15 14:08:39,424 [ERROR] LogOutputStream:75 - [STDERR_REDIRECT] SLF4J: Failed to load class "org.slf4j.impl.StaticLoggerBinder".
2024-07-15 14:08:39,426 [ERROR] LogOutputStream:75 - [STDERR_REDIRECT] SLF4J: Defaulting to no-operation (NOP) logger implementation
2024-07-15 14:08:39,427 [ERROR] LogOutputStream:75 - [STDERR_REDIRECT] SLF4J: See http://www.slf4j.org/codes.html#StaticLoggerBinder for further details.
2024-07-15 14:30:33,812 [ERROR] LogOutputStream:75 - [STDERR_REDIRECT] 
