2024-07-12 13:08:09,477 [INFO] Activator:176 - 


2024-07-12 13:08:09,484 [INFO] Activator:177 - !SESSION log4j initialized
2024-07-12 13:08:12,852 [INFO] LogOutputStream:77 - [STDOUT_REDIRECT] 
2024-07-12 13:08:17,591 [ERROR] ConfigurationRetriever:142 - IOException on connection: sw-center.st.com
2024-07-12 13:08:17,591 [ERROR] ConfigurationRetriever:142 - IOException on connection: sw-center.st.com
2024-07-12 13:08:17,592 [ERROR] ConfigurationRetriever:142 - IOException on connection: sw-center.st.com
2024-07-12 13:08:18,659 [ERROR] ConfigurationRetriever:142 - IOException on connection: sw-center.st.com
2024-07-12 13:08:18,660 [ERROR] ConfigurationRetriever:142 - IOException on connection: sw-center.st.com
2024-07-12 13:08:18,660 [ERROR] ConfigurationRetriever:142 - IOException on connection: sw-center.st.com
2024-07-12 13:08:19,333 [INFO] ApplicationProperties:184 - Using Application install path: C:\my_workspace\my_software\stm32cubeide\STM32CubeIDE_1.14.1\STM32CubeIDE\plugins\com.st.stm32cube.common.mx_6.10.0.202311202037
2024-07-12 13:08:19,348 [INFO] DbMcusXml:78 - Set database path to: C:\my_workspace\my_software\stm32cubeide\STM32CubeIDE_1.14.1\STM32CubeIDE\plugins\com.st.stm32cube.common.mx_6.10.0.202311202037\\db\/mcu/
2024-07-12 13:08:19,348 [INFO] ApiDb:274 - Set plugin database path to: C:\my_workspace\my_software\stm32cubeide\STM32CubeIDE_1.14.1\STM32CubeIDE\plugins\com.st.stm32cube.common.mx_6.10.0.202311202037\\db\/plugins/boardmanager/
2024-07-12 13:08:19,349 [WARN] ApiDb:259 - Overriding images path with different value:  => C:\my_workspace\my_software\stm32cubeide\STM32CubeIDE_1.14.1\STM32CubeIDE\plugins\com.st.stm32cube.common.mx_6.10.0.202311202037\\db\/plugins/mcufinder/images/
2024-07-12 13:08:19,367 [INFO] ApiDb:250 - Set database path to: C:\Users\ECA1WX\.stmcufinder\plugins\mcufinder//mcu/
2024-07-12 13:08:19,368 [INFO] DbMcusAds:125 - Set database path to: C:\Users\ECA1WX\.stmcufinder\plugins\mcufinder//mcu/
2024-07-12 13:08:19,369 [INFO] CrossReferenceDbSqlite:203 - Set database path to: C:\Users\ECA1WX\.stmcufinder\plugins\mcufinder//mcu/cs/
2024-07-12 13:08:19,441 [INFO] RulesReader:64 - Compatibility file has been processed (297 Rules)
2024-07-12 13:08:19,539 [INFO] DbMcusXml:78 - Set database path to: C:\my_workspace\my_software\stm32cubeide\STM32CubeIDE_1.14.1\STM32CubeIDE\plugins\com.st.stm32cube.common.mx_6.10.0.202311202037\\db\/mcu/
2024-07-12 13:08:19,539 [INFO] ApiDb:274 - Set plugin database path to: C:\my_workspace\my_software\stm32cubeide\STM32CubeIDE_1.14.1\STM32CubeIDE\plugins\com.st.stm32cube.common.mx_6.10.0.202311202037\\db\/plugins/boardmanager/
2024-07-12 13:08:19,539 [INFO] ApiDb:261 - Set plugin images path to: C:\my_workspace\my_software\stm32cubeide\STM32CubeIDE_1.14.1\STM32CubeIDE\plugins\com.st.stm32cube.common.mx_6.10.0.202311202037\\db\/plugins/mcufinder/images/
2024-07-12 13:08:19,539 [WARN] DbFile:41 - Overriding database path with different value: C:\Users\ECA1WX\.stmcufinder\plugins\mcufinder/ => C:\Users\ECA1WX\.stmcufinder\plugins\mcufinder
2024-07-12 13:08:19,539 [INFO] ApiDb:250 - Set database path to: C:\Users\ECA1WX\.stmcufinder\plugins\mcufinder//mcu/
2024-07-12 13:08:19,539 [WARN] DbFile:41 - Overriding database path with different value: C:\Users\ECA1WX\.stmcufinder\plugins\mcufinder/ => C:\Users\ECA1WX\.stmcufinder\plugins\mcufinder
2024-07-12 13:08:19,539 [INFO] DbMcusAds:125 - Set database path to: C:\Users\ECA1WX\.stmcufinder\plugins\mcufinder//mcu/
2024-07-12 13:08:19,539 [WARN] DbFile:41 - Overriding database path with different value: C:\Users\ECA1WX\.stmcufinder\plugins\mcufinder/ => C:\Users\ECA1WX\.stmcufinder\plugins\mcufinder
2024-07-12 13:08:19,539 [WARN] DbFile:41 - Overriding database path with different value: C:\Users\ECA1WX\.stmcufinder\plugins\mcufinder/ => C:\Users\ECA1WX\.stmcufinder\plugins\mcufinder
2024-07-12 13:08:19,539 [INFO] CrossReferenceDbSqlite:203 - Set database path to: C:\Users\ECA1WX\.stmcufinder\plugins\mcufinder//mcu/cs/
2024-07-12 13:08:19,619 [INFO] MainPanel:264 - HeapMemory: 268435456
2024-07-12 13:08:19,690 [INFO] DbMcusXml:78 - Set database path to: C:\my_workspace\my_software\stm32cubeide\STM32CubeIDE_1.14.1\STM32CubeIDE\plugins\com.st.stm32cube.common.mx_6.10.0.202311202037\\db\/mcu/
2024-07-12 13:08:19,690 [INFO] ApiDb:274 - Set plugin database path to: C:\my_workspace\my_software\stm32cubeide\STM32CubeIDE_1.14.1\STM32CubeIDE\plugins\com.st.stm32cube.common.mx_6.10.0.202311202037\\db\/plugins/boardmanager/
2024-07-12 13:08:19,690 [INFO] ApiDb:261 - Set plugin images path to: C:\my_workspace\my_software\stm32cubeide\STM32CubeIDE_1.14.1\STM32CubeIDE\plugins\com.st.stm32cube.common.mx_6.10.0.202311202037\\db\/plugins/mcufinder/images/
2024-07-12 13:08:19,690 [WARN] DbFile:41 - Overriding database path with different value: C:\Users\ECA1WX\.stmcufinder\plugins\mcufinder/ => C:\Users\ECA1WX\.stmcufinder\plugins\mcufinder
2024-07-12 13:08:19,690 [INFO] ApiDb:250 - Set database path to: C:\Users\ECA1WX\.stmcufinder\plugins\mcufinder//mcu/
2024-07-12 13:08:19,690 [WARN] DbFile:41 - Overriding database path with different value: C:\Users\ECA1WX\.stmcufinder\plugins\mcufinder/ => C:\Users\ECA1WX\.stmcufinder\plugins\mcufinder
2024-07-12 13:08:19,690 [INFO] DbMcusAds:125 - Set database path to: C:\Users\ECA1WX\.stmcufinder\plugins\mcufinder//mcu/
2024-07-12 13:08:19,690 [WARN] DbFile:41 - Overriding database path with different value: C:\Users\ECA1WX\.stmcufinder\plugins\mcufinder/ => C:\Users\ECA1WX\.stmcufinder\plugins\mcufinder
2024-07-12 13:08:19,690 [WARN] DbFile:41 - Overriding database path with different value: C:\Users\ECA1WX\.stmcufinder\plugins\mcufinder/ => C:\Users\ECA1WX\.stmcufinder\plugins\mcufinder
2024-07-12 13:08:19,690 [INFO] CrossReferenceDbSqlite:203 - Set database path to: C:\Users\ECA1WX\.stmcufinder\plugins\mcufinder//mcu/cs/
2024-07-12 13:08:19,705 [INFO] ApplicationProperties:184 - Using Application install path: C:\my_workspace\my_software\stm32cubeide\STM32CubeIDE_1.14.1\STM32CubeIDE\plugins\com.st.stm32cube.common.mx_6.10.0.202311202037
2024-07-12 13:08:19,707 [INFO] PluginManage:196 - Search for loadable plugins [exclusion list=, ]
2024-07-12 13:08:19,710 [INFO] PluginManage:310 - Check plugin analytics
2024-07-12 13:08:24,343 [INFO] AnalyticsPlugin:253 - Accepted Software Licenses: 
2024-07-12 13:08:24,343 [INFO] AnalyticsPlugin:255 - Accepted CMSIS Pack Licenses: 
2024-07-12 13:08:24,343 [INFO] AnalyticsPlugin:257 - Accepted Firmware Licenses: FW.F7.1.17.0
2024-07-12 13:08:24,345 [INFO] PluginManage:359 - Loaded plugin analytics (category:tool,tabindex:-1)
2024-07-12 13:08:24,345 [INFO] PluginManage:310 - Check plugin cadmodel
2024-07-12 13:08:24,345 [ERROR] ConfigurationRetriever:142 - IOException on connection: sw-center.st.com
2024-07-12 13:08:24,346 [ERROR] ConfigurationRetriever:142 - IOException on connection: sw-center.st.com
2024-07-12 13:08:24,346 [ERROR] ConfigurationRetriever:142 - IOException on connection: sw-center.st.com
2024-07-12 13:08:24,390 [INFO] CADModel:105 - Init CAD model plugin
2024-07-12 13:08:24,390 [INFO] PluginManage:359 - Loaded plugin cadmodel (category:power,tabindex:5)
2024-07-12 13:08:24,391 [INFO] PluginManage:310 - Check plugin clock
2024-07-12 13:08:24,422 [INFO] PluginManage:359 - Loaded plugin clock (category:base,tabindex:2)
2024-07-12 13:08:24,422 [INFO] PluginManage:310 - Check plugin ddr
2024-07-12 13:08:24,424 [INFO] PluginManage:359 - Loaded plugin ddr (category:tool,tabindex:6)
2024-07-12 13:08:24,424 [INFO] PluginManage:310 - Check plugin filemanager
2024-07-12 13:08:24,526 [INFO] PluginManage:359 - Loaded plugin filemanager (category:base,tabindex:10)
2024-07-12 13:08:24,526 [INFO] PluginManage:310 - Check plugin ipmanager
2024-07-12 13:08:24,533 [INFO] PluginManage:359 - Loaded plugin ipmanager (category:base,tabindex:5)
2024-07-12 13:08:24,533 [INFO] PluginManage:310 - Check plugin lpbam
2024-07-12 13:08:24,551 [INFO] PluginManage:359 - Loaded plugin lpbam (category:base,tabindex:0)
2024-07-12 13:08:24,551 [INFO] PluginManage:310 - Check plugin memorymap
2024-07-12 13:08:24,570 [INFO] PluginManage:359 - Loaded plugin memorymap (category:base,tabindex:4)
2024-07-12 13:08:24,571 [INFO] PluginManage:310 - Check plugin pinoutandconfiguration
2024-07-12 13:08:24,585 [INFO] PluginManage:359 - Loaded plugin pinoutandconfiguration (category:base,tabindex:1)
2024-07-12 13:08:24,585 [INFO] PluginManage:310 - Check plugin pinoutconfig
2024-07-12 13:08:24,656 [WARN] SupportedApi:132 - Cannot load RTOS API schema: s4s-elt-must-match.1: The content of 'definitions' must match (annotation?, (simpleType | complexType)?, (unique | key | keyref)*)). A problem was found starting at: attribute.
2024-07-12 13:08:24,747 [INFO] PluginManage:359 - Loaded plugin pinoutconfig (category:base,tabindex:0)
2024-07-12 13:08:24,747 [INFO] PluginManage:310 - Check plugin power
2024-07-12 13:08:24,868 [INFO] PluginManage:359 - Loaded plugin power (category:power,tabindex:4)
2024-07-12 13:08:24,868 [INFO] PluginManage:310 - Check plugin projectmanager
2024-07-12 13:08:24,881 [INFO] PluginManage:359 - Loaded plugin projectmanager (category:projectmanager,tabindex:3)
2024-07-12 13:08:24,881 [INFO] PluginManage:310 - Check plugin thirdparty
2024-07-12 13:08:25,015 [INFO] PluginManage:359 - Loaded plugin thirdparty (category:base,tabindex:-1)
2024-07-12 13:08:25,016 [INFO] PluginManage:310 - Check plugin tools
2024-07-12 13:08:25,016 [WARN] IntegrityCheckThread:84 - waiting for thirdparty lock release [integrity check]
2024-07-12 13:08:25,016 [INFO] IntegrityCheckThread:86 - entering critical section [integrity check]
2024-07-12 13:08:25,016 [INFO] ThirdPartyUpdaterWithRetryManager:70 - Updater plugin not ready yet. [1/15]
2024-07-12 13:08:25,024 [INFO] PluginManage:359 - Loaded plugin tools (category:base,tabindex:7)
2024-07-12 13:08:25,024 [INFO] PluginManage:310 - Check plugin tutovideos
2024-07-12 13:08:25,158 [INFO] PluginManage:359 - Loaded plugin tutovideos (category:base,tabindex:-1)
2024-07-12 13:08:25,158 [INFO] PluginManage:310 - Check plugin updater
2024-07-12 13:08:25,165 [INFO] PluginManage:359 - Loaded plugin updater (category:base,tabindex:12)
2024-07-12 13:08:25,165 [INFO] PluginManage:310 - Check plugin userauth
2024-07-12 13:08:25,168 [INFO] UserAuth:114 - Init User Auth plugin
2024-07-12 13:08:25,168 [INFO] PluginManage:359 - Loaded plugin userauth (category:base,tabindex:14)
2024-07-12 13:08:25,168 [INFO] PluginManage:283 - PluginManage : Loaded plugins [17]
2024-07-12 13:08:25,338 [INFO] PinOutPanel:1499 - setPackage(No Configuration,No Configuration)
2024-07-12 13:08:25,401 [INFO] CADModel:165 - CPN selected for project level
2024-07-12 13:08:25,402 [INFO] CADModel:114 - Register for checkConnection events
2024-07-12 13:08:25,424 [INFO] IPUIPlugin:80 - create IPUIPlugin
2024-07-12 13:08:25,424 [INFO] PluginManager:220 - loadIPPluginJar : add adc
2024-07-12 13:08:25,432 [INFO] IPUIPlugin:80 - create IPUIPlugin
2024-07-12 13:08:25,432 [INFO] PluginManager:220 - loadIPPluginJar : add aes
2024-07-12 13:08:25,442 [INFO] IPUIPlugin:80 - create IPUIPlugin
2024-07-12 13:08:25,442 [INFO] PluginManager:220 - loadIPPluginJar : add can
2024-07-12 13:08:25,452 [INFO] IPUIPlugin:80 - create IPUIPlugin
2024-07-12 13:08:25,452 [INFO] PluginManager:220 - loadIPPluginJar : add comp
2024-07-12 13:08:25,460 [INFO] IPUIPlugin:80 - create IPUIPlugin
2024-07-12 13:08:25,460 [INFO] PluginManager:220 - loadIPPluginJar : add cryp
2024-07-12 13:08:25,467 [INFO] IPUIPlugin:80 - create IPUIPlugin
2024-07-12 13:08:25,467 [INFO] PluginManager:220 - loadIPPluginJar : add dfsdm
2024-07-12 13:08:25,477 [INFO] IPUIPlugin:80 - create IPUIPlugin
2024-07-12 13:08:25,478 [INFO] PluginManager:220 - loadIPPluginJar : add dma
2024-07-12 13:08:25,484 [INFO] IPUIPlugin:80 - create IPUIPlugin
2024-07-12 13:08:25,484 [INFO] PluginManager:220 - loadIPPluginJar : add dma3
2024-07-12 13:08:25,492 [INFO] IPUIPlugin:80 - create IPUIPlugin
2024-07-12 13:08:25,492 [INFO] PluginManager:220 - loadIPPluginJar : add fatfs
2024-07-12 13:08:25,500 [INFO] IPUIPlugin:80 - create IPUIPlugin
2024-07-12 13:08:25,501 [INFO] PluginManager:220 - loadIPPluginJar : add fmc
2024-07-12 13:08:25,515 [INFO] IPUIPlugin:80 - create IPUIPlugin
2024-07-12 13:08:25,515 [INFO] PluginManager:220 - loadIPPluginJar : add freertos
2024-07-12 13:08:25,522 [INFO] IPUIPlugin:80 - create IPUIPlugin
2024-07-12 13:08:25,523 [INFO] PluginManager:220 - loadIPPluginJar : add genericplugin
2024-07-12 13:08:25,532 [INFO] IPUIPlugin:80 - create IPUIPlugin
2024-07-12 13:08:25,532 [INFO] PluginManager:220 - loadIPPluginJar : add gfxmmu
2024-07-12 13:08:25,544 [INFO] IPUIPlugin:80 - create IPUIPlugin
2024-07-12 13:08:25,544 [INFO] PluginManager:220 - loadIPPluginJar : add gic
2024-07-12 13:08:25,555 [INFO] IPUIPlugin:80 - create IPUIPlugin
2024-07-12 13:08:25,555 [INFO] PluginManager:220 - loadIPPluginJar : add gpio
2024-07-12 13:08:25,563 [INFO] IPUIPlugin:80 - create IPUIPlugin
2024-07-12 13:08:25,563 [INFO] PluginManager:220 - loadIPPluginJar : add gtzc
2024-07-12 13:08:25,572 [INFO] IPUIPlugin:80 - create IPUIPlugin
2024-07-12 13:08:25,572 [INFO] PluginManager:220 - loadIPPluginJar : add hash
2024-07-12 13:08:25,581 [INFO] IPUIPlugin:80 - create IPUIPlugin
2024-07-12 13:08:25,581 [INFO] PluginManager:220 - loadIPPluginJar : add i2c
2024-07-12 13:08:25,590 [INFO] IPUIPlugin:80 - create IPUIPlugin
2024-07-12 13:08:25,590 [INFO] PluginManager:220 - loadIPPluginJar : add i2s
2024-07-12 13:08:25,598 [INFO] IPUIPlugin:80 - create IPUIPlugin
2024-07-12 13:08:25,598 [INFO] PluginManager:220 - loadIPPluginJar : add i3c
2024-07-12 13:08:25,607 [INFO] IPUIPlugin:80 - create IPUIPlugin
2024-07-12 13:08:25,607 [INFO] PluginManager:220 - loadIPPluginJar : add ipddr
2024-07-12 13:08:25,616 [INFO] IPUIPlugin:80 - create IPUIPlugin
2024-07-12 13:08:25,616 [INFO] PluginManager:220 - loadIPPluginJar : add linkedlist
2024-07-12 13:08:25,623 [INFO] IPUIPlugin:80 - create IPUIPlugin
2024-07-12 13:08:25,623 [INFO] PluginManager:220 - loadIPPluginJar : add lorawan
2024-07-12 13:08:25,631 [INFO] IPUIPlugin:80 - create IPUIPlugin
2024-07-12 13:08:25,631 [INFO] PluginManager:220 - loadIPPluginJar : add ltdc
2024-07-12 13:08:25,641 [INFO] IPUIPlugin:80 - create IPUIPlugin
2024-07-12 13:08:25,641 [INFO] PluginManager:220 - loadIPPluginJar : add mdma
2024-07-12 13:08:25,648 [INFO] IPUIPlugin:80 - create IPUIPlugin
2024-07-12 13:08:25,648 [INFO] PluginManager:220 - loadIPPluginJar : add nvic
2024-07-12 13:08:25,656 [INFO] IPUIPlugin:80 - create IPUIPlugin
2024-07-12 13:08:25,656 [INFO] PluginManager:220 - loadIPPluginJar : add opamp
2024-07-12 13:08:25,663 [INFO] IPUIPlugin:80 - create IPUIPlugin
2024-07-12 13:08:25,664 [INFO] PluginManager:220 - loadIPPluginJar : add openamp
2024-07-12 13:08:25,674 [INFO] IPUIPlugin:80 - create IPUIPlugin
2024-07-12 13:08:25,674 [INFO] PluginManager:220 - loadIPPluginJar : add pdm2pcm
2024-07-12 13:08:25,691 [INFO] IPUIPlugin:80 - create IPUIPlugin
2024-07-12 13:08:25,692 [INFO] PluginManager:220 - loadIPPluginJar : add plateformsettings
2024-07-12 13:08:25,699 [INFO] IPUIPlugin:80 - create IPUIPlugin
2024-07-12 13:08:25,699 [INFO] PluginManager:220 - loadIPPluginJar : add quadspi
2024-07-12 13:08:25,709 [INFO] IPUIPlugin:80 - create IPUIPlugin
2024-07-12 13:08:25,709 [INFO] PluginManager:220 - loadIPPluginJar : add resmgrutility
2024-07-12 13:08:25,717 [INFO] IPUIPlugin:80 - create IPUIPlugin
2024-07-12 13:08:25,717 [INFO] PluginManager:220 - loadIPPluginJar : add sai
2024-07-12 13:08:25,727 [INFO] IPUIPlugin:80 - create IPUIPlugin
2024-07-12 13:08:25,728 [INFO] PluginManager:220 - loadIPPluginJar : add spi
2024-07-12 13:08:25,740 [INFO] IPUIPlugin:80 - create IPUIPlugin
2024-07-12 13:08:25,740 [INFO] PluginManager:220 - loadIPPluginJar : add stm32_wpan
2024-07-12 13:08:25,755 [INFO] IPUIPlugin:80 - create IPUIPlugin
2024-07-12 13:08:25,755 [INFO] PluginManager:220 - loadIPPluginJar : add tim
2024-07-12 13:08:25,768 [INFO] IPUIPlugin:80 - create IPUIPlugin
2024-07-12 13:08:25,768 [INFO] PluginManager:220 - loadIPPluginJar : add touchsensing
2024-07-12 13:08:25,781 [INFO] IPUIPlugin:80 - create IPUIPlugin
2024-07-12 13:08:25,781 [INFO] PluginManager:220 - loadIPPluginJar : add tracer_emb
2024-07-12 13:08:25,794 [INFO] IPUIPlugin:80 - create IPUIPlugin
2024-07-12 13:08:25,794 [INFO] PluginManager:220 - loadIPPluginJar : add ts
2024-07-12 13:08:25,800 [INFO] IPUIPlugin:80 - create IPUIPlugin
2024-07-12 13:08:25,800 [INFO] PluginManager:220 - loadIPPluginJar : add tsc
2024-07-12 13:08:25,812 [INFO] IPUIPlugin:80 - create IPUIPlugin
2024-07-12 13:08:25,812 [INFO] PluginManager:220 - loadIPPluginJar : add ucpd
2024-07-12 13:08:25,820 [INFO] IPUIPlugin:80 - create IPUIPlugin
2024-07-12 13:08:25,820 [INFO] PluginManager:220 - loadIPPluginJar : add usart
2024-07-12 13:08:25,828 [INFO] IPUIPlugin:80 - create IPUIPlugin
2024-07-12 13:08:25,828 [INFO] PluginManager:220 - loadIPPluginJar : add usbx
2024-07-12 13:08:25,942 [INFO] CADModel:165 - CPN selected for project level
2024-07-12 13:08:25,942 [INFO] CADModel:114 - Register for checkConnection events
2024-07-12 13:08:25,942 [FATAL] Updater:308 - Updater called before beeing initialized
2024-07-12 13:08:25,942 [ERROR] CADModel:125 - Updater not yet initialized, retry later 
2024-07-12 13:08:26,040 [INFO] CADModel:165 - CPN selected for project level
2024-07-12 13:08:26,040 [INFO] CADModel:114 - Register for checkConnection events
2024-07-12 13:08:26,040 [FATAL] Updater:308 - Updater called before beeing initialized
2024-07-12 13:08:26,040 [ERROR] CADModel:125 - Updater not yet initialized, retry later 
2024-07-12 13:08:26,043 [FATAL] Updater:308 - Updater called before beeing initialized
2024-07-12 13:08:26,147 [FATAL] Updater:308 - Updater called before beeing initialized
2024-07-12 13:08:26,150 [INFO] DbMcusAds:53 - JSON generation date=Thu Sep 30 14:55:09 CST 2021 (1632984909247)
2024-07-12 13:08:26,150 [FATAL] Updater:308 - Updater called before beeing initialized
2024-07-12 13:08:26,202 [WARN] DetailPanel:346 - Failed to get advertising image, set to default
2024-07-12 13:08:26,270 [FATAL] Updater:308 - Updater called before beeing initialized
2024-07-12 13:08:26,272 [FATAL] Updater:308 - Updater called before beeing initialized
2024-07-12 13:08:26,272 [FATAL] Updater:308 - Updater called before beeing initialized
2024-07-12 13:08:26,272 [WARN] DetailPanel:346 - Failed to get advertising image, set to default
2024-07-12 13:08:26,273 [FATAL] Updater:308 - Updater called before beeing initialized
2024-07-12 13:08:26,307 [ERROR] Updater:1120 - MainUpdater not yet initialized. External WinMGr cannot be set.
2024-07-12 13:08:26,311 [INFO] Updater:1056 - Updater Version found : 6.10.0
2024-07-12 13:08:26,322 [INFO] ApplicationProperties:184 - Using Application install path: C:\my_workspace\my_software\stm32cubeide\STM32CubeIDE_1.14.1\STM32CubeIDE\plugins\com.st.stm32cube.common.mx_6.10.0.202311202037
2024-07-12 13:08:27,894 [ERROR] LogOutputStream:75 - [STDERR_REDIRECT] Jul 12, 2024 1:08:27 PM java.util.prefs.WindowsPreferences <init>
2024-07-12 13:08:27,895 [ERROR] LogOutputStream:75 - [STDERR_REDIRECT] WARNING: Could not open/create prefs root node Software\JavaSoft\Prefs at root 0xffffffff80000002. Windows RegCreateKeyEx(...) returned error code 5.
2024-07-12 13:08:27,895 [ERROR] LogOutputStream:75 - [STDERR_REDIRECT] 
2024-07-12 13:08:28,018 [INFO] ThirdPartyUpdaterWithRetryManager:70 - Updater plugin not ready yet. [2/15]
2024-07-12 13:08:28,057 [INFO] MainUpdater:2873 - connection check result : 22
2024-07-12 13:08:28,058 [INFO] MainUpdater:290 - Updater Check For Update Now.
2024-07-12 13:08:28,058 [INFO] MicroXplorer:498 - Change Database Version : DB.6.0.100
2024-07-12 13:08:28,066 [INFO] McuFinderGlobals:63 - Set McuFinder mode to 2 (CubeIDE integrated)
2024-07-12 13:08:28,066 [INFO] UserAuth:180 - activating auth plugin
2024-07-12 13:08:28,068 [INFO] UserAuth:404 - Internet connection configuration mode: 2
2024-07-12 13:08:28,081 [INFO] UserAuth:404 - Internet connection configuration mode: 2
2024-07-12 13:08:28,215 [INFO] CheckServerUpdateThread:120 - End of CheckServer Thread
2024-07-12 13:08:31,560 [WARN] PackLoader:240 - Cannot read IP mode file for STMicroelectronics.FP-SNS-MOTENVWB1.1.4.0
2024-07-12 13:08:31,576 [WARN] PackLoader:240 - Cannot read IP mode file for STMicroelectronics.X-CUBE-SMBUS.2.1.0
2024-07-12 13:08:31,606 [WARN] PackLoader:240 - Cannot read IP mode file for STMicroelectronics.X-CUBE-TOUCHGFX.4.23.1
2024-07-12 13:08:31,610 [WARN] PackLoader:240 - Cannot read IP mode file for STMicroelectronics.X-CUBE-TOUCHGFX.4.23.0
2024-07-12 13:08:31,614 [WARN] PackLoader:240 - Cannot read IP mode file for STMicroelectronics.X-CUBE-TOUCHGFX.4.23.2
2024-07-12 13:08:31,644 [WARN] PackLoader:240 - Cannot read IP mode file for STMicroelectronics.X-CUBE-AZRTOS-F7.1.1.0
2024-07-12 13:08:31,657 [WARN] PackLoader:240 - Cannot read IP mode file for STMicroelectronics.FP-SNS-MOTENV1.4.3.2
2024-07-12 13:08:31,667 [WARN] PackLoader:240 - Cannot read IP mode file for STMicroelectronics.FP-SNS-FLIGHT1.5.0.2
2024-07-12 13:08:31,678 [WARN] PackLoader:240 - Cannot read IP mode file for STMicroelectronics.X-CUBE-DISPLAY.3.0.0
2024-07-12 13:08:31,693 [WARN] PackLoader:240 - Cannot read IP mode file for STMicroelectronics.X-CUBE-BLE1.7.0.0
2024-07-12 13:08:31,703 [WARN] PackLoader:240 - Cannot read IP mode file for emotas.I-CUBE-CANOPEN.1.3.0
2024-07-12 13:08:31,712 [WARN] PackLoader:240 - Cannot read IP mode file for STMicroelectronics.FP-SNS-SMARTAG2.1.2.0
2024-07-12 13:08:31,725 [INFO] LogOutputStream:77 - [STDOUT_REDIRECT] 1 : Invalid condition id : UX_CORESTACK_Condition cause : null
2024-07-12 13:08:31,726 [INFO] LogOutputStream:77 - [STDOUT_REDIRECT] 1 : Invalid condition id : UX_CORESTACK_Condition cause : null
2024-07-12 13:08:31,727 [INFO] LogOutputStream:77 - [STDOUT_REDIRECT] 1 : Invalid condition id : UX_CORESTACK_Condition cause : null
2024-07-12 13:08:31,728 [INFO] LogOutputStream:77 - [STDOUT_REDIRECT] 1 : Invalid condition id : UX_CORESTACK_Condition cause : null
2024-07-12 13:08:31,728 [INFO] LogOutputStream:77 - [STDOUT_REDIRECT] 1 : Invalid condition id : UX_CORESTACK_Condition cause : null
2024-07-12 13:08:31,731 [WARN] PackLoader:240 - Cannot read IP mode file for STMicroelectronics.X-CUBE-AZRTOS-WL.2.0.0
2024-07-12 13:08:31,737 [WARN] PackLoader:240 - Cannot read IP mode file for STMicroelectronics.FP-SNS-MOTENV1.5.0.0
2024-07-12 13:08:31,746 [WARN] PackLoader:240 - Cannot read IP mode file for wolfSSL.I-CUBE-wolfMQTT.1.19.0
2024-07-12 13:08:31,754 [WARN] PackLoader:240 - Cannot read IP mode file for STMicroelectronics.X-CUBE-BLE2.3.3.0
2024-07-12 13:08:31,766 [WARN] PackLoader:240 - Cannot read IP mode file for STMicroelectronics.X-CUBE-TCPP.4.1.0
2024-07-12 13:08:31,776 [WARN] PackLoader:240 - Cannot read IP mode file for STMicroelectronics.X-CUBE-ALGOBUILD.1.3.0
2024-07-12 13:08:31,796 [WARN] PackLoader:240 - Cannot read IP mode file for STMicroelectronics.X-CUBE-AZRTOS-G0.1.1.0
2024-07-12 13:08:31,807 [WARN] PackLoader:240 - Cannot read IP mode file for STMicroelectronics.X-CUBE-SAFEA1.1.2.2
2024-07-12 13:08:31,817 [WARN] PackLoader:240 - Cannot read IP mode file for STMicroelectronics.X-CUBE-NFC4.3.0.0
2024-07-12 13:08:31,824 [WARN] PackLoader:240 - Cannot read IP mode file for STMicroelectronics.FP-ATR-SIGFOX1.3.2.0
2024-07-12 13:08:31,859 [WARN] PackLoader:240 - Cannot read IP mode file for SEGGER.I-CUBE-embOS.1.3.1
2024-07-12 13:08:31,911 [WARN] PackLoader:240 - Cannot read IP mode file for STMicroelectronics.X-CUBE-ALGOBUILD.1.4.0
2024-07-12 13:08:31,921 [WARN] PackLoader:240 - Cannot read IP mode file for STMicroelectronics.X-CUBE-GNSS1.6.0.0
2024-07-12 13:08:31,940 [WARN] PackLoader:240 - Cannot read IP mode file for STMicroelectronics.X-CUBE-AZRTOS-F4.1.1.0
2024-07-12 13:08:31,951 [WARN] PackLoader:240 - Cannot read IP mode file for STMicroelectronics.X-CUBE-FREERTOS.1.2.0
2024-07-12 13:08:31,971 [WARN] PackLoader:240 - Cannot read IP mode file for STMicroelectronics.X-CUBE-AZRTOS-L5.2.0.0
2024-07-12 13:08:32,021 [WARN] PackLoader:240 - Cannot read IP mode file for STMicroelectronics.X-CUBE-NFC6.3.1.0
2024-07-12 13:08:32,033 [WARN] PackLoader:240 - Cannot read IP mode file for ITTIA_DB.I-CUBE-ITTIADB.8.8.0
2024-07-12 13:08:32,042 [WARN] PackLoader:240 - Cannot read IP mode file for STMicroelectronics.X-CUBE-AI.9.0.0
2024-07-12 13:08:32,051 [WARN] PackLoader:240 - Cannot read IP mode file for STMicroelectronics.X-CUBE-NFC7.1.0.1
2024-07-12 13:08:32,060 [WARN] PackLoader:240 - Cannot read IP mode file for STMicroelectronics.X-CUBE-NFC6.3.0.0
2024-07-12 13:08:32,067 [WARN] PackLoader:240 - Cannot read IP mode file for STMicroelectronics.X-CUBE-AI.8.1.0
2024-07-12 13:08:32,085 [WARN] ConditionMgr:438 - getConditionDescription Invalid condition id : LAN8742 Phy interface Condition cause : null
2024-07-12 13:08:32,086 [WARN] PackLoader:240 - Cannot read IP mode file for STMicroelectronics.X-CUBE-AZRTOS-L4.2.0.0
2024-07-12 13:08:32,088 [WARN] ConditionMgr:1039 - genDependencies : Invalid condition id : LAN8742 Phy interface Condition cause : null
2024-07-12 13:08:32,088 [WARN] ConditionMgr:1039 - genDependencies : Invalid condition id : LAN8742 Phy interface Condition cause : null
2024-07-12 13:08:32,088 [WARN] ConditionMgr:1039 - genDependencies : Invalid condition id : LAN8742 Phy interface Condition cause : null
2024-07-12 13:08:32,099 [WARN] PackLoader:240 - Cannot read IP mode file for STMicroelectronics.X-CUBE-SFXS2LP1.4.0.0
2024-07-12 13:08:32,114 [WARN] ConditionMgr:438 - getConditionDescription Invalid condition id : UX DEVICE CLASS RTOS Condition cause : null
2024-07-12 13:08:32,115 [WARN] ConditionMgr:438 - getConditionDescription Invalid condition id : UX DEVICE CLASS RTOS Condition cause : null
2024-07-12 13:08:32,117 [WARN] PackLoader:240 - Cannot read IP mode file for STMicroelectronics.X-CUBE-AZRTOS-WB.2.0.0
2024-07-12 13:08:32,118 [WARN] ConditionMgr:1039 - genDependencies : Invalid condition id : UX DEVICE CLASS RTOS Condition cause : null
2024-07-12 13:08:32,118 [WARN] ConditionMgr:1039 - genDependencies : Invalid condition id : UX DEVICE CLASS RTOS Condition cause : null
2024-07-12 13:08:32,118 [WARN] ConditionMgr:1039 - genDependencies : Invalid condition id : UX DEVICE CLASS RTOS Condition cause : null
2024-07-12 13:08:32,118 [WARN] ConditionMgr:1039 - genDependencies : Invalid condition id : UX DEVICE CLASS RTOS Condition cause : null
2024-07-12 13:08:32,118 [WARN] ConditionMgr:1039 - genDependencies : Invalid condition id : UX DEVICE CLASS RTOS Condition cause : null
2024-07-12 13:08:32,164 [WARN] PackLoader:240 - Cannot read IP mode file for STMicroelectronics.X-CUBE-SUBG2.5.0.0
2024-07-12 13:08:32,178 [WARN] PackLoader:240 - Cannot read IP mode file for Cesanta.I-CUBE-Mongoose.7.13.0
2024-07-12 13:08:32,197 [WARN] PackLoader:240 - Cannot read IP mode file for STMicroelectronics.X-CUBE-AZRTOS-G4.2.0.0
2024-07-12 13:08:32,227 [WARN] PackLoader:240 - Cannot read IP mode file for Infineon.AIROC-Wi-Fi-Bluetooth-STM32.1.5.1
2024-07-12 13:08:32,237 [WARN] PackLoader:240 - Cannot read IP mode file for STMicroelectronics.FP-SNS-MOTENVWB1.1.3.1
2024-07-12 13:08:32,245 [WARN] PackLoader:240 - Cannot read IP mode file for STMicroelectronics.X-CUBE-ALS.1.0.2
2024-07-12 13:08:32,291 [WARN] PackLoader:240 - Cannot read IP mode file for STMicroelectronics.X-CUBE-MEMS1.10.0.0
2024-07-12 13:08:32,397 [WARN] PackLoader:240 - Cannot read IP mode file for STMicroelectronics.X-CUBE-FREERTOS.1.1.0
2024-07-12 13:08:32,402 [WARN] PackLoader:240 - Cannot read IP mode file for STMicroelectronics.X-CUBE-TOUCHGFX.4.24.0
2024-07-12 13:08:32,433 [WARN] PackLoader:240 - Cannot read IP mode file for portGmbH.I-Cube-SoM-uGOAL.1.1.0
2024-07-12 13:08:32,440 [WARN] PackLoader:240 - Cannot read IP mode file for STMicroelectronics.X-CUBE-ALS.1.0.1
2024-07-12 13:08:32,458 [WARN] PackLoader:240 - Cannot read IP mode file for STMicroelectronics.X-CUBE-AZRTOS-H7RS.1.0.0
2024-07-12 13:08:32,468 [WARN] PackLoader:240 - Cannot read IP mode file for STMicroelectronics.FP-ATR-ASTRA1.2.0.0
2024-07-12 13:08:32,469 [INFO] ThirdParty:978 - Integrity check success = true
2024-07-12 13:08:32,469 [INFO] IntegrityCheckThread:100 - exiting critical section [integrity check]
2024-07-12 13:08:32,469 [INFO] IntegrityCheckThread:103 - End integrity checks thread
2024-07-12 13:08:48,576 [ERROR] LogOutputStream:75 - [STDERR_REDIRECT] SLF4J: Failed to load class "org.slf4j.impl.StaticLoggerBinder".
2024-07-12 13:08:48,577 [ERROR] LogOutputStream:75 - [STDERR_REDIRECT] SLF4J: Defaulting to no-operation (NOP) logger implementation
2024-07-12 13:08:48,578 [ERROR] LogOutputStream:75 - [STDERR_REDIRECT] SLF4J: See http://www.slf4j.org/codes.html#StaticLoggerBinder for further details.
2024-07-12 13:25:36,932 [ERROR] ConfigurationRetriever:142 - IOException on connection: sw-center.st.com
2024-07-12 13:25:36,933 [ERROR] ConfigurationRetriever:142 - IOException on connection: sw-center.st.com
2024-07-12 13:25:36,933 [ERROR] ConfigurationRetriever:142 - IOException on connection: sw-center.st.com
2024-07-12 13:43:55,341 [ERROR] ConfigurationRetriever:142 - IOException on connection: sw-center.st.com
2024-07-12 13:43:55,341 [ERROR] ConfigurationRetriever:142 - IOException on connection: sw-center.st.com
2024-07-12 13:43:55,342 [ERROR] ConfigurationRetriever:142 - IOException on connection: sw-center.st.com
2024-07-12 13:46:12,390 [ERROR] ConfigurationRetriever:142 - IOException on connection: sw-center.st.com
2024-07-12 13:46:12,390 [ERROR] ConfigurationRetriever:142 - IOException on connection: sw-center.st.com
2024-07-12 13:46:12,391 [ERROR] ConfigurationRetriever:142 - IOException on connection: sw-center.st.com
2024-07-12 13:47:27,152 [ERROR] ConfigurationRetriever:142 - IOException on connection: sw-center.st.com
2024-07-12 13:47:27,153 [ERROR] ConfigurationRetriever:142 - IOException on connection: sw-center.st.com
2024-07-12 13:47:27,153 [ERROR] ConfigurationRetriever:142 - IOException on connection: sw-center.st.com
2024-07-12 13:51:17,399 [ERROR] ConfigurationRetriever:142 - IOException on connection: sw-center.st.com
2024-07-12 13:51:17,401 [ERROR] ConfigurationRetriever:142 - IOException on connection: sw-center.st.com
2024-07-12 13:51:17,401 [ERROR] ConfigurationRetriever:142 - IOException on connection: sw-center.st.com
2024-07-12 13:51:18,355 [ERROR] ConfigurationRetriever:142 - IOException on connection: sw-center.st.com
2024-07-12 13:51:18,355 [ERROR] ConfigurationRetriever:142 - IOException on connection: sw-center.st.com
2024-07-12 13:51:18,355 [ERROR] ConfigurationRetriever:142 - IOException on connection: sw-center.st.com
2024-07-12 13:53:35,194 [ERROR] ConfigurationRetriever:142 - IOException on connection: sw-center.st.com
2024-07-12 13:53:35,194 [ERROR] ConfigurationRetriever:142 - IOException on connection: sw-center.st.com
2024-07-12 13:53:35,195 [ERROR] ConfigurationRetriever:142 - IOException on connection: sw-center.st.com
2024-07-12 13:53:36,100 [ERROR] ConfigurationRetriever:142 - IOException on connection: sw-center.st.com
2024-07-12 13:53:36,100 [ERROR] ConfigurationRetriever:142 - IOException on connection: sw-center.st.com
2024-07-12 13:53:36,100 [ERROR] ConfigurationRetriever:142 - IOException on connection: sw-center.st.com
2024-07-12 13:55:13,399 [ERROR] ConfigurationRetriever:142 - IOException on connection: sw-center.st.com
2024-07-12 13:55:13,400 [ERROR] ConfigurationRetriever:142 - IOException on connection: sw-center.st.com
2024-07-12 13:55:13,400 [ERROR] ConfigurationRetriever:142 - IOException on connection: sw-center.st.com
2024-07-12 13:55:14,882 [ERROR] ConfigurationRetriever:142 - IOException on connection: sw-center.st.com
2024-07-12 13:55:14,882 [ERROR] ConfigurationRetriever:142 - IOException on connection: sw-center.st.com
2024-07-12 13:55:14,883 [ERROR] ConfigurationRetriever:142 - IOException on connection: sw-center.st.com
2024-07-12 14:13:45,743 [ERROR] ConfigurationRetriever:142 - IOException on connection: sw-center.st.com
2024-07-12 14:13:45,744 [ERROR] ConfigurationRetriever:142 - IOException on connection: sw-center.st.com
2024-07-12 14:13:45,744 [ERROR] ConfigurationRetriever:142 - IOException on connection: sw-center.st.com
2024-07-12 14:13:46,539 [ERROR] ConfigurationRetriever:142 - IOException on connection: sw-center.st.com
2024-07-12 14:13:46,539 [ERROR] ConfigurationRetriever:142 - IOException on connection: sw-center.st.com
2024-07-12 14:13:46,540 [ERROR] ConfigurationRetriever:142 - IOException on connection: sw-center.st.com
2024-07-12 14:24:07,860 [ERROR] ConfigurationRetriever:142 - IOException on connection: sw-center.st.com
2024-07-12 14:24:07,860 [ERROR] ConfigurationRetriever:142 - IOException on connection: sw-center.st.com
2024-07-12 14:24:07,861 [ERROR] ConfigurationRetriever:142 - IOException on connection: sw-center.st.com
2024-07-12 14:24:09,683 [ERROR] ConfigurationRetriever:142 - IOException on connection: sw-center.st.com
2024-07-12 14:24:09,683 [ERROR] ConfigurationRetriever:142 - IOException on connection: sw-center.st.com
2024-07-12 14:24:09,684 [ERROR] ConfigurationRetriever:142 - IOException on connection: sw-center.st.com
2024-07-12 14:30:39,733 [ERROR] ConfigurationRetriever:142 - IOException on connection: sw-center.st.com
2024-07-12 14:30:39,734 [ERROR] ConfigurationRetriever:142 - IOException on connection: sw-center.st.com
2024-07-12 14:30:39,734 [ERROR] ConfigurationRetriever:142 - IOException on connection: sw-center.st.com
2024-07-12 14:30:40,778 [ERROR] ConfigurationRetriever:142 - IOException on connection: sw-center.st.com
2024-07-12 14:30:40,778 [ERROR] ConfigurationRetriever:142 - IOException on connection: sw-center.st.com
2024-07-12 14:30:40,779 [ERROR] ConfigurationRetriever:142 - IOException on connection: sw-center.st.com
2024-07-12 14:37:48,534 [ERROR] ConfigurationRetriever:142 - IOException on connection: sw-center.st.com
2024-07-12 14:37:48,534 [ERROR] ConfigurationRetriever:142 - IOException on connection: sw-center.st.com
2024-07-12 14:37:48,535 [ERROR] ConfigurationRetriever:142 - IOException on connection: sw-center.st.com
2024-07-12 14:37:49,606 [ERROR] ConfigurationRetriever:142 - IOException on connection: sw-center.st.com
2024-07-12 14:37:49,606 [ERROR] ConfigurationRetriever:142 - IOException on connection: sw-center.st.com
2024-07-12 14:37:49,607 [ERROR] ConfigurationRetriever:142 - IOException on connection: sw-center.st.com
2024-07-12 14:42:28,645 [ERROR] ConfigurationRetriever:142 - IOException on connection: sw-center.st.com
2024-07-12 14:42:28,646 [ERROR] ConfigurationRetriever:142 - IOException on connection: sw-center.st.com
2024-07-12 14:42:28,646 [ERROR] ConfigurationRetriever:142 - IOException on connection: sw-center.st.com
2024-07-12 14:42:30,173 [ERROR] ConfigurationRetriever:142 - IOException on connection: sw-center.st.com
2024-07-12 14:42:30,173 [ERROR] ConfigurationRetriever:142 - IOException on connection: sw-center.st.com
2024-07-12 14:42:30,173 [ERROR] ConfigurationRetriever:142 - IOException on connection: sw-center.st.com
2024-07-12 15:04:21,917 [ERROR] ConfigurationRetriever:142 - IOException on connection: sw-center.st.com
2024-07-12 15:04:21,918 [ERROR] ConfigurationRetriever:142 - IOException on connection: sw-center.st.com
2024-07-12 15:04:21,918 [ERROR] ConfigurationRetriever:142 - IOException on connection: sw-center.st.com
2024-07-12 15:04:23,049 [ERROR] ConfigurationRetriever:142 - IOException on connection: sw-center.st.com
2024-07-12 15:04:23,049 [ERROR] ConfigurationRetriever:142 - IOException on connection: sw-center.st.com
2024-07-12 15:04:23,049 [ERROR] ConfigurationRetriever:142 - IOException on connection: sw-center.st.com
2024-07-12 16:01:01,471 [ERROR] ConfigurationRetriever:142 - IOException on connection: sw-center.st.com
2024-07-12 16:01:01,471 [ERROR] ConfigurationRetriever:142 - IOException on connection: sw-center.st.com
2024-07-12 16:01:01,482 [ERROR] ConfigurationRetriever:142 - IOException on connection: sw-center.st.com
2024-07-12 16:01:02,531 [ERROR] ConfigurationRetriever:142 - IOException on connection: sw-center.st.com
2024-07-12 16:01:02,531 [ERROR] ConfigurationRetriever:142 - IOException on connection: sw-center.st.com
2024-07-12 16:01:02,531 [ERROR] ConfigurationRetriever:142 - IOException on connection: sw-center.st.com
2024-07-12 16:21:14,259 [ERROR] ConfigurationRetriever:142 - IOException on connection: sw-center.st.com
2024-07-12 16:21:14,260 [ERROR] ConfigurationRetriever:142 - IOException on connection: sw-center.st.com
2024-07-12 16:21:14,260 [ERROR] ConfigurationRetriever:142 - IOException on connection: sw-center.st.com
2024-07-12 16:21:15,333 [ERROR] ConfigurationRetriever:142 - IOException on connection: sw-center.st.com
2024-07-12 16:21:15,333 [ERROR] ConfigurationRetriever:142 - IOException on connection: sw-center.st.com
2024-07-12 16:21:15,333 [ERROR] ConfigurationRetriever:142 - IOException on connection: sw-center.st.com
2024-07-12 16:23:31,736 [ERROR] ConfigurationRetriever:142 - IOException on connection: sw-center.st.com
2024-07-12 16:23:31,736 [ERROR] ConfigurationRetriever:142 - IOException on connection: sw-center.st.com
2024-07-12 16:23:31,737 [ERROR] ConfigurationRetriever:142 - IOException on connection: sw-center.st.com
2024-07-12 16:23:32,522 [ERROR] ConfigurationRetriever:142 - IOException on connection: sw-center.st.com
2024-07-12 16:23:32,522 [ERROR] ConfigurationRetriever:142 - IOException on connection: sw-center.st.com
2024-07-12 16:23:32,522 [ERROR] ConfigurationRetriever:142 - IOException on connection: sw-center.st.com
2024-07-12 16:26:02,901 [ERROR] ConfigurationRetriever:142 - IOException on connection: sw-center.st.com
2024-07-12 16:26:02,901 [ERROR] ConfigurationRetriever:142 - IOException on connection: sw-center.st.com
2024-07-12 16:26:02,902 [ERROR] ConfigurationRetriever:142 - IOException on connection: sw-center.st.com
2024-07-12 16:26:04,004 [ERROR] ConfigurationRetriever:142 - IOException on connection: sw-center.st.com
2024-07-12 16:26:04,005 [ERROR] ConfigurationRetriever:142 - IOException on connection: sw-center.st.com
2024-07-12 16:26:04,005 [ERROR] ConfigurationRetriever:142 - IOException on connection: sw-center.st.com
2024-07-12 16:28:11,794 [ERROR] ConfigurationRetriever:142 - IOException on connection: sw-center.st.com
2024-07-12 16:28:11,794 [ERROR] ConfigurationRetriever:142 - IOException on connection: sw-center.st.com
2024-07-12 16:28:11,795 [ERROR] ConfigurationRetriever:142 - IOException on connection: sw-center.st.com
2024-07-12 16:28:12,827 [ERROR] ConfigurationRetriever:142 - IOException on connection: sw-center.st.com
2024-07-12 16:28:12,828 [ERROR] ConfigurationRetriever:142 - IOException on connection: sw-center.st.com
2024-07-12 16:28:12,828 [ERROR] ConfigurationRetriever:142 - IOException on connection: sw-center.st.com
2024-07-12 16:37:57,686 [ERROR] ConfigurationRetriever:142 - IOException on connection: sw-center.st.com
2024-07-12 16:37:57,687 [ERROR] ConfigurationRetriever:142 - IOException on connection: sw-center.st.com
2024-07-12 16:37:57,687 [ERROR] ConfigurationRetriever:142 - IOException on connection: sw-center.st.com
2024-07-12 16:37:58,882 [ERROR] ConfigurationRetriever:142 - IOException on connection: sw-center.st.com
2024-07-12 16:37:58,882 [ERROR] ConfigurationRetriever:142 - IOException on connection: sw-center.st.com
2024-07-12 16:37:58,882 [ERROR] ConfigurationRetriever:142 - IOException on connection: sw-center.st.com
2024-07-12 16:45:34,697 [ERROR] ConfigurationRetriever:142 - IOException on connection: sw-center.st.com
2024-07-12 16:45:34,697 [ERROR] ConfigurationRetriever:142 - IOException on connection: sw-center.st.com
2024-07-12 16:45:34,697 [ERROR] ConfigurationRetriever:142 - IOException on connection: sw-center.st.com
2024-07-12 16:45:35,486 [ERROR] ConfigurationRetriever:142 - IOException on connection: sw-center.st.com
2024-07-12 16:45:35,486 [ERROR] ConfigurationRetriever:142 - IOException on connection: sw-center.st.com
2024-07-12 16:45:35,487 [ERROR] ConfigurationRetriever:142 - IOException on connection: sw-center.st.com
2024-07-12 16:49:19,727 [ERROR] ConfigurationRetriever:142 - IOException on connection: sw-center.st.com
2024-07-12 16:49:19,727 [ERROR] ConfigurationRetriever:142 - IOException on connection: sw-center.st.com
2024-07-12 16:49:19,727 [ERROR] ConfigurationRetriever:142 - IOException on connection: sw-center.st.com
2024-07-12 16:49:20,771 [ERROR] ConfigurationRetriever:142 - IOException on connection: sw-center.st.com
2024-07-12 16:49:20,771 [ERROR] ConfigurationRetriever:142 - IOException on connection: sw-center.st.com
2024-07-12 16:49:20,771 [ERROR] ConfigurationRetriever:142 - IOException on connection: sw-center.st.com
2024-07-12 16:58:31,033 [ERROR] ConfigurationRetriever:142 - IOException on connection: sw-center.st.com
2024-07-12 16:58:31,033 [ERROR] ConfigurationRetriever:142 - IOException on connection: sw-center.st.com
2024-07-12 16:58:31,034 [ERROR] ConfigurationRetriever:142 - IOException on connection: sw-center.st.com
2024-07-12 16:58:32,627 [ERROR] ConfigurationRetriever:142 - IOException on connection: sw-center.st.com
2024-07-12 16:58:32,627 [ERROR] ConfigurationRetriever:142 - IOException on connection: sw-center.st.com
2024-07-12 16:58:32,628 [ERROR] ConfigurationRetriever:142 - IOException on connection: sw-center.st.com
2024-07-12 17:38:27,494 [ERROR] ConfigurationRetriever:142 - IOException on connection: sw-center.st.com
2024-07-12 17:38:27,494 [ERROR] ConfigurationRetriever:142 - IOException on connection: sw-center.st.com
2024-07-12 17:38:27,494 [ERROR] ConfigurationRetriever:142 - IOException on connection: sw-center.st.com
2024-07-12 17:38:28,405 [ERROR] ConfigurationRetriever:142 - IOException on connection: sw-center.st.com
2024-07-12 17:38:28,405 [ERROR] ConfigurationRetriever:142 - IOException on connection: sw-center.st.com
2024-07-12 17:38:28,406 [ERROR] ConfigurationRetriever:142 - IOException on connection: sw-center.st.com
2024-07-12 17:42:58,344 [ERROR] ConfigurationRetriever:142 - IOException on connection: sw-center.st.com
2024-07-12 17:42:58,344 [ERROR] ConfigurationRetriever:142 - IOException on connection: sw-center.st.com
2024-07-12 17:42:58,345 [ERROR] ConfigurationRetriever:142 - IOException on connection: sw-center.st.com
2024-07-12 17:42:59,097 [ERROR] ConfigurationRetriever:142 - IOException on connection: sw-center.st.com
2024-07-12 17:42:59,097 [ERROR] ConfigurationRetriever:142 - IOException on connection: sw-center.st.com
2024-07-12 17:42:59,097 [ERROR] ConfigurationRetriever:142 - IOException on connection: sw-center.st.com
2024-07-12 17:50:37,539 [ERROR] ConfigurationRetriever:142 - IOException on connection: sw-center.st.com
2024-07-12 17:50:37,540 [ERROR] ConfigurationRetriever:142 - IOException on connection: sw-center.st.com
2024-07-12 17:50:37,540 [ERROR] ConfigurationRetriever:142 - IOException on connection: sw-center.st.com
2024-07-12 17:50:38,231 [ERROR] ConfigurationRetriever:142 - IOException on connection: sw-center.st.com
2024-07-12 17:50:38,231 [ERROR] ConfigurationRetriever:142 - IOException on connection: sw-center.st.com
2024-07-12 17:50:38,231 [ERROR] ConfigurationRetriever:142 - IOException on connection: sw-center.st.com
2024-07-12 17:58:06,225 [ERROR] ConfigurationRetriever:142 - IOException on connection: sw-center.st.com
2024-07-12 17:58:06,226 [ERROR] ConfigurationRetriever:142 - IOException on connection: sw-center.st.com
2024-07-12 17:58:06,226 [ERROR] ConfigurationRetriever:142 - IOException on connection: sw-center.st.com
2024-07-12 17:58:06,997 [ERROR] ConfigurationRetriever:142 - IOException on connection: sw-center.st.com
2024-07-12 17:58:06,997 [ERROR] ConfigurationRetriever:142 - IOException on connection: sw-center.st.com
2024-07-12 17:58:06,997 [ERROR] ConfigurationRetriever:142 - IOException on connection: sw-center.st.com
2024-07-12 18:20:01,960 [ERROR] ConfigurationRetriever:142 - IOException on connection: sw-center.st.com
2024-07-12 18:20:01,962 [ERROR] ConfigurationRetriever:142 - IOException on connection: sw-center.st.com
2024-07-12 18:20:01,962 [ERROR] ConfigurationRetriever:142 - IOException on connection: sw-center.st.com
2024-07-12 18:20:02,529 [ERROR] LogOutputStream:75 - [STDERR_REDIRECT] 
