2024-07-15 10:10:42,887 [INFO] Activator:176 - 


2024-07-15 10:10:42,890 [INFO] Activator:177 - !SESSION log4j initialized
2024-07-15 10:10:47,042 [INFO] LogOutputStream:77 - [STDOUT_REDIRECT] 
2024-07-15 10:10:49,355 [INFO] ApplicationProperties:184 - Using Application install path: C:\my_workspace\my_software\stm32cubeide\STM32CubeIDE_1.14.1\STM32CubeIDE\plugins\com.st.stm32cube.common.mx_6.10.0.202311202037
2024-07-15 10:10:49,369 [INFO] DbMcusXml:78 - Set database path to: C:\my_workspace\my_software\stm32cubeide\STM32CubeIDE_1.14.1\STM32CubeIDE\plugins\com.st.stm32cube.common.mx_6.10.0.202311202037\\db\/mcu/
2024-07-15 10:10:49,369 [INFO] ApiDb:274 - Set plugin database path to: C:\my_workspace\my_software\stm32cubeide\STM32CubeIDE_1.14.1\STM32CubeIDE\plugins\com.st.stm32cube.common.mx_6.10.0.202311202037\\db\/plugins/boardmanager/
2024-07-15 10:10:49,369 [WARN] ApiDb:259 - Overriding images path with different value:  => C:\my_workspace\my_software\stm32cubeide\STM32CubeIDE_1.14.1\STM32CubeIDE\plugins\com.st.stm32cube.common.mx_6.10.0.202311202037\\db\/plugins/mcufinder/images/
2024-07-15 10:10:49,388 [INFO] ApiDb:250 - Set database path to: C:\Users\ECA1WX\.stmcufinder\plugins\mcufinder//mcu/
2024-07-15 10:10:49,389 [INFO] DbMcusAds:125 - Set database path to: C:\Users\ECA1WX\.stmcufinder\plugins\mcufinder//mcu/
2024-07-15 10:10:49,390 [INFO] CrossReferenceDbSqlite:203 - Set database path to: C:\Users\ECA1WX\.stmcufinder\plugins\mcufinder//mcu/cs/
2024-07-15 10:10:49,461 [INFO] RulesReader:64 - Compatibility file has been processed (297 Rules)
2024-07-15 10:10:49,542 [INFO] DbMcusXml:78 - Set database path to: C:\my_workspace\my_software\stm32cubeide\STM32CubeIDE_1.14.1\STM32CubeIDE\plugins\com.st.stm32cube.common.mx_6.10.0.202311202037\\db\/mcu/
2024-07-15 10:10:49,542 [INFO] ApiDb:274 - Set plugin database path to: C:\my_workspace\my_software\stm32cubeide\STM32CubeIDE_1.14.1\STM32CubeIDE\plugins\com.st.stm32cube.common.mx_6.10.0.202311202037\\db\/plugins/boardmanager/
2024-07-15 10:10:49,542 [INFO] ApiDb:261 - Set plugin images path to: C:\my_workspace\my_software\stm32cubeide\STM32CubeIDE_1.14.1\STM32CubeIDE\plugins\com.st.stm32cube.common.mx_6.10.0.202311202037\\db\/plugins/mcufinder/images/
2024-07-15 10:10:49,542 [WARN] DbFile:41 - Overriding database path with different value: C:\Users\ECA1WX\.stmcufinder\plugins\mcufinder/ => C:\Users\ECA1WX\.stmcufinder\plugins\mcufinder
2024-07-15 10:10:49,542 [INFO] ApiDb:250 - Set database path to: C:\Users\ECA1WX\.stmcufinder\plugins\mcufinder//mcu/
2024-07-15 10:10:49,542 [WARN] DbFile:41 - Overriding database path with different value: C:\Users\ECA1WX\.stmcufinder\plugins\mcufinder/ => C:\Users\ECA1WX\.stmcufinder\plugins\mcufinder
2024-07-15 10:10:49,542 [INFO] DbMcusAds:125 - Set database path to: C:\Users\ECA1WX\.stmcufinder\plugins\mcufinder//mcu/
2024-07-15 10:10:49,542 [WARN] DbFile:41 - Overriding database path with different value: C:\Users\ECA1WX\.stmcufinder\plugins\mcufinder/ => C:\Users\ECA1WX\.stmcufinder\plugins\mcufinder
2024-07-15 10:10:49,543 [WARN] DbFile:41 - Overriding database path with different value: C:\Users\ECA1WX\.stmcufinder\plugins\mcufinder/ => C:\Users\ECA1WX\.stmcufinder\plugins\mcufinder
2024-07-15 10:10:49,543 [INFO] CrossReferenceDbSqlite:203 - Set database path to: C:\Users\ECA1WX\.stmcufinder\plugins\mcufinder//mcu/cs/
2024-07-15 10:10:49,607 [INFO] MainPanel:264 - HeapMemory: 268435456
2024-07-15 10:10:49,677 [INFO] DbMcusXml:78 - Set database path to: C:\my_workspace\my_software\stm32cubeide\STM32CubeIDE_1.14.1\STM32CubeIDE\plugins\com.st.stm32cube.common.mx_6.10.0.202311202037\\db\/mcu/
2024-07-15 10:10:49,677 [INFO] ApiDb:274 - Set plugin database path to: C:\my_workspace\my_software\stm32cubeide\STM32CubeIDE_1.14.1\STM32CubeIDE\plugins\com.st.stm32cube.common.mx_6.10.0.202311202037\\db\/plugins/boardmanager/
2024-07-15 10:10:49,677 [INFO] ApiDb:261 - Set plugin images path to: C:\my_workspace\my_software\stm32cubeide\STM32CubeIDE_1.14.1\STM32CubeIDE\plugins\com.st.stm32cube.common.mx_6.10.0.202311202037\\db\/plugins/mcufinder/images/
2024-07-15 10:10:49,677 [WARN] DbFile:41 - Overriding database path with different value: C:\Users\ECA1WX\.stmcufinder\plugins\mcufinder/ => C:\Users\ECA1WX\.stmcufinder\plugins\mcufinder
2024-07-15 10:10:49,678 [INFO] ApiDb:250 - Set database path to: C:\Users\ECA1WX\.stmcufinder\plugins\mcufinder//mcu/
2024-07-15 10:10:49,678 [WARN] DbFile:41 - Overriding database path with different value: C:\Users\ECA1WX\.stmcufinder\plugins\mcufinder/ => C:\Users\ECA1WX\.stmcufinder\plugins\mcufinder
2024-07-15 10:10:49,678 [INFO] DbMcusAds:125 - Set database path to: C:\Users\ECA1WX\.stmcufinder\plugins\mcufinder//mcu/
2024-07-15 10:10:49,678 [WARN] DbFile:41 - Overriding database path with different value: C:\Users\ECA1WX\.stmcufinder\plugins\mcufinder/ => C:\Users\ECA1WX\.stmcufinder\plugins\mcufinder
2024-07-15 10:10:49,678 [WARN] DbFile:41 - Overriding database path with different value: C:\Users\ECA1WX\.stmcufinder\plugins\mcufinder/ => C:\Users\ECA1WX\.stmcufinder\plugins\mcufinder
2024-07-15 10:10:49,678 [INFO] CrossReferenceDbSqlite:203 - Set database path to: C:\Users\ECA1WX\.stmcufinder\plugins\mcufinder//mcu/cs/
2024-07-15 10:10:49,695 [INFO] ApplicationProperties:184 - Using Application install path: C:\my_workspace\my_software\stm32cubeide\STM32CubeIDE_1.14.1\STM32CubeIDE\plugins\com.st.stm32cube.common.mx_6.10.0.202311202037
2024-07-15 10:10:49,696 [INFO] PluginManage:196 - Search for loadable plugins [exclusion list=, ]
2024-07-15 10:10:49,698 [INFO] PluginManage:310 - Check plugin analytics
2024-07-15 10:10:49,835 [INFO] AnalyticsPlugin:253 - Accepted Software Licenses: 
2024-07-15 10:10:49,835 [INFO] AnalyticsPlugin:255 - Accepted CMSIS Pack Licenses: 
2024-07-15 10:10:49,835 [INFO] AnalyticsPlugin:257 - Accepted Firmware Licenses: FW.F7.1.17.0
2024-07-15 10:10:49,838 [INFO] PluginManage:359 - Loaded plugin analytics (category:tool,tabindex:-1)
2024-07-15 10:10:49,839 [INFO] PluginManage:310 - Check plugin cadmodel
2024-07-15 10:10:49,881 [INFO] CADModel:105 - Init CAD model plugin
2024-07-15 10:10:49,882 [INFO] PluginManage:359 - Loaded plugin cadmodel (category:power,tabindex:5)
2024-07-15 10:10:49,882 [INFO] PluginManage:310 - Check plugin clock
2024-07-15 10:10:49,905 [INFO] PluginManage:359 - Loaded plugin clock (category:base,tabindex:2)
2024-07-15 10:10:49,906 [INFO] PluginManage:310 - Check plugin ddr
2024-07-15 10:10:49,908 [INFO] PluginManage:359 - Loaded plugin ddr (category:tool,tabindex:6)
2024-07-15 10:10:49,909 [INFO] PluginManage:310 - Check plugin filemanager
2024-07-15 10:10:50,022 [INFO] PluginManage:359 - Loaded plugin filemanager (category:base,tabindex:10)
2024-07-15 10:10:50,022 [INFO] PluginManage:310 - Check plugin ipmanager
2024-07-15 10:10:50,030 [INFO] PluginManage:359 - Loaded plugin ipmanager (category:base,tabindex:5)
2024-07-15 10:10:50,030 [INFO] PluginManage:310 - Check plugin lpbam
2024-07-15 10:10:50,042 [INFO] PluginManage:359 - Loaded plugin lpbam (category:base,tabindex:0)
2024-07-15 10:10:50,042 [INFO] PluginManage:310 - Check plugin memorymap
2024-07-15 10:10:50,061 [INFO] PluginManage:359 - Loaded plugin memorymap (category:base,tabindex:4)
2024-07-15 10:10:50,062 [INFO] PluginManage:310 - Check plugin pinoutandconfiguration
2024-07-15 10:10:50,073 [INFO] PluginManage:359 - Loaded plugin pinoutandconfiguration (category:base,tabindex:1)
2024-07-15 10:10:50,074 [INFO] PluginManage:310 - Check plugin pinoutconfig
2024-07-15 10:10:50,143 [WARN] SupportedApi:132 - Cannot load RTOS API schema: s4s-elt-must-match.1: The content of 'definitions' must match (annotation?, (simpleType | complexType)?, (unique | key | keyref)*)). A problem was found starting at: attribute.
2024-07-15 10:10:50,229 [INFO] PluginManage:359 - Loaded plugin pinoutconfig (category:base,tabindex:0)
2024-07-15 10:10:50,229 [INFO] PluginManage:310 - Check plugin power
2024-07-15 10:10:50,359 [INFO] PluginManage:359 - Loaded plugin power (category:power,tabindex:4)
2024-07-15 10:10:50,359 [INFO] PluginManage:310 - Check plugin projectmanager
2024-07-15 10:10:50,373 [INFO] PluginManage:359 - Loaded plugin projectmanager (category:projectmanager,tabindex:3)
2024-07-15 10:10:50,373 [INFO] PluginManage:310 - Check plugin thirdparty
2024-07-15 10:10:50,488 [INFO] PluginManage:359 - Loaded plugin thirdparty (category:base,tabindex:-1)
2024-07-15 10:10:50,488 [INFO] PluginManage:310 - Check plugin tools
2024-07-15 10:10:50,488 [WARN] IntegrityCheckThread:84 - waiting for thirdparty lock release [integrity check]
2024-07-15 10:10:50,488 [INFO] IntegrityCheckThread:86 - entering critical section [integrity check]
2024-07-15 10:10:50,488 [INFO] ThirdPartyUpdaterWithRetryManager:70 - Updater plugin not ready yet. [1/15]
2024-07-15 10:10:50,494 [INFO] PluginManage:359 - Loaded plugin tools (category:base,tabindex:7)
2024-07-15 10:10:50,495 [INFO] PluginManage:310 - Check plugin tutovideos
2024-07-15 10:10:50,620 [INFO] PluginManage:359 - Loaded plugin tutovideos (category:base,tabindex:-1)
2024-07-15 10:10:50,620 [INFO] PluginManage:310 - Check plugin updater
2024-07-15 10:10:50,625 [INFO] PluginManage:359 - Loaded plugin updater (category:base,tabindex:12)
2024-07-15 10:10:50,625 [INFO] PluginManage:310 - Check plugin userauth
2024-07-15 10:10:50,629 [INFO] UserAuth:114 - Init User Auth plugin
2024-07-15 10:10:50,629 [INFO] PluginManage:359 - Loaded plugin userauth (category:base,tabindex:14)
2024-07-15 10:10:50,629 [INFO] PluginManage:283 - PluginManage : Loaded plugins [17]
2024-07-15 10:10:50,792 [INFO] PinOutPanel:1499 - setPackage(No Configuration,No Configuration)
2024-07-15 10:10:50,853 [INFO] CADModel:165 - CPN selected for project level
2024-07-15 10:10:50,853 [INFO] CADModel:114 - Register for checkConnection events
2024-07-15 10:10:50,871 [INFO] IPUIPlugin:80 - create IPUIPlugin
2024-07-15 10:10:50,871 [INFO] PluginManager:220 - loadIPPluginJar : add adc
2024-07-15 10:10:50,880 [INFO] IPUIPlugin:80 - create IPUIPlugin
2024-07-15 10:10:50,880 [INFO] PluginManager:220 - loadIPPluginJar : add aes
2024-07-15 10:10:50,887 [INFO] IPUIPlugin:80 - create IPUIPlugin
2024-07-15 10:10:50,887 [INFO] PluginManager:220 - loadIPPluginJar : add can
2024-07-15 10:10:50,893 [INFO] IPUIPlugin:80 - create IPUIPlugin
2024-07-15 10:10:50,893 [INFO] PluginManager:220 - loadIPPluginJar : add comp
2024-07-15 10:10:50,900 [INFO] IPUIPlugin:80 - create IPUIPlugin
2024-07-15 10:10:50,900 [INFO] PluginManager:220 - loadIPPluginJar : add cryp
2024-07-15 10:10:50,905 [INFO] IPUIPlugin:80 - create IPUIPlugin
2024-07-15 10:10:50,905 [INFO] PluginManager:220 - loadIPPluginJar : add dfsdm
2024-07-15 10:10:50,914 [INFO] IPUIPlugin:80 - create IPUIPlugin
2024-07-15 10:10:50,914 [INFO] PluginManager:220 - loadIPPluginJar : add dma
2024-07-15 10:10:50,920 [INFO] IPUIPlugin:80 - create IPUIPlugin
2024-07-15 10:10:50,920 [INFO] PluginManager:220 - loadIPPluginJar : add dma3
2024-07-15 10:10:50,925 [INFO] IPUIPlugin:80 - create IPUIPlugin
2024-07-15 10:10:50,925 [INFO] PluginManager:220 - loadIPPluginJar : add fatfs
2024-07-15 10:10:50,933 [INFO] IPUIPlugin:80 - create IPUIPlugin
2024-07-15 10:10:50,933 [INFO] PluginManager:220 - loadIPPluginJar : add fmc
2024-07-15 10:10:50,944 [INFO] IPUIPlugin:80 - create IPUIPlugin
2024-07-15 10:10:50,944 [INFO] PluginManager:220 - loadIPPluginJar : add freertos
2024-07-15 10:10:50,951 [INFO] IPUIPlugin:80 - create IPUIPlugin
2024-07-15 10:10:50,951 [INFO] PluginManager:220 - loadIPPluginJar : add genericplugin
2024-07-15 10:10:50,959 [INFO] IPUIPlugin:80 - create IPUIPlugin
2024-07-15 10:10:50,959 [INFO] PluginManager:220 - loadIPPluginJar : add gfxmmu
2024-07-15 10:10:50,966 [INFO] IPUIPlugin:80 - create IPUIPlugin
2024-07-15 10:10:50,967 [INFO] PluginManager:220 - loadIPPluginJar : add gic
2024-07-15 10:10:50,975 [INFO] IPUIPlugin:80 - create IPUIPlugin
2024-07-15 10:10:50,975 [INFO] PluginManager:220 - loadIPPluginJar : add gpio
2024-07-15 10:10:50,982 [INFO] IPUIPlugin:80 - create IPUIPlugin
2024-07-15 10:10:50,982 [INFO] PluginManager:220 - loadIPPluginJar : add gtzc
2024-07-15 10:10:50,989 [INFO] IPUIPlugin:80 - create IPUIPlugin
2024-07-15 10:10:50,989 [INFO] PluginManager:220 - loadIPPluginJar : add hash
2024-07-15 10:10:50,995 [INFO] IPUIPlugin:80 - create IPUIPlugin
2024-07-15 10:10:50,995 [INFO] PluginManager:220 - loadIPPluginJar : add i2c
2024-07-15 10:10:51,001 [INFO] IPUIPlugin:80 - create IPUIPlugin
2024-07-15 10:10:51,001 [INFO] PluginManager:220 - loadIPPluginJar : add i2s
2024-07-15 10:10:51,010 [INFO] IPUIPlugin:80 - create IPUIPlugin
2024-07-15 10:10:51,010 [INFO] PluginManager:220 - loadIPPluginJar : add i3c
2024-07-15 10:10:51,017 [INFO] IPUIPlugin:80 - create IPUIPlugin
2024-07-15 10:10:51,017 [INFO] PluginManager:220 - loadIPPluginJar : add ipddr
2024-07-15 10:10:51,026 [INFO] IPUIPlugin:80 - create IPUIPlugin
2024-07-15 10:10:51,026 [INFO] PluginManager:220 - loadIPPluginJar : add linkedlist
2024-07-15 10:10:51,033 [INFO] IPUIPlugin:80 - create IPUIPlugin
2024-07-15 10:10:51,034 [INFO] PluginManager:220 - loadIPPluginJar : add lorawan
2024-07-15 10:10:51,039 [INFO] IPUIPlugin:80 - create IPUIPlugin
2024-07-15 10:10:51,039 [INFO] PluginManager:220 - loadIPPluginJar : add ltdc
2024-07-15 10:10:51,048 [INFO] IPUIPlugin:80 - create IPUIPlugin
2024-07-15 10:10:51,048 [INFO] PluginManager:220 - loadIPPluginJar : add mdma
2024-07-15 10:10:51,056 [INFO] IPUIPlugin:80 - create IPUIPlugin
2024-07-15 10:10:51,056 [INFO] PluginManager:220 - loadIPPluginJar : add nvic
2024-07-15 10:10:51,069 [INFO] IPUIPlugin:80 - create IPUIPlugin
2024-07-15 10:10:51,069 [INFO] PluginManager:220 - loadIPPluginJar : add opamp
2024-07-15 10:10:51,076 [INFO] IPUIPlugin:80 - create IPUIPlugin
2024-07-15 10:10:51,076 [INFO] PluginManager:220 - loadIPPluginJar : add openamp
2024-07-15 10:10:51,083 [INFO] IPUIPlugin:80 - create IPUIPlugin
2024-07-15 10:10:51,083 [INFO] PluginManager:220 - loadIPPluginJar : add pdm2pcm
2024-07-15 10:10:51,092 [INFO] IPUIPlugin:80 - create IPUIPlugin
2024-07-15 10:10:51,093 [INFO] PluginManager:220 - loadIPPluginJar : add plateformsettings
2024-07-15 10:10:51,099 [INFO] IPUIPlugin:80 - create IPUIPlugin
2024-07-15 10:10:51,099 [INFO] PluginManager:220 - loadIPPluginJar : add quadspi
2024-07-15 10:10:51,109 [INFO] IPUIPlugin:80 - create IPUIPlugin
2024-07-15 10:10:51,109 [INFO] PluginManager:220 - loadIPPluginJar : add resmgrutility
2024-07-15 10:10:51,117 [INFO] IPUIPlugin:80 - create IPUIPlugin
2024-07-15 10:10:51,117 [INFO] PluginManager:220 - loadIPPluginJar : add sai
2024-07-15 10:10:51,123 [INFO] IPUIPlugin:80 - create IPUIPlugin
2024-07-15 10:10:51,123 [INFO] PluginManager:220 - loadIPPluginJar : add spi
2024-07-15 10:10:51,140 [INFO] IPUIPlugin:80 - create IPUIPlugin
2024-07-15 10:10:51,140 [INFO] PluginManager:220 - loadIPPluginJar : add stm32_wpan
2024-07-15 10:10:51,151 [INFO] IPUIPlugin:80 - create IPUIPlugin
2024-07-15 10:10:51,151 [INFO] PluginManager:220 - loadIPPluginJar : add tim
2024-07-15 10:10:51,159 [INFO] IPUIPlugin:80 - create IPUIPlugin
2024-07-15 10:10:51,160 [INFO] PluginManager:220 - loadIPPluginJar : add touchsensing
2024-07-15 10:10:51,166 [INFO] IPUIPlugin:80 - create IPUIPlugin
2024-07-15 10:10:51,166 [INFO] PluginManager:220 - loadIPPluginJar : add tracer_emb
2024-07-15 10:10:51,176 [INFO] IPUIPlugin:80 - create IPUIPlugin
2024-07-15 10:10:51,176 [INFO] PluginManager:220 - loadIPPluginJar : add ts
2024-07-15 10:10:51,182 [INFO] IPUIPlugin:80 - create IPUIPlugin
2024-07-15 10:10:51,182 [INFO] PluginManager:220 - loadIPPluginJar : add tsc
2024-07-15 10:10:51,189 [INFO] IPUIPlugin:80 - create IPUIPlugin
2024-07-15 10:10:51,189 [INFO] PluginManager:220 - loadIPPluginJar : add ucpd
2024-07-15 10:10:51,196 [INFO] IPUIPlugin:80 - create IPUIPlugin
2024-07-15 10:10:51,196 [INFO] PluginManager:220 - loadIPPluginJar : add usart
2024-07-15 10:10:51,203 [INFO] IPUIPlugin:80 - create IPUIPlugin
2024-07-15 10:10:51,203 [INFO] PluginManager:220 - loadIPPluginJar : add usbx
2024-07-15 10:10:51,315 [INFO] CADModel:165 - CPN selected for project level
2024-07-15 10:10:51,316 [INFO] CADModel:114 - Register for checkConnection events
2024-07-15 10:10:51,316 [FATAL] Updater:308 - Updater called before beeing initialized
2024-07-15 10:10:51,316 [ERROR] CADModel:125 - Updater not yet initialized, retry later 
2024-07-15 10:10:51,410 [INFO] CADModel:165 - CPN selected for project level
2024-07-15 10:10:51,410 [INFO] CADModel:114 - Register for checkConnection events
2024-07-15 10:10:51,410 [FATAL] Updater:308 - Updater called before beeing initialized
2024-07-15 10:10:51,410 [ERROR] CADModel:125 - Updater not yet initialized, retry later 
2024-07-15 10:10:51,412 [FATAL] Updater:308 - Updater called before beeing initialized
2024-07-15 10:10:51,497 [FATAL] Updater:308 - Updater called before beeing initialized
2024-07-15 10:10:51,500 [INFO] DbMcusAds:53 - JSON generation date=Thu Sep 30 14:55:09 CST 2021 (1632984909247)
2024-07-15 10:10:51,500 [FATAL] Updater:308 - Updater called before beeing initialized
2024-07-15 10:10:51,555 [WARN] DetailPanel:346 - Failed to get advertising image, set to default
2024-07-15 10:10:51,637 [FATAL] Updater:308 - Updater called before beeing initialized
2024-07-15 10:10:51,639 [FATAL] Updater:308 - Updater called before beeing initialized
2024-07-15 10:10:51,639 [FATAL] Updater:308 - Updater called before beeing initialized
2024-07-15 10:10:51,639 [WARN] DetailPanel:346 - Failed to get advertising image, set to default
2024-07-15 10:10:51,640 [FATAL] Updater:308 - Updater called before beeing initialized
2024-07-15 10:10:51,673 [ERROR] Updater:1120 - MainUpdater not yet initialized. External WinMGr cannot be set.
2024-07-15 10:10:51,678 [INFO] Updater:1056 - Updater Version found : 6.10.0
2024-07-15 10:10:51,688 [INFO] ApplicationProperties:184 - Using Application install path: C:\my_workspace\my_software\stm32cubeide\STM32CubeIDE_1.14.1\STM32CubeIDE\plugins\com.st.stm32cube.common.mx_6.10.0.202311202037
2024-07-15 10:10:53,271 [ERROR] LogOutputStream:75 - [STDERR_REDIRECT] Jul 15, 2024 10:10:53 AM java.util.prefs.WindowsPreferences <init>
2024-07-15 10:10:53,272 [ERROR] LogOutputStream:75 - [STDERR_REDIRECT] WARNING: Could not open/create prefs root node Software\JavaSoft\Prefs at root 0xffffffff80000002. Windows RegCreateKeyEx(...) returned error code 5.
2024-07-15 10:10:53,272 [ERROR] LogOutputStream:75 - [STDERR_REDIRECT] 
2024-07-15 10:10:53,491 [INFO] ThirdPartyUpdaterWithRetryManager:70 - Updater plugin not ready yet. [2/15]
2024-07-15 10:10:53,659 [INFO] MainUpdater:2873 - connection check result : 10
2024-07-15 10:10:53,660 [INFO] MainUpdater:290 - Updater Check For Update Now.
2024-07-15 10:10:53,660 [INFO] MicroXplorer:498 - Change Database Version : DB.6.0.100
2024-07-15 10:10:53,665 [INFO] McuFinderGlobals:63 - Set McuFinder mode to 2 (CubeIDE integrated)
2024-07-15 10:10:53,665 [INFO] UserAuth:180 - activating auth plugin
2024-07-15 10:10:53,667 [INFO] UserAuth:404 - Internet connection configuration mode: 1
2024-07-15 10:10:53,686 [INFO] JxBrowserEngine:152 - Initiate JxBrowser Engine with user profile folder
2024-07-15 10:10:53,814 [INFO] CheckServerUpdateThread:120 - End of CheckServer Thread
2024-07-15 10:10:55,264 [INFO] WebApp:161 - Instantiating new browser for Auth
2024-07-15 10:10:55,772 [INFO] WebApp:780 - Register for checkConnection events
2024-07-15 10:10:55,772 [INFO] WebApp:414 - Apply proxy settings
2024-07-15 10:10:55,772 [INFO] WebApp:499 - Chromium requires no authentication
2024-07-15 10:10:55,777 [INFO] WebApp:442 - Direct internet connection detected
2024-07-15 10:10:55,894 [INFO] WebApp:192 - Starting web application
2024-07-15 10:10:55,894 [INFO] WebApp:544 - Web application path used C:\my_workspace\my_software\stm32cubeide\STM32CubeIDE_1.14.1\STM32CubeIDE\plugins\com.st.stm32cube.common.mx_6.10.0.202311202037\db\plugins\mcufinder\reactClient1\index.html
2024-07-15 10:10:56,805 [WARN] PackLoader:240 - Cannot read IP mode file for STMicroelectronics.FP-SNS-MOTENVWB1.1.4.0
2024-07-15 10:10:56,814 [WARN] PackLoader:240 - Cannot read IP mode file for STMicroelectronics.X-CUBE-SMBUS.2.1.0
2024-07-15 10:10:56,819 [WARN] PackLoader:240 - Cannot read IP mode file for STMicroelectronics.X-CUBE-TOUCHGFX.4.23.1
2024-07-15 10:10:56,821 [WARN] PackLoader:240 - Cannot read IP mode file for STMicroelectronics.X-CUBE-TOUCHGFX.4.23.0
2024-07-15 10:10:56,823 [WARN] PackLoader:240 - Cannot read IP mode file for STMicroelectronics.X-CUBE-TOUCHGFX.4.23.2
2024-07-15 10:10:56,843 [WARN] PackLoader:240 - Cannot read IP mode file for STMicroelectronics.X-CUBE-AZRTOS-F7.1.1.0
2024-07-15 10:10:56,852 [WARN] PackLoader:240 - Cannot read IP mode file for STMicroelectronics.FP-SNS-MOTENV1.4.3.2
2024-07-15 10:10:56,859 [WARN] PackLoader:240 - Cannot read IP mode file for STMicroelectronics.FP-SNS-FLIGHT1.5.0.2
2024-07-15 10:10:56,867 [WARN] PackLoader:240 - Cannot read IP mode file for STMicroelectronics.X-CUBE-DISPLAY.3.0.0
2024-07-15 10:10:56,876 [WARN] PackLoader:240 - Cannot read IP mode file for STMicroelectronics.X-CUBE-BLE1.7.0.0
2024-07-15 10:10:56,883 [WARN] PackLoader:240 - Cannot read IP mode file for emotas.I-CUBE-CANOPEN.1.3.0
2024-07-15 10:10:56,888 [WARN] PackLoader:240 - Cannot read IP mode file for STMicroelectronics.FP-SNS-SMARTAG2.1.2.0
2024-07-15 10:10:56,898 [INFO] LogOutputStream:77 - [STDOUT_REDIRECT] 1 : Invalid condition id : UX_CORESTACK_Condition cause : null
2024-07-15 10:10:56,898 [INFO] LogOutputStream:77 - [STDOUT_REDIRECT] 1 : Invalid condition id : UX_CORESTACK_Condition cause : null
2024-07-15 10:10:56,899 [INFO] LogOutputStream:77 - [STDOUT_REDIRECT] 1 : Invalid condition id : UX_CORESTACK_Condition cause : null
2024-07-15 10:10:56,899 [INFO] LogOutputStream:77 - [STDOUT_REDIRECT] 1 : Invalid condition id : UX_CORESTACK_Condition cause : null
2024-07-15 10:10:56,900 [INFO] LogOutputStream:77 - [STDOUT_REDIRECT] 1 : Invalid condition id : UX_CORESTACK_Condition cause : null
2024-07-15 10:10:56,901 [WARN] PackLoader:240 - Cannot read IP mode file for STMicroelectronics.X-CUBE-AZRTOS-WL.2.0.0
2024-07-15 10:10:56,906 [WARN] PackLoader:240 - Cannot read IP mode file for STMicroelectronics.FP-SNS-MOTENV1.5.0.0
2024-07-15 10:10:56,912 [WARN] PackLoader:240 - Cannot read IP mode file for wolfSSL.I-CUBE-wolfMQTT.1.19.0
2024-07-15 10:10:56,915 [WARN] PackLoader:240 - Cannot read IP mode file for STMicroelectronics.X-CUBE-BLE2.3.3.0
2024-07-15 10:10:56,920 [WARN] PackLoader:240 - Cannot read IP mode file for STMicroelectronics.X-CUBE-TCPP.4.1.0
2024-07-15 10:10:56,926 [WARN] PackLoader:240 - Cannot read IP mode file for STMicroelectronics.X-CUBE-ALGOBUILD.1.3.0
2024-07-15 10:10:56,937 [WARN] PackLoader:240 - Cannot read IP mode file for STMicroelectronics.X-CUBE-AZRTOS-G0.1.1.0
2024-07-15 10:10:56,945 [WARN] PackLoader:240 - Cannot read IP mode file for STMicroelectronics.X-CUBE-SAFEA1.1.2.2
2024-07-15 10:10:56,951 [WARN] PackLoader:240 - Cannot read IP mode file for STMicroelectronics.X-CUBE-NFC4.3.0.0
2024-07-15 10:10:56,962 [WARN] PackLoader:240 - Cannot read IP mode file for EmbeddedOffice.I-CUBE-FS-RTOS.1.0.1
2024-07-15 10:10:56,962 [ERROR] ConditionMgr:805 - Attr not supported : Dmpu
2024-07-15 10:10:56,962 [ERROR] ConditionMgr:805 - Attr not supported : Dmpu
2024-07-15 10:10:56,962 [ERROR] ConditionMgr:805 - Attr not supported : Dmpu
2024-07-15 10:10:56,962 [ERROR] ConditionMgr:805 - Attr not supported : Dmpu
2024-07-15 10:10:56,962 [ERROR] ConditionMgr:805 - Attr not supported : Dmpu
2024-07-15 10:10:56,962 [ERROR] ConditionMgr:805 - Attr not supported : Dmpu
2024-07-15 10:10:56,962 [ERROR] ConditionMgr:805 - Attr not supported : Dmpu
2024-07-15 10:10:56,962 [ERROR] ConditionMgr:805 - Attr not supported : Dmpu
2024-07-15 10:10:56,962 [ERROR] ConditionMgr:805 - Attr not supported : Dmpu
2024-07-15 10:10:56,962 [ERROR] ConditionMgr:805 - Attr not supported : Dmpu
2024-07-15 10:10:56,962 [ERROR] ConditionMgr:805 - Attr not supported : Dmpu
2024-07-15 10:10:56,962 [ERROR] ConditionMgr:805 - Attr not supported : Dmpu
2024-07-15 10:10:56,962 [ERROR] ConditionMgr:805 - Attr not supported : Dmpu
2024-07-15 10:10:56,962 [ERROR] ConditionMgr:805 - Attr not supported : Dmpu
2024-07-15 10:10:56,963 [ERROR] ConditionMgr:805 - Attr not supported : Dmpu
2024-07-15 10:10:56,963 [ERROR] ConditionMgr:805 - Attr not supported : Dmpu
2024-07-15 10:10:56,963 [ERROR] ConditionMgr:805 - Attr not supported : Dmpu
2024-07-15 10:10:56,963 [ERROR] ConditionMgr:805 - Attr not supported : Dmpu
2024-07-15 10:10:56,963 [ERROR] ConditionMgr:805 - Attr not supported : Dmpu
2024-07-15 10:10:56,963 [ERROR] ConditionMgr:805 - Attr not supported : Dmpu
2024-07-15 10:10:56,963 [ERROR] ConditionMgr:805 - Attr not supported : Dmpu
2024-07-15 10:10:56,963 [ERROR] ConditionMgr:805 - Attr not supported : Dmpu
2024-07-15 10:10:56,963 [ERROR] ConditionMgr:805 - Attr not supported : Dmpu
2024-07-15 10:10:56,963 [ERROR] ConditionMgr:805 - Attr not supported : Dmpu
2024-07-15 10:10:56,963 [ERROR] ConditionMgr:805 - Attr not supported : Dmpu
2024-07-15 10:10:56,963 [ERROR] ConditionMgr:805 - Attr not supported : Dmpu
2024-07-15 10:10:56,963 [ERROR] ConditionMgr:805 - Attr not supported : Dmpu
2024-07-15 10:10:56,963 [ERROR] ConditionMgr:805 - Attr not supported : Dmpu
2024-07-15 10:10:56,963 [ERROR] ConditionMgr:805 - Attr not supported : Dmpu
2024-07-15 10:10:56,963 [ERROR] ConditionMgr:805 - Attr not supported : Dmpu
2024-07-15 10:10:56,963 [ERROR] ConditionMgr:805 - Attr not supported : Dmpu
2024-07-15 10:10:56,963 [ERROR] ConditionMgr:805 - Attr not supported : Dmpu
2024-07-15 10:10:56,964 [ERROR] ConditionMgr:805 - Attr not supported : Dmpu
2024-07-15 10:10:56,964 [ERROR] ConditionMgr:805 - Attr not supported : Dmpu
2024-07-15 10:10:56,964 [ERROR] ConditionMgr:805 - Attr not supported : Dmpu
2024-07-15 10:10:56,964 [ERROR] ConditionMgr:805 - Attr not supported : Dmpu
2024-07-15 10:10:56,964 [ERROR] ConditionMgr:805 - Attr not supported : Dmpu
2024-07-15 10:10:56,964 [ERROR] ConditionMgr:805 - Attr not supported : Dmpu
2024-07-15 10:10:56,964 [ERROR] ConditionMgr:805 - Attr not supported : Dmpu
2024-07-15 10:10:56,964 [ERROR] ConditionMgr:805 - Attr not supported : Dmpu
2024-07-15 10:10:56,964 [ERROR] ConditionMgr:805 - Attr not supported : Dmpu
2024-07-15 10:10:56,964 [ERROR] ConditionMgr:805 - Attr not supported : Dmpu
2024-07-15 10:10:56,964 [ERROR] ConditionMgr:805 - Attr not supported : Dmpu
2024-07-15 10:10:56,965 [ERROR] ConditionMgr:805 - Attr not supported : Dmpu
2024-07-15 10:10:56,965 [ERROR] ConditionMgr:805 - Attr not supported : Dmpu
2024-07-15 10:10:56,965 [ERROR] ConditionMgr:805 - Attr not supported : Dmpu
2024-07-15 10:10:56,965 [ERROR] ConditionMgr:805 - Attr not supported : Dmpu
2024-07-15 10:10:56,965 [ERROR] ConditionMgr:805 - Attr not supported : Dmpu
2024-07-15 10:10:56,965 [ERROR] ConditionMgr:805 - Attr not supported : Dmpu
2024-07-15 10:10:56,965 [ERROR] ConditionMgr:805 - Attr not supported : Dmpu
2024-07-15 10:10:56,965 [ERROR] ConditionMgr:805 - Attr not supported : Dmpu
2024-07-15 10:10:56,965 [ERROR] ConditionMgr:805 - Attr not supported : Dmpu
2024-07-15 10:10:56,965 [ERROR] ConditionMgr:805 - Attr not supported : Dmpu
2024-07-15 10:10:56,965 [ERROR] ConditionMgr:805 - Attr not supported : Dmpu
2024-07-15 10:10:56,965 [ERROR] ConditionMgr:805 - Attr not supported : Dmpu
2024-07-15 10:10:56,965 [ERROR] ConditionMgr:805 - Attr not supported : Dmpu
2024-07-15 10:10:56,965 [ERROR] ConditionMgr:805 - Attr not supported : Dmpu
2024-07-15 10:10:56,965 [ERROR] ConditionMgr:805 - Attr not supported : Dmpu
2024-07-15 10:10:56,965 [ERROR] ConditionMgr:805 - Attr not supported : Dmpu
2024-07-15 10:10:56,965 [ERROR] ConditionMgr:805 - Attr not supported : Dmpu
2024-07-15 10:10:56,965 [ERROR] ConditionMgr:805 - Attr not supported : Dmpu
2024-07-15 10:10:56,965 [ERROR] ConditionMgr:805 - Attr not supported : Dmpu
2024-07-15 10:10:56,965 [ERROR] ConditionMgr:805 - Attr not supported : Dmpu
2024-07-15 10:10:56,965 [ERROR] ConditionMgr:805 - Attr not supported : Dmpu
2024-07-15 10:10:56,972 [WARN] PackLoader:240 - Cannot read IP mode file for RealThread.X-CUBE-RT-Thread_Nano.4.1.1
2024-07-15 10:10:56,977 [WARN] PackLoader:240 - Cannot read IP mode file for STMicroelectronics.FP-ATR-SIGFOX1.3.2.0
2024-07-15 10:10:57,006 [WARN] PackLoader:240 - Cannot read IP mode file for SEGGER.I-CUBE-embOS.1.3.1
2024-07-15 10:10:57,057 [WARN] PackLoader:240 - Cannot read IP mode file for STMicroelectronics.X-CUBE-ALGOBUILD.1.4.0
2024-07-15 10:10:57,065 [WARN] PackLoader:240 - Cannot read IP mode file for STMicroelectronics.X-CUBE-GNSS1.6.0.0
2024-07-15 10:10:57,084 [WARN] PackLoader:240 - Cannot read IP mode file for STMicroelectronics.X-CUBE-AZRTOS-F4.1.1.0
2024-07-15 10:10:57,093 [WARN] PackLoader:240 - Cannot read IP mode file for STMicroelectronics.X-CUBE-FREERTOS.1.2.0
2024-07-15 10:10:57,106 [WARN] PackLoader:240 - Cannot read IP mode file for STMicroelectronics.X-CUBE-AZRTOS-L5.2.0.0
2024-07-15 10:10:57,115 [WARN] PackLoader:240 - Cannot read IP mode file for STMicroelectronics.X-CUBE-NFC6.3.1.0
2024-07-15 10:10:57,123 [WARN] PackLoader:240 - Cannot read IP mode file for ITTIA_DB.I-CUBE-ITTIADB.8.8.0
2024-07-15 10:10:57,130 [WARN] PackLoader:240 - Cannot read IP mode file for STMicroelectronics.X-CUBE-DPower.1.2.0
2024-07-15 10:10:57,137 [WARN] PackLoader:240 - Cannot read IP mode file for STMicroelectronics.X-CUBE-AI.9.0.0
2024-07-15 10:10:57,143 [WARN] PackLoader:240 - Cannot read IP mode file for STMicroelectronics.X-CUBE-NFC7.1.0.1
2024-07-15 10:10:57,148 [WARN] PackLoader:240 - Cannot read IP mode file for wolfSSL.I-CUBE-wolfTPM.3.2.0
2024-07-15 10:10:57,154 [WARN] PackLoader:240 - Cannot read IP mode file for STMicroelectronics.X-CUBE-NFC6.3.0.0
2024-07-15 10:10:57,159 [WARN] PackLoader:240 - Cannot read IP mode file for STMicroelectronics.X-CUBE-AI.8.1.0
2024-07-15 10:10:57,178 [WARN] ConditionMgr:438 - getConditionDescription Invalid condition id : LAN8742 Phy interface Condition cause : null
2024-07-15 10:10:57,178 [WARN] PackLoader:240 - Cannot read IP mode file for STMicroelectronics.X-CUBE-AZRTOS-L4.2.0.0
2024-07-15 10:10:57,180 [WARN] ConditionMgr:1039 - genDependencies : Invalid condition id : LAN8742 Phy interface Condition cause : null
2024-07-15 10:10:57,180 [WARN] ConditionMgr:1039 - genDependencies : Invalid condition id : LAN8742 Phy interface Condition cause : null
2024-07-15 10:10:57,181 [WARN] ConditionMgr:1039 - genDependencies : Invalid condition id : LAN8742 Phy interface Condition cause : null
2024-07-15 10:10:57,190 [WARN] PackLoader:240 - Cannot read IP mode file for STMicroelectronics.X-CUBE-SFXS2LP1.4.0.0
2024-07-15 10:10:57,206 [WARN] ConditionMgr:438 - getConditionDescription Invalid condition id : UX DEVICE CLASS RTOS Condition cause : null
2024-07-15 10:10:57,206 [WARN] ConditionMgr:438 - getConditionDescription Invalid condition id : UX DEVICE CLASS RTOS Condition cause : null
2024-07-15 10:10:57,207 [WARN] PackLoader:240 - Cannot read IP mode file for STMicroelectronics.X-CUBE-AZRTOS-WB.2.0.0
2024-07-15 10:10:57,208 [WARN] ConditionMgr:1039 - genDependencies : Invalid condition id : UX DEVICE CLASS RTOS Condition cause : null
2024-07-15 10:10:57,208 [WARN] ConditionMgr:1039 - genDependencies : Invalid condition id : UX DEVICE CLASS RTOS Condition cause : null
2024-07-15 10:10:57,208 [WARN] ConditionMgr:1039 - genDependencies : Invalid condition id : UX DEVICE CLASS RTOS Condition cause : null
2024-07-15 10:10:57,208 [WARN] ConditionMgr:1039 - genDependencies : Invalid condition id : UX DEVICE CLASS RTOS Condition cause : null
2024-07-15 10:10:57,208 [WARN] ConditionMgr:1039 - genDependencies : Invalid condition id : UX DEVICE CLASS RTOS Condition cause : null
2024-07-15 10:10:57,218 [WARN] PackLoader:240 - Cannot read IP mode file for STMicroelectronics.X-CUBE-SUBG2.5.0.0
2024-07-15 10:10:57,226 [WARN] PackLoader:240 - Cannot read IP mode file for Cesanta.I-CUBE-Mongoose.7.13.0
2024-07-15 10:10:57,236 [WARN] PackLoader:240 - Cannot read IP mode file for STMicroelectronics.X-CUBE-AZRTOS-G4.2.0.0
2024-07-15 10:10:57,248 [WARN] PackLoader:240 - Cannot read IP mode file for Infineon.AIROC-Wi-Fi-Bluetooth-STM32.1.5.1
2024-07-15 10:10:57,254 [WARN] PackLoader:240 - Cannot read IP mode file for STMicroelectronics.FP-SNS-MOTENVWB1.1.3.1
2024-07-15 10:10:57,260 [WARN] PackLoader:240 - Cannot read IP mode file for STMicroelectronics.X-CUBE-ALS.1.0.2
2024-07-15 10:10:57,289 [WARN] PackLoader:240 - Cannot read IP mode file for STMicroelectronics.X-CUBE-MEMS1.10.0.0
2024-07-15 10:10:57,351 [WARN] PackLoader:240 - Cannot read IP mode file for STMicroelectronics.X-CUBE-FREERTOS.1.1.0
2024-07-15 10:10:57,357 [WARN] PackLoader:240 - Cannot read IP mode file for STMicroelectronics.X-CUBE-TOUCHGFX.4.24.0
2024-07-15 10:10:57,367 [WARN] PackLoader:240 - Cannot read IP mode file for portGmbH.I-Cube-SoM-uGOAL.1.1.0
2024-07-15 10:10:57,372 [WARN] PackLoader:240 - Cannot read IP mode file for STMicroelectronics.X-CUBE-ALS.1.0.1
2024-07-15 10:10:57,390 [WARN] PackLoader:240 - Cannot read IP mode file for STMicroelectronics.X-CUBE-AZRTOS-H7RS.1.0.0
2024-07-15 10:10:57,403 [WARN] PackLoader:240 - Cannot read IP mode file for STMicroelectronics.FP-ATR-ASTRA1.2.0.0
2024-07-15 10:10:57,407 [WARN] PackLoader:240 - Cannot read IP mode file for wolfSSL.I-CUBE-wolfSSH.1.4.17
2024-07-15 10:10:57,407 [INFO] ThirdParty:978 - Integrity check success = true
2024-07-15 10:10:57,407 [INFO] IntegrityCheckThread:100 - exiting critical section [integrity check]
2024-07-15 10:10:57,408 [INFO] IntegrityCheckThread:103 - End integrity checks thread
2024-07-15 10:11:16,366 [ERROR] LogOutputStream:75 - [STDERR_REDIRECT] SLF4J: Failed to load class "org.slf4j.impl.StaticLoggerBinder".
2024-07-15 10:11:16,367 [ERROR] LogOutputStream:75 - [STDERR_REDIRECT] SLF4J: Defaulting to no-operation (NOP) logger implementation
2024-07-15 10:11:16,368 [ERROR] LogOutputStream:75 - [STDERR_REDIRECT] SLF4J: See http://www.slf4j.org/codes.html#StaticLoggerBinder for further details.
2024-07-15 14:07:24,816 [ERROR] LogOutputStream:75 - [STDERR_REDIRECT] 
2024-07-15 14:07:38,891 [INFO] Activator:176 - 


2024-07-15 14:07:38,892 [INFO] Activator:177 - !SESSION log4j initialized
2024-07-15 14:07:43,039 [INFO] LogOutputStream:77 - [STDOUT_REDIRECT] 
2024-07-15 14:07:49,564 [INFO] ApplicationProperties:184 - Using Application install path: C:\my_workspace\my_software\stm32cubeide\STM32CubeIDE_1.14.1\STM32CubeIDE\plugins\com.st.stm32cube.common.mx_6.10.0.202311202037
2024-07-15 14:07:49,574 [INFO] DbMcusXml:78 - Set database path to: C:\my_workspace\my_software\stm32cubeide\STM32CubeIDE_1.14.1\STM32CubeIDE\plugins\com.st.stm32cube.common.mx_6.10.0.202311202037\\db\/mcu/
2024-07-15 14:07:49,574 [INFO] ApiDb:274 - Set plugin database path to: C:\my_workspace\my_software\stm32cubeide\STM32CubeIDE_1.14.1\STM32CubeIDE\plugins\com.st.stm32cube.common.mx_6.10.0.202311202037\\db\/plugins/boardmanager/
2024-07-15 14:07:49,574 [WARN] ApiDb:259 - Overriding images path with different value:  => C:\my_workspace\my_software\stm32cubeide\STM32CubeIDE_1.14.1\STM32CubeIDE\plugins\com.st.stm32cube.common.mx_6.10.0.202311202037\\db\/plugins/mcufinder/images/
2024-07-15 14:07:49,588 [INFO] ApiDb:250 - Set database path to: C:\Users\ECA1WX\.stmcufinder\plugins\mcufinder//mcu/
2024-07-15 14:07:49,589 [INFO] DbMcusAds:125 - Set database path to: C:\Users\ECA1WX\.stmcufinder\plugins\mcufinder//mcu/
2024-07-15 14:07:49,590 [INFO] CrossReferenceDbSqlite:203 - Set database path to: C:\Users\ECA1WX\.stmcufinder\plugins\mcufinder//mcu/cs/
2024-07-15 14:07:49,660 [INFO] RulesReader:64 - Compatibility file has been processed (297 Rules)
2024-07-15 14:07:49,727 [INFO] DbMcusXml:78 - Set database path to: C:\my_workspace\my_software\stm32cubeide\STM32CubeIDE_1.14.1\STM32CubeIDE\plugins\com.st.stm32cube.common.mx_6.10.0.202311202037\\db\/mcu/
2024-07-15 14:07:49,727 [INFO] ApiDb:274 - Set plugin database path to: C:\my_workspace\my_software\stm32cubeide\STM32CubeIDE_1.14.1\STM32CubeIDE\plugins\com.st.stm32cube.common.mx_6.10.0.202311202037\\db\/plugins/boardmanager/
2024-07-15 14:07:49,727 [INFO] ApiDb:261 - Set plugin images path to: C:\my_workspace\my_software\stm32cubeide\STM32CubeIDE_1.14.1\STM32CubeIDE\plugins\com.st.stm32cube.common.mx_6.10.0.202311202037\\db\/plugins/mcufinder/images/
2024-07-15 14:07:49,727 [WARN] DbFile:41 - Overriding database path with different value: C:\Users\ECA1WX\.stmcufinder\plugins\mcufinder/ => C:\Users\ECA1WX\.stmcufinder\plugins\mcufinder
2024-07-15 14:07:49,727 [INFO] ApiDb:250 - Set database path to: C:\Users\ECA1WX\.stmcufinder\plugins\mcufinder//mcu/
2024-07-15 14:07:49,727 [WARN] DbFile:41 - Overriding database path with different value: C:\Users\ECA1WX\.stmcufinder\plugins\mcufinder/ => C:\Users\ECA1WX\.stmcufinder\plugins\mcufinder
2024-07-15 14:07:49,727 [INFO] DbMcusAds:125 - Set database path to: C:\Users\ECA1WX\.stmcufinder\plugins\mcufinder//mcu/
2024-07-15 14:07:49,727 [WARN] DbFile:41 - Overriding database path with different value: C:\Users\ECA1WX\.stmcufinder\plugins\mcufinder/ => C:\Users\ECA1WX\.stmcufinder\plugins\mcufinder
2024-07-15 14:07:49,727 [WARN] DbFile:41 - Overriding database path with different value: C:\Users\ECA1WX\.stmcufinder\plugins\mcufinder/ => C:\Users\ECA1WX\.stmcufinder\plugins\mcufinder
2024-07-15 14:07:49,727 [INFO] CrossReferenceDbSqlite:203 - Set database path to: C:\Users\ECA1WX\.stmcufinder\plugins\mcufinder//mcu/cs/
2024-07-15 14:07:49,784 [INFO] MainPanel:264 - HeapMemory: 268435456
2024-07-15 14:07:49,832 [INFO] DbMcusXml:78 - Set database path to: C:\my_workspace\my_software\stm32cubeide\STM32CubeIDE_1.14.1\STM32CubeIDE\plugins\com.st.stm32cube.common.mx_6.10.0.202311202037\\db\/mcu/
2024-07-15 14:07:49,832 [INFO] ApiDb:274 - Set plugin database path to: C:\my_workspace\my_software\stm32cubeide\STM32CubeIDE_1.14.1\STM32CubeIDE\plugins\com.st.stm32cube.common.mx_6.10.0.202311202037\\db\/plugins/boardmanager/
2024-07-15 14:07:49,832 [INFO] ApiDb:261 - Set plugin images path to: C:\my_workspace\my_software\stm32cubeide\STM32CubeIDE_1.14.1\STM32CubeIDE\plugins\com.st.stm32cube.common.mx_6.10.0.202311202037\\db\/plugins/mcufinder/images/
2024-07-15 14:07:49,833 [WARN] DbFile:41 - Overriding database path with different value: C:\Users\ECA1WX\.stmcufinder\plugins\mcufinder/ => C:\Users\ECA1WX\.stmcufinder\plugins\mcufinder
2024-07-15 14:07:49,833 [INFO] ApiDb:250 - Set database path to: C:\Users\ECA1WX\.stmcufinder\plugins\mcufinder//mcu/
2024-07-15 14:07:49,833 [WARN] DbFile:41 - Overriding database path with different value: C:\Users\ECA1WX\.stmcufinder\plugins\mcufinder/ => C:\Users\ECA1WX\.stmcufinder\plugins\mcufinder
2024-07-15 14:07:49,833 [INFO] DbMcusAds:125 - Set database path to: C:\Users\ECA1WX\.stmcufinder\plugins\mcufinder//mcu/
2024-07-15 14:07:49,833 [WARN] DbFile:41 - Overriding database path with different value: C:\Users\ECA1WX\.stmcufinder\plugins\mcufinder/ => C:\Users\ECA1WX\.stmcufinder\plugins\mcufinder
2024-07-15 14:07:49,833 [WARN] DbFile:41 - Overriding database path with different value: C:\Users\ECA1WX\.stmcufinder\plugins\mcufinder/ => C:\Users\ECA1WX\.stmcufinder\plugins\mcufinder
2024-07-15 14:07:49,833 [INFO] CrossReferenceDbSqlite:203 - Set database path to: C:\Users\ECA1WX\.stmcufinder\plugins\mcufinder//mcu/cs/
2024-07-15 14:07:49,849 [INFO] ApplicationProperties:184 - Using Application install path: C:\my_workspace\my_software\stm32cubeide\STM32CubeIDE_1.14.1\STM32CubeIDE\plugins\com.st.stm32cube.common.mx_6.10.0.202311202037
2024-07-15 14:07:49,850 [INFO] PluginManage:196 - Search for loadable plugins [exclusion list=, ]
2024-07-15 14:07:49,851 [INFO] PluginManage:310 - Check plugin analytics
2024-07-15 14:07:54,512 [INFO] AnalyticsPlugin:253 - Accepted Software Licenses: 
2024-07-15 14:07:54,512 [INFO] AnalyticsPlugin:255 - Accepted CMSIS Pack Licenses: 
2024-07-15 14:07:54,513 [INFO] AnalyticsPlugin:257 - Accepted Firmware Licenses: FW.F7.1.17.0
2024-07-15 14:07:54,515 [INFO] PluginManage:359 - Loaded plugin analytics (category:tool,tabindex:-1)
2024-07-15 14:07:54,515 [INFO] PluginManage:310 - Check plugin cadmodel
2024-07-15 14:07:54,519 [INFO] CADModel:105 - Init CAD model plugin
2024-07-15 14:07:54,519 [INFO] PluginManage:359 - Loaded plugin cadmodel (category:power,tabindex:5)
2024-07-15 14:07:54,520 [INFO] PluginManage:310 - Check plugin clock
2024-07-15 14:07:54,526 [INFO] PluginManage:359 - Loaded plugin clock (category:base,tabindex:2)
2024-07-15 14:07:54,527 [INFO] PluginManage:310 - Check plugin ddr
2024-07-15 14:07:54,528 [INFO] PluginManage:359 - Loaded plugin ddr (category:tool,tabindex:6)
2024-07-15 14:07:54,529 [INFO] PluginManage:310 - Check plugin filemanager
2024-07-15 14:07:54,643 [INFO] PluginManage:359 - Loaded plugin filemanager (category:base,tabindex:10)
2024-07-15 14:07:54,643 [INFO] PluginManage:310 - Check plugin ipmanager
2024-07-15 14:07:54,651 [INFO] PluginManage:359 - Loaded plugin ipmanager (category:base,tabindex:5)
2024-07-15 14:07:54,652 [INFO] PluginManage:310 - Check plugin lpbam
2024-07-15 14:07:54,658 [INFO] PluginManage:359 - Loaded plugin lpbam (category:base,tabindex:0)
2024-07-15 14:07:54,658 [INFO] PluginManage:310 - Check plugin memorymap
2024-07-15 14:07:54,668 [INFO] PluginManage:359 - Loaded plugin memorymap (category:base,tabindex:4)
2024-07-15 14:07:54,669 [INFO] PluginManage:310 - Check plugin pinoutandconfiguration
2024-07-15 14:07:54,676 [INFO] PluginManage:359 - Loaded plugin pinoutandconfiguration (category:base,tabindex:1)
2024-07-15 14:07:54,677 [INFO] PluginManage:310 - Check plugin pinoutconfig
2024-07-15 14:07:54,746 [WARN] SupportedApi:132 - Cannot load RTOS API schema: s4s-elt-must-match.1: The content of 'definitions' must match (annotation?, (simpleType | complexType)?, (unique | key | keyref)*)). A problem was found starting at: attribute.
2024-07-15 14:07:54,840 [INFO] PluginManage:359 - Loaded plugin pinoutconfig (category:base,tabindex:0)
2024-07-15 14:07:54,840 [INFO] PluginManage:310 - Check plugin power
2024-07-15 14:07:54,847 [INFO] PluginManage:359 - Loaded plugin power (category:power,tabindex:4)
2024-07-15 14:07:54,847 [INFO] PluginManage:310 - Check plugin projectmanager
2024-07-15 14:07:54,863 [INFO] PluginManage:359 - Loaded plugin projectmanager (category:projectmanager,tabindex:3)
2024-07-15 14:07:54,863 [INFO] PluginManage:310 - Check plugin thirdparty
2024-07-15 14:07:54,963 [INFO] PluginManage:359 - Loaded plugin thirdparty (category:base,tabindex:-1)
2024-07-15 14:07:54,963 [INFO] PluginManage:310 - Check plugin tools
2024-07-15 14:07:54,963 [WARN] IntegrityCheckThread:84 - waiting for thirdparty lock release [integrity check]
2024-07-15 14:07:54,963 [INFO] IntegrityCheckThread:86 - entering critical section [integrity check]
2024-07-15 14:07:54,963 [INFO] ThirdPartyUpdaterWithRetryManager:70 - Updater plugin not ready yet. [1/15]
2024-07-15 14:07:54,966 [INFO] PluginManage:359 - Loaded plugin tools (category:base,tabindex:7)
2024-07-15 14:07:54,966 [INFO] PluginManage:310 - Check plugin tutovideos
2024-07-15 14:07:55,094 [INFO] PluginManage:359 - Loaded plugin tutovideos (category:base,tabindex:-1)
2024-07-15 14:07:55,095 [INFO] PluginManage:310 - Check plugin updater
2024-07-15 14:07:55,101 [INFO] PluginManage:359 - Loaded plugin updater (category:base,tabindex:12)
2024-07-15 14:07:55,102 [INFO] PluginManage:310 - Check plugin userauth
2024-07-15 14:07:55,105 [INFO] UserAuth:114 - Init User Auth plugin
2024-07-15 14:07:55,105 [INFO] PluginManage:359 - Loaded plugin userauth (category:base,tabindex:14)
2024-07-15 14:07:55,106 [INFO] PluginManage:283 - PluginManage : Loaded plugins [17]
2024-07-15 14:07:55,266 [INFO] PinOutPanel:1499 - setPackage(No Configuration,No Configuration)
2024-07-15 14:07:55,336 [INFO] CADModel:165 - CPN selected for project level
2024-07-15 14:07:55,336 [INFO] CADModel:114 - Register for checkConnection events
2024-07-15 14:07:55,348 [INFO] IPUIPlugin:80 - create IPUIPlugin
2024-07-15 14:07:55,349 [INFO] PluginManager:220 - loadIPPluginJar : add adc
2024-07-15 14:07:55,351 [INFO] IPUIPlugin:80 - create IPUIPlugin
2024-07-15 14:07:55,351 [INFO] PluginManager:220 - loadIPPluginJar : add aes
2024-07-15 14:07:55,353 [INFO] IPUIPlugin:80 - create IPUIPlugin
2024-07-15 14:07:55,353 [INFO] PluginManager:220 - loadIPPluginJar : add can
2024-07-15 14:07:55,354 [INFO] IPUIPlugin:80 - create IPUIPlugin
2024-07-15 14:07:55,354 [INFO] PluginManager:220 - loadIPPluginJar : add comp
2024-07-15 14:07:55,357 [INFO] IPUIPlugin:80 - create IPUIPlugin
2024-07-15 14:07:55,357 [INFO] PluginManager:220 - loadIPPluginJar : add cryp
2024-07-15 14:07:55,359 [INFO] IPUIPlugin:80 - create IPUIPlugin
2024-07-15 14:07:55,359 [INFO] PluginManager:220 - loadIPPluginJar : add dfsdm
2024-07-15 14:07:55,363 [INFO] IPUIPlugin:80 - create IPUIPlugin
2024-07-15 14:07:55,363 [INFO] PluginManager:220 - loadIPPluginJar : add dma
2024-07-15 14:07:55,365 [INFO] IPUIPlugin:80 - create IPUIPlugin
2024-07-15 14:07:55,365 [INFO] PluginManager:220 - loadIPPluginJar : add dma3
2024-07-15 14:07:55,366 [INFO] IPUIPlugin:80 - create IPUIPlugin
2024-07-15 14:07:55,366 [INFO] PluginManager:220 - loadIPPluginJar : add fatfs
2024-07-15 14:07:55,369 [INFO] IPUIPlugin:80 - create IPUIPlugin
2024-07-15 14:07:55,369 [INFO] PluginManager:220 - loadIPPluginJar : add fmc
2024-07-15 14:07:55,373 [INFO] IPUIPlugin:80 - create IPUIPlugin
2024-07-15 14:07:55,373 [INFO] PluginManager:220 - loadIPPluginJar : add freertos
2024-07-15 14:07:55,374 [INFO] IPUIPlugin:80 - create IPUIPlugin
2024-07-15 14:07:55,374 [INFO] PluginManager:220 - loadIPPluginJar : add genericplugin
2024-07-15 14:07:55,377 [INFO] IPUIPlugin:80 - create IPUIPlugin
2024-07-15 14:07:55,377 [INFO] PluginManager:220 - loadIPPluginJar : add gfxmmu
2024-07-15 14:07:55,381 [INFO] IPUIPlugin:80 - create IPUIPlugin
2024-07-15 14:07:55,381 [INFO] PluginManager:220 - loadIPPluginJar : add gic
2024-07-15 14:07:55,384 [INFO] IPUIPlugin:80 - create IPUIPlugin
2024-07-15 14:07:55,384 [INFO] PluginManager:220 - loadIPPluginJar : add gpio
2024-07-15 14:07:55,386 [INFO] IPUIPlugin:80 - create IPUIPlugin
2024-07-15 14:07:55,386 [INFO] PluginManager:220 - loadIPPluginJar : add gtzc
2024-07-15 14:07:55,388 [INFO] IPUIPlugin:80 - create IPUIPlugin
2024-07-15 14:07:55,388 [INFO] PluginManager:220 - loadIPPluginJar : add hash
2024-07-15 14:07:55,390 [INFO] IPUIPlugin:80 - create IPUIPlugin
2024-07-15 14:07:55,390 [INFO] PluginManager:220 - loadIPPluginJar : add i2c
2024-07-15 14:07:55,392 [INFO] IPUIPlugin:80 - create IPUIPlugin
2024-07-15 14:07:55,392 [INFO] PluginManager:220 - loadIPPluginJar : add i2s
2024-07-15 14:07:55,395 [INFO] IPUIPlugin:80 - create IPUIPlugin
2024-07-15 14:07:55,395 [INFO] PluginManager:220 - loadIPPluginJar : add i3c
2024-07-15 14:07:55,397 [INFO] IPUIPlugin:80 - create IPUIPlugin
2024-07-15 14:07:55,397 [INFO] PluginManager:220 - loadIPPluginJar : add ipddr
2024-07-15 14:07:55,403 [INFO] IPUIPlugin:80 - create IPUIPlugin
2024-07-15 14:07:55,403 [INFO] PluginManager:220 - loadIPPluginJar : add linkedlist
2024-07-15 14:07:55,407 [INFO] IPUIPlugin:80 - create IPUIPlugin
2024-07-15 14:07:55,407 [INFO] PluginManager:220 - loadIPPluginJar : add lorawan
2024-07-15 14:07:55,409 [INFO] IPUIPlugin:80 - create IPUIPlugin
2024-07-15 14:07:55,409 [INFO] PluginManager:220 - loadIPPluginJar : add ltdc
2024-07-15 14:07:55,413 [INFO] IPUIPlugin:80 - create IPUIPlugin
2024-07-15 14:07:55,413 [INFO] PluginManager:220 - loadIPPluginJar : add mdma
2024-07-15 14:07:55,416 [INFO] IPUIPlugin:80 - create IPUIPlugin
2024-07-15 14:07:55,417 [INFO] PluginManager:220 - loadIPPluginJar : add nvic
2024-07-15 14:07:55,420 [INFO] IPUIPlugin:80 - create IPUIPlugin
2024-07-15 14:07:55,420 [INFO] PluginManager:220 - loadIPPluginJar : add opamp
2024-07-15 14:07:55,423 [INFO] IPUIPlugin:80 - create IPUIPlugin
2024-07-15 14:07:55,423 [INFO] PluginManager:220 - loadIPPluginJar : add openamp
2024-07-15 14:07:55,426 [INFO] IPUIPlugin:80 - create IPUIPlugin
2024-07-15 14:07:55,426 [INFO] PluginManager:220 - loadIPPluginJar : add pdm2pcm
2024-07-15 14:07:55,431 [INFO] IPUIPlugin:80 - create IPUIPlugin
2024-07-15 14:07:55,434 [INFO] PluginManager:220 - loadIPPluginJar : add plateformsettings
2024-07-15 14:07:55,436 [INFO] IPUIPlugin:80 - create IPUIPlugin
2024-07-15 14:07:55,436 [INFO] PluginManager:220 - loadIPPluginJar : add quadspi
2024-07-15 14:07:55,439 [INFO] IPUIPlugin:80 - create IPUIPlugin
2024-07-15 14:07:55,439 [INFO] PluginManager:220 - loadIPPluginJar : add resmgrutility
2024-07-15 14:07:55,441 [INFO] IPUIPlugin:80 - create IPUIPlugin
2024-07-15 14:07:55,441 [INFO] PluginManager:220 - loadIPPluginJar : add sai
2024-07-15 14:07:55,443 [INFO] IPUIPlugin:80 - create IPUIPlugin
2024-07-15 14:07:55,443 [INFO] PluginManager:220 - loadIPPluginJar : add spi
2024-07-15 14:07:55,447 [INFO] IPUIPlugin:80 - create IPUIPlugin
2024-07-15 14:07:55,447 [INFO] PluginManager:220 - loadIPPluginJar : add stm32_wpan
2024-07-15 14:07:55,448 [INFO] IPUIPlugin:80 - create IPUIPlugin
2024-07-15 14:07:55,448 [INFO] PluginManager:220 - loadIPPluginJar : add tim
2024-07-15 14:07:55,450 [INFO] IPUIPlugin:80 - create IPUIPlugin
2024-07-15 14:07:55,451 [INFO] PluginManager:220 - loadIPPluginJar : add touchsensing
2024-07-15 14:07:55,452 [INFO] IPUIPlugin:80 - create IPUIPlugin
2024-07-15 14:07:55,452 [INFO] PluginManager:220 - loadIPPluginJar : add tracer_emb
2024-07-15 14:07:55,454 [INFO] IPUIPlugin:80 - create IPUIPlugin
2024-07-15 14:07:55,454 [INFO] PluginManager:220 - loadIPPluginJar : add ts
2024-07-15 14:07:55,455 [INFO] IPUIPlugin:80 - create IPUIPlugin
2024-07-15 14:07:55,455 [INFO] PluginManager:220 - loadIPPluginJar : add tsc
2024-07-15 14:07:55,457 [INFO] IPUIPlugin:80 - create IPUIPlugin
2024-07-15 14:07:55,457 [INFO] PluginManager:220 - loadIPPluginJar : add ucpd
2024-07-15 14:07:55,459 [INFO] IPUIPlugin:80 - create IPUIPlugin
2024-07-15 14:07:55,459 [INFO] PluginManager:220 - loadIPPluginJar : add usart
2024-07-15 14:07:55,461 [INFO] IPUIPlugin:80 - create IPUIPlugin
2024-07-15 14:07:55,461 [INFO] PluginManager:220 - loadIPPluginJar : add usbx
2024-07-15 14:07:55,576 [INFO] CADModel:165 - CPN selected for project level
2024-07-15 14:07:55,577 [INFO] CADModel:114 - Register for checkConnection events
2024-07-15 14:07:55,577 [FATAL] Updater:308 - Updater called before beeing initialized
2024-07-15 14:07:55,577 [ERROR] CADModel:125 - Updater not yet initialized, retry later 
2024-07-15 14:07:55,663 [INFO] CADModel:165 - CPN selected for project level
2024-07-15 14:07:55,663 [INFO] CADModel:114 - Register for checkConnection events
2024-07-15 14:07:55,663 [FATAL] Updater:308 - Updater called before beeing initialized
2024-07-15 14:07:55,663 [ERROR] CADModel:125 - Updater not yet initialized, retry later 
2024-07-15 14:07:55,665 [FATAL] Updater:308 - Updater called before beeing initialized
2024-07-15 14:07:55,761 [FATAL] Updater:308 - Updater called before beeing initialized
2024-07-15 14:07:55,764 [INFO] DbMcusAds:53 - JSON generation date=Thu Sep 30 14:55:09 CST 2021 (1632984909247)
2024-07-15 14:07:55,765 [FATAL] Updater:308 - Updater called before beeing initialized
2024-07-15 14:07:55,798 [WARN] DetailPanel:346 - Failed to get advertising image, set to default
2024-07-15 14:07:55,895 [FATAL] Updater:308 - Updater called before beeing initialized
2024-07-15 14:07:55,897 [FATAL] Updater:308 - Updater called before beeing initialized
2024-07-15 14:07:55,897 [FATAL] Updater:308 - Updater called before beeing initialized
2024-07-15 14:07:55,897 [WARN] DetailPanel:346 - Failed to get advertising image, set to default
2024-07-15 14:07:55,897 [FATAL] Updater:308 - Updater called before beeing initialized
2024-07-15 14:07:55,934 [ERROR] Updater:1120 - MainUpdater not yet initialized. External WinMGr cannot be set.
2024-07-15 14:07:55,940 [INFO] Updater:1056 - Updater Version found : 6.10.0
2024-07-15 14:07:55,954 [INFO] ApplicationProperties:184 - Using Application install path: C:\my_workspace\my_software\stm32cubeide\STM32CubeIDE_1.14.1\STM32CubeIDE\plugins\com.st.stm32cube.common.mx_6.10.0.202311202037
2024-07-15 14:07:57,534 [ERROR] LogOutputStream:75 - [STDERR_REDIRECT] Jul 15, 2024 2:07:57 PM java.util.prefs.WindowsPreferences <init>
2024-07-15 14:07:57,535 [ERROR] LogOutputStream:75 - [STDERR_REDIRECT] WARNING: Could not open/create prefs root node Software\JavaSoft\Prefs at root 0xffffffff80000002. Windows RegCreateKeyEx(...) returned error code 5.
2024-07-15 14:07:57,535 [ERROR] LogOutputStream:75 - [STDERR_REDIRECT] 
2024-07-15 14:07:57,964 [INFO] ThirdPartyUpdaterWithRetryManager:70 - Updater plugin not ready yet. [2/15]
2024-07-15 14:07:57,985 [INFO] MainUpdater:2873 - connection check result : 10
2024-07-15 14:07:57,986 [INFO] MainUpdater:290 - Updater Check For Update Now.
2024-07-15 14:07:57,986 [INFO] MicroXplorer:498 - Change Database Version : DB.6.0.100
2024-07-15 14:07:57,990 [INFO] McuFinderGlobals:63 - Set McuFinder mode to 2 (CubeIDE integrated)
2024-07-15 14:07:57,990 [INFO] UserAuth:180 - activating auth plugin
2024-07-15 14:07:57,992 [INFO] UserAuth:404 - Internet connection configuration mode: 1
2024-07-15 14:07:58,006 [INFO] JxBrowserEngine:152 - Initiate JxBrowser Engine with user profile folder
2024-07-15 14:07:58,163 [INFO] CheckServerUpdateThread:120 - End of CheckServer Thread
2024-07-15 14:07:58,663 [INFO] WebApp:161 - Instantiating new browser for Auth
2024-07-15 14:07:59,144 [INFO] WebApp:780 - Register for checkConnection events
2024-07-15 14:07:59,144 [INFO] WebApp:414 - Apply proxy settings
2024-07-15 14:07:59,144 [INFO] WebApp:499 - Chromium requires no authentication
2024-07-15 14:07:59,149 [INFO] WebApp:442 - Direct internet connection detected
2024-07-15 14:07:59,264 [INFO] WebApp:192 - Starting web application
2024-07-15 14:07:59,264 [INFO] WebApp:544 - Web application path used C:\my_workspace\my_software\stm32cubeide\STM32CubeIDE_1.14.1\STM32CubeIDE\plugins\com.st.stm32cube.common.mx_6.10.0.202311202037\db\plugins\mcufinder\reactClient1\index.html
2024-07-15 14:08:01,297 [WARN] PackLoader:240 - Cannot read IP mode file for STMicroelectronics.FP-SNS-MOTENVWB1.1.4.0
2024-07-15 14:08:01,306 [WARN] PackLoader:240 - Cannot read IP mode file for STMicroelectronics.X-CUBE-SMBUS.2.1.0
2024-07-15 14:08:01,312 [WARN] PackLoader:240 - Cannot read IP mode file for STMicroelectronics.X-CUBE-TOUCHGFX.4.23.1
2024-07-15 14:08:01,315 [WARN] PackLoader:240 - Cannot read IP mode file for STMicroelectronics.X-CUBE-TOUCHGFX.4.23.0
2024-07-15 14:08:01,319 [WARN] PackLoader:240 - Cannot read IP mode file for STMicroelectronics.X-CUBE-TOUCHGFX.4.23.2
2024-07-15 14:08:01,347 [WARN] PackLoader:240 - Cannot read IP mode file for STMicroelectronics.X-CUBE-AZRTOS-F7.1.1.0
2024-07-15 14:08:01,360 [WARN] PackLoader:240 - Cannot read IP mode file for STMicroelectronics.FP-SNS-MOTENV1.4.3.2
2024-07-15 14:08:01,369 [WARN] PackLoader:240 - Cannot read IP mode file for STMicroelectronics.FP-SNS-FLIGHT1.5.0.2
2024-07-15 14:08:01,379 [WARN] PackLoader:240 - Cannot read IP mode file for STMicroelectronics.X-CUBE-DISPLAY.3.0.0
2024-07-15 14:08:01,393 [WARN] PackLoader:240 - Cannot read IP mode file for STMicroelectronics.X-CUBE-BLE1.7.0.0
2024-07-15 14:08:01,403 [WARN] PackLoader:240 - Cannot read IP mode file for emotas.I-CUBE-CANOPEN.1.3.0
2024-07-15 14:08:01,410 [WARN] PackLoader:240 - Cannot read IP mode file for STMicroelectronics.FP-SNS-SMARTAG2.1.2.0
2024-07-15 14:08:01,422 [INFO] LogOutputStream:77 - [STDOUT_REDIRECT] 1 : Invalid condition id : UX_CORESTACK_Condition cause : null
2024-07-15 14:08:01,423 [INFO] LogOutputStream:77 - [STDOUT_REDIRECT] 1 : Invalid condition id : UX_CORESTACK_Condition cause : null
2024-07-15 14:08:01,424 [INFO] LogOutputStream:77 - [STDOUT_REDIRECT] 1 : Invalid condition id : UX_CORESTACK_Condition cause : null
2024-07-15 14:08:01,425 [INFO] LogOutputStream:77 - [STDOUT_REDIRECT] 1 : Invalid condition id : UX_CORESTACK_Condition cause : null
2024-07-15 14:08:01,426 [INFO] LogOutputStream:77 - [STDOUT_REDIRECT] 1 : Invalid condition id : UX_CORESTACK_Condition cause : null
2024-07-15 14:08:01,429 [WARN] PackLoader:240 - Cannot read IP mode file for STMicroelectronics.X-CUBE-AZRTOS-WL.2.0.0
2024-07-15 14:08:01,435 [WARN] PackLoader:240 - Cannot read IP mode file for STMicroelectronics.FP-SNS-MOTENV1.5.0.0
2024-07-15 14:08:01,443 [WARN] PackLoader:240 - Cannot read IP mode file for wolfSSL.I-CUBE-wolfMQTT.1.19.0
2024-07-15 14:08:01,448 [WARN] PackLoader:240 - Cannot read IP mode file for STMicroelectronics.X-CUBE-BLE2.3.3.0
2024-07-15 14:08:01,454 [WARN] PackLoader:240 - Cannot read IP mode file for STMicroelectronics.X-CUBE-TCPP.4.1.0
2024-07-15 14:08:01,463 [WARN] PackLoader:240 - Cannot read IP mode file for STMicroelectronics.X-CUBE-ALGOBUILD.1.3.0
2024-07-15 14:08:01,480 [WARN] PackLoader:240 - Cannot read IP mode file for STMicroelectronics.X-CUBE-AZRTOS-G0.1.1.0
2024-07-15 14:08:01,489 [WARN] PackLoader:240 - Cannot read IP mode file for STMicroelectronics.X-CUBE-SAFEA1.1.2.2
2024-07-15 14:08:01,496 [WARN] PackLoader:240 - Cannot read IP mode file for STMicroelectronics.X-CUBE-NFC4.3.0.0
2024-07-15 14:08:01,506 [WARN] PackLoader:240 - Cannot read IP mode file for EmbeddedOffice.I-CUBE-FS-RTOS.1.0.1
2024-07-15 14:08:01,506 [ERROR] ConditionMgr:805 - Attr not supported : Dmpu
2024-07-15 14:08:01,506 [ERROR] ConditionMgr:805 - Attr not supported : Dmpu
2024-07-15 14:08:01,506 [ERROR] ConditionMgr:805 - Attr not supported : Dmpu
2024-07-15 14:08:01,507 [ERROR] ConditionMgr:805 - Attr not supported : Dmpu
2024-07-15 14:08:01,507 [ERROR] ConditionMgr:805 - Attr not supported : Dmpu
2024-07-15 14:08:01,507 [ERROR] ConditionMgr:805 - Attr not supported : Dmpu
2024-07-15 14:08:01,507 [ERROR] ConditionMgr:805 - Attr not supported : Dmpu
2024-07-15 14:08:01,507 [ERROR] ConditionMgr:805 - Attr not supported : Dmpu
2024-07-15 14:08:01,507 [ERROR] ConditionMgr:805 - Attr not supported : Dmpu
2024-07-15 14:08:01,507 [ERROR] ConditionMgr:805 - Attr not supported : Dmpu
2024-07-15 14:08:01,507 [ERROR] ConditionMgr:805 - Attr not supported : Dmpu
2024-07-15 14:08:01,508 [ERROR] ConditionMgr:805 - Attr not supported : Dmpu
2024-07-15 14:08:01,508 [ERROR] ConditionMgr:805 - Attr not supported : Dmpu
2024-07-15 14:08:01,508 [ERROR] ConditionMgr:805 - Attr not supported : Dmpu
2024-07-15 14:08:01,508 [ERROR] ConditionMgr:805 - Attr not supported : Dmpu
2024-07-15 14:08:01,508 [ERROR] ConditionMgr:805 - Attr not supported : Dmpu
2024-07-15 14:08:01,508 [ERROR] ConditionMgr:805 - Attr not supported : Dmpu
2024-07-15 14:08:01,508 [ERROR] ConditionMgr:805 - Attr not supported : Dmpu
2024-07-15 14:08:01,508 [ERROR] ConditionMgr:805 - Attr not supported : Dmpu
2024-07-15 14:08:01,508 [ERROR] ConditionMgr:805 - Attr not supported : Dmpu
2024-07-15 14:08:01,509 [ERROR] ConditionMgr:805 - Attr not supported : Dmpu
2024-07-15 14:08:01,509 [ERROR] ConditionMgr:805 - Attr not supported : Dmpu
2024-07-15 14:08:01,509 [ERROR] ConditionMgr:805 - Attr not supported : Dmpu
2024-07-15 14:08:01,509 [ERROR] ConditionMgr:805 - Attr not supported : Dmpu
2024-07-15 14:08:01,509 [ERROR] ConditionMgr:805 - Attr not supported : Dmpu
2024-07-15 14:08:01,509 [ERROR] ConditionMgr:805 - Attr not supported : Dmpu
2024-07-15 14:08:01,509 [ERROR] ConditionMgr:805 - Attr not supported : Dmpu
2024-07-15 14:08:01,509 [ERROR] ConditionMgr:805 - Attr not supported : Dmpu
2024-07-15 14:08:01,509 [ERROR] ConditionMgr:805 - Attr not supported : Dmpu
2024-07-15 14:08:01,509 [ERROR] ConditionMgr:805 - Attr not supported : Dmpu
2024-07-15 14:08:01,509 [ERROR] ConditionMgr:805 - Attr not supported : Dmpu
2024-07-15 14:08:01,509 [ERROR] ConditionMgr:805 - Attr not supported : Dmpu
2024-07-15 14:08:01,509 [ERROR] ConditionMgr:805 - Attr not supported : Dmpu
2024-07-15 14:08:01,509 [ERROR] ConditionMgr:805 - Attr not supported : Dmpu
2024-07-15 14:08:01,509 [ERROR] ConditionMgr:805 - Attr not supported : Dmpu
2024-07-15 14:08:01,510 [ERROR] ConditionMgr:805 - Attr not supported : Dmpu
2024-07-15 14:08:01,510 [ERROR] ConditionMgr:805 - Attr not supported : Dmpu
2024-07-15 14:08:01,510 [ERROR] ConditionMgr:805 - Attr not supported : Dmpu
2024-07-15 14:08:01,510 [ERROR] ConditionMgr:805 - Attr not supported : Dmpu
2024-07-15 14:08:01,510 [ERROR] ConditionMgr:805 - Attr not supported : Dmpu
2024-07-15 14:08:01,510 [ERROR] ConditionMgr:805 - Attr not supported : Dmpu
2024-07-15 14:08:01,510 [ERROR] ConditionMgr:805 - Attr not supported : Dmpu
2024-07-15 14:08:01,510 [ERROR] ConditionMgr:805 - Attr not supported : Dmpu
2024-07-15 14:08:01,510 [ERROR] ConditionMgr:805 - Attr not supported : Dmpu
2024-07-15 14:08:01,510 [ERROR] ConditionMgr:805 - Attr not supported : Dmpu
2024-07-15 14:08:01,510 [ERROR] ConditionMgr:805 - Attr not supported : Dmpu
2024-07-15 14:08:01,510 [ERROR] ConditionMgr:805 - Attr not supported : Dmpu
2024-07-15 14:08:01,511 [ERROR] ConditionMgr:805 - Attr not supported : Dmpu
2024-07-15 14:08:01,511 [ERROR] ConditionMgr:805 - Attr not supported : Dmpu
2024-07-15 14:08:01,511 [ERROR] ConditionMgr:805 - Attr not supported : Dmpu
2024-07-15 14:08:01,511 [ERROR] ConditionMgr:805 - Attr not supported : Dmpu
2024-07-15 14:08:01,511 [ERROR] ConditionMgr:805 - Attr not supported : Dmpu
2024-07-15 14:08:01,511 [ERROR] ConditionMgr:805 - Attr not supported : Dmpu
2024-07-15 14:08:01,511 [ERROR] ConditionMgr:805 - Attr not supported : Dmpu
2024-07-15 14:08:01,511 [ERROR] ConditionMgr:805 - Attr not supported : Dmpu
2024-07-15 14:08:01,511 [ERROR] ConditionMgr:805 - Attr not supported : Dmpu
2024-07-15 14:08:01,511 [ERROR] ConditionMgr:805 - Attr not supported : Dmpu
2024-07-15 14:08:01,511 [ERROR] ConditionMgr:805 - Attr not supported : Dmpu
2024-07-15 14:08:01,511 [ERROR] ConditionMgr:805 - Attr not supported : Dmpu
2024-07-15 14:08:01,511 [ERROR] ConditionMgr:805 - Attr not supported : Dmpu
2024-07-15 14:08:01,511 [ERROR] ConditionMgr:805 - Attr not supported : Dmpu
2024-07-15 14:08:01,511 [ERROR] ConditionMgr:805 - Attr not supported : Dmpu
2024-07-15 14:08:01,511 [ERROR] ConditionMgr:805 - Attr not supported : Dmpu
2024-07-15 14:08:01,511 [ERROR] ConditionMgr:805 - Attr not supported : Dmpu
2024-07-15 14:08:01,521 [WARN] PackLoader:240 - Cannot read IP mode file for RealThread.X-CUBE-RT-Thread_Nano.4.1.1
2024-07-15 14:08:01,528 [WARN] PackLoader:240 - Cannot read IP mode file for STMicroelectronics.FP-ATR-SIGFOX1.3.2.0
2024-07-15 14:08:01,580 [WARN] PackLoader:240 - Cannot read IP mode file for SEGGER.I-CUBE-embOS.1.3.1
2024-07-15 14:08:01,686 [WARN] PackLoader:240 - Cannot read IP mode file for STMicroelectronics.X-CUBE-ALGOBUILD.1.4.0
2024-07-15 14:08:01,694 [WARN] PackLoader:240 - Cannot read IP mode file for STMicroelectronics.X-CUBE-GNSS1.6.0.0
2024-07-15 14:08:01,717 [WARN] PackLoader:240 - Cannot read IP mode file for STMicroelectronics.X-CUBE-AZRTOS-F4.1.1.0
2024-07-15 14:08:01,727 [WARN] PackLoader:240 - Cannot read IP mode file for STMicroelectronics.X-CUBE-FREERTOS.1.2.0
2024-07-15 14:08:01,746 [WARN] PackLoader:240 - Cannot read IP mode file for STMicroelectronics.X-CUBE-AZRTOS-L5.2.0.0
2024-07-15 14:08:01,762 [WARN] PackLoader:240 - Cannot read IP mode file for STMicroelectronics.X-CUBE-NFC6.3.1.0
2024-07-15 14:08:01,780 [WARN] PackLoader:240 - Cannot read IP mode file for ITTIA_DB.I-CUBE-ITTIADB.8.8.0
2024-07-15 14:08:01,790 [WARN] PackLoader:240 - Cannot read IP mode file for STMicroelectronics.X-CUBE-DPower.1.2.0
2024-07-15 14:08:01,799 [WARN] PackLoader:240 - Cannot read IP mode file for STMicroelectronics.X-CUBE-AI.9.0.0
2024-07-15 14:08:01,808 [WARN] PackLoader:240 - Cannot read IP mode file for STMicroelectronics.X-CUBE-NFC7.1.0.1
2024-07-15 14:08:01,816 [WARN] PackLoader:240 - Cannot read IP mode file for wolfSSL.I-CUBE-wolfTPM.3.2.0
2024-07-15 14:08:01,823 [WARN] PackLoader:240 - Cannot read IP mode file for STMicroelectronics.X-CUBE-NFC6.3.0.0
2024-07-15 14:08:01,830 [WARN] PackLoader:240 - Cannot read IP mode file for STMicroelectronics.X-CUBE-AI.8.1.0
2024-07-15 14:08:01,851 [WARN] ConditionMgr:438 - getConditionDescription Invalid condition id : LAN8742 Phy interface Condition cause : null
2024-07-15 14:08:01,852 [WARN] PackLoader:240 - Cannot read IP mode file for STMicroelectronics.X-CUBE-AZRTOS-L4.2.0.0
2024-07-15 14:08:01,853 [WARN] ConditionMgr:1039 - genDependencies : Invalid condition id : LAN8742 Phy interface Condition cause : null
2024-07-15 14:08:01,854 [WARN] ConditionMgr:1039 - genDependencies : Invalid condition id : LAN8742 Phy interface Condition cause : null
2024-07-15 14:08:01,854 [WARN] ConditionMgr:1039 - genDependencies : Invalid condition id : LAN8742 Phy interface Condition cause : null
2024-07-15 14:08:01,866 [WARN] PackLoader:240 - Cannot read IP mode file for STMicroelectronics.X-CUBE-SFXS2LP1.4.0.0
2024-07-15 14:08:01,883 [WARN] ConditionMgr:438 - getConditionDescription Invalid condition id : UX DEVICE CLASS RTOS Condition cause : null
2024-07-15 14:08:01,884 [WARN] ConditionMgr:438 - getConditionDescription Invalid condition id : UX DEVICE CLASS RTOS Condition cause : null
2024-07-15 14:08:01,886 [WARN] PackLoader:240 - Cannot read IP mode file for STMicroelectronics.X-CUBE-AZRTOS-WB.2.0.0
2024-07-15 14:08:01,887 [WARN] ConditionMgr:1039 - genDependencies : Invalid condition id : UX DEVICE CLASS RTOS Condition cause : null
2024-07-15 14:08:01,887 [WARN] ConditionMgr:1039 - genDependencies : Invalid condition id : UX DEVICE CLASS RTOS Condition cause : null
2024-07-15 14:08:01,887 [WARN] ConditionMgr:1039 - genDependencies : Invalid condition id : UX DEVICE CLASS RTOS Condition cause : null
2024-07-15 14:08:01,887 [WARN] ConditionMgr:1039 - genDependencies : Invalid condition id : UX DEVICE CLASS RTOS Condition cause : null
2024-07-15 14:08:01,888 [WARN] ConditionMgr:1039 - genDependencies : Invalid condition id : UX DEVICE CLASS RTOS Condition cause : null
2024-07-15 14:08:01,908 [WARN] PackLoader:240 - Cannot read IP mode file for STMicroelectronics.X-CUBE-SUBG2.5.0.0
2024-07-15 14:08:01,924 [WARN] PackLoader:240 - Cannot read IP mode file for Cesanta.I-CUBE-Mongoose.7.13.0
2024-07-15 14:08:01,963 [WARN] PackLoader:240 - Cannot read IP mode file for STMicroelectronics.X-CUBE-AZRTOS-G4.2.0.0
2024-07-15 14:08:01,982 [WARN] PackLoader:240 - Cannot read IP mode file for Infineon.AIROC-Wi-Fi-Bluetooth-STM32.1.5.1
2024-07-15 14:08:01,992 [WARN] PackLoader:240 - Cannot read IP mode file for STMicroelectronics.FP-SNS-MOTENVWB1.1.3.1
2024-07-15 14:08:02,008 [WARN] PackLoader:240 - Cannot read IP mode file for STMicroelectronics.X-CUBE-ALS.1.0.2
2024-07-15 14:08:02,057 [WARN] PackLoader:240 - Cannot read IP mode file for STMicroelectronics.X-CUBE-MEMS1.10.0.0
2024-07-15 14:08:02,171 [WARN] PackLoader:240 - Cannot read IP mode file for STMicroelectronics.X-CUBE-FREERTOS.1.1.0
2024-07-15 14:08:02,178 [WARN] PackLoader:240 - Cannot read IP mode file for STMicroelectronics.X-CUBE-TOUCHGFX.4.24.0
2024-07-15 14:08:02,198 [WARN] PackLoader:240 - Cannot read IP mode file for portGmbH.I-Cube-SoM-uGOAL.1.1.0
2024-07-15 14:08:02,207 [WARN] PackLoader:240 - Cannot read IP mode file for STMicroelectronics.X-CUBE-ALS.1.0.1
2024-07-15 14:08:02,253 [WARN] PackLoader:240 - Cannot read IP mode file for STMicroelectronics.X-CUBE-AZRTOS-H7RS.1.0.0
2024-07-15 14:08:02,293 [WARN] PackLoader:240 - Cannot read IP mode file for STMicroelectronics.FP-ATR-ASTRA1.2.0.0
2024-07-15 14:08:02,313 [WARN] PackLoader:240 - Cannot read IP mode file for wolfSSL.I-CUBE-wolfSSH.1.4.17
2024-07-15 14:08:02,314 [INFO] ThirdParty:978 - Integrity check success = true
2024-07-15 14:08:02,314 [INFO] IntegrityCheckThread:100 - exiting critical section [integrity check]
2024-07-15 14:08:02,314 [INFO] IntegrityCheckThread:103 - End integrity checks thread
2024-07-15 14:08:19,827 [ERROR] LogOutputStream:75 - [STDERR_REDIRECT] SLF4J: Failed to load class "org.slf4j.impl.StaticLoggerBinder".
2024-07-15 14:08:19,828 [ERROR] LogOutputStream:75 - [STDERR_REDIRECT] SLF4J: Defaulting to no-operation (NOP) logger implementation
2024-07-15 14:08:19,829 [ERROR] LogOutputStream:75 - [STDERR_REDIRECT] SLF4J: See http://www.slf4j.org/codes.html#StaticLoggerBinder for further details.
2024-07-15 14:30:38,590 [ERROR] LogOutputStream:75 - [STDERR_REDIRECT] 
