2024-04-21 15:56:16,159 [INFO] Activator:176 - 


2024-04-21 15:56:16,161 [INFO] Activator:177 - !SESSION log4j initialized
2024-04-21 15:56:17,725 [INFO] LogOutputStream:77 - [STDOUT_REDIRECT] 
2024-04-21 15:56:22,799 [ERROR] ConfigurationRetriever:142 - IOException on connection: sw-center.st.com
2024-04-21 15:56:22,800 [ERROR] ConfigurationRetriever:142 - IOException on connection: sw-center.st.com
2024-04-21 15:56:22,800 [ERROR] ConfigurationRetriever:142 - IOException on connection: sw-center.st.com
2024-04-21 15:56:23,710 [INFO] ApplicationProperties:184 - Using Application install path: C:\my_workspace\my_software\stm32cubeide\STM32CubeIDE_1.14.1\STM32CubeIDE\plugins\com.st.stm32cube.common.mx_6.10.0.202311202037
2024-04-21 15:56:23,725 [INFO] DbMcusXml:78 - Set database path to: C:\my_workspace\my_software\stm32cubeide\STM32CubeIDE_1.14.1\STM32CubeIDE\plugins\com.st.stm32cube.common.mx_6.10.0.202311202037\\db\/mcu/
2024-04-21 15:56:23,725 [INFO] ApiDb:274 - Set plugin database path to: C:\my_workspace\my_software\stm32cubeide\STM32CubeIDE_1.14.1\STM32CubeIDE\plugins\com.st.stm32cube.common.mx_6.10.0.202311202037\\db\/plugins/boardmanager/
2024-04-21 15:56:23,725 [WARN] ApiDb:259 - Overriding images path with different value:  => C:\my_workspace\my_software\stm32cubeide\STM32CubeIDE_1.14.1\STM32CubeIDE\plugins\com.st.stm32cube.common.mx_6.10.0.202311202037\\db\/plugins/mcufinder/images/
2024-04-21 15:56:23,737 [INFO] ApiDb:250 - Set database path to: C:\Users\ECA1WX\.stmcufinder\plugins\mcufinder//mcu/
2024-04-21 15:56:23,738 [INFO] DbMcusAds:125 - Set database path to: C:\Users\ECA1WX\.stmcufinder\plugins\mcufinder//mcu/
2024-04-21 15:56:23,739 [INFO] CrossReferenceDbSqlite:203 - Set database path to: C:\Users\ECA1WX\.stmcufinder\plugins\mcufinder//mcu/cs/
2024-04-21 15:56:23,812 [INFO] RulesReader:64 - Compatibility file has been processed (297 Rules)
2024-04-21 15:56:23,874 [INFO] DbMcusXml:78 - Set database path to: C:\my_workspace\my_software\stm32cubeide\STM32CubeIDE_1.14.1\STM32CubeIDE\plugins\com.st.stm32cube.common.mx_6.10.0.202311202037\\db\/mcu/
2024-04-21 15:56:23,874 [INFO] ApiDb:274 - Set plugin database path to: C:\my_workspace\my_software\stm32cubeide\STM32CubeIDE_1.14.1\STM32CubeIDE\plugins\com.st.stm32cube.common.mx_6.10.0.202311202037\\db\/plugins/boardmanager/
2024-04-21 15:56:23,875 [INFO] ApiDb:261 - Set plugin images path to: C:\my_workspace\my_software\stm32cubeide\STM32CubeIDE_1.14.1\STM32CubeIDE\plugins\com.st.stm32cube.common.mx_6.10.0.202311202037\\db\/plugins/mcufinder/images/
2024-04-21 15:56:23,875 [WARN] DbFile:41 - Overriding database path with different value: C:\Users\ECA1WX\.stmcufinder\plugins\mcufinder/ => C:\Users\ECA1WX\.stmcufinder\plugins\mcufinder
2024-04-21 15:56:23,875 [INFO] ApiDb:250 - Set database path to: C:\Users\ECA1WX\.stmcufinder\plugins\mcufinder//mcu/
2024-04-21 15:56:23,875 [WARN] DbFile:41 - Overriding database path with different value: C:\Users\ECA1WX\.stmcufinder\plugins\mcufinder/ => C:\Users\ECA1WX\.stmcufinder\plugins\mcufinder
2024-04-21 15:56:23,875 [INFO] DbMcusAds:125 - Set database path to: C:\Users\ECA1WX\.stmcufinder\plugins\mcufinder//mcu/
2024-04-21 15:56:23,875 [WARN] DbFile:41 - Overriding database path with different value: C:\Users\ECA1WX\.stmcufinder\plugins\mcufinder/ => C:\Users\ECA1WX\.stmcufinder\plugins\mcufinder
2024-04-21 15:56:23,875 [WARN] DbFile:41 - Overriding database path with different value: C:\Users\ECA1WX\.stmcufinder\plugins\mcufinder/ => C:\Users\ECA1WX\.stmcufinder\plugins\mcufinder
2024-04-21 15:56:23,875 [INFO] CrossReferenceDbSqlite:203 - Set database path to: C:\Users\ECA1WX\.stmcufinder\plugins\mcufinder//mcu/cs/
2024-04-21 15:56:23,929 [INFO] MainPanel:264 - HeapMemory: 268435456
2024-04-21 15:56:23,968 [INFO] DbMcusXml:78 - Set database path to: C:\my_workspace\my_software\stm32cubeide\STM32CubeIDE_1.14.1\STM32CubeIDE\plugins\com.st.stm32cube.common.mx_6.10.0.202311202037\\db\/mcu/
2024-04-21 15:56:23,968 [INFO] ApiDb:274 - Set plugin database path to: C:\my_workspace\my_software\stm32cubeide\STM32CubeIDE_1.14.1\STM32CubeIDE\plugins\com.st.stm32cube.common.mx_6.10.0.202311202037\\db\/plugins/boardmanager/
2024-04-21 15:56:23,968 [INFO] ApiDb:261 - Set plugin images path to: C:\my_workspace\my_software\stm32cubeide\STM32CubeIDE_1.14.1\STM32CubeIDE\plugins\com.st.stm32cube.common.mx_6.10.0.202311202037\\db\/plugins/mcufinder/images/
2024-04-21 15:56:23,969 [WARN] DbFile:41 - Overriding database path with different value: C:\Users\ECA1WX\.stmcufinder\plugins\mcufinder/ => C:\Users\ECA1WX\.stmcufinder\plugins\mcufinder
2024-04-21 15:56:23,969 [INFO] ApiDb:250 - Set database path to: C:\Users\ECA1WX\.stmcufinder\plugins\mcufinder//mcu/
2024-04-21 15:56:23,969 [WARN] DbFile:41 - Overriding database path with different value: C:\Users\ECA1WX\.stmcufinder\plugins\mcufinder/ => C:\Users\ECA1WX\.stmcufinder\plugins\mcufinder
2024-04-21 15:56:23,969 [INFO] DbMcusAds:125 - Set database path to: C:\Users\ECA1WX\.stmcufinder\plugins\mcufinder//mcu/
2024-04-21 15:56:23,969 [WARN] DbFile:41 - Overriding database path with different value: C:\Users\ECA1WX\.stmcufinder\plugins\mcufinder/ => C:\Users\ECA1WX\.stmcufinder\plugins\mcufinder
2024-04-21 15:56:23,969 [WARN] DbFile:41 - Overriding database path with different value: C:\Users\ECA1WX\.stmcufinder\plugins\mcufinder/ => C:\Users\ECA1WX\.stmcufinder\plugins\mcufinder
2024-04-21 15:56:23,969 [INFO] CrossReferenceDbSqlite:203 - Set database path to: C:\Users\ECA1WX\.stmcufinder\plugins\mcufinder//mcu/cs/
2024-04-21 15:56:23,984 [INFO] ApplicationProperties:184 - Using Application install path: C:\my_workspace\my_software\stm32cubeide\STM32CubeIDE_1.14.1\STM32CubeIDE\plugins\com.st.stm32cube.common.mx_6.10.0.202311202037
2024-04-21 15:56:23,986 [INFO] PluginManage:196 - Search for loadable plugins [exclusion list=, ]
2024-04-21 15:56:23,986 [INFO] PluginManage:310 - Check plugin analytics
2024-04-21 15:56:28,647 [INFO] AnalyticsPlugin:253 - Accepted Software Licenses: 
2024-04-21 15:56:28,647 [INFO] AnalyticsPlugin:255 - Accepted CMSIS Pack Licenses: 
2024-04-21 15:56:28,647 [INFO] AnalyticsPlugin:257 - Accepted Firmware Licenses: FW.F7.1.17.0
2024-04-21 15:56:28,649 [INFO] PluginManage:359 - Loaded plugin analytics (category:tool,tabindex:-1)
2024-04-21 15:56:28,649 [INFO] PluginManage:310 - Check plugin cadmodel
2024-04-21 15:56:28,649 [ERROR] ConfigurationRetriever:142 - IOException on connection: sw-center.st.com
2024-04-21 15:56:28,650 [ERROR] ConfigurationRetriever:142 - IOException on connection: sw-center.st.com
2024-04-21 15:56:28,650 [ERROR] ConfigurationRetriever:142 - IOException on connection: sw-center.st.com
2024-04-21 15:56:28,652 [INFO] CADModel:105 - Init CAD model plugin
2024-04-21 15:56:28,653 [INFO] PluginManage:359 - Loaded plugin cadmodel (category:power,tabindex:5)
2024-04-21 15:56:28,653 [INFO] PluginManage:310 - Check plugin clock
2024-04-21 15:56:28,658 [INFO] PluginManage:359 - Loaded plugin clock (category:base,tabindex:2)
2024-04-21 15:56:28,658 [INFO] PluginManage:310 - Check plugin ddr
2024-04-21 15:56:28,659 [INFO] PluginManage:359 - Loaded plugin ddr (category:tool,tabindex:6)
2024-04-21 15:56:28,660 [INFO] PluginManage:310 - Check plugin filemanager
2024-04-21 15:56:28,751 [INFO] PluginManage:359 - Loaded plugin filemanager (category:base,tabindex:10)
2024-04-21 15:56:28,752 [INFO] PluginManage:310 - Check plugin ipmanager
2024-04-21 15:56:28,759 [INFO] PluginManage:359 - Loaded plugin ipmanager (category:base,tabindex:5)
2024-04-21 15:56:28,759 [INFO] PluginManage:310 - Check plugin lpbam
2024-04-21 15:56:28,763 [INFO] PluginManage:359 - Loaded plugin lpbam (category:base,tabindex:0)
2024-04-21 15:56:28,763 [INFO] PluginManage:310 - Check plugin memorymap
2024-04-21 15:56:28,771 [INFO] PluginManage:359 - Loaded plugin memorymap (category:base,tabindex:4)
2024-04-21 15:56:28,771 [INFO] PluginManage:310 - Check plugin pinoutandconfiguration
2024-04-21 15:56:28,776 [INFO] PluginManage:359 - Loaded plugin pinoutandconfiguration (category:base,tabindex:1)
2024-04-21 15:56:28,776 [INFO] PluginManage:310 - Check plugin pinoutconfig
2024-04-21 15:56:28,830 [WARN] SupportedApi:132 - Cannot load RTOS API schema: s4s-elt-must-match.1: The content of 'definitions' must match (annotation?, (simpleType | complexType)?, (unique | key | keyref)*)). A problem was found starting at: attribute.
2024-04-21 15:56:28,939 [INFO] PluginManage:359 - Loaded plugin pinoutconfig (category:base,tabindex:0)
2024-04-21 15:56:28,939 [INFO] PluginManage:310 - Check plugin power
2024-04-21 15:56:28,945 [INFO] PluginManage:359 - Loaded plugin power (category:power,tabindex:4)
2024-04-21 15:56:28,945 [INFO] PluginManage:310 - Check plugin projectmanager
2024-04-21 15:56:28,959 [INFO] PluginManage:359 - Loaded plugin projectmanager (category:projectmanager,tabindex:3)
2024-04-21 15:56:28,959 [INFO] PluginManage:310 - Check plugin thirdparty
2024-04-21 15:56:29,046 [INFO] PluginManage:359 - Loaded plugin thirdparty (category:base,tabindex:-1)
2024-04-21 15:56:29,046 [WARN] IntegrityCheckThread:84 - waiting for thirdparty lock release [integrity check]
2024-04-21 15:56:29,046 [INFO] PluginManage:310 - Check plugin tools
2024-04-21 15:56:29,046 [INFO] IntegrityCheckThread:86 - entering critical section [integrity check]
2024-04-21 15:56:29,046 [INFO] ThirdPartyUpdaterWithRetryManager:70 - Updater plugin not ready yet. [1/15]
2024-04-21 15:56:29,048 [INFO] PluginManage:359 - Loaded plugin tools (category:base,tabindex:7)
2024-04-21 15:56:29,048 [INFO] PluginManage:310 - Check plugin tutovideos
2024-04-21 15:56:29,154 [INFO] PluginManage:359 - Loaded plugin tutovideos (category:base,tabindex:-1)
2024-04-21 15:56:29,154 [INFO] PluginManage:310 - Check plugin updater
2024-04-21 15:56:29,162 [INFO] PluginManage:359 - Loaded plugin updater (category:base,tabindex:12)
2024-04-21 15:56:29,162 [INFO] PluginManage:310 - Check plugin userauth
2024-04-21 15:56:29,166 [INFO] UserAuth:114 - Init User Auth plugin
2024-04-21 15:56:29,166 [INFO] PluginManage:359 - Loaded plugin userauth (category:base,tabindex:14)
2024-04-21 15:56:29,166 [INFO] PluginManage:283 - PluginManage : Loaded plugins [17]
2024-04-21 15:56:29,326 [INFO] PinOutPanel:1499 - setPackage(No Configuration,No Configuration)
2024-04-21 15:56:29,390 [INFO] CADModel:165 - CPN selected for project level
2024-04-21 15:56:29,390 [INFO] CADModel:114 - Register for checkConnection events
2024-04-21 15:56:29,405 [INFO] IPUIPlugin:80 - create IPUIPlugin
2024-04-21 15:56:29,405 [INFO] PluginManager:220 - loadIPPluginJar : add adc
2024-04-21 15:56:29,408 [INFO] IPUIPlugin:80 - create IPUIPlugin
2024-04-21 15:56:29,408 [INFO] PluginManager:220 - loadIPPluginJar : add aes
2024-04-21 15:56:29,411 [INFO] IPUIPlugin:80 - create IPUIPlugin
2024-04-21 15:56:29,411 [INFO] PluginManager:220 - loadIPPluginJar : add can
2024-04-21 15:56:29,413 [INFO] IPUIPlugin:80 - create IPUIPlugin
2024-04-21 15:56:29,413 [INFO] PluginManager:220 - loadIPPluginJar : add comp
2024-04-21 15:56:29,415 [INFO] IPUIPlugin:80 - create IPUIPlugin
2024-04-21 15:56:29,415 [INFO] PluginManager:220 - loadIPPluginJar : add cryp
2024-04-21 15:56:29,417 [INFO] IPUIPlugin:80 - create IPUIPlugin
2024-04-21 15:56:29,417 [INFO] PluginManager:220 - loadIPPluginJar : add dfsdm
2024-04-21 15:56:29,421 [INFO] IPUIPlugin:80 - create IPUIPlugin
2024-04-21 15:56:29,422 [INFO] PluginManager:220 - loadIPPluginJar : add dma
2024-04-21 15:56:29,424 [INFO] IPUIPlugin:80 - create IPUIPlugin
2024-04-21 15:56:29,424 [INFO] PluginManager:220 - loadIPPluginJar : add dma3
2024-04-21 15:56:29,426 [INFO] IPUIPlugin:80 - create IPUIPlugin
2024-04-21 15:56:29,426 [INFO] PluginManager:220 - loadIPPluginJar : add fatfs
2024-04-21 15:56:29,429 [INFO] IPUIPlugin:80 - create IPUIPlugin
2024-04-21 15:56:29,429 [INFO] PluginManager:220 - loadIPPluginJar : add fmc
2024-04-21 15:56:29,433 [INFO] IPUIPlugin:80 - create IPUIPlugin
2024-04-21 15:56:29,433 [INFO] PluginManager:220 - loadIPPluginJar : add freertos
2024-04-21 15:56:29,435 [INFO] IPUIPlugin:80 - create IPUIPlugin
2024-04-21 15:56:29,435 [INFO] PluginManager:220 - loadIPPluginJar : add genericplugin
2024-04-21 15:56:29,437 [INFO] IPUIPlugin:80 - create IPUIPlugin
2024-04-21 15:56:29,437 [INFO] PluginManager:220 - loadIPPluginJar : add gfxmmu
2024-04-21 15:56:29,441 [INFO] IPUIPlugin:80 - create IPUIPlugin
2024-04-21 15:56:29,441 [INFO] PluginManager:220 - loadIPPluginJar : add gic
2024-04-21 15:56:29,445 [INFO] IPUIPlugin:80 - create IPUIPlugin
2024-04-21 15:56:29,445 [INFO] PluginManager:220 - loadIPPluginJar : add gpio
2024-04-21 15:56:29,447 [INFO] IPUIPlugin:80 - create IPUIPlugin
2024-04-21 15:56:29,447 [INFO] PluginManager:220 - loadIPPluginJar : add gtzc
2024-04-21 15:56:29,449 [INFO] IPUIPlugin:80 - create IPUIPlugin
2024-04-21 15:56:29,449 [INFO] PluginManager:220 - loadIPPluginJar : add hash
2024-04-21 15:56:29,451 [INFO] IPUIPlugin:80 - create IPUIPlugin
2024-04-21 15:56:29,452 [INFO] PluginManager:220 - loadIPPluginJar : add i2c
2024-04-21 15:56:29,453 [INFO] IPUIPlugin:80 - create IPUIPlugin
2024-04-21 15:56:29,454 [INFO] PluginManager:220 - loadIPPluginJar : add i2s
2024-04-21 15:56:29,456 [INFO] IPUIPlugin:80 - create IPUIPlugin
2024-04-21 15:56:29,456 [INFO] PluginManager:220 - loadIPPluginJar : add i3c
2024-04-21 15:56:29,457 [INFO] IPUIPlugin:80 - create IPUIPlugin
2024-04-21 15:56:29,457 [INFO] PluginManager:220 - loadIPPluginJar : add ipddr
2024-04-21 15:56:29,462 [INFO] IPUIPlugin:80 - create IPUIPlugin
2024-04-21 15:56:29,462 [INFO] PluginManager:220 - loadIPPluginJar : add linkedlist
2024-04-21 15:56:29,464 [INFO] IPUIPlugin:80 - create IPUIPlugin
2024-04-21 15:56:29,464 [INFO] PluginManager:220 - loadIPPluginJar : add lorawan
2024-04-21 15:56:29,465 [INFO] IPUIPlugin:80 - create IPUIPlugin
2024-04-21 15:56:29,466 [INFO] PluginManager:220 - loadIPPluginJar : add ltdc
2024-04-21 15:56:29,470 [INFO] IPUIPlugin:80 - create IPUIPlugin
2024-04-21 15:56:29,470 [INFO] PluginManager:220 - loadIPPluginJar : add mdma
2024-04-21 15:56:29,472 [INFO] IPUIPlugin:80 - create IPUIPlugin
2024-04-21 15:56:29,473 [INFO] PluginManager:220 - loadIPPluginJar : add nvic
2024-04-21 15:56:29,475 [INFO] IPUIPlugin:80 - create IPUIPlugin
2024-04-21 15:56:29,475 [INFO] PluginManager:220 - loadIPPluginJar : add opamp
2024-04-21 15:56:29,477 [INFO] IPUIPlugin:80 - create IPUIPlugin
2024-04-21 15:56:29,477 [INFO] PluginManager:220 - loadIPPluginJar : add openamp
2024-04-21 15:56:29,479 [INFO] IPUIPlugin:80 - create IPUIPlugin
2024-04-21 15:56:29,479 [INFO] PluginManager:220 - loadIPPluginJar : add pdm2pcm
2024-04-21 15:56:29,483 [INFO] IPUIPlugin:80 - create IPUIPlugin
2024-04-21 15:56:29,484 [INFO] PluginManager:220 - loadIPPluginJar : add plateformsettings
2024-04-21 15:56:29,486 [INFO] IPUIPlugin:80 - create IPUIPlugin
2024-04-21 15:56:29,486 [INFO] PluginManager:220 - loadIPPluginJar : add quadspi
2024-04-21 15:56:29,489 [INFO] IPUIPlugin:80 - create IPUIPlugin
2024-04-21 15:56:29,489 [INFO] PluginManager:220 - loadIPPluginJar : add resmgrutility
2024-04-21 15:56:29,491 [INFO] IPUIPlugin:80 - create IPUIPlugin
2024-04-21 15:56:29,492 [INFO] PluginManager:220 - loadIPPluginJar : add sai
2024-04-21 15:56:29,493 [INFO] IPUIPlugin:80 - create IPUIPlugin
2024-04-21 15:56:29,493 [INFO] PluginManager:220 - loadIPPluginJar : add spi
2024-04-21 15:56:29,496 [INFO] IPUIPlugin:80 - create IPUIPlugin
2024-04-21 15:56:29,496 [INFO] PluginManager:220 - loadIPPluginJar : add stm32_wpan
2024-04-21 15:56:29,497 [INFO] IPUIPlugin:80 - create IPUIPlugin
2024-04-21 15:56:29,498 [INFO] PluginManager:220 - loadIPPluginJar : add tim
2024-04-21 15:56:29,500 [INFO] IPUIPlugin:80 - create IPUIPlugin
2024-04-21 15:56:29,500 [INFO] PluginManager:220 - loadIPPluginJar : add touchsensing
2024-04-21 15:56:29,502 [INFO] IPUIPlugin:80 - create IPUIPlugin
2024-04-21 15:56:29,502 [INFO] PluginManager:220 - loadIPPluginJar : add tracer_emb
2024-04-21 15:56:29,503 [INFO] IPUIPlugin:80 - create IPUIPlugin
2024-04-21 15:56:29,503 [INFO] PluginManager:220 - loadIPPluginJar : add ts
2024-04-21 15:56:29,504 [INFO] IPUIPlugin:80 - create IPUIPlugin
2024-04-21 15:56:29,504 [INFO] PluginManager:220 - loadIPPluginJar : add tsc
2024-04-21 15:56:29,506 [INFO] IPUIPlugin:80 - create IPUIPlugin
2024-04-21 15:56:29,506 [INFO] PluginManager:220 - loadIPPluginJar : add ucpd
2024-04-21 15:56:29,508 [INFO] IPUIPlugin:80 - create IPUIPlugin
2024-04-21 15:56:29,508 [INFO] PluginManager:220 - loadIPPluginJar : add usart
2024-04-21 15:56:29,510 [INFO] IPUIPlugin:80 - create IPUIPlugin
2024-04-21 15:56:29,510 [INFO] PluginManager:220 - loadIPPluginJar : add usbx
2024-04-21 15:56:29,625 [INFO] CADModel:165 - CPN selected for project level
2024-04-21 15:56:29,626 [INFO] CADModel:114 - Register for checkConnection events
2024-04-21 15:56:29,626 [FATAL] Updater:308 - Updater called before beeing initialized
2024-04-21 15:56:29,626 [ERROR] CADModel:125 - Updater not yet initialized, retry later 
2024-04-21 15:56:29,705 [INFO] CADModel:165 - CPN selected for project level
2024-04-21 15:56:29,705 [INFO] CADModel:114 - Register for checkConnection events
2024-04-21 15:56:29,705 [FATAL] Updater:308 - Updater called before beeing initialized
2024-04-21 15:56:29,705 [ERROR] CADModel:125 - Updater not yet initialized, retry later 
2024-04-21 15:56:29,707 [FATAL] Updater:308 - Updater called before beeing initialized
2024-04-21 15:56:29,782 [FATAL] Updater:308 - Updater called before beeing initialized
2024-04-21 15:56:29,784 [INFO] DbMcusAds:53 - JSON generation date=Thu Sep 30 14:55:09 CST 2021 (1632984909247)
2024-04-21 15:56:29,784 [FATAL] Updater:308 - Updater called before beeing initialized
2024-04-21 15:56:29,814 [WARN] DetailPanel:346 - Failed to get advertising image, set to default
2024-04-21 15:56:29,877 [FATAL] Updater:308 - Updater called before beeing initialized
2024-04-21 15:56:29,879 [FATAL] Updater:308 - Updater called before beeing initialized
2024-04-21 15:56:29,879 [FATAL] Updater:308 - Updater called before beeing initialized
2024-04-21 15:56:29,879 [WARN] DetailPanel:346 - Failed to get advertising image, set to default
2024-04-21 15:56:29,879 [FATAL] Updater:308 - Updater called before beeing initialized
2024-04-21 15:56:29,913 [ERROR] Updater:1120 - MainUpdater not yet initialized. External WinMGr cannot be set.
2024-04-21 15:56:29,916 [INFO] Updater:1056 - Updater Version found : 6.10.0
2024-04-21 15:56:29,930 [INFO] ApplicationProperties:184 - Using Application install path: C:\my_workspace\my_software\stm32cubeide\STM32CubeIDE_1.14.1\STM32CubeIDE\plugins\com.st.stm32cube.common.mx_6.10.0.202311202037
2024-04-21 15:56:31,503 [ERROR] LogOutputStream:75 - [STDERR_REDIRECT] Apr 21, 2024 3:56:31 PM java.util.prefs.WindowsPreferences <init>
2024-04-21 15:56:31,504 [ERROR] LogOutputStream:75 - [STDERR_REDIRECT] WARNING: Could not open/create prefs root node Software\JavaSoft\Prefs at root 0xffffffff80000002. Windows RegCreateKeyEx(...) returned error code 5.
2024-04-21 15:56:31,504 [ERROR] LogOutputStream:75 - [STDERR_REDIRECT] 
2024-04-21 15:56:31,662 [INFO] MainUpdater:2873 - connection check result : 22
2024-04-21 15:56:31,663 [INFO] MainUpdater:290 - Updater Check For Update Now.
2024-04-21 15:56:31,663 [INFO] MicroXplorer:498 - Change Database Version : DB.6.0.100
2024-04-21 15:56:31,668 [INFO] McuFinderGlobals:63 - Set McuFinder mode to 2 (CubeIDE integrated)
2024-04-21 15:56:31,668 [INFO] UserAuth:180 - activating auth plugin
2024-04-21 15:56:31,671 [INFO] UserAuth:404 - Internet connection configuration mode: 2
2024-04-21 15:56:31,686 [INFO] UserAuth:404 - Internet connection configuration mode: 2
2024-04-21 15:56:31,826 [INFO] CheckServerUpdateThread:120 - End of CheckServer Thread
2024-04-21 15:56:32,251 [WARN] PackLoader:240 - Cannot read IP mode file for STMicroelectronics.FP-SNS-MOTENVWB1.1.4.0
2024-04-21 15:56:32,258 [WARN] PackLoader:240 - Cannot read IP mode file for STMicroelectronics.X-CUBE-SMBUS.2.1.0
2024-04-21 15:56:32,263 [WARN] PackLoader:240 - Cannot read IP mode file for STMicroelectronics.X-CUBE-TOUCHGFX.4.23.1
2024-04-21 15:56:32,265 [WARN] PackLoader:240 - Cannot read IP mode file for STMicroelectronics.X-CUBE-TOUCHGFX.4.23.0
2024-04-21 15:56:32,268 [WARN] PackLoader:240 - Cannot read IP mode file for STMicroelectronics.X-CUBE-TOUCHGFX.4.23.2
2024-04-21 15:56:32,306 [WARN] PackLoader:240 - Cannot read IP mode file for STMicroelectronics.X-CUBE-AZRTOS-F7.1.1.0
2024-04-21 15:56:32,320 [WARN] PackLoader:240 - Cannot read IP mode file for STMicroelectronics.FP-SNS-MOTENV1.4.3.2
2024-04-21 15:56:32,329 [WARN] PackLoader:240 - Cannot read IP mode file for STMicroelectronics.FP-SNS-FLIGHT1.5.0.2
2024-04-21 15:56:32,340 [WARN] PackLoader:240 - Cannot read IP mode file for STMicroelectronics.X-CUBE-DISPLAY.3.0.0
2024-04-21 15:56:32,355 [WARN] PackLoader:240 - Cannot read IP mode file for STMicroelectronics.X-CUBE-BLE1.7.0.0
2024-04-21 15:56:32,363 [WARN] PackLoader:240 - Cannot read IP mode file for emotas.I-CUBE-CANOPEN.1.3.0
2024-04-21 15:56:32,371 [WARN] PackLoader:240 - Cannot read IP mode file for STMicroelectronics.FP-SNS-SMARTAG2.1.2.0
2024-04-21 15:56:32,385 [INFO] LogOutputStream:77 - [STDOUT_REDIRECT] 1 : Invalid condition id : UX_CORESTACK_Condition cause : null
2024-04-21 15:56:32,386 [INFO] LogOutputStream:77 - [STDOUT_REDIRECT] 1 : Invalid condition id : UX_CORESTACK_Condition cause : null
2024-04-21 15:56:32,387 [INFO] LogOutputStream:77 - [STDOUT_REDIRECT] 1 : Invalid condition id : UX_CORESTACK_Condition cause : null
2024-04-21 15:56:32,387 [INFO] LogOutputStream:77 - [STDOUT_REDIRECT] 1 : Invalid condition id : UX_CORESTACK_Condition cause : null
2024-04-21 15:56:32,388 [INFO] LogOutputStream:77 - [STDOUT_REDIRECT] 1 : Invalid condition id : UX_CORESTACK_Condition cause : null
2024-04-21 15:56:32,391 [WARN] PackLoader:240 - Cannot read IP mode file for STMicroelectronics.X-CUBE-AZRTOS-WL.2.0.0
2024-04-21 15:56:32,397 [WARN] PackLoader:240 - Cannot read IP mode file for STMicroelectronics.FP-SNS-MOTENV1.5.0.0
2024-04-21 15:56:32,405 [WARN] PackLoader:240 - Cannot read IP mode file for STMicroelectronics.X-CUBE-BLE2.3.3.0
2024-04-21 15:56:32,412 [WARN] PackLoader:240 - Cannot read IP mode file for STMicroelectronics.X-CUBE-TCPP.4.1.0
2024-04-21 15:56:32,421 [WARN] PackLoader:240 - Cannot read IP mode file for STMicroelectronics.X-CUBE-ALGOBUILD.1.3.0
2024-04-21 15:56:32,432 [WARN] PackLoader:240 - Cannot read IP mode file for STMicroelectronics.X-CUBE-AZRTOS-G0.1.1.0
2024-04-21 15:56:32,443 [WARN] PackLoader:240 - Cannot read IP mode file for STMicroelectronics.X-CUBE-SAFEA1.1.2.2
2024-04-21 15:56:32,449 [WARN] PackLoader:240 - Cannot read IP mode file for STMicroelectronics.X-CUBE-NFC4.3.0.0
2024-04-21 15:56:32,454 [WARN] PackLoader:240 - Cannot read IP mode file for STMicroelectronics.FP-ATR-SIGFOX1.3.2.0
2024-04-21 15:56:32,480 [WARN] PackLoader:240 - Cannot read IP mode file for SEGGER.I-CUBE-embOS.1.3.1
2024-04-21 15:56:32,516 [WARN] PackLoader:240 - Cannot read IP mode file for STMicroelectronics.X-CUBE-GNSS1.6.0.0
2024-04-21 15:56:32,533 [WARN] PackLoader:240 - Cannot read IP mode file for STMicroelectronics.X-CUBE-AZRTOS-F4.1.1.0
2024-04-21 15:56:32,549 [WARN] PackLoader:240 - Cannot read IP mode file for STMicroelectronics.X-CUBE-AZRTOS-L5.2.0.0
2024-04-21 15:56:32,560 [WARN] PackLoader:240 - Cannot read IP mode file for STMicroelectronics.X-CUBE-NFC6.3.1.0
2024-04-21 15:56:32,569 [WARN] PackLoader:240 - Cannot read IP mode file for ITTIA_DB.I-CUBE-ITTIADB.8.8.0
2024-04-21 15:56:32,577 [WARN] PackLoader:240 - Cannot read IP mode file for STMicroelectronics.X-CUBE-AI.9.0.0
2024-04-21 15:56:32,584 [WARN] PackLoader:240 - Cannot read IP mode file for STMicroelectronics.X-CUBE-NFC7.1.0.1
2024-04-21 15:56:32,593 [WARN] PackLoader:240 - Cannot read IP mode file for STMicroelectronics.X-CUBE-NFC6.3.0.0
2024-04-21 15:56:32,598 [WARN] PackLoader:240 - Cannot read IP mode file for STMicroelectronics.X-CUBE-AI.8.1.0
2024-04-21 15:56:32,613 [WARN] ConditionMgr:438 - getConditionDescription Invalid condition id : LAN8742 Phy interface Condition cause : null
2024-04-21 15:56:32,615 [WARN] PackLoader:240 - Cannot read IP mode file for STMicroelectronics.X-CUBE-AZRTOS-L4.2.0.0
2024-04-21 15:56:32,616 [WARN] ConditionMgr:1039 - genDependencies : Invalid condition id : LAN8742 Phy interface Condition cause : null
2024-04-21 15:56:32,616 [WARN] ConditionMgr:1039 - genDependencies : Invalid condition id : LAN8742 Phy interface Condition cause : null
2024-04-21 15:56:32,617 [WARN] ConditionMgr:1039 - genDependencies : Invalid condition id : LAN8742 Phy interface Condition cause : null
2024-04-21 15:56:32,625 [WARN] PackLoader:240 - Cannot read IP mode file for STMicroelectronics.X-CUBE-SFXS2LP1.4.0.0
2024-04-21 15:56:32,636 [WARN] ConditionMgr:438 - getConditionDescription Invalid condition id : UX DEVICE CLASS RTOS Condition cause : null
2024-04-21 15:56:32,637 [WARN] ConditionMgr:438 - getConditionDescription Invalid condition id : UX DEVICE CLASS RTOS Condition cause : null
2024-04-21 15:56:32,639 [WARN] PackLoader:240 - Cannot read IP mode file for STMicroelectronics.X-CUBE-AZRTOS-WB.2.0.0
2024-04-21 15:56:32,640 [WARN] ConditionMgr:1039 - genDependencies : Invalid condition id : UX DEVICE CLASS RTOS Condition cause : null
2024-04-21 15:56:32,640 [WARN] ConditionMgr:1039 - genDependencies : Invalid condition id : UX DEVICE CLASS RTOS Condition cause : null
2024-04-21 15:56:32,640 [WARN] ConditionMgr:1039 - genDependencies : Invalid condition id : UX DEVICE CLASS RTOS Condition cause : null
2024-04-21 15:56:32,640 [WARN] ConditionMgr:1039 - genDependencies : Invalid condition id : UX DEVICE CLASS RTOS Condition cause : null
2024-04-21 15:56:32,641 [WARN] ConditionMgr:1039 - genDependencies : Invalid condition id : UX DEVICE CLASS RTOS Condition cause : null
2024-04-21 15:56:32,654 [WARN] PackLoader:240 - Cannot read IP mode file for STMicroelectronics.X-CUBE-SUBG2.5.0.0
2024-04-21 15:56:32,671 [WARN] PackLoader:240 - Cannot read IP mode file for STMicroelectronics.X-CUBE-AZRTOS-G4.2.0.0
2024-04-21 15:56:32,683 [WARN] PackLoader:240 - Cannot read IP mode file for Infineon.AIROC-Wi-Fi-Bluetooth-STM32.1.5.1
2024-04-21 15:56:32,688 [WARN] PackLoader:240 - Cannot read IP mode file for STMicroelectronics.FP-SNS-MOTENVWB1.1.3.1
2024-04-21 15:56:32,715 [WARN] PackLoader:240 - Cannot read IP mode file for STMicroelectronics.X-CUBE-MEMS1.10.0.0
2024-04-21 15:56:32,803 [WARN] PackLoader:240 - Cannot read IP mode file for STMicroelectronics.X-CUBE-FREERTOS.1.1.0
2024-04-21 15:56:32,811 [WARN] PackLoader:240 - Cannot read IP mode file for portGmbH.I-Cube-SoM-uGOAL.1.1.0
2024-04-21 15:56:32,817 [WARN] PackLoader:240 - Cannot read IP mode file for STMicroelectronics.X-CUBE-ALS.1.0.1
2024-04-21 15:56:32,832 [WARN] PackLoader:240 - Cannot read IP mode file for STMicroelectronics.X-CUBE-AZRTOS-H7RS.1.0.0
2024-04-21 15:56:32,841 [WARN] PackLoader:240 - Cannot read IP mode file for STMicroelectronics.FP-ATR-ASTRA1.2.0.0
2024-04-21 15:56:32,842 [INFO] ThirdParty:978 - Integrity check success = true
2024-04-21 15:56:32,843 [INFO] IntegrityCheckThread:100 - exiting critical section [integrity check]
2024-04-21 15:56:32,843 [INFO] IntegrityCheckThread:103 - End integrity checks thread
2024-04-21 15:56:52,114 [ERROR] LogOutputStream:75 - [STDERR_REDIRECT] SLF4J: Failed to load class "org.slf4j.impl.StaticLoggerBinder".
2024-04-21 15:56:52,115 [ERROR] LogOutputStream:75 - [STDERR_REDIRECT] SLF4J: Defaulting to no-operation (NOP) logger implementation
2024-04-21 15:56:52,116 [ERROR] LogOutputStream:75 - [STDERR_REDIRECT] SLF4J: See http://www.slf4j.org/codes.html#StaticLoggerBinder for further details.
2024-04-21 15:57:10,398 [ERROR] ConfigurationRetriever:142 - IOException on connection: sw-center.st.com
2024-04-21 15:57:10,398 [ERROR] ConfigurationRetriever:142 - IOException on connection: sw-center.st.com
2024-04-21 15:57:10,399 [ERROR] ConfigurationRetriever:142 - IOException on connection: sw-center.st.com
2024-04-21 15:57:49,187 [ERROR] ConfigurationRetriever:142 - IOException on connection: sw-center.st.com
2024-04-21 15:57:49,187 [ERROR] ConfigurationRetriever:142 - IOException on connection: sw-center.st.com
2024-04-21 15:57:49,188 [ERROR] ConfigurationRetriever:142 - IOException on connection: sw-center.st.com
2024-04-21 15:58:24,206 [ERROR] ConfigurationRetriever:142 - IOException on connection: sw-center.st.com
2024-04-21 15:58:24,206 [ERROR] ConfigurationRetriever:142 - IOException on connection: sw-center.st.com
2024-04-21 15:58:24,207 [ERROR] ConfigurationRetriever:142 - IOException on connection: sw-center.st.com
2024-04-21 16:09:34,577 [ERROR] ConfigurationRetriever:142 - IOException on connection: sw-center.st.com
2024-04-21 16:09:34,577 [ERROR] ConfigurationRetriever:142 - IOException on connection: sw-center.st.com
2024-04-21 16:09:34,577 [ERROR] ConfigurationRetriever:142 - IOException on connection: sw-center.st.com
2024-04-21 16:39:23,671 [ERROR] ConfigurationRetriever:142 - IOException on connection: sw-center.st.com
2024-04-21 16:39:23,672 [ERROR] ConfigurationRetriever:142 - IOException on connection: sw-center.st.com
2024-04-21 16:39:23,672 [ERROR] ConfigurationRetriever:142 - IOException on connection: sw-center.st.com
2024-04-21 16:41:05,231 [ERROR] ConfigurationRetriever:142 - IOException on connection: sw-center.st.com
2024-04-21 16:41:05,232 [ERROR] ConfigurationRetriever:142 - IOException on connection: sw-center.st.com
2024-04-21 16:41:05,232 [ERROR] ConfigurationRetriever:142 - IOException on connection: sw-center.st.com
2024-04-21 16:44:49,211 [ERROR] ConfigurationRetriever:142 - IOException on connection: sw-center.st.com
2024-04-21 16:44:49,211 [ERROR] ConfigurationRetriever:142 - IOException on connection: sw-center.st.com
2024-04-21 16:44:49,211 [ERROR] ConfigurationRetriever:142 - IOException on connection: sw-center.st.com
2024-04-21 16:46:23,088 [ERROR] ConfigurationRetriever:142 - IOException on connection: sw-center.st.com
2024-04-21 16:46:23,088 [ERROR] ConfigurationRetriever:142 - IOException on connection: sw-center.st.com
2024-04-21 16:46:23,088 [ERROR] ConfigurationRetriever:142 - IOException on connection: sw-center.st.com
2024-04-21 16:48:14,517 [ERROR] ConfigurationRetriever:142 - IOException on connection: sw-center.st.com
2024-04-21 16:48:14,517 [ERROR] ConfigurationRetriever:142 - IOException on connection: sw-center.st.com
2024-04-21 16:48:14,517 [ERROR] ConfigurationRetriever:142 - IOException on connection: sw-center.st.com
2024-04-21 17:25:39,590 [ERROR] ConfigurationRetriever:142 - IOException on connection: sw-center.st.com
2024-04-21 17:25:39,591 [ERROR] ConfigurationRetriever:142 - IOException on connection: sw-center.st.com
2024-04-21 17:25:39,591 [ERROR] ConfigurationRetriever:142 - IOException on connection: sw-center.st.com
2024-04-21 17:25:40,277 [ERROR] ConfigurationRetriever:142 - IOException on connection: sw-center.st.com
2024-04-21 17:25:40,277 [ERROR] ConfigurationRetriever:142 - IOException on connection: sw-center.st.com
2024-04-21 17:25:40,277 [ERROR] ConfigurationRetriever:142 - IOException on connection: sw-center.st.com
2024-04-21 17:26:28,088 [ERROR] ConfigurationRetriever:142 - IOException on connection: sw-center.st.com
2024-04-21 17:26:28,088 [ERROR] ConfigurationRetriever:142 - IOException on connection: sw-center.st.com
2024-04-21 17:26:28,088 [ERROR] ConfigurationRetriever:142 - IOException on connection: sw-center.st.com
2024-04-21 17:27:30,269 [ERROR] ConfigurationRetriever:142 - IOException on connection: sw-center.st.com
2024-04-21 17:27:30,269 [ERROR] ConfigurationRetriever:142 - IOException on connection: sw-center.st.com
2024-04-21 17:27:30,270 [ERROR] ConfigurationRetriever:142 - IOException on connection: sw-center.st.com
2024-04-21 17:45:17,568 [ERROR] ConfigurationRetriever:142 - IOException on connection: sw-center.st.com
2024-04-21 17:45:17,568 [ERROR] ConfigurationRetriever:142 - IOException on connection: sw-center.st.com
2024-04-21 17:45:17,569 [ERROR] ConfigurationRetriever:142 - IOException on connection: sw-center.st.com
2024-04-21 17:45:17,914 [ERROR] ConfigurationRetriever:142 - IOException on connection: sw-center.st.com
2024-04-21 17:45:17,914 [ERROR] ConfigurationRetriever:142 - IOException on connection: sw-center.st.com
2024-04-21 17:45:17,914 [ERROR] ConfigurationRetriever:142 - IOException on connection: sw-center.st.com
2024-04-21 17:45:44,745 [ERROR] ConfigurationRetriever:142 - IOException on connection: sw-center.st.com
2024-04-21 17:45:44,746 [ERROR] ConfigurationRetriever:142 - IOException on connection: sw-center.st.com
2024-04-21 17:45:44,746 [ERROR] ConfigurationRetriever:142 - IOException on connection: sw-center.st.com
2024-04-21 17:46:36,940 [ERROR] ConfigurationRetriever:142 - IOException on connection: sw-center.st.com
2024-04-21 17:46:36,941 [ERROR] ConfigurationRetriever:142 - IOException on connection: sw-center.st.com
2024-04-21 17:46:36,941 [ERROR] ConfigurationRetriever:142 - IOException on connection: sw-center.st.com
2024-04-21 22:25:55,956 [ERROR] ConfigurationRetriever:142 - IOException on connection: sw-center.st.com
2024-04-21 22:25:55,956 [ERROR] ConfigurationRetriever:142 - IOException on connection: sw-center.st.com
2024-04-21 22:25:55,957 [ERROR] ConfigurationRetriever:142 - IOException on connection: sw-center.st.com
2024-04-21 22:25:56,263 [ERROR] ConfigurationRetriever:142 - IOException on connection: sw-center.st.com
2024-04-21 22:25:56,263 [ERROR] ConfigurationRetriever:142 - IOException on connection: sw-center.st.com
2024-04-21 22:25:56,263 [ERROR] ConfigurationRetriever:142 - IOException on connection: sw-center.st.com
2024-04-21 22:26:26,821 [ERROR] ConfigurationRetriever:142 - IOException on connection: sw-center.st.com
2024-04-21 22:26:26,821 [ERROR] ConfigurationRetriever:142 - IOException on connection: sw-center.st.com
2024-04-21 22:26:26,821 [ERROR] ConfigurationRetriever:142 - IOException on connection: sw-center.st.com
2024-04-21 22:28:35,797 [ERROR] ConfigurationRetriever:142 - IOException on connection: sw-center.st.com
2024-04-21 22:28:35,798 [ERROR] ConfigurationRetriever:142 - IOException on connection: sw-center.st.com
2024-04-21 22:28:35,798 [ERROR] ConfigurationRetriever:142 - IOException on connection: sw-center.st.com
2024-04-21 22:28:36,138 [ERROR] ConfigurationRetriever:142 - IOException on connection: sw-center.st.com
2024-04-21 22:28:36,139 [ERROR] ConfigurationRetriever:142 - IOException on connection: sw-center.st.com
2024-04-21 22:28:36,139 [ERROR] ConfigurationRetriever:142 - IOException on connection: sw-center.st.com
2024-04-21 22:29:20,554 [ERROR] ConfigurationRetriever:142 - IOException on connection: sw-center.st.com
2024-04-21 22:29:20,555 [ERROR] ConfigurationRetriever:142 - IOException on connection: sw-center.st.com
2024-04-21 22:29:20,555 [ERROR] ConfigurationRetriever:142 - IOException on connection: sw-center.st.com
2024-04-21 22:29:20,874 [ERROR] ConfigurationRetriever:142 - IOException on connection: sw-center.st.com
2024-04-21 22:29:20,874 [ERROR] ConfigurationRetriever:142 - IOException on connection: sw-center.st.com
2024-04-21 22:29:20,874 [ERROR] ConfigurationRetriever:142 - IOException on connection: sw-center.st.com
2024-04-21 22:46:41,238 [ERROR] ConfigurationRetriever:142 - IOException on connection: sw-center.st.com
2024-04-21 22:46:41,239 [ERROR] ConfigurationRetriever:142 - IOException on connection: sw-center.st.com
2024-04-21 22:46:41,239 [ERROR] ConfigurationRetriever:142 - IOException on connection: sw-center.st.com
2024-04-21 22:46:41,479 [ERROR] ConfigurationRetriever:142 - IOException on connection: sw-center.st.com
2024-04-21 22:46:41,480 [ERROR] ConfigurationRetriever:142 - IOException on connection: sw-center.st.com
2024-04-21 22:46:41,480 [ERROR] ConfigurationRetriever:142 - IOException on connection: sw-center.st.com
2024-04-21 22:51:28,411 [ERROR] ConfigurationRetriever:142 - IOException on connection: sw-center.st.com
2024-04-21 22:51:28,412 [ERROR] ConfigurationRetriever:142 - IOException on connection: sw-center.st.com
2024-04-21 22:51:28,412 [ERROR] ConfigurationRetriever:142 - IOException on connection: sw-center.st.com
2024-04-21 23:03:13,085 [ERROR] ConfigurationRetriever:142 - IOException on connection: sw-center.st.com
2024-04-21 23:03:13,085 [ERROR] ConfigurationRetriever:142 - IOException on connection: sw-center.st.com
2024-04-21 23:03:13,085 [ERROR] ConfigurationRetriever:142 - IOException on connection: sw-center.st.com
2024-04-21 23:03:13,336 [ERROR] ConfigurationRetriever:142 - IOException on connection: sw-center.st.com
2024-04-21 23:03:13,337 [ERROR] ConfigurationRetriever:142 - IOException on connection: sw-center.st.com
2024-04-21 23:03:13,342 [ERROR] ConfigurationRetriever:142 - IOException on connection: sw-center.st.com
2024-04-21 23:13:41,183 [ERROR] ConfigurationRetriever:142 - IOException on connection: sw-center.st.com
2024-04-21 23:13:41,185 [ERROR] ConfigurationRetriever:142 - IOException on connection: sw-center.st.com
2024-04-21 23:13:41,185 [ERROR] ConfigurationRetriever:142 - IOException on connection: sw-center.st.com
2024-04-21 23:13:42,043 [ERROR] LogOutputStream:75 - [STDERR_REDIRECT] 
