2024-07-13 22:45:05,434 [INFO] Activator:176 - 


2024-07-13 22:45:05,439 [INFO] Activator:177 - !SESSION log4j initialized
2024-07-13 22:45:11,414 [INFO] LogOutputStream:77 - [STDOUT_REDIRECT] 
2024-07-13 22:45:19,166 [INFO] ApplicationProperties:184 - Using Application install path: C:\my_workspace\my_software\stm32cubeide\STM32CubeIDE_1.14.1\STM32CubeIDE\plugins\com.st.stm32cube.common.mx_6.10.0.202311202037
2024-07-13 22:45:19,187 [INFO] DbMcusXml:78 - Set database path to: C:\my_workspace\my_software\stm32cubeide\STM32CubeIDE_1.14.1\STM32CubeIDE\plugins\com.st.stm32cube.common.mx_6.10.0.202311202037\\db\/mcu/
2024-07-13 22:45:19,199 [INFO] ApiDb:274 - Set plugin database path to: C:\my_workspace\my_software\stm32cubeide\STM32CubeIDE_1.14.1\STM32CubeIDE\plugins\com.st.stm32cube.common.mx_6.10.0.202311202037\\db\/plugins/boardmanager/
2024-07-13 22:45:19,199 [WARN] ApiDb:259 - Overriding images path with different value:  => C:\my_workspace\my_software\stm32cubeide\STM32CubeIDE_1.14.1\STM32CubeIDE\plugins\com.st.stm32cube.common.mx_6.10.0.202311202037\\db\/plugins/mcufinder/images/
2024-07-13 22:45:19,225 [INFO] ApiDb:250 - Set database path to: C:\Users\ECA1WX\.stmcufinder\plugins\mcufinder//mcu/
2024-07-13 22:45:19,226 [INFO] DbMcusAds:125 - Set database path to: C:\Users\ECA1WX\.stmcufinder\plugins\mcufinder//mcu/
2024-07-13 22:45:19,227 [INFO] CrossReferenceDbSqlite:203 - Set database path to: C:\Users\ECA1WX\.stmcufinder\plugins\mcufinder//mcu/cs/
2024-07-13 22:45:19,333 [INFO] RulesReader:64 - Compatibility file has been processed (297 Rules)
2024-07-13 22:45:19,473 [INFO] DbMcusXml:78 - Set database path to: C:\my_workspace\my_software\stm32cubeide\STM32CubeIDE_1.14.1\STM32CubeIDE\plugins\com.st.stm32cube.common.mx_6.10.0.202311202037\\db\/mcu/
2024-07-13 22:45:19,474 [INFO] ApiDb:274 - Set plugin database path to: C:\my_workspace\my_software\stm32cubeide\STM32CubeIDE_1.14.1\STM32CubeIDE\plugins\com.st.stm32cube.common.mx_6.10.0.202311202037\\db\/plugins/boardmanager/
2024-07-13 22:45:19,474 [INFO] ApiDb:261 - Set plugin images path to: C:\my_workspace\my_software\stm32cubeide\STM32CubeIDE_1.14.1\STM32CubeIDE\plugins\com.st.stm32cube.common.mx_6.10.0.202311202037\\db\/plugins/mcufinder/images/
2024-07-13 22:45:19,474 [WARN] DbFile:41 - Overriding database path with different value: C:\Users\ECA1WX\.stmcufinder\plugins\mcufinder/ => C:\Users\ECA1WX\.stmcufinder\plugins\mcufinder
2024-07-13 22:45:19,475 [INFO] ApiDb:250 - Set database path to: C:\Users\ECA1WX\.stmcufinder\plugins\mcufinder//mcu/
2024-07-13 22:45:19,475 [WARN] DbFile:41 - Overriding database path with different value: C:\Users\ECA1WX\.stmcufinder\plugins\mcufinder/ => C:\Users\ECA1WX\.stmcufinder\plugins\mcufinder
2024-07-13 22:45:19,475 [INFO] DbMcusAds:125 - Set database path to: C:\Users\ECA1WX\.stmcufinder\plugins\mcufinder//mcu/
2024-07-13 22:45:19,475 [WARN] DbFile:41 - Overriding database path with different value: C:\Users\ECA1WX\.stmcufinder\plugins\mcufinder/ => C:\Users\ECA1WX\.stmcufinder\plugins\mcufinder
2024-07-13 22:45:19,475 [WARN] DbFile:41 - Overriding database path with different value: C:\Users\ECA1WX\.stmcufinder\plugins\mcufinder/ => C:\Users\ECA1WX\.stmcufinder\plugins\mcufinder
2024-07-13 22:45:19,475 [INFO] CrossReferenceDbSqlite:203 - Set database path to: C:\Users\ECA1WX\.stmcufinder\plugins\mcufinder//mcu/cs/
2024-07-13 22:45:19,599 [INFO] MainPanel:264 - HeapMemory: 268435456
2024-07-13 22:45:19,693 [INFO] DbMcusXml:78 - Set database path to: C:\my_workspace\my_software\stm32cubeide\STM32CubeIDE_1.14.1\STM32CubeIDE\plugins\com.st.stm32cube.common.mx_6.10.0.202311202037\\db\/mcu/
2024-07-13 22:45:19,694 [INFO] ApiDb:274 - Set plugin database path to: C:\my_workspace\my_software\stm32cubeide\STM32CubeIDE_1.14.1\STM32CubeIDE\plugins\com.st.stm32cube.common.mx_6.10.0.202311202037\\db\/plugins/boardmanager/
2024-07-13 22:45:19,694 [INFO] ApiDb:261 - Set plugin images path to: C:\my_workspace\my_software\stm32cubeide\STM32CubeIDE_1.14.1\STM32CubeIDE\plugins\com.st.stm32cube.common.mx_6.10.0.202311202037\\db\/plugins/mcufinder/images/
2024-07-13 22:45:19,695 [WARN] DbFile:41 - Overriding database path with different value: C:\Users\ECA1WX\.stmcufinder\plugins\mcufinder/ => C:\Users\ECA1WX\.stmcufinder\plugins\mcufinder
2024-07-13 22:45:19,695 [INFO] ApiDb:250 - Set database path to: C:\Users\ECA1WX\.stmcufinder\plugins\mcufinder//mcu/
2024-07-13 22:45:19,695 [WARN] DbFile:41 - Overriding database path with different value: C:\Users\ECA1WX\.stmcufinder\plugins\mcufinder/ => C:\Users\ECA1WX\.stmcufinder\plugins\mcufinder
2024-07-13 22:45:19,695 [INFO] DbMcusAds:125 - Set database path to: C:\Users\ECA1WX\.stmcufinder\plugins\mcufinder//mcu/
2024-07-13 22:45:19,695 [WARN] DbFile:41 - Overriding database path with different value: C:\Users\ECA1WX\.stmcufinder\plugins\mcufinder/ => C:\Users\ECA1WX\.stmcufinder\plugins\mcufinder
2024-07-13 22:45:19,695 [WARN] DbFile:41 - Overriding database path with different value: C:\Users\ECA1WX\.stmcufinder\plugins\mcufinder/ => C:\Users\ECA1WX\.stmcufinder\plugins\mcufinder
2024-07-13 22:45:19,695 [INFO] CrossReferenceDbSqlite:203 - Set database path to: C:\Users\ECA1WX\.stmcufinder\plugins\mcufinder//mcu/cs/
2024-07-13 22:45:19,734 [INFO] ApplicationProperties:184 - Using Application install path: C:\my_workspace\my_software\stm32cubeide\STM32CubeIDE_1.14.1\STM32CubeIDE\plugins\com.st.stm32cube.common.mx_6.10.0.202311202037
2024-07-13 22:45:19,736 [INFO] PluginManage:196 - Search for loadable plugins [exclusion list=, ]
2024-07-13 22:45:19,738 [INFO] PluginManage:310 - Check plugin analytics
2024-07-13 22:45:24,707 [INFO] AnalyticsPlugin:253 - Accepted Software Licenses: 
2024-07-13 22:45:24,708 [INFO] AnalyticsPlugin:255 - Accepted CMSIS Pack Licenses: 
2024-07-13 22:45:24,708 [INFO] AnalyticsPlugin:257 - Accepted Firmware Licenses: FW.F7.1.17.0
2024-07-13 22:45:24,719 [INFO] PluginManage:359 - Loaded plugin analytics (category:tool,tabindex:-1)
2024-07-13 22:45:24,721 [INFO] PluginManage:310 - Check plugin cadmodel
2024-07-13 22:45:24,730 [INFO] CADModel:105 - Init CAD model plugin
2024-07-13 22:45:24,731 [INFO] PluginManage:359 - Loaded plugin cadmodel (category:power,tabindex:5)
2024-07-13 22:45:24,731 [INFO] PluginManage:310 - Check plugin clock
2024-07-13 22:45:24,744 [INFO] PluginManage:359 - Loaded plugin clock (category:base,tabindex:2)
2024-07-13 22:45:24,744 [INFO] PluginManage:310 - Check plugin ddr
2024-07-13 22:45:24,748 [INFO] PluginManage:359 - Loaded plugin ddr (category:tool,tabindex:6)
2024-07-13 22:45:24,749 [INFO] PluginManage:310 - Check plugin filemanager
2024-07-13 22:45:24,964 [INFO] PluginManage:359 - Loaded plugin filemanager (category:base,tabindex:10)
2024-07-13 22:45:24,964 [INFO] PluginManage:310 - Check plugin ipmanager
2024-07-13 22:45:24,983 [INFO] PluginManage:359 - Loaded plugin ipmanager (category:base,tabindex:5)
2024-07-13 22:45:24,983 [INFO] PluginManage:310 - Check plugin lpbam
2024-07-13 22:45:24,995 [INFO] PluginManage:359 - Loaded plugin lpbam (category:base,tabindex:0)
2024-07-13 22:45:24,995 [INFO] PluginManage:310 - Check plugin memorymap
2024-07-13 22:45:25,015 [INFO] PluginManage:359 - Loaded plugin memorymap (category:base,tabindex:4)
2024-07-13 22:45:25,016 [INFO] PluginManage:310 - Check plugin pinoutandconfiguration
2024-07-13 22:45:25,028 [INFO] PluginManage:359 - Loaded plugin pinoutandconfiguration (category:base,tabindex:1)
2024-07-13 22:45:25,029 [INFO] PluginManage:310 - Check plugin pinoutconfig
2024-07-13 22:45:25,172 [WARN] SupportedApi:132 - Cannot load RTOS API schema: s4s-elt-must-match.1: The content of 'definitions' must match (annotation?, (simpleType | complexType)?, (unique | key | keyref)*)). A problem was found starting at: attribute.
2024-07-13 22:45:25,340 [INFO] PluginManage:359 - Loaded plugin pinoutconfig (category:base,tabindex:0)
2024-07-13 22:45:25,341 [INFO] PluginManage:310 - Check plugin power
2024-07-13 22:45:25,355 [INFO] PluginManage:359 - Loaded plugin power (category:power,tabindex:4)
2024-07-13 22:45:25,355 [INFO] PluginManage:310 - Check plugin projectmanager
2024-07-13 22:45:25,385 [INFO] PluginManage:359 - Loaded plugin projectmanager (category:projectmanager,tabindex:3)
2024-07-13 22:45:25,385 [INFO] PluginManage:310 - Check plugin thirdparty
2024-07-13 22:45:25,576 [INFO] PluginManage:359 - Loaded plugin thirdparty (category:base,tabindex:-1)
2024-07-13 22:45:25,576 [WARN] IntegrityCheckThread:84 - waiting for thirdparty lock release [integrity check]
2024-07-13 22:45:25,576 [INFO] IntegrityCheckThread:86 - entering critical section [integrity check]
2024-07-13 22:45:25,576 [INFO] PluginManage:310 - Check plugin tools
2024-07-13 22:45:25,577 [INFO] ThirdPartyUpdaterWithRetryManager:70 - Updater plugin not ready yet. [1/15]
2024-07-13 22:45:25,581 [INFO] PluginManage:359 - Loaded plugin tools (category:base,tabindex:7)
2024-07-13 22:45:25,581 [INFO] PluginManage:310 - Check plugin tutovideos
2024-07-13 22:45:25,748 [INFO] PluginManage:359 - Loaded plugin tutovideos (category:base,tabindex:-1)
2024-07-13 22:45:25,748 [INFO] PluginManage:310 - Check plugin updater
2024-07-13 22:45:25,759 [INFO] PluginManage:359 - Loaded plugin updater (category:base,tabindex:12)
2024-07-13 22:45:25,759 [INFO] PluginManage:310 - Check plugin userauth
2024-07-13 22:45:25,765 [INFO] UserAuth:114 - Init User Auth plugin
2024-07-13 22:45:25,765 [INFO] PluginManage:359 - Loaded plugin userauth (category:base,tabindex:14)
2024-07-13 22:45:25,765 [INFO] PluginManage:283 - PluginManage : Loaded plugins [17]
2024-07-13 22:45:26,061 [INFO] PinOutPanel:1499 - setPackage(No Configuration,No Configuration)
2024-07-13 22:45:26,156 [INFO] CADModel:165 - CPN selected for project level
2024-07-13 22:45:26,156 [INFO] CADModel:114 - Register for checkConnection events
2024-07-13 22:45:26,171 [INFO] IPUIPlugin:80 - create IPUIPlugin
2024-07-13 22:45:26,171 [INFO] PluginManager:220 - loadIPPluginJar : add adc
2024-07-13 22:45:26,173 [INFO] IPUIPlugin:80 - create IPUIPlugin
2024-07-13 22:45:26,173 [INFO] PluginManager:220 - loadIPPluginJar : add aes
2024-07-13 22:45:26,175 [INFO] IPUIPlugin:80 - create IPUIPlugin
2024-07-13 22:45:26,175 [INFO] PluginManager:220 - loadIPPluginJar : add can
2024-07-13 22:45:26,177 [INFO] IPUIPlugin:80 - create IPUIPlugin
2024-07-13 22:45:26,177 [INFO] PluginManager:220 - loadIPPluginJar : add comp
2024-07-13 22:45:26,183 [INFO] IPUIPlugin:80 - create IPUIPlugin
2024-07-13 22:45:26,183 [INFO] PluginManager:220 - loadIPPluginJar : add cryp
2024-07-13 22:45:26,187 [INFO] IPUIPlugin:80 - create IPUIPlugin
2024-07-13 22:45:26,187 [INFO] PluginManager:220 - loadIPPluginJar : add dfsdm
2024-07-13 22:45:26,192 [INFO] IPUIPlugin:80 - create IPUIPlugin
2024-07-13 22:45:26,192 [INFO] PluginManager:220 - loadIPPluginJar : add dma
2024-07-13 22:45:26,194 [INFO] IPUIPlugin:80 - create IPUIPlugin
2024-07-13 22:45:26,194 [INFO] PluginManager:220 - loadIPPluginJar : add dma3
2024-07-13 22:45:26,197 [INFO] IPUIPlugin:80 - create IPUIPlugin
2024-07-13 22:45:26,198 [INFO] PluginManager:220 - loadIPPluginJar : add fatfs
2024-07-13 22:45:26,207 [INFO] IPUIPlugin:80 - create IPUIPlugin
2024-07-13 22:45:26,207 [INFO] PluginManager:220 - loadIPPluginJar : add fmc
2024-07-13 22:45:26,212 [INFO] IPUIPlugin:80 - create IPUIPlugin
2024-07-13 22:45:26,213 [INFO] PluginManager:220 - loadIPPluginJar : add freertos
2024-07-13 22:45:26,214 [INFO] IPUIPlugin:80 - create IPUIPlugin
2024-07-13 22:45:26,214 [INFO] PluginManager:220 - loadIPPluginJar : add genericplugin
2024-07-13 22:45:26,216 [INFO] IPUIPlugin:80 - create IPUIPlugin
2024-07-13 22:45:26,216 [INFO] PluginManager:220 - loadIPPluginJar : add gfxmmu
2024-07-13 22:45:26,223 [INFO] IPUIPlugin:80 - create IPUIPlugin
2024-07-13 22:45:26,223 [INFO] PluginManager:220 - loadIPPluginJar : add gic
2024-07-13 22:45:26,228 [INFO] IPUIPlugin:80 - create IPUIPlugin
2024-07-13 22:45:26,228 [INFO] PluginManager:220 - loadIPPluginJar : add gpio
2024-07-13 22:45:26,230 [INFO] IPUIPlugin:80 - create IPUIPlugin
2024-07-13 22:45:26,230 [INFO] PluginManager:220 - loadIPPluginJar : add gtzc
2024-07-13 22:45:26,232 [INFO] IPUIPlugin:80 - create IPUIPlugin
2024-07-13 22:45:26,232 [INFO] PluginManager:220 - loadIPPluginJar : add hash
2024-07-13 22:45:26,234 [INFO] IPUIPlugin:80 - create IPUIPlugin
2024-07-13 22:45:26,234 [INFO] PluginManager:220 - loadIPPluginJar : add i2c
2024-07-13 22:45:26,238 [INFO] IPUIPlugin:80 - create IPUIPlugin
2024-07-13 22:45:26,238 [INFO] PluginManager:220 - loadIPPluginJar : add i2s
2024-07-13 22:45:26,243 [INFO] IPUIPlugin:80 - create IPUIPlugin
2024-07-13 22:45:26,243 [INFO] PluginManager:220 - loadIPPluginJar : add i3c
2024-07-13 22:45:26,247 [INFO] IPUIPlugin:80 - create IPUIPlugin
2024-07-13 22:45:26,247 [INFO] PluginManager:220 - loadIPPluginJar : add ipddr
2024-07-13 22:45:26,254 [INFO] IPUIPlugin:80 - create IPUIPlugin
2024-07-13 22:45:26,255 [INFO] PluginManager:220 - loadIPPluginJar : add linkedlist
2024-07-13 22:45:26,258 [INFO] IPUIPlugin:80 - create IPUIPlugin
2024-07-13 22:45:26,258 [INFO] PluginManager:220 - loadIPPluginJar : add lorawan
2024-07-13 22:45:26,261 [INFO] IPUIPlugin:80 - create IPUIPlugin
2024-07-13 22:45:26,261 [INFO] PluginManager:220 - loadIPPluginJar : add ltdc
2024-07-13 22:45:26,267 [INFO] IPUIPlugin:80 - create IPUIPlugin
2024-07-13 22:45:26,268 [INFO] PluginManager:220 - loadIPPluginJar : add mdma
2024-07-13 22:45:26,271 [INFO] IPUIPlugin:80 - create IPUIPlugin
2024-07-13 22:45:26,271 [INFO] PluginManager:220 - loadIPPluginJar : add nvic
2024-07-13 22:45:26,275 [INFO] IPUIPlugin:80 - create IPUIPlugin
2024-07-13 22:45:26,275 [INFO] PluginManager:220 - loadIPPluginJar : add opamp
2024-07-13 22:45:26,281 [INFO] IPUIPlugin:80 - create IPUIPlugin
2024-07-13 22:45:26,281 [INFO] PluginManager:220 - loadIPPluginJar : add openamp
2024-07-13 22:45:26,285 [INFO] IPUIPlugin:80 - create IPUIPlugin
2024-07-13 22:45:26,286 [INFO] PluginManager:220 - loadIPPluginJar : add pdm2pcm
2024-07-13 22:45:26,294 [INFO] IPUIPlugin:80 - create IPUIPlugin
2024-07-13 22:45:26,298 [INFO] PluginManager:220 - loadIPPluginJar : add plateformsettings
2024-07-13 22:45:26,302 [INFO] IPUIPlugin:80 - create IPUIPlugin
2024-07-13 22:45:26,302 [INFO] PluginManager:220 - loadIPPluginJar : add quadspi
2024-07-13 22:45:26,308 [INFO] IPUIPlugin:80 - create IPUIPlugin
2024-07-13 22:45:26,308 [INFO] PluginManager:220 - loadIPPluginJar : add resmgrutility
2024-07-13 22:45:26,315 [INFO] IPUIPlugin:80 - create IPUIPlugin
2024-07-13 22:45:26,315 [INFO] PluginManager:220 - loadIPPluginJar : add sai
2024-07-13 22:45:26,320 [INFO] IPUIPlugin:80 - create IPUIPlugin
2024-07-13 22:45:26,321 [INFO] PluginManager:220 - loadIPPluginJar : add spi
2024-07-13 22:45:26,328 [INFO] IPUIPlugin:80 - create IPUIPlugin
2024-07-13 22:45:26,328 [INFO] PluginManager:220 - loadIPPluginJar : add stm32_wpan
2024-07-13 22:45:26,333 [INFO] IPUIPlugin:80 - create IPUIPlugin
2024-07-13 22:45:26,333 [INFO] PluginManager:220 - loadIPPluginJar : add tim
2024-07-13 22:45:26,339 [INFO] IPUIPlugin:80 - create IPUIPlugin
2024-07-13 22:45:26,339 [INFO] PluginManager:220 - loadIPPluginJar : add touchsensing
2024-07-13 22:45:26,342 [INFO] IPUIPlugin:80 - create IPUIPlugin
2024-07-13 22:45:26,342 [INFO] PluginManager:220 - loadIPPluginJar : add tracer_emb
2024-07-13 22:45:26,345 [INFO] IPUIPlugin:80 - create IPUIPlugin
2024-07-13 22:45:26,345 [INFO] PluginManager:220 - loadIPPluginJar : add ts
2024-07-13 22:45:26,348 [INFO] IPUIPlugin:80 - create IPUIPlugin
2024-07-13 22:45:26,348 [INFO] PluginManager:220 - loadIPPluginJar : add tsc
2024-07-13 22:45:26,351 [INFO] IPUIPlugin:80 - create IPUIPlugin
2024-07-13 22:45:26,351 [INFO] PluginManager:220 - loadIPPluginJar : add ucpd
2024-07-13 22:45:26,354 [INFO] IPUIPlugin:80 - create IPUIPlugin
2024-07-13 22:45:26,354 [INFO] PluginManager:220 - loadIPPluginJar : add usart
2024-07-13 22:45:26,360 [INFO] IPUIPlugin:80 - create IPUIPlugin
2024-07-13 22:45:26,360 [INFO] PluginManager:220 - loadIPPluginJar : add usbx
2024-07-13 22:45:26,574 [INFO] CADModel:165 - CPN selected for project level
2024-07-13 22:45:26,574 [INFO] CADModel:114 - Register for checkConnection events
2024-07-13 22:45:26,574 [FATAL] Updater:308 - Updater called before beeing initialized
2024-07-13 22:45:26,575 [ERROR] CADModel:125 - Updater not yet initialized, retry later 
2024-07-13 22:45:26,791 [INFO] CADModel:165 - CPN selected for project level
2024-07-13 22:45:26,791 [INFO] CADModel:114 - Register for checkConnection events
2024-07-13 22:45:26,791 [FATAL] Updater:308 - Updater called before beeing initialized
2024-07-13 22:45:26,791 [ERROR] CADModel:125 - Updater not yet initialized, retry later 
2024-07-13 22:45:26,795 [FATAL] Updater:308 - Updater called before beeing initialized
2024-07-13 22:45:26,962 [FATAL] Updater:308 - Updater called before beeing initialized
2024-07-13 22:45:26,968 [INFO] DbMcusAds:53 - JSON generation date=Thu Sep 30 14:55:09 CST 2021 (1632984909247)
2024-07-13 22:45:26,968 [FATAL] Updater:308 - Updater called before beeing initialized
2024-07-13 22:45:27,023 [WARN] DetailPanel:346 - Failed to get advertising image, set to default
2024-07-13 22:45:27,159 [FATAL] Updater:308 - Updater called before beeing initialized
2024-07-13 22:45:27,161 [FATAL] Updater:308 - Updater called before beeing initialized
2024-07-13 22:45:27,162 [FATAL] Updater:308 - Updater called before beeing initialized
2024-07-13 22:45:27,162 [WARN] DetailPanel:346 - Failed to get advertising image, set to default
2024-07-13 22:45:27,163 [FATAL] Updater:308 - Updater called before beeing initialized
2024-07-13 22:45:27,240 [ERROR] Updater:1120 - MainUpdater not yet initialized. External WinMGr cannot be set.
2024-07-13 22:45:27,246 [INFO] Updater:1056 - Updater Version found : 6.10.0
2024-07-13 22:45:27,263 [INFO] ApplicationProperties:184 - Using Application install path: C:\my_workspace\my_software\stm32cubeide\STM32CubeIDE_1.14.1\STM32CubeIDE\plugins\com.st.stm32cube.common.mx_6.10.0.202311202037
2024-07-13 22:45:28,578 [INFO] ThirdPartyUpdaterWithRetryManager:70 - Updater plugin not ready yet. [2/15]
2024-07-13 22:45:28,852 [ERROR] LogOutputStream:75 - [STDERR_REDIRECT] Jul 13, 2024 10:45:28 PM java.util.prefs.WindowsPreferences <init>
2024-07-13 22:45:28,856 [ERROR] LogOutputStream:75 - [STDERR_REDIRECT] WARNING: Could not open/create prefs root node Software\JavaSoft\Prefs at root 0xffffffff80000002. Windows RegCreateKeyEx(...) returned error code 5.
2024-07-13 22:45:28,856 [ERROR] LogOutputStream:75 - [STDERR_REDIRECT] 
2024-07-13 22:45:29,266 [INFO] MainUpdater:2873 - connection check result : 10
2024-07-13 22:45:29,268 [INFO] MainUpdater:290 - Updater Check For Update Now.
2024-07-13 22:45:29,268 [INFO] MicroXplorer:498 - Change Database Version : DB.6.0.100
2024-07-13 22:45:29,275 [INFO] McuFinderGlobals:63 - Set McuFinder mode to 2 (CubeIDE integrated)
2024-07-13 22:45:29,276 [INFO] UserAuth:180 - activating auth plugin
2024-07-13 22:45:29,280 [INFO] UserAuth:404 - Internet connection configuration mode: 1
2024-07-13 22:45:29,321 [INFO] JxBrowserEngine:152 - Initiate JxBrowser Engine with user profile folder
2024-07-13 22:45:29,505 [INFO] CheckServerUpdateThread:120 - End of CheckServer Thread
2024-07-13 22:45:30,792 [INFO] WebApp:161 - Instantiating new browser for Auth
2024-07-13 22:45:31,518 [INFO] WebApp:780 - Register for checkConnection events
2024-07-13 22:45:31,519 [INFO] WebApp:414 - Apply proxy settings
2024-07-13 22:45:31,520 [INFO] WebApp:499 - Chromium requires no authentication
2024-07-13 22:45:31,527 [INFO] WebApp:442 - Direct internet connection detected
2024-07-13 22:45:31,744 [INFO] WebApp:192 - Starting web application
2024-07-13 22:45:31,744 [INFO] WebApp:544 - Web application path used C:\my_workspace\my_software\stm32cubeide\STM32CubeIDE_1.14.1\STM32CubeIDE\plugins\com.st.stm32cube.common.mx_6.10.0.202311202037\db\plugins\mcufinder\reactClient1\index.html
2024-07-13 22:45:32,159 [WARN] PackLoader:240 - Cannot read IP mode file for STMicroelectronics.FP-SNS-MOTENVWB1.1.4.0
2024-07-13 22:45:32,175 [WARN] PackLoader:240 - Cannot read IP mode file for STMicroelectronics.X-CUBE-SMBUS.2.1.0
2024-07-13 22:45:32,184 [WARN] PackLoader:240 - Cannot read IP mode file for STMicroelectronics.X-CUBE-TOUCHGFX.4.23.1
2024-07-13 22:45:32,189 [WARN] PackLoader:240 - Cannot read IP mode file for STMicroelectronics.X-CUBE-TOUCHGFX.4.23.0
2024-07-13 22:45:32,194 [WARN] PackLoader:240 - Cannot read IP mode file for STMicroelectronics.X-CUBE-TOUCHGFX.4.23.2
2024-07-13 22:45:32,232 [WARN] PackLoader:240 - Cannot read IP mode file for STMicroelectronics.X-CUBE-AZRTOS-F7.1.1.0
2024-07-13 22:45:32,247 [WARN] PackLoader:240 - Cannot read IP mode file for STMicroelectronics.FP-SNS-MOTENV1.4.3.2
2024-07-13 22:45:32,258 [WARN] PackLoader:240 - Cannot read IP mode file for STMicroelectronics.FP-SNS-FLIGHT1.5.0.2
2024-07-13 22:45:32,274 [WARN] PackLoader:240 - Cannot read IP mode file for STMicroelectronics.X-CUBE-DISPLAY.3.0.0
2024-07-13 22:45:32,295 [WARN] PackLoader:240 - Cannot read IP mode file for STMicroelectronics.X-CUBE-BLE1.7.0.0
2024-07-13 22:45:32,311 [WARN] PackLoader:240 - Cannot read IP mode file for emotas.I-CUBE-CANOPEN.1.3.0
2024-07-13 22:45:32,326 [WARN] PackLoader:240 - Cannot read IP mode file for STMicroelectronics.FP-SNS-SMARTAG2.1.2.0
2024-07-13 22:45:32,345 [INFO] LogOutputStream:77 - [STDOUT_REDIRECT] 1 : Invalid condition id : UX_CORESTACK_Condition cause : null
2024-07-13 22:45:32,346 [INFO] LogOutputStream:77 - [STDOUT_REDIRECT] 1 : Invalid condition id : UX_CORESTACK_Condition cause : null
2024-07-13 22:45:32,348 [INFO] LogOutputStream:77 - [STDOUT_REDIRECT] 1 : Invalid condition id : UX_CORESTACK_Condition cause : null
2024-07-13 22:45:32,349 [INFO] LogOutputStream:77 - [STDOUT_REDIRECT] 1 : Invalid condition id : UX_CORESTACK_Condition cause : null
2024-07-13 22:45:32,350 [INFO] LogOutputStream:77 - [STDOUT_REDIRECT] 1 : Invalid condition id : UX_CORESTACK_Condition cause : null
2024-07-13 22:45:32,353 [WARN] PackLoader:240 - Cannot read IP mode file for STMicroelectronics.X-CUBE-AZRTOS-WL.2.0.0
2024-07-13 22:45:32,361 [WARN] PackLoader:240 - Cannot read IP mode file for STMicroelectronics.FP-SNS-MOTENV1.5.0.0
2024-07-13 22:45:32,372 [WARN] PackLoader:240 - Cannot read IP mode file for wolfSSL.I-CUBE-wolfMQTT.1.19.0
2024-07-13 22:45:32,379 [WARN] PackLoader:240 - Cannot read IP mode file for STMicroelectronics.X-CUBE-BLE2.3.3.0
2024-07-13 22:45:32,395 [WARN] PackLoader:240 - Cannot read IP mode file for STMicroelectronics.X-CUBE-TCPP.4.1.0
2024-07-13 22:45:32,411 [WARN] PackLoader:240 - Cannot read IP mode file for STMicroelectronics.X-CUBE-ALGOBUILD.1.3.0
2024-07-13 22:45:32,437 [WARN] PackLoader:240 - Cannot read IP mode file for STMicroelectronics.X-CUBE-AZRTOS-G0.1.1.0
2024-07-13 22:45:32,451 [WARN] PackLoader:240 - Cannot read IP mode file for STMicroelectronics.X-CUBE-SAFEA1.1.2.2
2024-07-13 22:45:32,463 [WARN] PackLoader:240 - Cannot read IP mode file for STMicroelectronics.X-CUBE-NFC4.3.0.0
2024-07-13 22:45:32,481 [WARN] PackLoader:240 - Cannot read IP mode file for EmbeddedOffice.I-CUBE-FS-RTOS.1.0.1
2024-07-13 22:45:32,481 [ERROR] ConditionMgr:805 - Attr not supported : Dmpu
2024-07-13 22:45:32,482 [ERROR] ConditionMgr:805 - Attr not supported : Dmpu
2024-07-13 22:45:32,482 [ERROR] ConditionMgr:805 - Attr not supported : Dmpu
2024-07-13 22:45:32,482 [ERROR] ConditionMgr:805 - Attr not supported : Dmpu
2024-07-13 22:45:32,482 [ERROR] ConditionMgr:805 - Attr not supported : Dmpu
2024-07-13 22:45:32,482 [ERROR] ConditionMgr:805 - Attr not supported : Dmpu
2024-07-13 22:45:32,482 [ERROR] ConditionMgr:805 - Attr not supported : Dmpu
2024-07-13 22:45:32,482 [ERROR] ConditionMgr:805 - Attr not supported : Dmpu
2024-07-13 22:45:32,482 [ERROR] ConditionMgr:805 - Attr not supported : Dmpu
2024-07-13 22:45:32,482 [ERROR] ConditionMgr:805 - Attr not supported : Dmpu
2024-07-13 22:45:32,482 [ERROR] ConditionMgr:805 - Attr not supported : Dmpu
2024-07-13 22:45:32,482 [ERROR] ConditionMgr:805 - Attr not supported : Dmpu
2024-07-13 22:45:32,483 [ERROR] ConditionMgr:805 - Attr not supported : Dmpu
2024-07-13 22:45:32,483 [ERROR] ConditionMgr:805 - Attr not supported : Dmpu
2024-07-13 22:45:32,483 [ERROR] ConditionMgr:805 - Attr not supported : Dmpu
2024-07-13 22:45:32,483 [ERROR] ConditionMgr:805 - Attr not supported : Dmpu
2024-07-13 22:45:32,483 [ERROR] ConditionMgr:805 - Attr not supported : Dmpu
2024-07-13 22:45:32,483 [ERROR] ConditionMgr:805 - Attr not supported : Dmpu
2024-07-13 22:45:32,483 [ERROR] ConditionMgr:805 - Attr not supported : Dmpu
2024-07-13 22:45:32,483 [ERROR] ConditionMgr:805 - Attr not supported : Dmpu
2024-07-13 22:45:32,483 [ERROR] ConditionMgr:805 - Attr not supported : Dmpu
2024-07-13 22:45:32,483 [ERROR] ConditionMgr:805 - Attr not supported : Dmpu
2024-07-13 22:45:32,484 [ERROR] ConditionMgr:805 - Attr not supported : Dmpu
2024-07-13 22:45:32,484 [ERROR] ConditionMgr:805 - Attr not supported : Dmpu
2024-07-13 22:45:32,484 [ERROR] ConditionMgr:805 - Attr not supported : Dmpu
2024-07-13 22:45:32,484 [ERROR] ConditionMgr:805 - Attr not supported : Dmpu
2024-07-13 22:45:32,484 [ERROR] ConditionMgr:805 - Attr not supported : Dmpu
2024-07-13 22:45:32,484 [ERROR] ConditionMgr:805 - Attr not supported : Dmpu
2024-07-13 22:45:32,484 [ERROR] ConditionMgr:805 - Attr not supported : Dmpu
2024-07-13 22:45:32,484 [ERROR] ConditionMgr:805 - Attr not supported : Dmpu
2024-07-13 22:45:32,484 [ERROR] ConditionMgr:805 - Attr not supported : Dmpu
2024-07-13 22:45:32,484 [ERROR] ConditionMgr:805 - Attr not supported : Dmpu
2024-07-13 22:45:32,484 [ERROR] ConditionMgr:805 - Attr not supported : Dmpu
2024-07-13 22:45:32,484 [ERROR] ConditionMgr:805 - Attr not supported : Dmpu
2024-07-13 22:45:32,485 [ERROR] ConditionMgr:805 - Attr not supported : Dmpu
2024-07-13 22:45:32,485 [ERROR] ConditionMgr:805 - Attr not supported : Dmpu
2024-07-13 22:45:32,485 [ERROR] ConditionMgr:805 - Attr not supported : Dmpu
2024-07-13 22:45:32,485 [ERROR] ConditionMgr:805 - Attr not supported : Dmpu
2024-07-13 22:45:32,485 [ERROR] ConditionMgr:805 - Attr not supported : Dmpu
2024-07-13 22:45:32,485 [ERROR] ConditionMgr:805 - Attr not supported : Dmpu
2024-07-13 22:45:32,486 [ERROR] ConditionMgr:805 - Attr not supported : Dmpu
2024-07-13 22:45:32,486 [ERROR] ConditionMgr:805 - Attr not supported : Dmpu
2024-07-13 22:45:32,486 [ERROR] ConditionMgr:805 - Attr not supported : Dmpu
2024-07-13 22:45:32,486 [ERROR] ConditionMgr:805 - Attr not supported : Dmpu
2024-07-13 22:45:32,486 [ERROR] ConditionMgr:805 - Attr not supported : Dmpu
2024-07-13 22:45:32,486 [ERROR] ConditionMgr:805 - Attr not supported : Dmpu
2024-07-13 22:45:32,486 [ERROR] ConditionMgr:805 - Attr not supported : Dmpu
2024-07-13 22:45:32,487 [ERROR] ConditionMgr:805 - Attr not supported : Dmpu
2024-07-13 22:45:32,487 [ERROR] ConditionMgr:805 - Attr not supported : Dmpu
2024-07-13 22:45:32,487 [ERROR] ConditionMgr:805 - Attr not supported : Dmpu
2024-07-13 22:45:32,487 [ERROR] ConditionMgr:805 - Attr not supported : Dmpu
2024-07-13 22:45:32,487 [ERROR] ConditionMgr:805 - Attr not supported : Dmpu
2024-07-13 22:45:32,487 [ERROR] ConditionMgr:805 - Attr not supported : Dmpu
2024-07-13 22:45:32,487 [ERROR] ConditionMgr:805 - Attr not supported : Dmpu
2024-07-13 22:45:32,487 [ERROR] ConditionMgr:805 - Attr not supported : Dmpu
2024-07-13 22:45:32,488 [ERROR] ConditionMgr:805 - Attr not supported : Dmpu
2024-07-13 22:45:32,488 [ERROR] ConditionMgr:805 - Attr not supported : Dmpu
2024-07-13 22:45:32,488 [ERROR] ConditionMgr:805 - Attr not supported : Dmpu
2024-07-13 22:45:32,488 [ERROR] ConditionMgr:805 - Attr not supported : Dmpu
2024-07-13 22:45:32,488 [ERROR] ConditionMgr:805 - Attr not supported : Dmpu
2024-07-13 22:45:32,488 [ERROR] ConditionMgr:805 - Attr not supported : Dmpu
2024-07-13 22:45:32,488 [ERROR] ConditionMgr:805 - Attr not supported : Dmpu
2024-07-13 22:45:32,488 [ERROR] ConditionMgr:805 - Attr not supported : Dmpu
2024-07-13 22:45:32,488 [ERROR] ConditionMgr:805 - Attr not supported : Dmpu
2024-07-13 22:45:32,500 [WARN] PackLoader:240 - Cannot read IP mode file for RealThread.X-CUBE-RT-Thread_Nano.4.1.1
2024-07-13 22:45:32,508 [WARN] PackLoader:240 - Cannot read IP mode file for STMicroelectronics.FP-ATR-SIGFOX1.3.2.0
2024-07-13 22:45:32,555 [WARN] PackLoader:240 - Cannot read IP mode file for SEGGER.I-CUBE-embOS.1.3.1
2024-07-13 22:45:32,620 [WARN] PackLoader:240 - Cannot read IP mode file for STMicroelectronics.X-CUBE-ALGOBUILD.1.4.0
2024-07-13 22:45:32,629 [WARN] PackLoader:240 - Cannot read IP mode file for STMicroelectronics.X-CUBE-GNSS1.6.0.0
2024-07-13 22:45:32,672 [WARN] PackLoader:240 - Cannot read IP mode file for STMicroelectronics.X-CUBE-AZRTOS-F4.1.1.0
2024-07-13 22:45:32,688 [WARN] PackLoader:240 - Cannot read IP mode file for STMicroelectronics.X-CUBE-FREERTOS.1.2.0
2024-07-13 22:45:32,713 [WARN] PackLoader:240 - Cannot read IP mode file for STMicroelectronics.X-CUBE-AZRTOS-L5.2.0.0
2024-07-13 22:45:32,732 [WARN] PackLoader:240 - Cannot read IP mode file for STMicroelectronics.X-CUBE-NFC6.3.1.0
2024-07-13 22:45:32,748 [WARN] PackLoader:240 - Cannot read IP mode file for ITTIA_DB.I-CUBE-ITTIADB.8.8.0
2024-07-13 22:45:32,758 [WARN] PackLoader:240 - Cannot read IP mode file for STMicroelectronics.X-CUBE-DPower.1.2.0
2024-07-13 22:45:32,764 [WARN] PackLoader:240 - Cannot read IP mode file for STMicroelectronics.X-CUBE-AI.9.0.0
2024-07-13 22:45:32,773 [WARN] PackLoader:240 - Cannot read IP mode file for STMicroelectronics.X-CUBE-NFC7.1.0.1
2024-07-13 22:45:32,783 [WARN] PackLoader:240 - Cannot read IP mode file for wolfSSL.I-CUBE-wolfTPM.3.2.0
2024-07-13 22:45:32,793 [WARN] PackLoader:240 - Cannot read IP mode file for STMicroelectronics.X-CUBE-NFC6.3.0.0
2024-07-13 22:45:32,802 [WARN] PackLoader:240 - Cannot read IP mode file for STMicroelectronics.X-CUBE-AI.8.1.0
2024-07-13 22:45:32,821 [WARN] ConditionMgr:438 - getConditionDescription Invalid condition id : LAN8742 Phy interface Condition cause : null
2024-07-13 22:45:32,823 [WARN] PackLoader:240 - Cannot read IP mode file for STMicroelectronics.X-CUBE-AZRTOS-L4.2.0.0
2024-07-13 22:45:32,824 [WARN] ConditionMgr:1039 - genDependencies : Invalid condition id : LAN8742 Phy interface Condition cause : null
2024-07-13 22:45:32,825 [WARN] ConditionMgr:1039 - genDependencies : Invalid condition id : LAN8742 Phy interface Condition cause : null
2024-07-13 22:45:32,825 [WARN] ConditionMgr:1039 - genDependencies : Invalid condition id : LAN8742 Phy interface Condition cause : null
2024-07-13 22:45:32,838 [WARN] PackLoader:240 - Cannot read IP mode file for STMicroelectronics.X-CUBE-SFXS2LP1.4.0.0
2024-07-13 22:45:32,862 [WARN] ConditionMgr:438 - getConditionDescription Invalid condition id : UX DEVICE CLASS RTOS Condition cause : null
2024-07-13 22:45:32,863 [WARN] ConditionMgr:438 - getConditionDescription Invalid condition id : UX DEVICE CLASS RTOS Condition cause : null
2024-07-13 22:45:32,867 [WARN] PackLoader:240 - Cannot read IP mode file for STMicroelectronics.X-CUBE-AZRTOS-WB.2.0.0
2024-07-13 22:45:32,868 [WARN] ConditionMgr:1039 - genDependencies : Invalid condition id : UX DEVICE CLASS RTOS Condition cause : null
2024-07-13 22:45:32,868 [WARN] ConditionMgr:1039 - genDependencies : Invalid condition id : UX DEVICE CLASS RTOS Condition cause : null
2024-07-13 22:45:32,869 [WARN] ConditionMgr:1039 - genDependencies : Invalid condition id : UX DEVICE CLASS RTOS Condition cause : null
2024-07-13 22:45:32,869 [WARN] ConditionMgr:1039 - genDependencies : Invalid condition id : UX DEVICE CLASS RTOS Condition cause : null
2024-07-13 22:45:32,869 [WARN] ConditionMgr:1039 - genDependencies : Invalid condition id : UX DEVICE CLASS RTOS Condition cause : null
2024-07-13 22:45:32,888 [WARN] PackLoader:240 - Cannot read IP mode file for STMicroelectronics.X-CUBE-SUBG2.5.0.0
2024-07-13 22:45:32,903 [WARN] PackLoader:240 - Cannot read IP mode file for Cesanta.I-CUBE-Mongoose.7.13.0
2024-07-13 22:45:32,926 [WARN] PackLoader:240 - Cannot read IP mode file for STMicroelectronics.X-CUBE-AZRTOS-G4.2.0.0
2024-07-13 22:45:32,952 [WARN] PackLoader:240 - Cannot read IP mode file for Infineon.AIROC-Wi-Fi-Bluetooth-STM32.1.5.1
2024-07-13 22:45:32,961 [WARN] PackLoader:240 - Cannot read IP mode file for STMicroelectronics.FP-SNS-MOTENVWB1.1.3.1
2024-07-13 22:45:32,970 [WARN] PackLoader:240 - Cannot read IP mode file for STMicroelectronics.X-CUBE-ALS.1.0.2
2024-07-13 22:45:33,028 [WARN] PackLoader:240 - Cannot read IP mode file for STMicroelectronics.X-CUBE-MEMS1.10.0.0
2024-07-13 22:45:33,134 [WARN] PackLoader:240 - Cannot read IP mode file for STMicroelectronics.X-CUBE-FREERTOS.1.1.0
2024-07-13 22:45:33,138 [WARN] PackLoader:240 - Cannot read IP mode file for STMicroelectronics.X-CUBE-TOUCHGFX.4.24.0
2024-07-13 22:45:33,148 [WARN] PackLoader:240 - Cannot read IP mode file for portGmbH.I-Cube-SoM-uGOAL.1.1.0
2024-07-13 22:45:33,154 [WARN] PackLoader:240 - Cannot read IP mode file for STMicroelectronics.X-CUBE-ALS.1.0.1
2024-07-13 22:45:33,174 [WARN] PackLoader:240 - Cannot read IP mode file for STMicroelectronics.X-CUBE-AZRTOS-H7RS.1.0.0
2024-07-13 22:45:33,185 [WARN] PackLoader:240 - Cannot read IP mode file for STMicroelectronics.FP-ATR-ASTRA1.2.0.0
2024-07-13 22:45:33,192 [WARN] PackLoader:240 - Cannot read IP mode file for wolfSSL.I-CUBE-wolfSSH.1.4.17
2024-07-13 22:45:33,193 [INFO] ThirdParty:978 - Integrity check success = true
2024-07-13 22:45:33,193 [INFO] IntegrityCheckThread:100 - exiting critical section [integrity check]
2024-07-13 22:45:33,193 [INFO] IntegrityCheckThread:103 - End integrity checks thread
2024-07-13 22:45:52,623 [ERROR] LogOutputStream:75 - [STDERR_REDIRECT] SLF4J: Failed to load class "org.slf4j.impl.StaticLoggerBinder".
2024-07-13 22:45:52,626 [ERROR] LogOutputStream:75 - [STDERR_REDIRECT] SLF4J: Defaulting to no-operation (NOP) logger implementation
2024-07-13 22:45:52,629 [ERROR] LogOutputStream:75 - [STDERR_REDIRECT] SLF4J: See http://www.slf4j.org/codes.html#StaticLoggerBinder for further details.
2024-07-13 23:24:41,359 [ERROR] LogOutputStream:75 - [STDERR_REDIRECT] 
